##########################################################
#    Opium Report File                                   #
##########################################################
     Opium version:        3.8

### copy of the parameter file #######################

[Atom]
V
8
100 2.00  -
200 2.00  -
210 6.00  -
300 2.00  -
310 6.00  -
320 3.00  -
400 0.00  -
410 0.00  -

[Pseudo]
5 1.58 1.95 1.77 1.58 1.95
opt

[XC]
lda

[Optinfo]
7.07 10
7.07 10
7.54 10
7.07 10
7.07 10

[KBdesign] 
s
8
gp 436.0 660.0 -6.00001098906
gp 661.0 713.0 -6.00001655013
gp 714.0 745.0 -4.00017786456
gp 746.0 767.0 -4.00019123218
gp 768.0 784.0 2.99941755719
gp 785.0 798.0 2.99931352925
gp 799.0 810.0 -0.00158396662573
gp 811.0 820.0 -0.00171105379919

[Configs]
5

300 2.00 -
310 6.00 -
320 3.00 -
400 2.00 -
410 0.00 -

300 2.00 -
310 6.00 -
320 3.00 -
400 1.00 -
410 0.00 -

#300 2.00 -
#310 6.00 -
#320 3.00 -
#400 0.00 -
#410 0.00 -

300 2.00 -
310 6.00 -
320 2.50 -
400 1.50 -
410 0.00 -

300 2.00 -
310 6.00 -
320 1.00 -
400 0.00 -
410 0.00 -

300 2.00 -
310 6.00 -
320 0.00 -
400 0.00 -
410 0.00 -

### AE report ########################################

 AE:Orbital    Filling       Eigenvalues[Ry]          Norm
    ----------------------------------------------------------
	100	 2.000	    -391.6868825563
	200	 2.000	     -44.8396493224
	210	 6.000	     -38.0820483331
	300	 2.000	      -6.2704417558	  0.0593848435
	310	 6.000	      -4.4371111390	  0.0309781259
	320	 3.000	      -1.5962439235	  0.2191963580
	400	 0.000	      -1.3028532067	  0.9256439195
	410	 0.000	      -0.9476798393	  0.9063433636

      E_tot =    -1881.6971493512 Ry

### PS report ########################################

    ====================Optimized pseudopotential method====================

                       Pseudopotential convergence error                      
    Orbital      [mRy/e]       [meV/e]         [mRy]        [meV]        Ghost
    --------------------------------------------------------------------------
	300       0.020827      0.283366      0.041654      0.566732	    no
	310       0.008991      0.122325      0.053944      0.733949	    no
	320       0.161796      2.201354      0.485389      6.604061	    no

                  Tot. error =               0.580987      7.904741


### NL/SL report #####################################


 NL:Orbital    Filling       Eigenvalues[Ry]          Norm       Ghost
    ------------------------------------------------------------------
	100 	 2.000	      -6.2704417571	  0.0593848440	    no
	210 	 6.000	      -4.4371111400	  0.0309781268	    no
	320 	 3.000	      -1.5962439241	  0.2191963812	    no
	200 	 0.000	      -1.3004209987	  0.9295333943	    no
	310 	 0.000	      -0.9552771277	  0.9009979927	    no

	 ========== No ghosts in potential!!========== 

      E_tot =     -138.6943207817 Ry

### KE report ########################################


### TC report ########################################

 AE:Orbital    Filling       Eigenvalues[Ry]          Norm
    ----------------------------------------------------------
	100	 2.000	    -390.4500108939
	200	 2.000	     -43.6313987803
	210	 6.000	     -36.8712205305
	300	 2.000	      -5.0531388962	  0.0596431917
	310	 6.000	      -3.2203944904	  0.0322577566
	320	 3.000	      -0.4089254919	  0.2689253891
	400	 2.000	      -0.3525167698	  0.9549251082
	410	 0.000	      -0.1137152418	  0.9652751067

      E_tot =    -1883.3346520171 Ry

 NL:Orbital    Filling       Eigenvalues[Ry]          Norm       Ghost
    ------------------------------------------------------------------
	100 	 2.000	      -5.0525130053	  0.0598071269	    no
	210 	 6.000	      -3.2206747022	  0.0323525484	    no
	320 	 3.000	      -0.4089189458	  0.2699172784	    no
	200 	 2.000	      -0.3526690328	  0.9569144779	    no
	310 	 0.000	      -0.1169032356	  0.9627346696	    no

      E_tot =     -140.3303141126 Ry

 AE-NL:Orbital Filling       Eigenvalues[mRy]         Norm[1e-3] 
 AE-NL- --------------------------------------------------------------
 AE-NL- 100 	 2.000	      -0.6258908403	 -0.1639351869	
 AE-NL- 210 	 6.000	       0.2802118012	 -0.0947918234	
 AE-NL- 320 	 3.000	      -0.0065461047	 -0.9918892883	
 AE-NL- 200 	 2.000	       0.1522629416	 -1.9893697219	
 AE-NL- 310 	 0.000	       3.1879938352	  2.5404371520	
 AE-NL-  total error =	       4.2529055230	  5.7804231725

 =====================================================================
 AE:Orbital    Filling       Eigenvalues[Ry]          Norm
    ----------------------------------------------------------
	100	 2.000	    -391.0187415873
	200	 2.000	     -44.1887177140
	210	 6.000	     -37.4295730014
	300	 2.000	      -5.6156260840	  0.0596759733
	310	 6.000	      -3.7830672642	  0.0319349113
	320	 3.000	      -0.9610538201	  0.2472384583
	400	 1.000	      -0.8131616803	  0.9422703213
	410	 0.000	      -0.5154992627	  0.9383036134

      E_tot =    -1882.7567552991 Ry

 NL:Orbital    Filling       Eigenvalues[Ry]          Norm       Ghost
    ------------------------------------------------------------------
	100 	 2.000	      -5.6153936682	  0.0597712186	    no
	210 	 6.000	      -3.7834348880	  0.0319881209	    no
	320 	 3.000	      -0.9612706871	  0.2477019284	    no
	200 	 1.000	      -0.8125714174	  0.9450184870	    no
	310 	 0.000	      -0.5208916935	  0.9344995750	    no

      E_tot =     -139.7525835424 Ry

 AE-NL:Orbital Filling       Eigenvalues[mRy]         Norm[1e-3] 
 AE-NL- --------------------------------------------------------------
 AE-NL- 100 	 2.000	      -0.2324157852	 -0.0952452519	
 AE-NL- 210 	 6.000	       0.3676238420	 -0.0532095873	
 AE-NL- 320 	 3.000	       0.2168670704	 -0.4634701773	
 AE-NL- 200 	 1.000	      -0.5902628448	 -2.7481656966	
 AE-NL- 310 	 0.000	       5.3924308322	  3.8040384185	
 AE-NL-  total error =	       6.7996003746	  7.1641291316

 =====================================================================
 AE:Orbital    Filling       Eigenvalues[Ry]          Norm
    ----------------------------------------------------------
	100	 2.000	    -391.2339759927
	200	 2.000	     -44.4359371345
	210	 6.000	     -37.6737196380
	300	 2.000	      -5.8226419409	  0.0573659598
	310	 6.000	      -3.9825287934	  0.0295579343
	320	 2.500	      -1.1302780728	  0.2149694189
	400	 1.500	      -0.8699257482	  0.9370954321
	410	 0.000	      -0.5562251123	  0.9295965105

      E_tot =    -1882.6554829146 Ry

 NL:Orbital    Filling       Eigenvalues[Ry]          Norm       Ghost
    ------------------------------------------------------------------
	100 	 2.000	      -5.8205580143	  0.0576496800	    no
	210 	 6.000	      -3.9803690914	  0.0297370966	    no
	320 	 2.500	      -1.1254785809	  0.2179537361	    no
	200 	 1.500	      -0.8696690216	  0.9402911382	    no
	310 	 0.000	      -0.5631506864	  0.9250332355	    no

      E_tot =     -139.6520809478 Ry

 AE-NL:Orbital Filling       Eigenvalues[mRy]         Norm[1e-3] 
 AE-NL- --------------------------------------------------------------
 AE-NL- 100 	 2.000	      -2.0839266587	 -0.2837202595	
 AE-NL- 210 	 6.000	      -2.1597019946	 -0.1791623357	
 AE-NL- 320 	 2.500	      -4.7994919038	 -2.9843172812	
 AE-NL- 200 	 1.500	      -0.2567265611	 -3.1957060333	
 AE-NL- 310 	 0.000	       6.9255741601	  4.5632750620	
 AE-NL-  total error =	      16.2254212784	 11.2061809718

 =====================================================================
 AE:Orbital    Filling       Eigenvalues[Ry]          Norm
    ----------------------------------------------------------
	100	 2.000	    -394.5585675717
	200	 2.000	     -47.8393925395
	210	 6.000	     -41.0708196681
	300	 2.000	      -8.9504140912	  0.0455676065
	310	 6.000	      -7.0725219301	  0.0181636271
	320	 1.000	      -4.0946530805	  0.0986178938
	400	 0.000	      -2.8361849951	  0.8624945103
	410	 0.000	      -2.3375962815	  0.7791859260

      E_tot =    -1876.1336360912 Ry

 NL:Orbital    Filling       Eigenvalues[Ry]          Norm       Ghost
    ------------------------------------------------------------------
	100 	 2.000	      -8.9052458946	  0.0467353058	    no
	210 	 6.000	      -7.0172886055	  0.0188979162	    no
	320 	 1.000	      -4.0103614175	  0.1080719287	    no
	200 	 0.000	      -2.8195818796	  0.8748805079	    no
	310 	 0.000	      -2.3575686949	  0.7698945015	    no

      E_tot =     -133.1890733925 Ry

 AE-NL:Orbital Filling       Eigenvalues[mRy]         Norm[1e-3] 
 AE-NL- --------------------------------------------------------------
 AE-NL- 100 	 2.000	     -45.1681965520	 -1.1676993213	
 AE-NL- 210 	 6.000	     -55.2333246236	 -0.7342891016	
 AE-NL- 320 	 1.000	     -84.2916629618	 -9.4540348748	
 AE-NL- 200 	 0.000	     -16.6031154925	-12.3859976321	
 AE-NL- 310 	 0.000	      19.9724134058	  9.2914245234	
 AE-NL-  total error =	     221.2687130357	 33.0334454533

 =====================================================================
 AE:Orbital    Filling       Eigenvalues[Ry]          Norm
    ----------------------------------------------------------
	100	 2.000	    -396.3350983009
	200	 2.000	     -49.6971093562
	210	 6.000	     -42.9233973803
	300	 2.000	     -10.5214213041	  0.0380844145
	310	 6.000	      -8.6190020347	  0.0130224499
	320	 0.000	      -5.6014116181	  0.0649675171
	400	 0.000	      -3.7392522739	  0.8237269220
	410	 0.000	      -3.1816557133	  0.7011888188

      E_tot =    -1871.2983223706 Ry

 NL:Orbital    Filling       Eigenvalues[Ry]          Norm       Ghost
    ------------------------------------------------------------------
	100 	 2.000	     -10.4089952795	  0.0401351176	    no
	210 	 6.000	      -8.4861686472	  0.0141376511	    no
	320 	 0.000	      -5.4028796813	  0.0774098606	    no
	200 	 0.000	      -3.6964533853	  0.8441568871	    no
	310 	 0.000	      -3.1986112485	  0.6934005238	    no

      E_tot =     -128.4903197790 Ry

 AE-NL:Orbital Filling       Eigenvalues[mRy]         Norm[1e-3] 
 AE-NL- --------------------------------------------------------------
 AE-NL- 100 	 2.000	    -112.4260246107	 -2.0507031332	
 AE-NL- 210 	 6.000	    -132.8333874995	 -1.1152011759	
 AE-NL- 320 	 0.000	    -198.5319368069	-12.4423434392	
 AE-NL- 200 	 0.000	     -42.7988886124	-20.4299650998	
 AE-NL- 310 	 0.000	      16.9555352008	  7.7882949988	
 AE-NL-  total error =	     503.5457727303	 43.8265078470

 =====================================================================

  Comparison of total energy differences.           
   DD_ij = (E_i - E_j)_AE - (E_i-E_j)_NL     

 AE-NL-   i   j         DD[mRy]        DD[meV] 
 AE-NL- ------------------------------------------
 AE-NL-   0   1         1.509335      20.535559
 AE-NL-   0   2         1.343187      18.275001
 AE-NL-   0   3         0.573397       7.801472
 AE-NL-   0   4       -58.265871    -792.747959
 AE-NL-   0   5      -194.825978   -2650.743807
 AE-NL-   1   2        -0.166148      -2.260558
 AE-NL-   1   3        -0.935938     -12.734087
 AE-NL-   1   4       -59.775206    -813.283518
 AE-NL-   1   5      -196.335313   -2671.279366
 AE-NL-   2   3        -0.769790     -10.473529
 AE-NL-   2   4       -59.609058    -811.022960
 AE-NL-   2   5      -196.169165   -2669.018808
 AE-NL-   3   4       -58.839268    -800.549431
 AE-NL-   3   5      -195.399375   -2658.545279
 AE-NL-   4   5      -136.560107   -1857.995848
#kb_find read-receipt