##########################################################
#    Opium Report File                                   #
##########################################################
     Opium version:        3.8

### copy of the parameter file #######################

[Atom]
V
8
100 2.00  -
200 2.00  -
210 6.00  -
300 2.00  -
310 6.00  -
320 3.00  -
400 0.00  -
410 0.00  -

[Pseudo]
5 1.58 1.95 1.77 1.58 1.95
opt

[XC]
lda

[Optinfo]
7.07 10
7.07 10
7.54 10
7.07 10
7.07 10

[KBdesign] 
s
4
gp 436.0 713.0 4.0
gp 714.0 767.0 4.0
gp 768.0 798.0 4.0
gp 799.0 820.0 4.0

[Configs]
5

300 2.00 -
310 6.00 -
320 3.00 -
400 2.00 -
410 0.00 -

300 2.00 -
310 6.00 -
320 3.00 -
400 1.00 -
410 0.00 -

#300 2.00 -
#310 6.00 -
#320 3.00 -
#400 0.00 -
#410 0.00 -

300 2.00 -
310 6.00 -
320 2.50 -
400 1.50 -
410 0.00 -

300 2.00 -
310 6.00 -
320 1.00 -
400 0.00 -
410 0.00 -

300 2.00 -
310 6.00 -
320 0.00 -
400 0.00 -
410 0.00 -

### AE report ########################################

 AE:Orbital    Filling       Eigenvalues[Ry]          Norm
    ----------------------------------------------------------
	100	 2.000	    -391.6868825563
	200	 2.000	     -44.8396493224
	210	 6.000	     -38.0820483331
	300	 2.000	      -6.2704417558	  0.0593848435
	310	 6.000	      -4.4371111390	  0.0309781259
	320	 3.000	      -1.5962439235	  0.2191963580
	400	 0.000	      -1.3028532067	  0.9256439195
	410	 0.000	      -0.9476798393	  0.9063433636

      E_tot =    -1881.6971493512 Ry

### PS report ########################################

    ====================Optimized pseudopotential method====================

                       Pseudopotential convergence error                      
    Orbital      [mRy/e]       [meV/e]         [mRy]        [meV]        Ghost
    --------------------------------------------------------------------------
	300       0.020827      0.283366      0.041654      0.566732	    no
	310       0.008991      0.122325      0.053944      0.733949	    no
	320       0.161796      2.201354      0.485389      6.604061	    no

                  Tot. error =               0.580987      7.904741


### NL/SL report #####################################


 NL:Orbital    Filling       Eigenvalues[Ry]          Norm       Ghost
    ------------------------------------------------------------------
	100 	 2.000	      -6.2704417569	  0.0593848440	    no
	210 	 6.000	      -4.4371111399	  0.0309781268	    no
	320 	 3.000	      -1.5962439240	  0.2191963814	    no
	200 	 0.000	      -1.2355098183	  0.9477826439	    no
	310 	 0.000	      -0.8994001271	  0.9397741597	    no

	 ========== No ghosts in potential!!========== 

      E_tot =     -138.6943207805 Ry

### KE report ########################################


### TC report ########################################

 AE:Orbital    Filling       Eigenvalues[Ry]          Norm
    ----------------------------------------------------------
	100	 2.000	    -390.4500108939
	200	 2.000	     -43.6313987803
	210	 6.000	     -36.8712205305
	300	 2.000	      -5.0531388962	  0.0596431917
	310	 6.000	      -3.2203944904	  0.0322577566
	320	 3.000	      -0.4089254919	  0.2689253891
	400	 2.000	      -0.3525167698	  0.9549251082
	410	 0.000	      -0.1137152418	  0.9652751067

      E_tot =    -1883.3346520171 Ry

 NL:Orbital    Filling       Eigenvalues[Ry]          Norm       Ghost
    ------------------------------------------------------------------
	100 	 2.000	      -5.0970632282	  0.0596925038	    no
	210 	 6.000	      -3.2649313090	  0.0321298910	    no
	320 	 3.000	      -0.4491831155	  0.2628133146	    no
	200 	 2.000	      -0.3357440464	  0.9688253426	    no
	310 	 0.000	      -0.1133661421	  0.9771332149	    no

      E_tot =     -140.2548555939 Ry

 AE-NL:Orbital Filling       Eigenvalues[mRy]         Norm[1e-3] 
 AE-NL- --------------------------------------------------------------
 AE-NL- 100 	 2.000	      43.9243319940	 -0.0493121312	
 AE-NL- 210 	 6.000	      44.5368186139	  0.1278656511	
 AE-NL- 320 	 3.000	      40.2576236797	  6.1120745247	
 AE-NL- 200 	 2.000	     -16.7727234220	-13.9002344569	
 AE-NL- 310 	 0.000	      -0.3490997449	-11.8581081510	
 AE-NL-  total error =	     145.8405974545	 32.0475949149

 =====================================================================
 AE:Orbital    Filling       Eigenvalues[Ry]          Norm
    ----------------------------------------------------------
	100	 2.000	    -391.0187415873
	200	 2.000	     -44.1887177140
	210	 6.000	     -37.4295730014
	300	 2.000	      -5.6156260840	  0.0596759733
	310	 6.000	      -3.7830672642	  0.0319349113
	320	 3.000	      -0.9610538201	  0.2472384583
	400	 1.000	      -0.8131616803	  0.9422703213
	410	 0.000	      -0.5154992627	  0.9383036134

      E_tot =    -1882.7567552991 Ry

 NL:Orbital    Filling       Eigenvalues[Ry]          Norm       Ghost
    ------------------------------------------------------------------
	100 	 2.000	      -5.6405816262	  0.0596754461	    no
	210 	 6.000	      -3.8083896861	  0.0318278794	    no
	320 	 3.000	      -0.9839437612	  0.2443511144	    no
	200 	 1.000	      -0.7760681130	  0.9598502711	    no
	310 	 0.000	      -0.4975130051	  0.9600089866	    no

      E_tot =     -139.7034417198 Ry

 AE-NL:Orbital Filling       Eigenvalues[mRy]         Norm[1e-3] 
 AE-NL- --------------------------------------------------------------
 AE-NL- 100 	 2.000	      24.9555421703	  0.0005272175	
 AE-NL- 210 	 6.000	      25.3224218737	  0.1070319027	
 AE-NL- 320 	 3.000	      22.8899410921	  2.8873439155	
 AE-NL- 200 	 1.000	     -37.0935672718	-17.5799497891	
 AE-NL- 310 	 0.000	     -17.9862575341	-21.7053731349	
 AE-NL-  total error =	     128.2477299422	 42.2802259598

 =====================================================================
 AE:Orbital    Filling       Eigenvalues[Ry]          Norm
    ----------------------------------------------------------
	100	 2.000	    -391.2339759927
	200	 2.000	     -44.4359371345
	210	 6.000	     -37.6737196380
	300	 2.000	      -5.8226419409	  0.0573659598
	310	 6.000	      -3.9825287934	  0.0295579343
	320	 2.500	      -1.1302780728	  0.2149694189
	400	 1.500	      -0.8699257482	  0.9370954321
	410	 0.000	      -0.5562251123	  0.9295965105

      E_tot =    -1882.6554829146 Ry

 NL:Orbital    Filling       Eigenvalues[Ry]          Norm       Ghost
    ------------------------------------------------------------------
	100 	 2.000	      -5.8689842037	  0.0574239703	    no
	210 	 6.000	      -4.0271369319	  0.0294855934	    no
	320 	 2.500	      -1.1665988431	  0.2141448247	    no
	200 	 1.500	      -0.8340508888	  0.9559593306	    no
	310 	 0.000	      -0.5377580312	  0.9545603106	    no

      E_tot =     -139.5690612732 Ry

 AE-NL:Orbital Filling       Eigenvalues[mRy]         Norm[1e-3] 
 AE-NL- --------------------------------------------------------------
 AE-NL- 100 	 2.000	      46.3422628092	 -0.0580105695	
 AE-NL- 210 	 6.000	      44.6081385807	  0.0723409009	
 AE-NL- 320 	 2.500	      36.3207703645	  0.8245941646	
 AE-NL- 200 	 1.500	     -35.8748593930	-18.8638984730	
 AE-NL- 310 	 0.000	     -18.4670810628	-24.9638000418	
 AE-NL-  total error =	     181.6131122103	 44.7826441498

 =====================================================================
 AE:Orbital    Filling       Eigenvalues[Ry]          Norm
    ----------------------------------------------------------
	100	 2.000	    -394.5585675717
	200	 2.000	     -47.8393925395
	210	 6.000	     -41.0708196681
	300	 2.000	      -8.9504140912	  0.0455676065
	310	 6.000	      -7.0725219301	  0.0181636271
	320	 1.000	      -4.0946530805	  0.0986178938
	400	 0.000	      -2.8361849951	  0.8624945103
	410	 0.000	      -2.3375962815	  0.7791859260

      E_tot =    -1876.1336360912 Ry

 NL:Orbital    Filling       Eigenvalues[Ry]          Norm       Ghost
    ------------------------------------------------------------------
	100 	 2.000	      -8.9411246750	  0.0467765485	    no
	210 	 6.000	      -7.0465462801	  0.0191486335	    no
	320 	 1.000	      -4.0282555027	  0.1120684498	    no
	200 	 0.000	      -2.6954821727	  0.9009207472	    no
	310 	 0.000	      -2.1867808201	  0.8640004264	    no

      E_tot =     -133.1684873339 Ry

 AE-NL:Orbital Filling       Eigenvalues[mRy]         Norm[1e-3] 
 AE-NL- --------------------------------------------------------------
 AE-NL- 100 	 2.000	      -9.2894161436	 -1.2089420189	
 AE-NL- 210 	 6.000	     -25.9756500068	 -0.9850064014	
 AE-NL- 320 	 1.000	     -66.3975778353	-13.4505559830	
 AE-NL- 200 	 0.000	    -140.7028224230	-38.4262369043	
 AE-NL- 310 	 0.000	    -150.8154614547	-84.8145004681	
 AE-NL-  total error =	     393.1809278635	138.8852417757

 =====================================================================
 AE:Orbital    Filling       Eigenvalues[Ry]          Norm
    ----------------------------------------------------------
	100	 2.000	    -396.3350983009
	200	 2.000	     -49.6971093562
	210	 6.000	     -42.9233973803
	300	 2.000	     -10.5214213041	  0.0380844145
	310	 6.000	      -8.6190020347	  0.0130224499
	320	 0.000	      -5.6014116181	  0.0649675171
	400	 0.000	      -3.7392522739	  0.8237269220
	410	 0.000	      -3.1816557133	  0.7011888188

      E_tot =    -1871.2983223706 Ry

 NL:Orbital    Filling       Eigenvalues[Ry]          Norm       Ghost
    ------------------------------------------------------------------
	100 	 2.000	     -10.4541912485	  0.0403889274	    no
	210 	 6.000	      -8.5200915434	  0.0145916535	    no
	320 	 0.000	      -5.4187392796	  0.0829235565	    no
	200 	 0.000	      -3.5414086461	  0.8706759876	    no
	310 	 0.000	      -2.9398488855	  0.8182765518	    no

      E_tot =     -128.4520154745 Ry

 AE-NL:Orbital Filling       Eigenvalues[mRy]         Norm[1e-3] 
 AE-NL- --------------------------------------------------------------
 AE-NL- 100 	 2.000	     -67.2300556753	 -2.3045129107	
 AE-NL- 210 	 6.000	     -98.9104912240	 -1.5692035914	
 AE-NL- 320 	 0.000	    -182.6723385111	-17.9560393424	
 AE-NL- 200 	 0.000	    -197.8436278551	-46.9490656112	
 AE-NL- 310 	 0.000	    -241.8068277679	-117.0877329786	
 AE-NL-  total error =	     788.4633410334	185.8665544344

 =====================================================================

  Comparison of total energy differences.           
   DD_ij = (E_i - E_j)_AE - (E_i-E_j)_NL     

 AE-NL-   i   j         DD[mRy]        DD[meV] 
 AE-NL- ------------------------------------------
 AE-NL-   0   1        76.967852    1047.201510
 AE-NL-   0   2        50.485009     686.883880
 AE-NL-   0   3        83.593071    1137.342241
 AE-NL-   0   4       -37.679813    -512.660237
 AE-NL-   0   5      -156.521675   -2129.586948
 AE-NL-   1   2       -26.482844    -360.317629
 AE-NL-   1   3         6.625218      90.140731
 AE-NL-   1   4      -114.647666   -1559.861747
 AE-NL-   1   5      -233.489527   -3176.788458
 AE-NL-   2   3        33.108062     450.458360
 AE-NL-   2   4       -88.164822   -1199.544118
 AE-NL-   2   5      -207.006683   -2816.470828
 AE-NL-   3   4      -121.272884   -1650.002478
 AE-NL-   3   5      -240.114745   -3266.929188
 AE-NL-   4   5      -118.841861   -1616.926711
#kb_find read-receipt