
 ++++++++++++++++++++++++++++++++++++++++++++++++++++++++++++++++++++++++
           OPIUM  Version:        3.8                             
           =====================================            
 See http://opium.sourceforge.net for help and information                 
 Copyright 2009 : The OPIUM project                         

 Compile host     : pzt.wm.edu
 Compile OS       : Linux 2.6.9-42.ELsmp x86_64
 Compile date     : Mon Apr 27 12:45:31 EDT 2009

 Execution host   : barbaloot2
 time of execution: Wed Jul  6 11:57:17 2016

 ++++++++++++++++++++++++++++++++++++++++++++++++++++++++++++++++++++++++
 Reading parameter file:  <v_opium_fail.param> ... 
 File prefix             : v_opium_fail 
 Element                 : Vanadium   (V) 
 Z                       : 23 
 
 Number of all-electron orbitals   : 8 
 Number of pseudo       orbitals   : 5 
 
 Pseudopotential is non-relativistic 
 Exchage-correlation functional is : Perdew-Zunger LDA 
 The s potential is used for the KB construction 
 Optimized (RRKJ) pseudopotential method will be used 

 nl    cutoff radii    q-max      # bessel functions
 3s       1.580        7.070              10 
 3p       1.950        7.070              10 
 3d       1.770        7.540              10 
 4s       1.580        7.070              10 
 4p       1.950        7.070              10 

 Reference Configuration: core  <-/-> valence 
 1s2  2s2  2p6  <-/-> 3s2  3p6  3d3  4s0  4p0 

 Grid definitions: 
 a_grid=1.00e-04    b_grid=1.30e-02    # points=1157 
 r(1)=3.52e-05      r(np)=1.18e+02    

 dEmax tolerance:  1.00e-08      dVmax tolerance:  1.00e-06     

 Box 1  0.0101782 --> 0.372878  height: -5 
 Box 2  0.377757 --> 0.752387  height: -2 
 Box 3  0.762231 --> 1.1258  height: 3 
 Box 4  1.14053 --> 1.49855  height: -4 
 Starting calculation...

 ======================================================================== 
 Begin AE calculation
 ======================================================================== 
 Performing non-relativistic AE calculation...  
 ---------Eigenvalue guesses---------
 1s          -529.00000000
 2s           -33.06250000
 2p           -33.06250000
 3s            -6.53086420
 3p            -6.53086420
 3d            -6.53086420
 4s            -2.06640625
 4p            -2.06640625
 
 iter       Etot             Ebs             Ehxc       de_max   dv_max
   1    -2113.7773197   -1293.1868938    -820.5904259 0.61E+00 0.36E+01
   2    -1940.8814096   -1187.9198463    -752.9615633 0.47E+00 0.10E+01
   3    -1882.2240295   -1149.2038451    -733.0201844 0.18E+00 0.29E+00
   4    -1881.1639401   -1146.8893419    -734.2745982 0.23E-01 0.93E-01
   5    -1883.1177552   -1147.1011727    -736.0165825 0.18E-01 0.53E-01
   6    -1883.1144641   -1146.3971930    -736.7172711 0.10E-01 0.50E-01
   7    -1882.1749452   -1145.4692338    -736.7057115 0.17E-01 0.29E-01
   8    -1881.2527061   -1145.0213925    -736.2313136 0.11E-01 0.13E-01
   9    -1881.2625617   -1145.1990051    -736.0635566 0.20E-02 0.12E-01
  10    -1881.7748613   -1145.5899328    -736.1849285 0.57E-02 0.34E-02
  11    -1881.7641508   -1145.5447258    -736.2194250 0.64E-03 0.17E-02
  12    -1881.6870825   -1145.4846906    -736.2023920 0.84E-03 0.51E-03
  13    -1881.6876695   -1145.4905255    -736.1971440 0.98E-04 0.28E-03
  14    -1881.6971658   -1145.4980083    -736.1991576 0.14E-03 0.63E-04
  15    -1881.6977522   -1145.4979599    -736.1997923 0.86E-05 0.29E-04
  16    -1881.6974961   -1145.4976899    -736.1998063 0.64E-05 0.17E-04
  17    -1881.6971685   -1145.4975200    -736.1996485 0.30E-05 0.12E-04
  18    -1881.6970334   -1145.4975050    -736.1995284 0.17E-05 0.84E-05
  19    -1881.6970425   -1145.4975584    -736.1994841 0.14E-05 0.52E-05
  20    -1881.6970967   -1145.4976110    -736.1994857 0.11E-05 0.29E-05
  21    -1881.6971379   -1145.4976375    -736.1995003 0.68E-06 0.14E-05
  22    -1881.6971552   -1145.4976439    -736.1995114 0.27E-06 0.66E-06
  23    -1881.6971573   -1145.4976412    -736.1995161 0.10E-06 0.31E-06
  24    -1881.6971539   -1145.4976378    -736.1995161 0.34E-07 0.16E-06
  25    -1881.6971508   -1145.4976359    -736.1995149 0.17E-07 0.92E-07
  26    -1881.6971495   -1145.4976355    -736.1995139 0.22E-07 0.55E-07
  27    -1881.6971494   -1145.4976359    -736.1995135 0.85E-08 0.31E-07
 
   27 iterations: (units are Ry and bohr)
 Energy:   -1881.69714935  Ebs:   -1145.49763587  Ehxc:    -736.19951348
 Eh    :     763.69703078  Exc:     -85.00271626
 
   Orbital    Filling       Eigenvalues    Norm(rc->oo)      Peak
    |100>      2.000        -391.686883
    |200>      2.000         -44.839649
    |210>      6.000         -38.082048
    |300>      2.000          -6.270442      0.059385      0.824066
    |310>      6.000          -4.437111      0.030978      0.845772
    |320>      3.000          -1.596244      0.219196      0.879409
    |400>      0.000          -1.302853      0.925644      2.455904
    |410>      0.000          -0.947680      0.906343      2.870525

 ======================================================================== 
 End AE calculation
 ======================================================================== 

 ======================================================================== 
 Begin PS construction
 ======================================================================== 
 Optimized Pseudopotential Generation ...
 
 ==================
 zeff=   13.0000000000000     
 Pseudizing state : |300>
 eigenvalue       : -6.270442
 qc               :  7.070000
 # bessel fxns    : 10
 point nearest rc :  825
 rc               :  1.580000
 actual rc        :  1.578531
 
 Psi(rc)          :     0.2988123755
 Slope at rc      :    -0.7090079818
 Curvature at rc  :     1.5791997712
 Del^2 Psi at rc  :     0.6808863081
 Log Deriv at rc  :    -2.3727530719
 
 Starting KE minimization...
  step #    theta       slope       curv       KEresid    coeffsum
     1    0.013446   -2.494833   92.773839    0.007473    1.480768
     2   -0.003181    1.190990  187.206340    0.005579    1.447827
     3   -0.004719    0.634249   67.204687    0.004083    1.444230
     4   -0.006147    0.520529   42.341280    0.002483    1.501038
    11   -0.000119    0.036771  154.817779    0.000289    1.572398
    21   -0.000105    0.052563  250.534206    0.000215    1.618722
    31   -0.000101    0.047711  235.863612    0.000137    1.680110
    41   -0.000024    0.011564  236.839981    0.000127    1.686792
    51   -0.000042    0.018267  219.482378    0.000118    1.700760
    61   -0.000036    0.013099  182.395513    0.000109    1.704062
    71   -0.000044    0.020201  230.784303    0.000097    1.722634
    81   -0.000024    0.009698  203.631448    0.000091    1.724231
    91   -0.000055    0.026134  238.383359    0.000078    1.745515
   101   -0.000017    0.007401  220.832423    0.000072    1.747245
   111   -0.000046    0.016946  185.989837    0.000065    1.762620
   121   -0.000021    0.010974  258.069839    0.000060    1.765118
   131   -0.000021    0.010178  245.293876    0.000057    1.773147
   141   -0.000019    0.008239  219.790293    0.000054    1.775212
   151   -0.000023    0.008753  188.650706    0.000051    1.782325
   161   -0.000032    0.010144  156.097229    0.000045    1.789889
   171   -0.000046    0.018477  200.706764    0.000028    1.844014
   181   -0.000008    0.002261  145.321073    0.000025    1.842339
   191   -0.000031    0.010624  172.324137    0.000021    1.865474
   201   -0.000003    0.001090  185.242646    0.000021    1.865040
 
 # steps:   202
 Final KE error:    0.0000208270
 Sum of coeffs :    1.8650970855
 ---------------------------------------------------------------
 Coeff:      1.504696  0.540354 -0.172975 -0.005238 -0.004643  0.003559 -0.002696  0.002228 -0.001900  0.001712
 ---------------------------------------------------------------
 Resid KE (Ry)     :        0.0000208270
 Norm error        :     0.111E-15
 Continuity error  :     0.555E-16
 Curvature error   :     0.251E-13
 ---------------------------------------------------------------
 Bessel wavevectors and final coefficients
   1        1.5326075439        1.5046961526
   2        3.2931240962        0.5403539179
   3        5.1806873168       -0.1729750613
   4        7.1175270341       -0.0052380783
   5        9.0758455844       -0.0046432364
   6       11.0450426928        0.0035590999
   7       13.0204224231       -0.0026955722
   8       14.9996276319        0.0022281587
   9       16.9813561019       -0.0019002460
  10       18.9648332015        0.0017119505
 
 Total KE           (Ry) :     2.2486877327
 0  -> qc contribution   :     2.2486669057
 qc -> oo contribution   :     0.0000208270   (=Convergence term)
 Occupancy of this state :     2.0000000000
 Convergence term (Ry/e) :     0.0000208270
 Convergence error (mRy) :     0.0416539874
 Convergence error (meV) :     0.5667358216
 
 
 ==================
 zeff=   13.0000000000000     
 Pseudizing state : |310>
 eigenvalue       : -4.437111
 qc               :  7.070000
 # bessel fxns    : 10
 point nearest rc :  841
 rc               :  1.950000
 actual rc        :  1.943509
 
 Psi(rc)          :     0.1636767408
 Slope at rc      :    -0.3386031235
 Curvature at rc  :     0.6847981026
 Del^2 Psi at rc  :     0.2496878391
 Log Deriv at rc  :    -2.0687308524
 
 Starting KE minimization...
  step #    theta       slope       curv       KEresid    coeffsum
     1    0.031841   -5.642771   88.608004    0.027477    4.311970
     2   -0.007404    2.486553  167.912060    0.018272    4.497685
     3   -0.009991    1.269131   63.511536    0.011929    4.492919
     4   -0.007956    0.972873   61.143916    0.008058    4.348052
    11   -0.000591    0.228427  193.106768    0.000589    4.236899
    21   -0.000092    0.024463  132.364944    0.000390    4.208270
    31   -0.000071    0.026589  186.524632    0.000355    4.164346
    41   -0.000030    0.012510  210.704826    0.000332    4.165333
    51   -0.000048    0.015614  161.834322    0.000319    4.146105
    61   -0.000072    0.017013  118.098729    0.000296    4.138740
    71   -0.000081    0.026752  164.578651    0.000267    4.103757
    81   -0.000034    0.010617  156.871029    0.000253    4.102772
    91   -0.000047    0.015496  164.590874    0.000241    4.082534
   101   -0.000037    0.011699  158.364028    0.000229    4.081072
   111   -0.000041    0.012716  154.688013    0.000219    4.065547
   121   -0.000044    0.012941  148.570035    0.000208    4.061722
   131   -0.000043    0.012456  144.660749    0.000199    4.046689
   141   -0.000055    0.010058   90.779936    0.000186    4.040344
   151   -0.000112    0.037086  165.932581    0.000011    3.727784
 
 # steps:   152
 Final KE error:    0.0000089907
 Sum of coeffs :    3.7277492651
 ---------------------------------------------------------------
 Coeff:      1.547525  1.586439  0.546306  0.050873 -0.003039  0.000906 -0.000733  0.000681 -0.001147 -0.000062
 ---------------------------------------------------------------
 Resid KE (Ry)     :        0.0000089907
 Norm error        :     0.444E-15
 Continuity error  :     0.000E+00
 Curvature error   :    -0.208E-14
 ---------------------------------------------------------------
 Bessel wavevectors and final coefficients
   1        1.8492849653        1.5475246771
   2        3.3799587940        1.5864393498
   3        4.9535993990        0.5463055152
   4        6.5458786733        0.0508729619
   5        8.1470622078       -0.0030387306
   6        9.7530642576        0.0009061729
   7       11.3619380151       -0.0007329382
   8       12.9726520954        0.0006806078
   9       14.5846129921       -0.0011467646
  10       16.1974563038       -0.0000615862
 
 Total KE           (Ry) :     5.2869121494
 0  -> qc contribution   :     5.2869031587
 qc -> oo contribution   :     0.0000089907   (=Convergence term)
 Occupancy of this state :     6.0000000000
 Convergence term (Ry/e) :     0.0000089907
 Convergence error (mRy) :     0.0539442037
 Convergence error (meV) :     0.7339540470
 
 
 ==================
 zeff=   13.0000000000000     
 Pseudizing state : |320>
 eigenvalue       : -1.596244
 qc               :  7.540000
 # bessel fxns    : 10
 point nearest rc :  834
 rc               :  1.770000
 actual rc        :  1.774458
 
 Psi(rc)          :     0.3212390676
 Slope at rc      :    -0.3935852663
 Curvature at rc  :     0.4988083565
 Del^2 Psi at rc  :    -0.5569400165
 Log Deriv at rc  :    -1.2252098390
 
 Starting KE minimization...
  step #    theta       slope       curv       KEresid    coeffsum
     1    0.092862  -15.868468   85.441402    0.248605    5.459310
     2   -0.022368    7.258178  162.242732    0.167510    6.081804
     3   -0.034544    3.824263   55.354135    0.101610    6.139581
     4   -0.035245    3.151837   44.713429    0.046193    5.584946
    11   -0.000779    0.262699  168.546850    0.012590    5.444647
    21   -0.001363    0.460577  168.972388    0.000684    4.717483
    31   -0.000156    0.027682   88.853138    0.000295    4.687085
    41   -0.000021    0.007936  190.783445    0.000162    4.586635
    51   -0.000004    0.001253  163.108974    0.000162    4.586620
 
 # steps:    52
 Final KE error:    0.0001617964
 Sum of coeffs :    4.5866126408
 ---------------------------------------------------------------
 Coeff:      2.117248  1.896108  0.570762  0.001131  0.006055 -0.004688  0.004111 -0.003969  0.003954 -0.004100
 ---------------------------------------------------------------
 Resid KE (Ry)     :        0.0001617964
 Norm error        :    -0.222E-15
 Continuity error  :    -0.278E-15
 Curvature error   :    -0.178E-14
 ---------------------------------------------------------------
 Bessel wavevectors and final coefficients
   1        2.4144476345        2.1172481065
   2        4.2909122408        1.8961082739
   3        6.1015252293        0.5707620051
   4        7.8935646411        0.0011310733
   5        9.6775626941        0.0060551786
   6       11.4573242845       -0.0046878131
   7       13.2345738940        0.0041109561
   8       15.0102097249       -0.0039690834
   9       16.7847465627        0.0039541728
  10       18.5585009483       -0.0041002289
 
 Total KE           (Ry) :     7.1134203125
 0  -> qc contribution   :     7.1132585161
 qc -> oo contribution   :     0.0001617964   (=Convergence term)
 Occupancy of this state :     3.0000000000
 Convergence term (Ry/e) :     0.0001617964
 Convergence error (mRy) :     0.4853892496
 Convergence error (meV) :     6.6041090521
 
 ------------------------------
 Descreening potential
 valence charge          :  11.000000
 core    charge          :   0.000000
 
 ----Solving the Schrodinger equation for all states----
 State: 3s  AE eigenvalue =  -6.270442  PS eigenvalue =  -6.270442
 State: 3p  AE eigenvalue =  -4.437111  PS eigenvalue =  -4.437111
 State: 3d  AE eigenvalue =  -1.596244  PS eigenvalue =  -1.596244
 
 ---Semilocal ghost testing---
 Local state: 3s
 
 Test  state: 3p
 KB energy :  -4.792462  KB strength:   2.788467  KB cosine:  -0.581844
 el0       :  -3.326624  el1        :  -0.800632  eig      :  -4.437111
 No ghosts!  Ekb<0  and eig < el0
 
 Test  state: 3d
 KB energy :  -8.419498  KB strength:   4.199244  KB cosine:  -0.498752
 el0       :  -0.907708  el1        :  -0.375733  eig      :  -1.596244
 No ghosts!  Ekb<0  and eig < el0
 
 No ghosts for local potential: 3s
 ------------------------------
 
 Local state: 3p
 
 Test  state: 3s
 KB energy :   5.405132  KB strength:   3.558662  KB cosine:   0.658386
 el0       :  -9.482194  el1        :  -1.895370  eig      :  -6.270442
 No ghosts!  Ekb>0  and el0 < eig < el1
 
 Test  state: 3d
 KB energy :  -4.424306  KB strength:   2.466401  KB cosine:  -0.557466
 el0       :  -0.912353  el1        :  -0.383076  eig      :  -1.596244
 No ghosts!  Ekb<0  and eig < el0
 
 No ghosts for local potential: 3p
 ------------------------------
 
 Local state: 3d
 
 Test  state: 3s
 KB energy :   9.621421  KB strength:   7.121758  KB cosine:   0.740198
 el0       : -13.885044  el1        :  -2.441258  eig      :  -6.270442
 No ghosts!  Ekb>0  and el0 < eig < el1
 
 Test  state: 3p
 KB energy :   4.483723  KB strength:   3.277722  KB cosine:   0.731027
 el0       :  -7.403971  el1        :  -1.050985  eig      :  -4.437111
 No ghosts!  Ekb>0  and el0 < eig < el1
 
 No ghosts for local potential: 3d
 ------------------------------
 

 ======================================================================== 
 End PS construction
 ======================================================================== 

 ======================================================================== 
 Begin NL calculation
 ======================================================================== 
 ---------Eigenvalue guesses---------
 1s            -6.27044176
 2p            -4.43711114
 3d            -1.59624392
 2s            -1.30285321
 3p            -0.94767984
 Performing non-local pseudopotential calculation
 Using the s potential as the local potential
 
 --Augmentation operator info--
 Number of functions:   4
 # 1 range(a.u.):   0.010047 ----->  0.368062   size(Ry): -5.000000
 # 2 range(a.u.):   0.372878 ----->  0.742669   size(Ry): -2.000000
 # 3 range(a.u.):   0.752387 ----->  1.111260   size(Ry):  3.000000
 # 4 range(a.u.):   1.125801 ----->  1.479190   size(Ry): -4.000000
 ------------------------------
 
 iter       Etot             Ebs             Ehxc       de_max   dv_max
   1     -138.6943209     -43.9522821     -94.7420388 0.12E+01 0.89E-08
   2     -138.6943208     -43.9522821     -94.7420387 0.21E-08 0.13E-08
 
    2 iterations: (units are Ry and bohr)
 Energy:    -138.69432079  Ebs:     -43.95228207  Ehxc:     -94.74203872
 Eh    :      99.51580664  Exc:     -15.24017005
 
   Orbital    Filling       Eigenvalues    Norm(rc->oo)      Peak
    |100>      2.000          -6.270442      0.059385      0.834848
    |210>      6.000          -4.437111      0.030978      0.890916
    |320>      3.000          -1.596244      0.219196      1.001496
    |200>      0.000          -1.992398      0.599367      1.728916
    |310>      0.000          -2.076395      0.297452      1.498545
 
 ---Non-local ghost testing---
 Local state: 1s
 
 Test  state: 1s
 KB energy :  16.450559  KB strength:   3.012608  KB cosine:   0.183131
 el0       :  -7.035575  el1        :  -1.997005  eig      :  -6.270442
 No ghosts!  Ekb>0  and el0 < eig < el1
 
 Test  state: 2p
 KB energy : -11.590793  KB strength:   3.925595  KB cosine:  -0.338682
 el0       :  -4.054089  el1        :  -0.197206  eig      :  -4.437111
 No ghosts!  Ekb<0  and eig < el0
 
 Test  state: 3d
 KB energy : -16.822629  KB strength:   5.524872  KB cosine:  -0.328419
 el0       :  -1.486677  el1        :  -0.437470  eig      :  -1.596244
 No ghosts!  Ekb<0  and eig < el0
 
 Test  state: 2s
 KB energy :  16.450559  KB strength:   3.012608  KB cosine:   0.183131
 el0       :  -1.997005  el1        :  -0.699225  eig      :  -1.992398
 No ghosts!  Ekb>0  and el0 < eig < el1
 
 Test  state: 3p
 KB energy : -11.590793  KB strength:   3.925595  KB cosine:  -0.338682
 el0       :  -0.798823  el1        :  -0.356304  eig      :  -2.076395
 No ghosts!  Ekb<0  and eig < el0
 ------------------------------
 
 No ghosts present for designed local pot
 

 ======================================================================== 
 End NL calculation
 ======================================================================== 
<<<do_tc>>>


 ===============Configuration 1 AE Calc=============== 
 ---------Eigenvalue guesses---------
 1s          -529.00000000
 2s           -33.06250000
 2p           -33.06250000
 3s            -6.53086420
 3p            -6.53086420
 3d            -6.53086420
 4s            -2.06640625
 4p            -2.06640625
 
 iter       Etot             Ebs             Ehxc       de_max   dv_max
   1    -1816.2371695   -1138.8868374    -677.3503321 0.98E+00 0.47E+01
   2    -1965.2841874   -1170.9040457    -794.3801416 0.12E+02 0.26E+01
   3    -1904.8396852   -1135.6299917    -769.2096934 0.50E+00 0.90E+00
   4    -1887.3996685   -1121.7894171    -765.6102513 0.61E+00 0.11E+00
   5    -1881.4552222   -1118.6153290    -762.8398932 0.25E+00 0.78E-01
   6    -1881.3907519   -1119.3463685    -762.0443834 0.58E-01 0.72E-01
   7    -1883.8273607   -1121.0951954    -762.7321654 0.14E+00 0.24E-01
   8    -1883.6381491   -1120.8259982    -762.8121510 0.16E-01 0.11E-01
   9    -1883.3728517   -1120.6759659    -762.6968858 0.98E-02 0.28E-02
  10    -1883.2312446   -1120.6457763    -762.5854682 0.24E-02 0.36E-02
  11    -1883.2395359   -1120.6909193    -762.5486166 0.35E-02 0.27E-02
  12    -1883.3337939   -1120.7639322    -762.5698618 0.42E-02 0.74E-03
  13    -1883.3500870   -1120.7650332    -762.5850537 0.33E-03 0.64E-03
  14    -1883.3469323   -1120.7573531    -762.5895792 0.66E-03 0.44E-03
  15    -1883.3366957   -1120.7504886    -762.5862071 0.47E-03 0.12E-03
  16    -1883.3330346   -1120.7492277    -762.5838069 0.85E-05 0.13E-03
  17    -1883.3331846   -1120.7498944    -762.5832902 0.89E-04 0.76E-04
  18    -1883.3342401   -1120.7505959    -762.5836442 0.61E-04 0.22E-04
  19    -1883.3348360   -1120.7508154    -762.5840206 0.17E-04 0.16E-04
  20    -1883.3349020   -1120.7507417    -762.5841603 0.11E-04 0.11E-04
  21    -1883.3347623   -1120.7506233    -762.5841390 0.10E-04 0.58E-05
  22    -1883.3346519   -1120.7505709    -762.5840810 0.58E-05 0.28E-05
  23    -1883.3346157   -1120.7505677    -762.5840480 0.23E-05 0.12E-05
  24    -1883.3346275   -1120.7505852    -762.5840424 0.52E-06 0.71E-06
  25    -1883.3346455   -1120.7505972    -762.5840483 0.50E-06 0.25E-06
  26    -1883.3346545   -1120.7506004    -762.5840541 0.16E-06 0.13E-06
  27    -1883.3346554   -1120.7505992    -762.5840562 0.63E-07 0.11E-06
  28    -1883.3346534   -1120.7505975    -762.5840559 0.90E-07 0.43E-07
  29    -1883.3346519   -1120.7505968    -762.5840551 0.28E-07 0.26E-07
  30    -1883.3346515   -1120.7505968    -762.5840546 0.22E-07 0.20E-07
  31    -1883.3346517   -1120.7505971    -762.5840546 0.20E-07 0.12E-07
  32    -1883.3346519   -1120.7505972    -762.5840547 0.11E-07 0.46E-08
  33    -1883.3346520   -1120.7505973    -762.5840547 0.30E-08 0.35E-08
 
   33 iterations: (units are Ry and bohr)
 Energy:   -1883.33465202  Ebs:   -1120.75059728  Ehxc:    -762.58405474
 Eh    :     790.29686280  Exc:     -85.71889508
 
   Orbital    Filling       Eigenvalues    Norm(rc->oo)      Peak
    |100>      2.000        -390.450011
    |200>      2.000         -43.631399
    |210>      6.000         -36.871221
    |300>      2.000          -5.053139      0.059643      0.824066
    |310>      6.000          -3.220394      0.032258      0.845772
    |320>      3.000          -0.408925      0.268925      0.879409
    |400>      2.000          -0.352517      0.954925      2.760729
    |410>      0.000          -0.113715      0.965275      3.627323


 ===============Configuration 1 NL: Calc ===============
 ---------Eigenvalue guesses---------
 1s            -6.27044176
 2p            -4.43711114
 3d            -1.59624392
 2s            -1.30285321
 3p            -0.94767984
 Performing non-local pseudopotential calculation
 Using the s potential as the local potential
 
 --Augmentation operator info--
 Number of functions:   4
 # 1 range(a.u.):   0.010047 ----->  0.368062   size(Ry): -5.000000
 # 2 range(a.u.):   0.372878 ----->  0.742669   size(Ry): -2.000000
 # 3 range(a.u.):   0.752387 ----->  1.111260   size(Ry):  3.000000
 # 4 range(a.u.):   1.125801 ----->  1.479190   size(Ry): -4.000000
 ------------------------------
 
 iter       Etot             Ebs             Ehxc       de_max   dv_max
   1     -172.0173438     -47.9370772    -124.0802666 0.12E+01 0.40E+01
   2     -142.5599407     -34.2030560    -108.3568847 0.59E+00 0.20E+02
   3     -152.5584679     -32.6314341    -119.9270338 0.34E+00 0.20E+02
   4     -141.9758512     -27.1926658    -114.7831854 0.83E+00 0.20E+02
   5     -137.4393865     -26.6607504    -110.7786360 0.31E+00 0.20E+02
   6     -139.8859857     -28.3263803    -111.5596053 0.18E+01 0.10E+02
   7     -142.5948689     -29.2462204    -113.3486485 0.38E+00 0.13E+00
   8     -141.9364048     -28.6743627    -113.2620421 0.16E+00 0.58E-01
   9     -140.9546009     -28.3284921    -112.6261088 0.12E+00 0.29E-01
  10     -140.9397948     -28.4342336    -112.5055612 0.39E-01 0.26E-01
  11     -141.6079901     -28.6945675    -112.9134225 0.94E-01 0.37E-01
  12     -141.3886790     -28.5366390    -112.8520401 0.54E-01 0.13E-01
  13     -141.0533606     -28.4222545    -112.6311062 0.41E-01 0.17E-01
  14     -141.1429113     -28.4952883    -112.6476230 0.27E-01 0.71E-02
  15     -141.3338120     -28.5619192    -112.7718928 0.24E-01 0.10E-01
  16     -141.2763228     -28.5178310    -112.7584918 0.16E-01 0.39E-02
  17     -141.1729993     -28.4822014    -112.6907978 0.13E-01 0.54E-02
  18     -141.2022714     -28.5053764    -112.6968949 0.84E-02 0.22E-02
  19     -141.2597329     -28.5253383    -112.7343945 0.72E-02 0.31E-02
  20     -141.2429549     -28.5122658    -112.7306891 0.47E-02 0.12E-02
  21     -141.2114553     -28.5013547    -112.7101006 0.39E-02 0.17E-02
  22     -141.2205047     -28.5084644    -112.7120403 0.26E-02 0.66E-03
  23     -141.2321914     -28.5124034    -112.7197880 0.14E-02 0.38E-03
  24     -141.2320482     -28.5109247    -112.7211235 0.53E-03 0.31E-03
  25     -141.2281360     -28.5092396    -112.7188964 0.60E-03 0.48E-04
  26     -141.2272015     -28.5093046    -112.7178969 0.23E-04 0.12E-03
  27     -141.2282615     -28.5098777    -112.7183838 0.21E-03 0.13E-04
  28     -141.2288451     -28.5100017    -112.7188434 0.44E-04 0.36E-04
  29     -141.2286293     -28.5098381    -112.7187912 0.59E-04 0.13E-04
  30     -141.2283827     -28.5097572    -112.7186255 0.29E-04 0.85E-05
  31     -141.2283927     -28.5097915    -112.7186013 0.12E-04 0.65E-05
  32     -141.2284769     -28.5098271    -112.7186498 0.13E-04 0.12E-05
  33     -141.2284953     -28.5098247    -112.7186706 0.84E-06 0.25E-05
  34     -141.2284717     -28.5098122    -112.7186596 0.45E-05 0.24E-06
  35     -141.2284597     -28.5098098    -112.7186499 0.87E-06 0.76E-06
  36     -141.2284644     -28.5098133    -112.7186512 0.13E-05 0.27E-06
  37     -141.2284699     -28.5098148    -112.7186551 0.60E-06 0.23E-06
  38     -141.2284690     -28.5098140    -112.7186550 0.33E-06 0.10E-06
  39     -141.2284673     -28.5098135    -112.7186538 0.21E-06 0.57E-07
  40     -141.2284672     -28.5098137    -112.7186534 0.71E-07 0.64E-07
  41     -141.2284679     -28.5098141    -112.7186539 0.11E-06 0.16E-07
  42     -141.2284682     -28.5098140    -112.7186542 0.27E-07 0.37E-07
  43     -141.2284680     -28.5098138    -112.7186541 0.60E-07 0.11E-07
  44     -141.2284677     -28.5098138    -112.7186539 0.19E-07 0.14E-07
  45     -141.2284677     -28.5098138    -112.7186539 0.17E-07 0.95E-08
  46     -141.2284679     -28.5098139    -112.7186540 0.18E-07 0.26E-08
  47     -141.2284679     -28.5098139    -112.7186540 0.53E-08 0.56E-08
 
   47 iterations: (units are Ry and bohr)
 Energy:    -141.22846790  Ebs:     -28.50981387  Ehxc:    -112.71865403
 Eh    :     117.77122734  Exc:     -16.16786100
 
   Orbital    Filling       Eigenvalues    Norm(rc->oo)      Peak
    |100>      2.000          -4.711971      0.063469      0.845772
    |210>      6.000          -2.901400      0.036134      0.902574
    |320>      3.000          -0.150969      0.396100      1.155456
    |200>      2.000          -0.612282      0.692426      1.893629
    |310>      0.000          -0.647847      0.373403      1.538018
 
 ---Non-local ghost testing---
 Local state: 1s
 
 Test  state: 1s
 KB energy :  16.450559  KB strength:   3.012608  KB cosine:   0.183131
 el0       :  -5.467323  el1        :  -0.616769  eig      :  -4.711971
 No ghosts!  Ekb>0  and el0 < eig < el1
 
 Test  state: 2p
 KB energy : -11.590793  KB strength:   3.925595  KB cosine:  -0.338682
 el0       :  -2.549231  el1        :  -0.011592  eig      :  -2.901400
 No ghosts!  Ekb<0  and eig < el0
 
 Test  state: 3d
 !WARNING! : schsl found too few nodes   n,l=   4   2  e= -.8189E-08
 !WARNING! No solution for 1st excited state of local potential.  Setting e=0.0
 KB energy : -16.822629  KB strength:   5.524872  KB cosine:  -0.328419
 el0       :  -0.108326  el1        :   0.000000  eig      :  -0.150969
 No ghosts!  Ekb<0  and eig < el0
 
 Test  state: 2s
 KB energy :  16.450559  KB strength:   3.012608  KB cosine:   0.183131
 el0       :  -0.616769  el1        :  -0.016356  eig      :  -0.612282
 No ghosts!  Ekb>0  and el0 < eig < el1
 
 Test  state: 3p
 !WARNING! : schsl found too few nodes   n,l=   4   1  e= -.8753E-08
 !WARNING! No solution for 1st excited state of local potential.  Setting e=0.0
 KB energy : -11.590793  KB strength:   3.925595  KB cosine:  -0.338682
 el0       :  -0.011592  el1        :   0.000000  eig      :  -0.647847
 No ghosts!  Ekb<0  and eig < el0
 ------------------------------
 
 No ghosts present for designed local pot
 


 ===============Configuration 2 AE Calc=============== 
 ---------Eigenvalue guesses---------
 1s          -529.00000000
 2s           -33.06250000
 2p           -33.06250000
 3s            -6.53086420
 3p            -6.53086420
 3d            -6.53086420
 4s            -2.06640625
 4p            -2.06640625
 
 iter       Etot             Ebs             Ehxc       de_max   dv_max
   1    -2008.1811214   -1215.3756665    -792.8054550 0.76E+00 0.20E+01
   2    -1913.0374260   -1158.6590616    -754.3783644 0.36E+00 0.10E+01
   3    -1886.4318765   -1137.5548197    -748.8770568 0.12E+00 0.15E+00
   4    -1885.3077937   -1134.6079626    -750.6998311 0.52E-01 0.76E-01
   5    -1883.7642135   -1132.8330493    -750.9311642 0.26E-01 0.53E-01
   6    -1882.1731658   -1131.9308983    -750.2422674 0.38E-01 0.16E-01
   7    -1882.2574423   -1132.2128540    -750.0445883 0.52E-02 0.90E-02
   8    -1882.7967217   -1132.6565271    -750.1401946 0.71E-02 0.31E-02
   9    -1882.8380729   -1132.6607294    -750.1773435 0.31E-03 0.27E-02
  10    -1882.7407464   -1132.5974687    -750.1432777 0.18E-02 0.11E-02
  11    -1882.7395510   -1132.6059596    -750.1335914 0.37E-03 0.64E-03
  12    -1882.7588246   -1132.6201416    -750.1386830 0.52E-03 0.18E-03
  13    -1882.7586880   -1132.6190010    -750.1396870 0.41E-04 0.82E-04
  14    -1882.7573357   -1132.6180790    -750.1392567 0.31E-04 0.32E-04
  15    -1882.7564468   -1132.6177800    -750.1386668 0.12E-04 0.14E-04
  16    -1882.7562601   -1132.6179039    -750.1383562 0.22E-05 0.15E-04
  17    -1882.7564345   -1132.6181357    -750.1382989 0.46E-05 0.87E-05
  18    -1882.7566390   -1132.6182918    -750.1383471 0.35E-05 0.32E-05
  19    -1882.7567509   -1132.6183514    -750.1383995 0.14E-05 0.12E-05
  20    -1882.7567795   -1132.6183550    -750.1384245 0.10E-06 0.97E-06
  21    -1882.7567718   -1132.6183435    -750.1384282 0.29E-06 0.67E-06
  22    -1882.7567593   -1132.6183353    -750.1384240 0.20E-06 0.42E-06
  23    -1882.7567532   -1132.6183332    -750.1384200 0.70E-07 0.25E-06
  24    -1882.7567526   -1132.6183339    -750.1384187 0.27E-07 0.16E-06
  25    -1882.7567539   -1132.6183350    -750.1384189 0.29E-07 0.99E-07
  26    -1882.7567550   -1132.6183355    -750.1384194 0.11E-07 0.63E-07
  27    -1882.7567553   -1132.6183355    -750.1384198 0.53E-08 0.40E-07
 
   27 iterations: (units are Ry and bohr)
 Energy:   -1882.75675530  Ebs:   -1132.61833550  Ehxc:    -750.13841979
 Eh    :     777.74556546  Exc:     -85.36709780
 
   Orbital    Filling       Eigenvalues    Norm(rc->oo)      Peak
    |100>      2.000        -391.018742
    |200>      2.000         -44.188718
    |210>      6.000         -37.429573
    |300>      2.000          -5.615626      0.059676      0.824066
    |310>      6.000          -3.783067      0.031935      0.845772
    |320>      3.000          -0.961054      0.247238      0.879409
    |400>      1.000          -0.813162      0.942270      2.620840
    |410>      0.000          -0.515499      0.938304      3.185136


 ===============Configuration 2 NL: Calc ===============
 ---------Eigenvalue guesses---------
 1s            -6.27044176
 2p            -4.43711114
 3d            -1.59624392
 2s            -1.30285321
 3p            -0.94767984
 Performing non-local pseudopotential calculation
 Using the s potential as the local potential
 
 --Augmentation operator info--
 Number of functions:   4
 # 1 range(a.u.):   0.010047 ----->  0.368062   size(Ry): -5.000000
 # 2 range(a.u.):   0.372878 ----->  0.742669   size(Ry): -2.000000
 # 3 range(a.u.):   0.752387 ----->  1.111260   size(Ry):  3.000000
 # 4 range(a.u.):   1.125801 ----->  1.479190   size(Ry): -4.000000
 ------------------------------
 
 iter       Etot             Ebs             Ehxc       de_max   dv_max
   1     -154.8206127     -45.9446797    -108.8759330 0.12E+01 0.20E+01
   2     -141.5623140     -39.4412963    -102.1210177 0.31E+00 0.10E+01
   3     -145.5398079     -38.3688272    -107.1709807 0.12E+00 0.47E+00
   4     -141.2939687     -35.8086761    -105.4852926 0.19E+00 0.10E+00
   5     -138.9551220     -35.1975146    -103.7576073 0.47E-01 0.14E+00
   6     -139.4093878     -35.7725413    -103.6368465 0.46E-01 0.79E-01
   7     -141.1890111     -36.5867973    -104.6022138 0.65E-01 0.94E-01
   8     -140.8088712     -36.2266715    -104.5821997 0.26E-01 0.45E-01
   9     -140.1994582     -35.9841919    -104.2152663 0.17E-01 0.13E-01
  10     -140.0944985     -36.0212823    -104.0732162 0.31E-02 0.20E-01
  11     -140.2533853     -36.1195424    -104.1338429 0.75E-02 0.42E-02
  12     -140.3648023     -36.1548084    -104.2099939 0.27E-02 0.58E-02
  13     -140.3461819     -36.1313638    -104.2148181 0.17E-02 0.33E-02
  14     -140.2681640     -36.0977306    -104.1704334 0.25E-02 0.43E-02
  15     -140.2859039     -36.1143330    -104.1715709 0.12E-02 0.20E-02
  16     -140.3132914     -36.1254678    -104.1878236 0.83E-03 0.55E-03
  17     -140.3180067     -36.1240039    -104.1940028 0.11E-03 0.87E-03
  18     -140.3110535     -36.1197880    -104.1912655 0.32E-03 0.17E-03
  19     -140.3063280     -36.1183662    -104.1879618 0.11E-03 0.35E-03
  20     -140.3071874     -36.1194079    -104.1877795 0.77E-04 0.17E-03
  21     -140.3101347     -36.1205482    -104.1895865 0.83E-04 0.18E-03
  22     -140.3096061     -36.1200050    -104.1896011 0.39E-04 0.89E-04
  23     -140.3085855     -36.1196155    -104.1889699 0.28E-04 0.32E-04
  24     -140.3084091     -36.1196930    -104.1887161 0.61E-05 0.38E-04
  25     -140.3086949     -36.1198732    -104.1888217 0.13E-04 0.10E-04
  26     -140.3088774     -36.1199299    -104.1889475 0.42E-05 0.87E-05
  27     -140.3088638     -36.1198983    -104.1889654 0.24E-05 0.60E-05
  28     -140.3088019     -36.1198686    -104.1889332 0.23E-05 0.73E-06
  29     -140.3087829     -36.1198666    -104.1889163 0.18E-06 0.18E-05
  30     -140.3087947     -36.1198746    -104.1889201 0.57E-06 0.59E-06
  31     -140.3088050     -36.1198778    -104.1889272 0.22E-06 0.43E-06
  32     -140.3088050     -36.1198761    -104.1889289 0.14E-06 0.37E-06
  33     -140.3088016     -36.1198742    -104.1889274 0.15E-06 0.67E-07
  34     -140.3087998     -36.1198739    -104.1889259 0.33E-07 0.13E-06
  35     -140.3088002     -36.1198745    -104.1889257 0.45E-07 0.86E-07
  36     -140.3088013     -36.1198749    -104.1889263 0.29E-07 0.24E-07
  37     -140.3088017     -36.1198748    -104.1889268 0.10E-07 0.56E-07
  38     -140.3088013     -36.1198745    -104.1889268 0.23E-07 0.25E-07
  39     -140.3088009     -36.1198744    -104.1889265 0.99E-08 0.12E-07
 
   39 iterations: (units are Ry and bohr)
 Energy:    -140.30880093  Ebs:     -36.11987440  Ehxc:    -104.18892653
 Eh    :     109.11183102  Exc:     -15.73606773
 
   Orbital    Filling       Eigenvalues    Norm(rc->oo)      Peak
    |100>      2.000          -5.421319      0.061910      0.834848
    |210>      6.000          -3.600781      0.034253      0.902574
    |320>      3.000          -0.807569      0.303412      1.082740
    |200>      1.000          -1.249842      0.647960      1.821199
    |310>      0.000          -1.307083      0.336122      1.518154
 
 ---Non-local ghost testing---
 Local state: 1s
 
 Test  state: 1s
 KB energy :  16.450559  KB strength:   3.012608  KB cosine:   0.183131
 el0       :  -6.181656  el1        :  -1.254501  eig      :  -5.421319
 No ghosts!  Ekb>0  and el0 < eig < el1
 
 Test  state: 2p
 KB energy : -11.590793  KB strength:   3.925595  KB cosine:  -0.338682
 el0       :  -3.238084  el1        :  -0.355268  eig      :  -3.600781
 No ghosts!  Ekb<0  and eig < el0
 
 Test  state: 3d
 KB energy : -16.822629  KB strength:   5.524872  KB cosine:  -0.328419
 el0       :  -0.740190  el1        :  -0.132684  eig      :  -0.807569
 No ghosts!  Ekb<0  and eig < el0
 
 Test  state: 2s
 KB energy :  16.450559  KB strength:   3.012608  KB cosine:   0.183131
 el0       :  -1.254501  el1        :  -0.305908  eig      :  -1.249842
 No ghosts!  Ekb>0  and el0 < eig < el1
 
 Test  state: 3p
 KB energy : -11.590793  KB strength:   3.925595  KB cosine:  -0.338682
 el0       :  -0.355268  el1        :  -0.120714  eig      :  -1.307083
 No ghosts!  Ekb<0  and eig < el0
 ------------------------------
 
 No ghosts present for designed local pot
 


 ===============Configuration 3 AE Calc=============== 
 ---------Eigenvalue guesses---------
 1s          -529.00000000
 2s           -33.06250000
 2p           -33.06250000
 3s            -6.53086420
 3p            -6.53086420
 3d            -6.53086420
 4s            -2.06640625
 4p            -2.06640625
 
 iter       Etot             Ebs             Ehxc       de_max   dv_max
   1    -1996.9256508   -1215.1652721    -781.7603787 0.76E+00 0.20E+01
   2    -1914.8684798   -1163.4497757    -751.4187041 0.27E+00 0.10E+01
   3    -1885.0939916   -1140.8286704    -744.2653213 0.11E+00 0.16E+00
   4    -1884.4535232   -1138.6596533    -745.7938698 0.52E-01 0.64E-01
   5    -1883.5497494   -1137.4231366    -746.1266128 0.17E-01 0.47E-01
   6    -1882.4180747   -1136.6631608    -745.7549140 0.27E-01 0.64E-02
   7    -1882.3691072   -1136.7717742    -745.5973330 0.88E-03 0.52E-02
   8    -1882.6232020   -1137.0234337    -745.5997682 0.27E-02 0.68E-03
   9    -1882.6578655   -1137.0505450    -745.6073205 0.30E-03 0.52E-03
  10    -1882.6590452   -1137.0510322    -745.6080130 0.92E-04 0.32E-03
  11    -1882.6523133   -1137.0484707    -745.6038426 0.85E-04 0.22E-03
  12    -1882.6519816   -1137.0499237    -745.6020579 0.54E-04 0.15E-03
  13    -1882.6532698   -1137.0515673    -745.6017025 0.45E-04 0.87E-04
  14    -1882.6545494   -1137.0526498    -745.6018996 0.28E-04 0.40E-04
  15    -1882.6552706   -1137.0531247    -745.6021459 0.12E-04 0.14E-04
  16    -1882.6555268   -1137.0532450    -745.6022818 0.34E-05 0.57E-05
  17    -1882.6555492   -1137.0532288    -745.6023204 0.60E-06 0.49E-05
  18    -1882.6555117   -1137.0531967    -745.6023150 0.72E-06 0.36E-05
  19    -1882.6554843   -1137.0531823    -745.6023020 0.43E-06 0.25E-05
  20    -1882.6554763   -1137.0531815    -745.6022948 0.23E-06 0.16E-05
  21    -1882.6554784   -1137.0531847    -745.6022937 0.15E-06 0.99E-06
  22    -1882.6554824   -1137.0531870    -745.6022954 0.12E-06 0.62E-06
  23    -1882.6554845   -1137.0531872    -745.6022973 0.72E-07 0.37E-06
  24    -1882.6554848   -1137.0531864    -745.6022983 0.50E-07 0.22E-06
  25    -1882.6554841   -1137.0531855    -745.6022986 0.32E-07 0.13E-06
  26    -1882.6554835   -1137.0531849    -745.6022986 0.19E-07 0.72E-07
  27    -1882.6554831   -1137.0531846    -745.6022985 0.20E-07 0.40E-07
  28    -1882.6554829   -1137.0531845    -745.6022984 0.48E-08 0.22E-07
 
   28 iterations: (units are Ry and bohr)
 Energy:   -1882.65548291  Ebs:   -1137.05318453  Ehxc:    -745.60229839
 Eh    :     773.13069182  Exc:     -85.11878103
 
   Orbital    Filling       Eigenvalues    Norm(rc->oo)      Peak
    |100>      2.000        -391.233976
    |200>      2.000         -44.435937
    |210>      6.000         -37.673720
    |300>      2.000          -5.822642      0.057366      0.824066
    |310>      6.000          -3.982529      0.029558      0.845772
    |320>      2.500          -1.130278      0.214969      0.868051
    |400>      1.500          -0.869926      0.937095      2.553576
    |410>      0.000          -0.556225      0.929597      3.063307


 ===============Configuration 3 NL: Calc ===============
 ---------Eigenvalue guesses---------
 1s            -6.27044176
 2p            -4.43711114
 3d            -1.59624392
 2s            -1.30285321
 3p            -0.94767984
 Performing non-local pseudopotential calculation
 Using the s potential as the local potential
 
 --Augmentation operator info--
 Number of functions:   4
 # 1 range(a.u.):   0.010047 ----->  0.368062   size(Ry): -5.000000
 # 2 range(a.u.):   0.372878 ----->  0.742669   size(Ry): -2.000000
 # 3 range(a.u.):   0.752387 ----->  1.111260   size(Ry):  3.000000
 # 4 range(a.u.):   1.125801 ----->  1.479190   size(Ry): -4.000000
 ------------------------------
 
 iter       Etot             Ebs             Ehxc       de_max   dv_max
   1     -153.9568095     -46.1427565    -107.8140531 0.12E+01 0.20E+01
   2     -142.2971592     -40.1161638    -102.1809954 0.28E+00 0.10E+01
   3     -144.9030026     -38.7824431    -106.1205595 0.13E+00 0.39E+00
   4     -141.4859524     -36.5577183    -104.9282341 0.17E+00 0.10E+00
   5     -139.3911915     -35.9499348    -103.4412567 0.44E-01 0.11E+00
   6     -139.6616397     -36.4270874    -103.2345523 0.37E-01 0.76E-01
   7     -141.2282295     -37.2070042    -104.0212252 0.60E-01 0.76E-01
   8     -140.9858529     -36.9231162    -104.0627368 0.20E-01 0.42E-01
   9     -140.4914094     -36.7015922    -103.7898172 0.16E-01 0.61E-02
  10     -140.3568244     -36.7054631    -103.6513613 0.47E-03 0.16E-01
  11     -140.4559645     -36.7810696    -103.6748949 0.56E-02 0.58E-02
  12     -140.5788958     -36.8308877    -103.7480081 0.37E-02 0.58E-02
  13     -140.5654330     -36.8088883    -103.7565447 0.16E-02 0.37E-02
  14     -140.4864668     -36.7720469    -103.7144199 0.27E-02 0.41E-02
  15     -140.5001872     -36.7873126    -103.7128746 0.11E-02 0.22E-02
  16     -140.5260753     -36.7990117    -103.7270635 0.85E-03 0.27E-03
  17     -140.5329476     -36.7988820    -103.7340656 0.11E-04 0.81E-03
  18     -140.5278346     -36.7950685    -103.7327661 0.28E-03 0.28E-03
  19     -140.5218003     -36.7926756    -103.7291247 0.17E-03 0.28E-03
  20     -140.5224614     -36.7937650    -103.7286964 0.79E-04 0.18E-03
  21     -140.5249792     -36.7949024    -103.7300768 0.82E-04 0.13E-03
  22     -140.5251688     -36.7947183    -103.7304505 0.13E-04 0.92E-04
  23     -140.5245988     -36.7944024    -103.7301964 0.23E-04 0.21E-04
  24     -140.5243048     -36.7943364    -103.7299684 0.47E-05 0.20E-04
  25     -140.5243637     -36.7944152    -103.7299485 0.57E-05 0.12E-04
  26     -140.5244878     -36.7944748    -103.7300130 0.43E-05 0.23E-05
  27     -140.5245269     -36.7944776    -103.7300493 0.15E-06 0.46E-05
  28     -140.5245059     -36.7944599    -103.7300460 0.13E-05 0.20E-05
  29     -140.5244841     -36.7944506    -103.7300335 0.70E-06 0.53E-06
  30     -140.5244807     -36.7944516    -103.7300291 0.55E-07 0.69E-06
  31     -140.5244854     -36.7944548    -103.7300306 0.21E-06 0.20E-06
  32     -140.5244892     -36.7944557    -103.7300335 0.71E-07 0.22E-06
  33     -140.5244893     -36.7944547    -103.7300346 0.62E-07 0.21E-06
  34     -140.5244876     -36.7944537    -103.7300339 0.75E-07 0.42E-07
  35     -140.5244865     -36.7944535    -103.7300330 0.13E-07 0.73E-07
  36     -140.5244866     -36.7944539    -103.7300327 0.27E-07 0.63E-07
  37     -140.5244872     -36.7944542    -103.7300330 0.23E-07 0.52E-08
  38     -140.5244875     -36.7944542    -103.7300333 0.10E-08 0.28E-07
 
   38 iterations: (units are Ry and bohr)
 Energy:    -140.52448751  Ebs:     -36.79445423  Ehxc:    -103.73003329
 Eh    :     108.62477839  Exc:     -15.64793232
 
   Orbital    Filling       Eigenvalues    Norm(rc->oo)      Peak
    |100>      2.000          -5.457549      0.062391      0.834848
    |210>      6.000          -3.643335      0.034102      0.902574
    |320>      2.500          -0.847300      0.289476      1.068756
    |200>      1.500          -1.267399      0.645550      1.821199
    |310>      0.000          -1.334077      0.331952      1.518154
 
 ---Non-local ghost testing---
 Local state: 1s
 
 Test  state: 1s
 KB energy :  16.450559  KB strength:   3.012608  KB cosine:   0.183131
 el0       :  -6.213398  el1        :  -1.272049  eig      :  -5.457549
 No ghosts!  Ekb>0  and el0 < eig < el1
 
 Test  state: 2p
 KB energy : -11.590793  KB strength:   3.925595  KB cosine:  -0.338682
 el0       :  -3.282452  el1        :  -0.358758  eig      :  -3.643335
 No ghosts!  Ekb<0  and eig < el0
 
 Test  state: 3d
 KB energy : -16.822629  KB strength:   5.524872  KB cosine:  -0.328419
 el0       :  -0.773969  el1        :  -0.132391  eig      :  -0.847300
 No ghosts!  Ekb<0  and eig < el0
 
 Test  state: 2s
 KB energy :  16.450559  KB strength:   3.012608  KB cosine:   0.183131
 el0       :  -1.272049  el1        :  -0.118774  eig      :  -1.267399
 No ghosts!  Ekb>0  and el0 < eig < el1
 
 Test  state: 3p
 KB energy : -11.590793  KB strength:   3.925595  KB cosine:  -0.338682
 el0       :  -0.358758  el1        :  -0.120871  eig      :  -1.334077
 No ghosts!  Ekb<0  and eig < el0
 ------------------------------
 
 No ghosts present for designed local pot
 


 ===============Configuration 4 AE Calc=============== 
 ---------Eigenvalue guesses---------
 1s          -529.00000000
 2s           -33.06250000
 2p           -33.06250000
 3s            -6.53086420
 3p            -6.53086420
 3d            -6.53086420
 4s            -2.06640625
 4p            -2.06640625
 
 iter       Etot             Ebs             Ehxc       de_max   dv_max
   1    -2215.4324565   -1437.3530524    -778.0794041 0.11E+01 0.55E+01
   2    -1998.1701845   -1282.2458558    -715.9243287 0.37E+00 0.17E+01
   3    -1876.8480935   -1197.2947418    -679.5533517 0.24E+00 0.26E+00
   4    -1873.2713229   -1193.9939182    -679.2774047 0.92E-02 0.11E+00
   5    -1876.6829138   -1196.5530288    -680.1298850 0.18E-01 0.26E-01
   6    -1876.6906637   -1196.2214735    -680.4691901 0.23E-02 0.18E-01
   7    -1876.2219311   -1195.7201744    -680.5017567 0.42E-02 0.23E-02
   8    -1876.1322648   -1195.6399618    -680.4923030 0.86E-03 0.34E-03
   9    -1876.1220156   -1195.6365731    -680.4854426 0.12E-03 0.28E-03
  10    -1876.1241669   -1195.6416366    -680.4825303 0.31E-04 0.20E-03
  11    -1876.1277778   -1195.6461187    -680.4816591 0.15E-04 0.12E-03
  12    -1876.1306286   -1195.6489811    -680.4816475 0.67E-05 0.60E-04
  13    -1876.1323335   -1195.6504813    -680.4818523 0.33E-05 0.29E-04
  14    -1876.1331766   -1195.6511461    -680.4820304 0.17E-05 0.19E-04
  15    -1876.1335229   -1195.6513899    -680.4821330 0.11E-05 0.12E-04
  16    -1876.1336340   -1195.6514567    -680.4821773 0.74E-06 0.78E-05
  17    -1876.1336481   -1195.6514576    -680.4821905 0.50E-06 0.48E-05
  18    -1876.1336425   -1195.6514514    -680.4821910 0.33E-06 0.29E-05
  19    -1876.1336366   -1195.6514482    -680.4821883 0.22E-06 0.17E-05
  20    -1876.1336341   -1195.6514480    -680.4821861 0.13E-06 0.97E-06
  21    -1876.1336340   -1195.6514490    -680.4821851 0.90E-07 0.54E-06
  22    -1876.1336348   -1195.6514500    -680.4821848 0.42E-07 0.29E-06
  23    -1876.1336355   -1195.6514507    -680.4821848 0.33E-07 0.15E-06
  24    -1876.1336359   -1195.6514510    -680.4821849 0.11E-07 0.76E-07
  25    -1876.1336361   -1195.6514511    -680.4821850 0.56E-08 0.39E-07
 
   25 iterations: (units are Ry and bohr)
 Energy:   -1876.13363609  Ebs:   -1195.65145107  Ehxc:    -680.48218502
 Eh    :     707.23542751  Exc:     -82.61870861
 
   Orbital    Filling       Eigenvalues    Norm(rc->oo)      Peak
    |100>      2.000        -394.558568
    |200>      2.000         -47.839393
    |210>      6.000         -41.070820
    |300>      2.000          -8.950414      0.045568      0.813422
    |310>      6.000          -7.072522      0.018164      0.834848
    |320>      1.000          -4.094653      0.098618      0.813422
    |400>      0.000          -2.836185      0.862495      2.128665
    |410>      0.000          -2.337596      0.779186      2.331460


 ===============Configuration 4 NL: Calc ===============
 ---------Eigenvalue guesses---------
 1s            -6.27044176
 2p            -4.43711114
 3d            -1.59624392
 2s            -1.30285321
 3p            -0.94767984
 Performing non-local pseudopotential calculation
 Using the s potential as the local potential
 
 --Augmentation operator info--
 Number of functions:   4
 # 1 range(a.u.):   0.010047 ----->  0.368062   size(Ry): -5.000000
 # 2 range(a.u.):   0.372878 ----->  0.742669   size(Ry): -2.000000
 # 3 range(a.u.):   0.752387 ----->  1.111260   size(Ry):  3.000000
 # 4 range(a.u.):   1.125801 ----->  1.479190   size(Ry): -4.000000
 ------------------------------
 
 iter       Etot             Ebs             Ehxc       de_max   dv_max
   1     -106.8107860     -40.7597943     -66.0509917 0.12E+01 0.40E+01
   2     -123.8770965     -52.6940774     -71.1830191 0.78E+00 0.20E+01
   3     -129.1801665     -59.3123129     -69.8678537 0.26E+00 0.37E+00
   4     -133.9590707     -63.0507164     -70.9083543 0.11E+00 0.12E+00
   5     -133.9216478     -62.7069135     -71.2147343 0.88E-02 0.64E-01
   6     -133.2553151     -62.1726029     -71.0827121 0.14E-01 0.15E-01
   7     -133.2545358     -62.2143851     -71.0401508 0.11E-02 0.80E-02
   8     -133.3348045     -62.2791118     -71.0556927 0.17E-02 0.17E-02
   9     -133.3429948     -62.2787351     -71.0642596 0.20E-04 0.18E-02
  10     -133.3368985     -62.2714169     -71.0654816 0.20E-03 0.10E-02
  11     -133.3246213     -62.2622994     -71.0623218 0.25E-03 0.37E-03
  12     -133.3249736     -62.2634970     -71.0614766 0.30E-04 0.20E-03
  13     -133.3271163     -62.2650663     -71.0620500 0.40E-04 0.63E-04
  14     -133.3271130     -62.2648744     -71.0622386 0.56E-05 0.37E-04
  15     -133.3269714     -62.2647106     -71.0622609 0.46E-05 0.24E-04
  16     -133.3268429     -62.2646118     -71.0622311 0.27E-05 0.14E-04
  17     -133.3267775     -62.2645742     -71.0622033 0.11E-05 0.77E-05
  18     -133.3267596     -62.2645690     -71.0621906 0.19E-06 0.42E-05
  19     -133.3267622     -62.2645735     -71.0621887 0.12E-06 0.24E-05
  20     -133.3267684     -62.2645773     -71.0621911 0.85E-07 0.14E-05
  21     -133.3267723     -62.2645780     -71.0621943 0.26E-07 0.84E-06
  22     -133.3267726     -62.2645769     -71.0621957 0.28E-07 0.48E-06
  23     -133.3267715     -62.2645756     -71.0621959 0.36E-07 0.26E-06
  24     -133.3267704     -62.2645748     -71.0621956 0.22E-07 0.13E-06
  25     -133.3267697     -62.2645746     -71.0621951 0.63E-08 0.64E-07
 
   25 iterations: (units are Ry and bohr)
 Energy:    -133.32676972  Ebs:     -62.26457457  Ehxc:     -71.06219515
 Eh    :      75.19716403  Exc:     -13.18252051
 
   Orbital    Filling       Eigenvalues    Norm(rc->oo)      Peak
    |100>      2.000          -8.684470      0.048939      0.824066
    |210>      6.000          -6.829079      0.018415      0.868051
    |320>      1.000          -3.921159      0.053104      0.914384
    |200>      0.000          -3.960315      0.486938      1.558143
    |310>      0.000          -4.128259      0.217482      1.460085
 
 ---Non-local ghost testing---
 Local state: 1s
 
 Test  state: 1s
 KB energy :  16.450559  KB strength:   3.012608  KB cosine:   0.183131
 el0       :  -9.439785  el1        :  -3.963663  eig      :  -8.684470
 No ghosts!  Ekb>0  and el0 < eig < el1
 
 Test  state: 2p
 KB energy : -11.590793  KB strength:   3.925595  KB cosine:  -0.338682
 el0       :  -6.312592  el1        :  -1.973886  eig      :  -6.829079
 No ghosts!  Ekb<0  and eig < el0
 
 Test  state: 3d
 KB energy : -16.822629  KB strength:   5.524872  KB cosine:  -0.328419
 el0       :  -3.506321  el1        :  -1.325359  eig      :  -3.921159
 No ghosts!  Ekb<0  and eig < el0
 
 Test  state: 2s
 KB energy :  16.450559  KB strength:   3.012608  KB cosine:   0.183131
 el0       :  -3.963663  el1        :  -1.743726  eig      :  -3.960315
 No ghosts!  Ekb>0  and el0 < eig < el1
 
 Test  state: 3p
 KB energy : -11.590793  KB strength:   3.925595  KB cosine:  -0.338682
 el0       :  -1.973886  el1        :  -1.050559  eig      :  -4.128259
 No ghosts!  Ekb<0  and eig < el0
 ------------------------------
 
 No ghosts present for designed local pot
 


 ===============Configuration 5 AE Calc=============== 
 ---------Eigenvalue guesses---------
 1s          -529.00000000
 2s           -33.06250000
 2p           -33.06250000
 3s            -6.53086420
 3p            -6.53086420
 3d            -6.53086420
 4s            -2.06640625
 4p            -2.06640625
 
 iter       Etot             Ebs             Ehxc       de_max   dv_max
   1    -2246.9850433   -1502.3991562    -744.5858871 0.17E+01 0.62E+01
   2    -2017.8302029   -1330.2796847    -687.5505182 0.33E+00 0.21E+01
   3    -1873.8407481   -1224.7614541    -649.0792940 0.25E+00 0.23E+00
   4    -1868.5498719   -1220.1398611    -648.4100108 0.99E-02 0.83E-01
   5    -1871.3345373   -1222.6135907    -648.7209466 0.11E-01 0.12E-01
   6    -1871.4921882   -1222.6099950    -648.8821932 0.48E-03 0.72E-02
   7    -1871.3630193   -1222.4364295    -648.9265898 0.12E-02 0.19E-02
   8    -1871.3144557   -1222.3785688    -648.9358869 0.42E-03 0.58E-03
   9    -1871.3065994   -1222.3684178    -648.9381816 0.88E-04 0.51E-03
  10    -1871.3024545   -1222.3641873    -648.9382671 0.48E-04 0.33E-03
  11    -1871.2974254   -1222.3602665    -648.9371589 0.53E-04 0.81E-04
  12    -1871.2972033   -1222.3605407    -648.9366625 0.47E-05 0.37E-04
  13    -1871.2975950   -1222.3610599    -648.9365351 0.50E-06 0.18E-04
  14    -1871.2979639   -1222.3614132    -648.9365507 0.33E-06 0.90E-05
  15    -1871.2981910   -1222.3615940    -648.9365971 0.17E-06 0.49E-05
  16    -1871.2982916   -1222.3616572    -648.9366344 0.62E-07 0.27E-05
  17    -1871.2983345   -1222.3616779    -648.9366566 0.93E-07 0.17E-05
  18    -1871.2983383   -1222.3616718    -648.9366666 0.78E-07 0.10E-05
  19    -1871.2983333   -1222.3616637    -648.9366696 0.50E-07 0.54E-06
  20    -1871.2983277   -1222.3616581    -648.9366696 0.26E-07 0.25E-06
  21    -1871.2983241   -1222.3616554    -648.9366687 0.10E-07 0.13E-06
  22    -1871.2983224   -1222.3616544    -648.9366680 0.37E-08 0.79E-07
 
   22 iterations: (units are Ry and bohr)
 Energy:   -1871.29832237  Ebs:   -1222.36165441  Ehxc:    -648.93666796
 Eh    :     675.22469746  Exc:     -81.13720182
 
   Orbital    Filling       Eigenvalues    Norm(rc->oo)      Peak
    |100>      2.000        -396.335098
    |200>      2.000         -49.697109
    |210>      6.000         -42.923397
    |300>      2.000         -10.521421      0.038084      0.813422
    |310>      6.000          -8.619002      0.013022      0.824066
    |320>      0.000          -5.601412      0.064968      0.782309
    |400>      0.000          -3.739252      0.823727      1.994702
    |410>      0.000          -3.181656      0.701189      2.156518


 ===============Configuration 5 NL: Calc ===============
 ---------Eigenvalue guesses---------
 1s            -6.27044176
 2p            -4.43711114
 3d            -1.59624392
 2s            -1.30285321
 3p            -0.94767984
 Performing non-local pseudopotential calculation
 Using the s potential as the local potential
 
 --Augmentation operator info--
 Number of functions:   4
 # 1 range(a.u.):   0.010047 ----->  0.368062   size(Ry): -5.000000
 # 2 range(a.u.):   0.372878 ----->  0.742669   size(Ry): -2.000000
 # 3 range(a.u.):   0.752387 ----->  1.111260   size(Ry):  3.000000
 # 4 range(a.u.):   1.125801 ----->  1.479190   size(Ry): -4.000000
 ------------------------------
 
 iter       Etot             Ebs             Ehxc       de_max   dv_max
   1      -92.8560315     -39.1635503     -53.6924811 0.12E+01 0.60E+01
   2     -112.9486711     -55.2414960     -57.7071751 0.12E+01 0.30E+01
   3     -124.7572433     -67.1734137     -57.5838296 0.43E+00 0.30E+00
 !WARNING! : schsl found too many nodes   n,l=   3   2  e= -.1630E+02
   4     -128.9034244     -70.7061632     -58.1972612 0.22E+01 0.75E-01
 !WARNING! : schsl found too many nodes   n,l=   3   2  e= -.4624E+03
   5     -129.0305674     -70.6099738     -58.4205936 0.27E+02 0.43E-01
 !WARNING! positive eigenvalue predicted in scpot  nlm= 320     new e =-.5806803E+01
 !WARNING! : schsl found too many nodes   n,l=   3   2  e= -.1424E+04
   6     -128.7005495     -70.2889460     -58.4116035 0.21E+01 0.15E-02
 !WARNING! positive eigenvalue predicted in scpot  nlm= 320     new e =-.5805152E+01
