##########################################################
#    Opium Report File                                   #
##########################################################
     Opium version:        3.8

### copy of the parameter file #######################

[Atom]
V
8
100 2.00  -
200 2.00  -
210 6.00  -
300 2.00  -
310 6.00  -
320 3.00  -
400 0.00  -
410 0.00  -

[Pseudo]
5 1.58 1.95 1.77 1.58 1.95
opt

[XC]
lda

[Optinfo]
7.07 10
7.07 10
7.54 10
7.07 10
7.07 10

[KBdesign] 
s
74
gp 436.0 488.0 -16.066599432
gp 489.0 542.0 -16.0014063217
gp 543.0 573.0 -15.8931674607
gp 574.0 595.0 -15.7425039774
gp 596.0 612.0 -15.5502787727
gp 613.0 626.0 -15.3175899153
gp 627.0 638.0 -15.0457622564
gp 639.0 648.0 -14.7363373406
gp 649.0 657.0 -14.3910617065
gp 658.0 666.0 -14.011873685
gp 667.0 673.0 -13.6008888161
gp 674.0 680.0 -13.1603840166
gp 681.0 686.0 -12.6927806433
gp 687.0 691.0 -12.2006266035
gp 692.0 697.0 -11.6865776723
gp 698.0 702.0 -11.1533781835
gp 703.0 706.0 -10.603841262
gp 707.0 711.0 -10.0408287703
gp 712.0 715.0 -9.46723114033
gp 716.0 719.0 -8.88594726195
gp 720.0 723.0 -8.29986459506
gp 724.0 726.0 -7.71183966818
gp 727.0 730.0 -7.12467912025
gp 731.0 733.0 -6.54112143427
gp 734.0 736.0 -5.96381950254
gp 737.0 739.0 -5.39532415287
gp 740.0 742.0 -4.83806875371
gp 743.0 745.0 -4.29435500405
gp 746.0 748.0 -3.76634000041
gp 749.0 750.0 -3.25602466007
gp 751.0 753.0 -2.76524356513
gp 754.0 755.0 -2.2956562778
gp 756.0 757.0 -1.84874016288
gp 758.0 760.0 -1.42578473878
gp 761.0 762.0 -1.02788756437
gp 763.0 764.0 -0.655951655253
gp 765.0 766.0 -0.310684409475
gp 767.0 768.0 0.007401989613
gp 769.0 770.0 0.297988737591
gp 771.0 772.0 0.560947195508
gp 773.0 774.0 0.796334363844
gp 775.0 776.0 1.00438711793
gp 777.0 778.0 1.18551528671
gp 779.0 780.0 1.34029366324
gp 781.0 781.0 1.46945304106
gp 782.0 783.0 1.57387037446
gp 784.0 785.0 1.65455816424
gp 786.0 786.0 1.71265317211
gp 787.0 788.0 1.74940456811
gp 789.0 789.0 1.76616161485
gp 790.0 791.0 1.76436099165
gp 792.0 792.0 1.74551385903
gp 793.0 794.0 1.71119276169
gp 795.0 795.0 1.66301846382
gp 796.0 797.0 1.60264680694
gp 798.0 798.0 1.53175567512
gp 799.0 799.0 1.4520321476
gp 800.0 801.0 1.36515991301
gp 802.0 802.0 1.27280701376
gp 803.0 803.0 1.17661398336
gp 804.0 805.0 1.07818243319
gp 806.0 806.0 0.979064140004
gp 807.0 807.0 0.880750679146
gp 808.0 808.0 0.784663643395
gp 809.0 810.0 0.692145482115
gp 811.0 811.0 0.604450990442
gp 812.0 812.0 0.522739473878
gp 813.0 813.0 0.448067609546
gp 814.0 814.0 0.381383021726
gp 815.0 815.0 0.323518586054
gp 816.0 816.0 0.275187473941
gp 817.0 817.0 0.236978946332
gp 818.0 819.0 0.209354903859
gp 820.0 820.0 0.19264719868

[Configs]
5

300 2.00 -
310 6.00 -
320 3.00 -
400 2.00 -
410 0.00 -

300 2.00 -
310 6.00 -
320 3.00 -
400 1.00 -
410 0.00 -

#300 2.00 -
#310 6.00 -
#320 3.00 -
#400 0.00 -
#410 0.00 -

300 2.00 -
310 6.00 -
320 2.50 -
400 1.50 -
410 0.00 -

300 2.00 -
310 6.00 -
320 1.00 -
400 0.00 -
410 0.00 -

300 2.00 -
310 6.00 -
320 0.00 -
400 0.00 -
410 0.00 -

### AE report ########################################

 AE:Orbital    Filling       Eigenvalues[Ry]          Norm
    ----------------------------------------------------------
	100	 2.000	    -391.6868825563
	200	 2.000	     -44.8396493224
	210	 6.000	     -38.0820483331
	300	 2.000	      -6.2704417558	  0.0593848435
	310	 6.000	      -4.4371111390	  0.0309781259
	320	 3.000	      -1.5962439235	  0.2191963580
	400	 0.000	      -1.3028532067	  0.9256439195
	410	 0.000	      -0.9476798393	  0.9063433636

      E_tot =    -1881.6971493512 Ry

### PS report ########################################

    ====================Optimized pseudopotential method====================

                       Pseudopotential convergence error                      
    Orbital      [mRy/e]       [meV/e]         [mRy]        [meV]        Ghost
    --------------------------------------------------------------------------
	300       0.020827      0.283366      0.041654      0.566732	    no
	310       0.008991      0.122325      0.053944      0.733949	    no
	320       0.161796      2.201354      0.485389      6.604061	    no

                  Tot. error =               0.580987      7.904741


### NL/SL report #####################################


 NL:Orbital    Filling       Eigenvalues[Ry]          Norm       Ghost
    ------------------------------------------------------------------
	100 	 2.000	      -6.2704417571	  0.0593848440	    no
	210 	 6.000	      -4.4371111400	  0.0309781268	    no
	320 	 3.000	      -1.5962439241	  0.2191963812	    no
	200 	 0.000	      -1.2988145351	  0.9281093404	    no
	310 	 0.000	      -0.9471016181	  0.9068697603	    no

	 ========== No ghosts in potential!!========== 

      E_tot =     -138.6943207816 Ry

### KE report ########################################


### TC report ########################################

 AE:Orbital    Filling       Eigenvalues[Ry]          Norm
    ----------------------------------------------------------
	100	 2.000	    -390.4500108939
	200	 2.000	     -43.6313987803
	210	 6.000	     -36.8712205305
	300	 2.000	      -5.0531388962	  0.0596431917
	310	 6.000	      -3.2203944904	  0.0322577566
	320	 3.000	      -0.4089254919	  0.2689253891
	400	 2.000	      -0.3525167698	  0.9549251082
	410	 0.000	      -0.1137152418	  0.9652751067

      E_tot =    -1883.3346520171 Ry

 NL:Orbital    Filling       Eigenvalues[Ry]          Norm       Ghost
    ------------------------------------------------------------------
	100 	 2.000	      -5.0517692015	  0.0598582569	    no
	210 	 6.000	      -3.2203944621	  0.0323851348	    no
	320 	 3.000	      -0.4092175968	  0.2699562848	    no
	200 	 2.000	      -0.3519075171	  0.9563067851	    no
	310 	 0.000	      -0.1145622896	  0.9652895668	    no

      E_tot =     -140.3277600054 Ry

 AE-NL:Orbital Filling       Eigenvalues[mRy]         Norm[1e-3] 
 AE-NL- --------------------------------------------------------------
 AE-NL- 100 	 2.000	      -1.3696946809	 -0.2150652380	
 AE-NL- 210 	 6.000	      -0.0000282660	 -0.1273782034	
 AE-NL- 320 	 3.000	       0.2921049630	 -1.0308957010	
 AE-NL- 200 	 2.000	      -0.6092527380	 -1.3816769118	
 AE-NL- 310 	 0.000	       0.8470477483	 -0.0144600727	
 AE-NL-  total error =	       3.1181283962	  2.7694761270

 =====================================================================
 AE:Orbital    Filling       Eigenvalues[Ry]          Norm
    ----------------------------------------------------------
	100	 2.000	    -391.0187415873
	200	 2.000	     -44.1887177140
	210	 6.000	     -37.4295730014
	300	 2.000	      -5.6156260840	  0.0596759733
	310	 6.000	      -3.7830672642	  0.0319349113
	320	 3.000	      -0.9610538201	  0.2472384583
	400	 1.000	      -0.8131616803	  0.9422703213
	410	 0.000	      -0.5154992627	  0.9383036134

      E_tot =    -1882.7567552991 Ry

 NL:Orbital    Filling       Eigenvalues[Ry]          Norm       Ghost
    ------------------------------------------------------------------
	100 	 2.000	      -5.6145417974	  0.0598053921	    no
	210 	 6.000	      -3.7828903112	  0.0320098792	    no
	320 	 3.000	      -0.9611283881	  0.2477538842	    no
	200 	 1.000	      -0.8112483998	  0.9441153676	    no
	310 	 0.000	      -0.5159833326	  0.9385770013	    no

      E_tot =     -139.7510838915 Ry

 AE-NL:Orbital Filling       Eigenvalues[mRy]         Norm[1e-3] 
 AE-NL- --------------------------------------------------------------
 AE-NL- 100 	 2.000	      -1.0842866265	 -0.1294187349	
 AE-NL- 210 	 6.000	      -0.1769529952	 -0.0749679330	
 AE-NL- 320 	 3.000	       0.0745680091	 -0.5154259029	
 AE-NL- 200 	 1.000	      -1.9132804876	 -1.8450462530	
 AE-NL- 310 	 0.000	       0.4840698826	 -0.2733878582	
 AE-NL-  total error =	       3.7331580010	  2.8382466820

 =====================================================================
 AE:Orbital    Filling       Eigenvalues[Ry]          Norm
    ----------------------------------------------------------
	100	 2.000	    -391.2339759927
	200	 2.000	     -44.4359371345
	210	 6.000	     -37.6737196380
	300	 2.000	      -5.8226419409	  0.0573659598
	310	 6.000	      -3.9825287934	  0.0295579343
	320	 2.500	      -1.1302780728	  0.2149694189
	400	 1.500	      -0.8699257482	  0.9370954321
	410	 0.000	      -0.5562251123	  0.9295965105

      E_tot =    -1882.6554829146 Ry

 NL:Orbital    Filling       Eigenvalues[Ry]          Norm       Ghost
    ------------------------------------------------------------------
	100 	 2.000	      -5.8195597706	  0.0576969582	    no
	210 	 6.000	      -3.9798093398	  0.0297756986	    no
	320 	 2.500	      -1.1253988486	  0.2182278220	    no
	200 	 1.500	      -0.8684514931	  0.9391060679	    no
	310 	 0.000	      -0.5572179134	  0.9298002535	    no

      E_tot =     -139.6499856767 Ry

 AE-NL:Orbital Filling       Eigenvalues[mRy]         Norm[1e-3] 
 AE-NL- --------------------------------------------------------------
 AE-NL- 100 	 2.000	      -3.0821703569	 -0.3309983961	
 AE-NL- 210 	 6.000	      -2.7194535755	 -0.2177643350	
 AE-NL- 320 	 2.500	      -4.8792241450	 -3.2584031372	
 AE-NL- 200 	 1.500	      -1.4742550883	 -2.0106357257	
 AE-NL- 310 	 0.000	       0.9928011137	 -0.2037429618	
 AE-NL-  total error =	      13.1479042794	  6.0215445558

 =====================================================================
 AE:Orbital    Filling       Eigenvalues[Ry]          Norm
    ----------------------------------------------------------
	100	 2.000	    -394.5585675717
	200	 2.000	     -47.8393925395
	210	 6.000	     -41.0708196681
	300	 2.000	      -8.9504140912	  0.0455676065
	310	 6.000	      -7.0725219301	  0.0181636271
	320	 1.000	      -4.0946530805	  0.0986178938
	400	 0.000	      -2.8361849951	  0.8624945103
	410	 0.000	      -2.3375962815	  0.7791859260

      E_tot =    -1876.1336360912 Ry

 NL:Orbital    Filling       Eigenvalues[Ry]          Norm       Ghost
    ------------------------------------------------------------------
	100 	 2.000	      -8.9081710906	  0.0467217963	    no
	210 	 6.000	      -7.0198356080	  0.0189433824	    no
	320 	 1.000	      -4.0117765806	  0.1088427983	    no
	200 	 0.000	      -2.8237197674	  0.8689585001	    no
	310 	 0.000	      -2.3344490353	  0.7821145218	    no

      E_tot =     -133.1868630458 Ry

 AE-NL:Orbital Filling       Eigenvalues[mRy]         Norm[1e-3] 
 AE-NL- --------------------------------------------------------------
 AE-NL- 100 	 2.000	     -42.2430005247	 -1.1541898030	
 AE-NL- 210 	 6.000	     -52.6863220936	 -0.7797553534	
 AE-NL- 320 	 1.000	     -82.8764999323	-10.2249044478	
 AE-NL- 200 	 0.000	     -12.4652276631	 -6.4639897515	
 AE-NL- 310 	 0.000	      -3.1472462726	 -2.9285957992	
 AE-NL-  total error =	     193.4182964863	 21.5514351549

 =====================================================================
 AE:Orbital    Filling       Eigenvalues[Ry]          Norm
    ----------------------------------------------------------
	100	 2.000	    -396.3350983009
	200	 2.000	     -49.6971093562
	210	 6.000	     -42.9233973803
	300	 2.000	     -10.5214213041	  0.0380844145
	310	 6.000	      -8.6190020347	  0.0130224499
	320	 0.000	      -5.6014116181	  0.0649675171
	400	 0.000	      -3.7392522739	  0.8237269220
	410	 0.000	      -3.1816557133	  0.7011888188

      E_tot =    -1871.2983223706 Ry

 NL:Orbital    Filling       Eigenvalues[Ry]          Norm       Ghost
    ------------------------------------------------------------------
	100 	 2.000	     -10.4109269905	  0.0401411112	    no
	210 	 6.000	      -8.4874347773	  0.0142177717	    no
	320 	 0.000	      -5.4022888901	  0.0784596068	    no
	200 	 0.000	      -3.7079026337	  0.8343035045	    no
	310 	 0.000	      -3.1653997719	  0.7078439178	    no

      E_tot =     -128.4875003974 Ry

 AE-NL:Orbital Filling       Eigenvalues[mRy]         Norm[1e-3] 
 AE-NL- --------------------------------------------------------------
 AE-NL- 100 	 2.000	    -110.4943136112	 -2.0566967541	
 AE-NL- 210 	 6.000	    -131.5672573389	 -1.1953217902	
 AE-NL- 320 	 0.000	    -199.1227279612	-13.4920896561	
 AE-NL- 200 	 0.000	     -31.3496401573	-10.5765825002	
 AE-NL- 310 	 0.000	     -16.2559413734	 -6.6550990118	
 AE-NL-  total error =	     488.7898804421	 33.9757897124

 =====================================================================

  Comparison of total energy differences.           
   DD_ij = (E_i - E_j)_AE - (E_i-E_j)_NL     

 AE-NL-   i   j         DD[mRy]        DD[meV] 
 AE-NL- ------------------------------------------
 AE-NL-   0   1         4.063442      55.285973
 AE-NL-   0   2         2.842838      38.678799
 AE-NL-   0   3         2.668668      36.309098
 AE-NL-   0   4       -56.055524    -762.674647
 AE-NL-   0   5      -192.006596   -2612.384149
 AE-NL-   1   2        -1.220604     -16.607174
 AE-NL-   1   3        -1.394774     -18.976875
 AE-NL-   1   4       -60.118966    -817.960620
 AE-NL-   1   5      -196.070038   -2667.670122
 AE-NL-   2   3        -0.174170      -2.369701
 AE-NL-   2   4       -58.898362    -801.353446
 AE-NL-   2   5      -194.849434   -2651.062949
 AE-NL-   3   4       -58.724192    -798.983745
 AE-NL-   3   5      -194.675265   -2648.693247
 AE-NL-   4   5      -135.951072   -1849.709502
#kb_find read-receipt