##########################################################
#    Opium Report File                                   #
##########################################################
     Opium version:        3.8

### copy of the parameter file #######################

[Atom]
V
8
100 2.00  -
200 2.00  -
210 6.00  -
300 2.00  -
310 6.00  -
320 3.00  -
400 0.00  -
410 0.00  -

[Pseudo]
5 1.58 1.95 1.77 1.58 1.95
opt

[XC]
lda

[Optinfo]
7.07 10
7.07 10
7.54 10
7.07 10
7.07 10

[KBdesign] 
s
2
gp 436.0 767.0 0.234375
gp 768.0 820.0 0.484375

[Configs]
5

300 2.00 -
310 6.00 -
320 3.00 -
400 2.00 -
410 0.00 -

300 2.00 -
310 6.00 -
320 3.00 -
400 1.00 -
410 0.00 -

#300 2.00 -
#310 6.00 -
#320 3.00 -
#400 0.00 -
#410 0.00 -

300 2.00 -
310 6.00 -
320 2.50 -
400 1.50 -
410 0.00 -

300 2.00 -
310 6.00 -
320 1.00 -
400 0.00 -
410 0.00 -

300 2.00 -
310 6.00 -
320 0.00 -
400 0.00 -
410 0.00 -

### AE report ########################################

 AE:Orbital    Filling       Eigenvalues[Ry]          Norm
    ----------------------------------------------------------
	100	 2.000	    -391.6868825563
	200	 2.000	     -44.8396493224
	210	 6.000	     -38.0820483331
	300	 2.000	      -6.2704417558	  0.0593848435
	310	 6.000	      -4.4371111390	  0.0309781259
	320	 3.000	      -1.5962439235	  0.2191963580
	400	 0.000	      -1.3028532067	  0.9256439195
	410	 0.000	      -0.9476798393	  0.9063433636

      E_tot =    -1881.6971493512 Ry

### PS report ########################################

    ====================Optimized pseudopotential method====================

                       Pseudopotential convergence error                      
    Orbital      [mRy/e]       [meV/e]         [mRy]        [meV]        Ghost
    --------------------------------------------------------------------------
	300       0.020827      0.283366      0.041654      0.566732	    no
	310       0.008991      0.122325      0.053944      0.733949	    no
	320       0.161796      2.201354      0.485389      6.604061	    no

                  Tot. error =               0.580987      7.904741


### NL/SL report #####################################


 NL:Orbital    Filling       Eigenvalues[Ry]          Norm       Ghost
    ------------------------------------------------------------------
	100 	 2.000	      -6.2704417570	  0.0593848440	    no
	210 	 6.000	      -4.4371111399	  0.0309781268	    no
	320 	 3.000	      -1.5962439240	  0.2191963812	    no
	200 	 0.000	      -1.3896821979	  0.8802170196	    no
	310 	 0.000	      -0.9488805251	  0.9056385591	    no

	 ========== No ghosts in potential!!========== 

      E_tot =     -138.6943207821 Ry

### KE report ########################################


### TC report ########################################

 AE:Orbital    Filling       Eigenvalues[Ry]          Norm
    ----------------------------------------------------------
	100	 2.000	    -390.4500108939
	200	 2.000	     -43.6313987803
	210	 6.000	     -36.8712205305
	300	 2.000	      -5.0531388962	  0.0596431917
	310	 6.000	      -3.2203944904	  0.0322577566
	320	 3.000	      -0.4089254919	  0.2689253891
	400	 2.000	      -0.3525167698	  0.9549251082
	410	 0.000	      -0.1137152418	  0.9652751067

      E_tot =    -1883.3346520171 Ry

 NL:Orbital    Filling       Eigenvalues[Ry]          Norm       Ghost
    ------------------------------------------------------------------
	100 	 2.000	      -4.9776860210	  0.0605602820	    no
	210 	 6.000	      -3.1507134968	  0.0330406481	    no
	320 	 3.000	      -0.3513149515	  0.2825692105	    no
	200 	 2.000	      -0.3738427871	  0.9274815169	    no
	310 	 0.000	      -0.0964241769	  0.9678860379	    no

      E_tot =     -140.4287050393 Ry

 AE-NL:Orbital Filling       Eigenvalues[mRy]         Norm[1e-3] 
 AE-NL- --------------------------------------------------------------
 AE-NL- 100 	 2.000	     -75.4528752156	 -0.9170902816	
 AE-NL- 210 	 6.000	     -69.6809936274	 -0.7828914468	
 AE-NL- 320 	 3.000	     -57.6105403516	-13.6438213260	
 AE-NL- 200 	 2.000	      21.3260172251	 27.4435912643	
 AE-NL- 310 	 0.000	     -17.2910649164	 -2.6109311567	
 AE-NL-  total error =	     241.3614913361	 45.3983254754

 =====================================================================
 AE:Orbital    Filling       Eigenvalues[Ry]          Norm
    ----------------------------------------------------------
	100	 2.000	    -391.0187415873
	200	 2.000	     -44.1887177140
	210	 6.000	     -37.4295730014
	300	 2.000	      -5.6156260840	  0.0596759733
	310	 6.000	      -3.7830672642	  0.0319349113
	320	 3.000	      -0.9610538201	  0.2472384583
	400	 1.000	      -0.8131616803	  0.9422703213
	410	 0.000	      -0.5154992627	  0.9383036134

      E_tot =    -1882.7567552991 Ry

 NL:Orbital    Filling       Eigenvalues[Ry]          Norm       Ghost
    ------------------------------------------------------------------
	100 	 2.000	      -5.5684224955	  0.0603078543	    no
	210 	 6.000	      -3.7397658294	  0.0324642794	    no
	320 	 3.000	      -0.9252827442	  0.2537322395	    no
	200 	 1.000	      -0.8592138806	  0.9072227043	    no
	310 	 0.000	      -0.5017491443	  0.9390801128	    no

      E_tot =     -139.8178916330 Ry

 AE-NL:Orbital Filling       Eigenvalues[mRy]         Norm[1e-3] 
 AE-NL- --------------------------------------------------------------
 AE-NL- 100 	 2.000	     -47.2035885009	 -0.6318809368	
 AE-NL- 210 	 6.000	     -43.3014348230	 -0.5293680641	
 AE-NL- 320 	 3.000	     -35.7710758419	 -6.4937812272	
 AE-NL- 200 	 1.000	      46.0522003308	 35.0476169986	
 AE-NL- 310 	 0.000	     -13.7501184143	 -0.7764994113	
 AE-NL-  total error =	     186.0784179108	 43.4791466380

 =====================================================================
 AE:Orbital    Filling       Eigenvalues[Ry]          Norm
    ----------------------------------------------------------
	100	 2.000	    -391.2339759927
	200	 2.000	     -44.4359371345
	210	 6.000	     -37.6737196380
	300	 2.000	      -5.8226419409	  0.0573659598
	310	 6.000	      -3.9825287934	  0.0295579343
	320	 2.500	      -1.1302780728	  0.2149694189
	400	 1.500	      -0.8699257482	  0.9370954321
	410	 0.000	      -0.5562251123	  0.9295965105

      E_tot =    -1882.6554829146 Ry

 NL:Orbital    Filling       Eigenvalues[Ry]          Norm       Ghost
    ------------------------------------------------------------------
	100 	 2.000	      -5.7413158741	  0.0584997867	    no
	210 	 6.000	      -3.9069295999	  0.0305245726	    no
	320 	 2.500	      -1.0645030908	  0.2268098757	    no
	200 	 1.500	      -0.9148116825	  0.8988274419	    no
	310 	 0.000	      -0.5354072183	  0.9316226276	    no

      E_tot =     -139.7643420587 Ry

 AE-NL:Orbital Filling       Eigenvalues[mRy]         Norm[1e-3] 
 AE-NL- --------------------------------------------------------------
 AE-NL- 100 	 2.000	     -81.3260667711	 -1.1338269701	
 AE-NL- 210 	 6.000	     -75.5991934825	 -0.9666383020	
 AE-NL- 320 	 2.500	     -65.7749819624	-11.8404567980	
 AE-NL- 200 	 1.500	      44.8859342823	 38.2679902585	
 AE-NL- 310 	 0.000	     -20.8178940123	 -2.0261170310	
 AE-NL-  total error =	     288.4040705105	 54.2350293597

 =====================================================================
 AE:Orbital    Filling       Eigenvalues[Ry]          Norm
    ----------------------------------------------------------
	100	 2.000	    -394.5585675717
	200	 2.000	     -47.8393925395
	210	 6.000	     -41.0708196681
	300	 2.000	      -8.9504140912	  0.0455676065
	310	 6.000	      -7.0725219301	  0.0181636271
	320	 1.000	      -4.0946530805	  0.0986178938
	400	 0.000	      -2.8361849951	  0.8624945103
	410	 0.000	      -2.3375962815	  0.7791859260

      E_tot =    -1876.1336360912 Ry

 NL:Orbital    Filling       Eigenvalues[Ry]          Norm       Ghost
    ------------------------------------------------------------------
	100 	 2.000	      -8.9037211389	  0.0463308863	    no
	210 	 6.000	      -7.0156340569	  0.0189774948	    no
	320 	 1.000	      -4.0092186521	  0.1087371890	    no
	200 	 0.000	      -3.0514084380	  0.7717567639	    no
	310 	 0.000	      -2.3387049613	  0.7801313848	    no

      E_tot =     -133.1891976233 Ry

 AE-NL:Orbital Filling       Eigenvalues[mRy]         Norm[1e-3] 
 AE-NL- --------------------------------------------------------------
 AE-NL- 100 	 2.000	     -46.6929523015	 -0.7632797448	
 AE-NL- 210 	 6.000	     -56.8878732475	 -0.8138677728	
 AE-NL- 320 	 1.000	     -85.4344283847	-10.1192951702	
 AE-NL- 200 	 0.000	     215.2234428704	 90.7377464327	
 AE-NL- 310 	 0.000	       1.1086798103	 -0.9454587791	
 AE-NL-  total error =	     405.3473766144	103.3796478996

 =====================================================================
 AE:Orbital    Filling       Eigenvalues[Ry]          Norm
    ----------------------------------------------------------
	100	 2.000	    -396.3350983009
	200	 2.000	     -49.6971093562
	210	 6.000	     -42.9233973803
	300	 2.000	     -10.5214213041	  0.0380844145
	310	 6.000	      -8.6190020347	  0.0130224499
	320	 0.000	      -5.6014116181	  0.0649675171
	400	 0.000	      -3.7392522739	  0.8237269220
	410	 0.000	      -3.1816557133	  0.7011888188

      E_tot =    -1871.2983223706 Ry

 NL:Orbital    Filling       Eigenvalues[Ry]          Norm       Ghost
    ------------------------------------------------------------------
	100 	 2.000	     -10.4048295679	  0.0395044540	    no
	210 	 6.000	      -8.4805912824	  0.0142542319	    no
	320 	 0.000	      -5.3983138740	  0.0782771516	    no
	200 	 0.000	      -4.0387226928	  0.7080140312	    no
	310 	 0.000	      -3.1704941902	  0.7061932254	    no

      E_tot =     -128.4931155041 Ry

 AE-NL:Orbital Filling       Eigenvalues[mRy]         Norm[1e-3] 
 AE-NL- --------------------------------------------------------------
 AE-NL- 100 	 2.000	    -116.5917362185	 -1.4200395438	
 AE-NL- 210 	 6.000	    -138.4107522744	 -1.2317819684	
 AE-NL- 320 	 0.000	    -203.0977441153	-13.3096344178	
 AE-NL- 200 	 0.000	     299.4704189211	115.7128907625	
 AE-NL- 310 	 0.000	     -11.1615230279	 -5.0044065807	
 AE-NL-  total error =	     768.7321745573	136.6787532732

 =====================================================================

  Comparison of total energy differences.           
   DD_ij = (E_i - E_j)_AE - (E_i-E_j)_NL     

 AE-NL-   i   j         DD[mRy]        DD[meV] 
 AE-NL- ------------------------------------------
 AE-NL-   0   1       -96.881591   -1318.141868
 AE-NL-   0   2       -63.964903    -870.287283
 AE-NL-   0   3      -111.687713   -1519.589520
 AE-NL-   0   4       -58.390101    -794.438201
 AE-NL-   0   5      -197.621703   -2688.781600
 AE-NL-   1   2        32.916688     447.854586
 AE-NL-   1   3       -14.806122    -201.447652
 AE-NL-   1   4        38.491490     523.703668
 AE-NL-   1   5      -100.740111   -1370.639731
 AE-NL-   2   3       -47.722810    -649.302238
 AE-NL-   2   4         5.574802      75.849082
 AE-NL-   2   5      -133.656800   -1818.494317
 AE-NL-   3   4        53.297612     725.151320
 AE-NL-   3   5       -85.933989   -1169.192079
 AE-NL-   4   5      -139.231601   -1894.343399
#kb_find read-receipt