##########################################################
#    Opium Report File                                   #
##########################################################
     Opium version:        3.8

### copy of the parameter file #######################

[Atom]
V
8
100 2.00  -
200 2.00  -
210 6.00  -
300 2.00  -
310 6.00  -
320 3.00  -
400 0.00  -
410 0.00  -

[Pseudo]
5 1.58 1.95 1.77 1.58 1.95
opt

[XC]
lda

[Optinfo]
7.07 10
7.07 10
7.54 10
7.07 10
7.07 10

[KBdesign] 
s
74
gp 436.0 488.0 -14.5941796016
gp 489.0 542.0 -14.5447490494
gp 543.0 573.0 -14.4624305494
gp 574.0 595.0 -14.347325848
gp 596.0 612.0 -14.1995835439
gp 613.0 626.0 -14.0194050616
gp 627.0 638.0 -13.8070520784
gp 639.0 648.0 -13.5628552196
gp 649.0 657.0 -13.2872238064
gp 658.0 666.0 -12.9806564057
gp 667.0 673.0 -12.6437519118
gp 674.0 680.0 -12.277220864
gp 681.0 686.0 -11.8818966928
gp 687.0 691.0 -11.4587465777
gp 692.0 697.0 -11.0088815937
gp 698.0 702.0 -10.5335658313
gp 703.0 706.0 -10.0342241788
gp 707.0 711.0 -9.51244847397
gp 712.0 715.0 -8.97000175116
gp 716.0 719.0 -8.40882033786
gp 720.0 723.0 -7.83101358376
gp 724.0 726.0 -7.23886104342
gp 727.0 730.0 -6.63480697277
gp 731.0 733.0 -6.02145204316
gp 734.0 736.0 -5.40154222342
gp 737.0 739.0 -4.77795482809
gp 740.0 742.0 -4.1536817798
gp 743.0 745.0 -3.53181018354
gp 746.0 748.0 -2.91550035997
gp 749.0 750.0 -2.30796153295
gp 751.0 753.0 -1.71242541292
gp 754.0 755.0 -1.13211796037
gp 756.0 757.0 -0.570229653839
gp 758.0 760.0 -0.0298846215961
gp 761.0 762.0 0.485890973258
gp 763.0 764.0 0.974200879895
gp 765.0 766.0 1.43231060599
gp 767.0 768.0 1.85767871765
gp 769.0 770.0 2.24798714198
gp 771.0 772.0 2.6011700225
gp 773.0 774.0 2.91544068587
gp 775.0 776.0 3.1893162936
gp 777.0 778.0 3.42163977412
gp 779.0 780.0 3.61159865964
gp 781.0 781.0 3.75874048636
gp 782.0 783.0 3.86298445756
gp 784.0 785.0 3.92462911463
gp 786.0 786.0 3.94435581129
gp 787.0 788.0 3.92322784075
gp 789.0 789.0 3.86268512242
gp 790.0 791.0 3.76453441487
gp 792.0 792.0 3.63093508224
gp 793.0 794.0 3.46438050317
gp 795.0 795.0 3.26767527229
gp 796.0 797.0 3.04390840417
gp 798.0 798.0 2.79642280725
gp 799.0 799.0 2.52878134991
gp 800.0 801.0 2.24472989123
gp 802.0 802.0 1.94815769528
gp 803.0 803.0 1.6430556882
gp 804.0 805.0 1.33347305164
gp 806.0 806.0 1.02347267451
gp 807.0 807.0 0.717086005563
gp 808.0 808.0 0.418267862876
gp 809.0 810.0 0.130851762305
gp 811.0 811.0 -0.141493675002
gp 812.0 812.0 -0.395306685641
gp 813.0 813.0 -0.627372164455
gp 814.0 814.0 -0.834758794314
gp 815.0 815.0 -1.01485302893
gp 816.0 816.0 -1.16538949121
gp 817.0 817.0 -1.28447739452
gp 818.0 819.0 -1.37062264467
gp 820.0 820.0 -1.42274533585

[Configs]
5

300 2.00 -
310 6.00 -
320 3.00 -
400 2.00 -
410 0.00 -

300 2.00 -
310 6.00 -
320 3.00 -
400 1.00 -
410 0.00 -

#300 2.00 -
#310 6.00 -
#320 3.00 -
#400 0.00 -
#410 0.00 -

300 2.00 -
310 6.00 -
320 2.50 -
400 1.50 -
410 0.00 -

300 2.00 -
310 6.00 -
320 1.00 -
400 0.00 -
410 0.00 -

300 2.00 -
310 6.00 -
320 0.00 -
400 0.00 -
410 0.00 -

### AE report ########################################

 AE:Orbital    Filling       Eigenvalues[Ry]          Norm
    ----------------------------------------------------------
	100	 2.000	    -391.6868825563
	200	 2.000	     -44.8396493224
	210	 6.000	     -38.0820483331
	300	 2.000	      -6.2704417558	  0.0593848435
	310	 6.000	      -4.4371111390	  0.0309781259
	320	 3.000	      -1.5962439235	  0.2191963580
	400	 0.000	      -1.3028532067	  0.9256439195
	410	 0.000	      -0.9476798393	  0.9063433636

      E_tot =    -1881.6971493512 Ry

### PS report ########################################

    ====================Optimized pseudopotential method====================

                       Pseudopotential convergence error                      
    Orbital      [mRy/e]       [meV/e]         [mRy]        [meV]        Ghost
    --------------------------------------------------------------------------
	300       0.020827      0.283366      0.041654      0.566732	    no
	310       0.008991      0.122325      0.053944      0.733949	    no
	320       0.161796      2.201354      0.485389      6.604061	    no

                  Tot. error =               0.580987      7.904741


### NL/SL report #####################################


 NL:Orbital    Filling       Eigenvalues[Ry]          Norm       Ghost
    ------------------------------------------------------------------
	100 	 2.000	      -6.2704417572	  0.0593848440	    no
	210 	 6.000	      -4.4371111400	  0.0309781268	    no
	320 	 3.000	      -1.5962439241	  0.2191963811	    no
	200 	 0.000	      -1.2965083876	  0.9338062944	    no
	310 	 0.000	      -0.9652407634	  0.8940948945	    no

	 ========== No ghosts in potential!!========== 

      E_tot =     -138.6943207816 Ry

### KE report ########################################


### TC report ########################################

 AE:Orbital    Filling       Eigenvalues[Ry]          Norm
    ----------------------------------------------------------
	100	 2.000	    -390.4500108939
	200	 2.000	     -43.6313987803
	210	 6.000	     -36.8712205305
	300	 2.000	      -5.0531388962	  0.0596431917
	310	 6.000	      -3.2203944904	  0.0322577566
	320	 3.000	      -0.4089254919	  0.2689253891
	400	 2.000	      -0.3525167698	  0.9549251082
	410	 0.000	      -0.1137152418	  0.9652751067

      E_tot =    -1883.3346520171 Ry

 NL:Orbital    Filling       Eigenvalues[Ry]          Norm       Ghost
    ------------------------------------------------------------------
	100 	 2.000	      -5.0584494518	  0.0597057433	    no
	210 	 6.000	      -3.2256839750	  0.0322705974	    no
	320 	 3.000	      -0.4124103424	  0.2691202643	    no
	200 	 2.000	      -0.3521660262	  0.9592678717	    no
	310 	 0.000	      -0.1212469450	  0.9593190254	    no

      E_tot =     -140.3268143649 Ry

 AE-NL:Orbital Filling       Eigenvalues[mRy]         Norm[1e-3] 
 AE-NL- --------------------------------------------------------------
 AE-NL- 100 	 2.000	       5.3105556675	 -0.0625515850	
 AE-NL- 210 	 6.000	       5.2894845816	 -0.0128408226	
 AE-NL- 320 	 3.000	       3.4848505244	 -0.1948752194	
 AE-NL- 200 	 2.000	      -0.3507436087	 -4.3427635763	
 AE-NL- 310 	 0.000	       7.5317031949	  5.9560813489	
 AE-NL-  total error =	      21.9673375771	 10.5691125522

 =====================================================================
 AE:Orbital    Filling       Eigenvalues[Ry]          Norm
    ----------------------------------------------------------
	100	 2.000	    -391.0187415873
	200	 2.000	     -44.1887177140
	210	 6.000	     -37.4295730014
	300	 2.000	      -5.6156260840	  0.0596759733
	310	 6.000	      -3.7830672642	  0.0319349113
	320	 3.000	      -0.9610538201	  0.2472384583
	400	 1.000	      -0.8131616803	  0.9422703213
	410	 0.000	      -0.5154992627	  0.9383036134

      E_tot =    -1882.7567552991 Ry

 NL:Orbital    Filling       Eigenvalues[Ry]          Norm       Ghost
    ------------------------------------------------------------------
	100 	 2.000	      -5.6194472426	  0.0597024026	    no
	210 	 6.000	      -3.7868804238	  0.0319332683	    no
	320 	 3.000	      -0.9637353775	  0.2472838466	    no
	200 	 1.000	      -0.8110171971	  0.9481487055	    no
	310 	 0.000	      -0.5280396627	  0.9294820564	    no

      E_tot =     -139.7500515951 Ry

 AE-NL:Orbital Filling       Eigenvalues[mRy]         Norm[1e-3] 
 AE-NL- --------------------------------------------------------------
 AE-NL- 100 	 2.000	       3.8211585935	 -0.0264293116	
 AE-NL- 210 	 6.000	       3.8131595917	  0.0016430104	
 AE-NL- 320 	 3.000	       2.6815574771	 -0.0453883787	
 AE-NL- 200 	 1.000	      -2.1444832170	 -5.8783841524	
 AE-NL- 310 	 0.000	      12.5403999941	  8.8215570013	
 AE-NL-  total error =	      25.0007588734	 14.7734018545

 =====================================================================
 AE:Orbital    Filling       Eigenvalues[Ry]          Norm
    ----------------------------------------------------------
	100	 2.000	    -391.2339759927
	200	 2.000	     -44.4359371345
	210	 6.000	     -37.6737196380
	300	 2.000	      -5.8226419409	  0.0573659598
	310	 6.000	      -3.9825287934	  0.0295579343
	320	 2.500	      -1.1302780728	  0.2149694189
	400	 1.500	      -0.8699257482	  0.9370954321
	410	 0.000	      -0.5562251123	  0.9295965105

      E_tot =    -1882.6554829146 Ry

 NL:Orbital    Filling       Eigenvalues[Ry]          Norm       Ghost
    ------------------------------------------------------------------
	100 	 2.000	      -5.8271199578	  0.0575487806	    no
	210 	 6.000	      -3.9859348112	  0.0296391936	    no
	320 	 2.500	      -1.1295548983	  0.2171045437	    no
	200 	 1.500	      -0.8680420712	  0.9439097342	    no
	310 	 0.000	      -0.5720654186	  0.9191233114	    no

      E_tot =     -139.6471592274 Ry

 AE-NL:Orbital Filling       Eigenvalues[mRy]         Norm[1e-3] 
 AE-NL- --------------------------------------------------------------
 AE-NL- 100 	 2.000	       4.4780168494	 -0.1828208618	
 AE-NL- 210 	 6.000	       3.4060178114	 -0.0812593569	
 AE-NL- 320 	 2.500	      -0.7231744743	 -2.1351248471	
 AE-NL- 200 	 1.500	      -1.8836769930	 -6.8143020503	
 AE-NL- 310 	 0.000	      15.8403062752	 10.4731991406	
 AE-NL-  total error =	      26.3311924033	 19.6867062566

 =====================================================================
 AE:Orbital    Filling       Eigenvalues[Ry]          Norm
    ----------------------------------------------------------
	100	 2.000	    -394.5585675717
	200	 2.000	     -47.8393925395
	210	 6.000	     -41.0708196681
	300	 2.000	      -8.9504140912	  0.0455676065
	310	 6.000	      -7.0725219301	  0.0181636271
	320	 1.000	      -4.0946530805	  0.0986178938
	400	 0.000	      -2.8361849951	  0.8624945103
	410	 0.000	      -2.3375962815	  0.7791859260

      E_tot =    -1876.1336360912 Ry

 NL:Orbital    Filling       Eigenvalues[Ry]          Norm       Ghost
    ------------------------------------------------------------------
	100 	 2.000	      -8.9038911021	  0.0467958800	    no
	210 	 6.000	      -7.0161585344	  0.0188246699	    no
	320 	 1.000	      -4.0097860262	  0.1071756026	    no
	200 	 0.000	      -2.8016815553	  0.8857899984	    no
	310 	 0.000	      -2.3842091693	  0.7566460537	    no

      E_tot =     -133.1906682950 Ry

 AE-NL:Orbital Filling       Eigenvalues[mRy]         Norm[1e-3] 
 AE-NL- --------------------------------------------------------------
 AE-NL- 100 	 2.000	     -46.5229890251	 -1.2282734291	
 AE-NL- 210 	 6.000	     -56.3633957658	 -0.6610428415	
 AE-NL- 320 	 1.000	     -84.8670543371	 -8.5577088341	
 AE-NL- 200 	 0.000	     -34.5034398101	-23.2954880462	
 AE-NL- 310 	 0.000	      46.6128878145	 22.5398722688	
 AE-NL-  total error =	     268.8697667524	 56.2823854196

 =====================================================================
 AE:Orbital    Filling       Eigenvalues[Ry]          Norm
    ----------------------------------------------------------
	100	 2.000	    -396.3350983009
	200	 2.000	     -49.6971093562
	210	 6.000	     -42.9233973803
	300	 2.000	     -10.5214213041	  0.0380844145
	310	 6.000	      -8.6190020347	  0.0130224499
	320	 0.000	      -5.6014116181	  0.0649675171
	400	 0.000	      -3.7392522739	  0.8237269220
	410	 0.000	      -3.1816557133	  0.7011888188

      E_tot =    -1871.2983223706 Ry

 NL:Orbital    Filling       Eigenvalues[Ry]          Norm       Ghost
    ------------------------------------------------------------------
	100 	 2.000	     -10.4094106593	  0.0402245782	    no
	210 	 6.000	      -8.4874278848	  0.0140254598	    no
	320 	 0.000	      -5.4049443877	  0.0762611937	    no
	200 	 0.000	      -3.6658515006	  0.8597370199	    no
	310 	 0.000	      -3.2360515039	  0.6781807668	    no

      E_tot =     -128.4913538084 Ry

 AE-NL:Orbital Filling       Eigenvalues[mRy]         Norm[1e-3] 
 AE-NL- --------------------------------------------------------------
 AE-NL- 100 	 2.000	    -112.0106447926	 -2.1401636721	
 AE-NL- 210 	 6.000	    -131.5741498742	 -1.0030099282	
 AE-NL- 320 	 0.000	    -196.4672304102	-11.2936765095	
 AE-NL- 200 	 0.000	     -73.4007733524	-36.0100978835	
 AE-NL- 310 	 0.000	      54.3957906840	 23.0080520447	
 AE-NL-  total error =	     567.8485891135	 73.4550000380

 =====================================================================

  Comparison of total energy differences.           
   DD_ij = (E_i - E_j)_AE - (E_i-E_j)_NL     

 AE-NL-   i   j         DD[mRy]        DD[meV] 
 AE-NL- ------------------------------------------
 AE-NL-   0   1         5.009083      68.152074
 AE-NL-   0   2         3.875134      52.723915
 AE-NL-   0   3         5.495118      74.764921
 AE-NL-   0   4       -59.860773    -814.447725
 AE-NL-   0   5      -195.860007   -2664.812503
 AE-NL-   1   2        -1.133948     -15.428159
 AE-NL-   1   3         0.486035       6.612847
 AE-NL-   1   4       -64.869856    -882.599798
 AE-NL-   1   5      -200.869090   -2732.964577
 AE-NL-   2   3         1.619983      22.041006
 AE-NL-   2   4       -63.735908    -867.171640
 AE-NL-   2   5      -199.735142   -2717.536418
 AE-NL-   3   4       -65.355891    -889.212645
 AE-NL-   3   5      -201.355125   -2739.577424
 AE-NL-   4   5      -135.999234   -1850.364779
#kb_find read-receipt