##########################################################
#    Opium Report File                                   #
##########################################################
     Opium version:        3.8

### copy of the parameter file #######################

[Atom]
V
8
100 2.00  -
200 2.00  -
210 6.00  -
300 2.00  -
310 6.00  -
320 3.00  -
400 0.00  -
410 0.00  -

[Pseudo]
5 1.58 1.95 1.77 1.58 1.95
opt

[XC]
lda

[Optinfo]
7.07 10
7.07 10
7.54 10
7.07 10
7.07 10

[KBdesign] 
s
74
gp 436.0 488.0 -16.4351621258
gp 489.0 542.0 -16.3719466479
gp 543.0 573.0 -16.2669587105
gp 574.0 595.0 -16.120752505
gp 596.0 612.0 -15.9340987264
gp 613.0 626.0 -15.707979445
gp 627.0 638.0 -15.44358158
gp 639.0 648.0 -15.1422890221
gp 649.0 657.0 -14.8056734634
gp 658.0 666.0 -14.4354840032
gp 667.0 673.0 -14.0336356056
gp 674.0 680.0 -13.6021964957
gp 681.0 686.0 -13.1433745851
gp 687.0 691.0 -12.6595030278
gp 692.0 697.0 -12.1530250117
gp 698.0 702.0 -11.626477897
gp 703.0 706.0 -11.0824768154
gp 707.0 711.0 -10.5236978503
gp 712.0 715.0 -9.95286091905
gp 716.0 719.0 -9.37271247787
gp 720.0 723.0 -8.78600817551
gp 724.0 726.0 -8.1954955764
gp 727.0 730.0 -7.60389707578
gp 731.0 733.0 -7.01389312604
gp 734.0 736.0 -6.42810589028
gp 737.0 739.0 -5.84908343568
gp 740.0 742.0 -5.27928457393
gp 743.0 745.0 -4.72106445083
gp 746.0 748.0 -4.17666098074
gp 749.0 750.0 -3.64818221465
gp 751.0 753.0 -3.1375947232
gp 754.0 755.0 -2.64671306786
gp 756.0 757.0 -2.17719042517
gp 758.0 760.0 -1.73051041979
gp 761.0 762.0 -1.30798021319
gp 763.0 764.0 -0.91072488519
gp 765.0 766.0 -0.539683136197
gp 767.0 768.0 -0.195604327957
gp 769.0 770.0 0.120953128612
gp 771.0 772.0 0.409622039923
gp 773.0 774.0 0.670225361279
gp 775.0 776.0 0.902773813598
gp 777.0 778.0 1.10746221441
gp 779.0 780.0 1.28466456097
gp 781.0 781.0 1.43492791173
gp 782.0 783.0 1.55896512015
gp 784.0 785.0 1.65764648253
gp 786.0 786.0 1.73199036824
gp 787.0 788.0 1.78315290704
gp 789.0 789.0 1.8124168143
gp 790.0 791.0 1.82117943953
gp 792.0 792.0 1.81094012862
gp 793.0 794.0 1.78328699365
gp 795.0 795.0 1.73988318754
gp 796.0 797.0 1.68245278314
gp 798.0 798.0 1.6127663582
gp 799.0 799.0 1.53262638867
gp 800.0 801.0 1.44385255344
gp 802.0 802.0 1.34826705302
gp 803.0 803.0 1.24768004415
gp 804.0 805.0 1.14387529037
gp 806.0 806.0 1.03859612683
gp 807.0 807.0 0.933531834529
gp 808.0 808.0 0.830304515973
gp 809.0 810.0 0.730456560423
gp 811.0 811.0 0.635438782351
gp 812.0 812.0 0.546599311994
gp 813.0 813.0 0.465173311504
gp 814.0 814.0 0.39227358447
gp 815.0 815.0 0.328882140491
gp 816.0 816.0 0.275842770006
gp 817.0 817.0 0.233854677878
gp 818.0 819.0 0.203467217166
gp 820.0 820.0 0.185075757333

[Configs]
5

300 2.00 -
310 6.00 -
320 3.00 -
400 2.00 -
410 0.00 -

300 2.00 -
310 6.00 -
320 3.00 -
400 1.00 -
410 0.00 -

#300 2.00 -
#310 6.00 -
#320 3.00 -
#400 0.00 -
#410 0.00 -

300 2.00 -
310 6.00 -
320 2.50 -
400 1.50 -
410 0.00 -

300 2.00 -
310 6.00 -
320 1.00 -
400 0.00 -
410 0.00 -

300 2.00 -
310 6.00 -
320 0.00 -
400 0.00 -
410 0.00 -

### AE report ########################################

 AE:Orbital    Filling       Eigenvalues[Ry]          Norm
    ----------------------------------------------------------
	100	 2.000	    -391.6868825563
	200	 2.000	     -44.8396493224
	210	 6.000	     -38.0820483331
	300	 2.000	      -6.2704417558	  0.0593848435
	310	 6.000	      -4.4371111390	  0.0309781259
	320	 3.000	      -1.5962439235	  0.2191963580
	400	 0.000	      -1.3028532067	  0.9256439195
	410	 0.000	      -0.9476798393	  0.9063433636

      E_tot =    -1881.6971493512 Ry

### PS report ########################################

    ====================Optimized pseudopotential method====================

                       Pseudopotential convergence error                      
    Orbital      [mRy/e]       [meV/e]         [mRy]        [meV]        Ghost
    --------------------------------------------------------------------------
	300       0.020827      0.283366      0.041654      0.566732	    no
	310       0.008991      0.122325      0.053944      0.733949	    no
	320       0.161796      2.201354      0.485389      6.604061	    no

                  Tot. error =               0.580987      7.904741


### NL/SL report #####################################


 NL:Orbital    Filling       Eigenvalues[Ry]          Norm       Ghost
    ------------------------------------------------------------------
	100 	 2.000	      -6.2704417571	  0.0593848440	    no
	210 	 6.000	      -4.4371111400	  0.0309781268	    no
	320 	 3.000	      -1.5962439241	  0.2191963812	    no
	200 	 0.000	      -1.2987186665	  0.9280661990	    no
	310 	 0.000	      -0.9470913739	  0.9067969482	    no

	 ========== No ghosts in potential!!========== 

      E_tot =     -138.6943207815 Ry

### KE report ########################################


### TC report ########################################

 AE:Orbital    Filling       Eigenvalues[Ry]          Norm
    ----------------------------------------------------------
	100	 2.000	    -390.4500108939
	200	 2.000	     -43.6313987803
	210	 6.000	     -36.8712205305
	300	 2.000	      -5.0531388962	  0.0596431917
	310	 6.000	      -3.2203944904	  0.0322577566
	320	 3.000	      -0.4089254919	  0.2689253891
	400	 2.000	      -0.3525167698	  0.9549251082
	410	 0.000	      -0.1137152418	  0.9652751067

      E_tot =    -1883.3346520171 Ry

 NL:Orbital    Filling       Eigenvalues[Ry]          Norm       Ghost
    ------------------------------------------------------------------
	100 	 2.000	      -5.0517379363	  0.0598615970	    no
	210 	 6.000	      -3.2203945201	  0.0323868917	    no
	320 	 3.000	      -0.4092525790	  0.2699525640	    no
	200 	 2.000	      -0.3518680311	  0.9562932399	    no
	310 	 0.000	      -0.1145721780	  0.9652751584	    no

      E_tot =     -140.3276190711 Ry

 AE-NL:Orbital Filling       Eigenvalues[mRy]         Norm[1e-3] 
 AE-NL- --------------------------------------------------------------
 AE-NL- 100 	 2.000	      -1.4009598970	 -0.2184052497	
 AE-NL- 210 	 6.000	       0.0000297333	 -0.1291350418	
 AE-NL- 320 	 3.000	       0.3270871583	 -1.0271748652	
 AE-NL- 200 	 2.000	      -0.6487387378	 -1.3681317711	
 AE-NL- 310 	 0.000	       0.8569362007	 -0.0000516580	
 AE-NL-  total error =	       3.2337517270	  2.7428985858

 =====================================================================
 AE:Orbital    Filling       Eigenvalues[Ry]          Norm
    ----------------------------------------------------------
	100	 2.000	    -391.0187415873
	200	 2.000	     -44.1887177140
	210	 6.000	     -37.4295730014
	300	 2.000	      -5.6156260840	  0.0596759733
	310	 6.000	      -3.7830672642	  0.0319349113
	320	 3.000	      -0.9610538201	  0.2472384583
	400	 1.000	      -0.8131616803	  0.9422703213
	410	 0.000	      -0.5154992627	  0.9383036134

      E_tot =    -1882.7567552991 Ry

 NL:Orbital    Filling       Eigenvalues[Ry]          Norm       Ghost
    ------------------------------------------------------------------
	100 	 2.000	      -5.6145046775	  0.0598075578	    no
	210 	 6.000	      -3.7828734344	  0.0320110459	    no
	320 	 3.000	      -0.9611353004	  0.2477533380	    no
	200 	 1.000	      -0.8111764190	  0.9440919594	    no
	310 	 0.000	      -0.5159774113	  0.9385439945	    no

      E_tot =     -139.7509990557 Ry

 AE-NL:Orbital Filling       Eigenvalues[mRy]         Norm[1e-3] 
 AE-NL- --------------------------------------------------------------
 AE-NL- 100 	 2.000	      -1.1214065042	 -0.1315844880	
 AE-NL- 210 	 6.000	      -0.1938297554	 -0.0761345868	
 AE-NL- 320 	 3.000	       0.0814803655	 -0.5148797053	
 AE-NL- 200 	 1.000	      -1.9852612969	 -1.8216381113	
 AE-NL- 310 	 0.000	       0.4781486732	 -0.2403810255	
 AE-NL-  total error =	       3.8601265952	  2.7846179168

 =====================================================================
 AE:Orbital    Filling       Eigenvalues[Ry]          Norm
    ----------------------------------------------------------
	100	 2.000	    -391.2339759927
	200	 2.000	     -44.4359371345
	210	 6.000	     -37.6737196380
	300	 2.000	      -5.8226419409	  0.0573659598
	310	 6.000	      -3.9825287934	  0.0295579343
	320	 2.500	      -1.1302780728	  0.2149694189
	400	 1.500	      -0.8699257482	  0.9370954321
	410	 0.000	      -0.5562251123	  0.9295965105

      E_tot =    -1882.6554829146 Ry

 NL:Orbital    Filling       Eigenvalues[Ry]          Norm       Ghost
    ------------------------------------------------------------------
	100 	 2.000	      -5.8194994547	  0.0577009202	    no
	210 	 6.000	      -3.9797880529	  0.0297776180	    no
	320 	 2.500	      -1.1254170832	  0.2182414821	    no
	200 	 1.500	      -0.8683825892	  0.9390715115	    no
	310 	 0.000	      -0.5572224933	  0.9297487845	    no

      E_tot =     -139.6498585208 Ry

 AE-NL:Orbital Filling       Eigenvalues[mRy]         Norm[1e-3] 
 AE-NL- --------------------------------------------------------------
 AE-NL- 100 	 2.000	      -3.1424861969	 -0.3349604347	
 AE-NL- 210 	 6.000	      -2.7407404705	 -0.2196836778	
 AE-NL- 320 	 2.500	      -4.8609896236	 -3.2720632883	
 AE-NL- 200 	 1.500	      -1.5431589981	 -1.9760794005	
 AE-NL- 310 	 0.000	       0.9973809756	 -0.1522739587	
 AE-NL-  total error =	      13.2847562647	  5.9550607600

 =====================================================================
 AE:Orbital    Filling       Eigenvalues[Ry]          Norm
    ----------------------------------------------------------
	100	 2.000	    -394.5585675717
	200	 2.000	     -47.8393925395
	210	 6.000	     -41.0708196681
	300	 2.000	      -8.9504140912	  0.0455676065
	310	 6.000	      -7.0725219301	  0.0181636271
	320	 1.000	      -4.0946530805	  0.0986178938
	400	 0.000	      -2.8361849951	  0.8624945103
	410	 0.000	      -2.3375962815	  0.7791859260

      E_tot =    -1876.1336360912 Ry

 NL:Orbital    Filling       Eigenvalues[Ry]          Norm       Ghost
    ------------------------------------------------------------------
	100 	 2.000	      -8.9080375293	  0.0467274095	    no
	210 	 6.000	      -7.0197727712	  0.0189456350	    no
	320 	 1.000	      -4.0117060694	  0.1089021777	    no
	200 	 0.000	      -2.8238233960	  0.8687063415	    no
	310 	 0.000	      -2.3348933425	  0.7815892128	    no

      E_tot =     -133.1868463264 Ry

 AE-NL:Orbital Filling       Eigenvalues[mRy]         Norm[1e-3] 
 AE-NL- --------------------------------------------------------------
 AE-NL- 100 	 2.000	     -42.3765618871	 -1.1598029355	
 AE-NL- 210 	 6.000	     -52.7491589238	 -0.7820078953	
 AE-NL- 320 	 1.000	     -82.9470110556	-10.2842838392	
 AE-NL- 200 	 0.000	     -12.3615990756	 -6.2118311485	
 AE-NL- 310 	 0.000	      -2.7029389894	 -2.4032868590	
 AE-NL-  total error =	     193.1372699315	 20.8412126775

 =====================================================================
 AE:Orbital    Filling       Eigenvalues[Ry]          Norm
    ----------------------------------------------------------
	100	 2.000	    -396.3350983009
	200	 2.000	     -49.6971093562
	210	 6.000	     -42.9233973803
	300	 2.000	     -10.5214213041	  0.0380844145
	310	 6.000	      -8.6190020347	  0.0130224499
	320	 0.000	      -5.6014116181	  0.0649675171
	400	 0.000	      -3.7392522739	  0.8237269220
	410	 0.000	      -3.1816557133	  0.7011888188

      E_tot =    -1871.2983223706 Ry

 NL:Orbital    Filling       Eigenvalues[Ry]          Norm       Ghost
    ------------------------------------------------------------------
	100 	 2.000	     -10.4104231877	  0.0401518195	    no
	210 	 6.000	      -8.4870947325	  0.0142218557	    no
	320 	 0.000	      -5.4019180794	  0.0785404548	    no
	200 	 0.000	      -3.7082977077	  0.8338401308	    no
	310 	 0.000	      -3.1664882146	  0.7068719390	    no

      E_tot =     -128.4876859988 Ry

 AE-NL:Orbital Filling       Eigenvalues[mRy]         Norm[1e-3] 
 AE-NL- --------------------------------------------------------------
 AE-NL- 100 	 2.000	    -110.9981164537	 -2.0674049589	
 AE-NL- 210 	 6.000	    -131.9073021595	 -1.1994058656	
 AE-NL- 320 	 0.000	    -199.4935386655	-13.5729376083	
 AE-NL- 200 	 0.000	     -30.9545662381	-10.1132088292	
 AE-NL- 310 	 0.000	     -15.1674986497	 -5.6831201362	
 AE-NL-  total error =	     488.5210221665	 32.6360773982

 =====================================================================

  Comparison of total energy differences.           
   DD_ij = (E_i - E_j)_AE - (E_i-E_j)_NL     

 AE-NL-   i   j         DD[mRy]        DD[meV] 
 AE-NL- ------------------------------------------
 AE-NL-   0   1         4.204376      57.203482
 AE-NL-   0   2         2.927674      39.833050
 AE-NL-   0   3         2.795824      38.039143
 AE-NL-   0   4       -56.038805    -762.447168
 AE-NL-   0   5      -192.192198   -2614.909387
 AE-NL-   1   2        -1.276703     -17.370432
 AE-NL-   1   3        -1.408552     -19.164339
 AE-NL-   1   4       -60.243181    -819.650650
 AE-NL-   1   5      -196.396574   -2672.112869
 AE-NL-   2   3        -0.131850      -1.793907
 AE-NL-   2   4       -58.966479    -802.280218
 AE-NL-   2   5      -195.119872   -2654.742437
 AE-NL-   3   4       -58.834629    -800.486310
 AE-NL-   3   5      -194.988022   -2652.948530
 AE-NL-   4   5      -136.153393   -1852.462220
#kb_find read-receipt