##########################################################
#    Opium Report File                                   #
##########################################################
     Opium version:        3.8

### copy of the parameter file #######################

[Atom]
Cu   #3d104s1
8
100 2.00 -
200 2.00 -
210 6.00 -
300 2.00 -
310 6.00 -
400 0.00 -
410 0.00 -
320 9.00 -

[Pseudo]
3  1.80 1.84 1.90
opt

[Optinfo]
5.00  10
5.00  10
7.746  10

[XC]
lda

[Configs]
7
#
400 0.10  -
410 0.00  -
320 9.00  -
#
400 0.00  -
410 0.00  -
320 9.50  -
#
400 0.50  -
410 0.00  -
320 9.50  -
#
400 1.00  -
410 0.00  -
320 9.50  -
#
400 0.00  -
410 0.00  -
320 10.00 -
#
400 0.50  -
410 0.00  -
320 10.00 -
#
400 1.00  -
410 0.00  -
320 10.00 -

[KBdesign] 
s
74
gp 442.0 494.0 27.9877196214
gp 495.0 548.0 27.9509000295
gp 549.0 579.0 27.8896058184
gp 580.0 601.0 27.803944519
gp 602.0 618.0 27.6940664103
gp 619.0 632.0 27.5601642558
gp 633.0 644.0 27.4024729654
gp 645.0 654.0 27.2212691833
gp 655.0 663.0 27.0168708024
gp 664.0 672.0 26.789636407
gp 673.0 679.0 26.5399646434
gp 680.0 686.0 26.2682935206
gp 687.0 692.0 25.9750996422
gp 693.0 697.0 25.6608973699
gp 698.0 703.0 25.3262379212
gp 704.0 708.0 24.9717084026
gp 709.0 712.0 24.5979307791
gp 713.0 717.0 24.2055607839
gp 718.0 721.0 23.7952867672
gp 722.0 725.0 23.367828489
gp 726.0 729.0 22.9239358565
gp 730.0 732.0 22.4643876081
gp 733.0 736.0 21.9899899476
gp 737.0 739.0 21.5015751297
gp 740.0 742.0 21.0
gp 743.0 745.0 20.4861444917
gp 746.0 748.0 19.9609100819
gp 749.0 751.0 19.4252182103
gp 752.0 753.0 18.8800086625
gp 754.0 756.0 18.3262379212
gp 757.0 759.0 17.7648774886
gp 760.0 761.0 17.1969121815
gp 762.0 763.0 16.6233384042
gp 764.0 766.0 16.0451623999
gp 767.0 768.0 15.4633984857
gp 769.0 770.0 14.8790672734
gp 771.0 772.0 14.2931938784
gp 773.0 774.0 13.7068061216
gp 775.0 776.0 13.1209327266
gp 777.0 778.0 12.5366015143
gp 779.0 780.0 11.9548376001
gp 781.0 782.0 11.3766615958
gp 783.0 784.0 10.8030878185
gp 785.0 786.0 10.2351225114
gp 787.0 787.0 9.67376207875
gp 788.0 789.0 9.11999133749
gp 790.0 791.0 8.57478178967
gp 792.0 792.0 8.03908991809
gp 793.0 794.0 7.51385550832
gp 795.0 795.0 7.0
gp 796.0 797.0 6.49842487029
gp 798.0 798.0 6.01001005242
gp 799.0 800.0 5.53561239193
gp 801.0 801.0 5.07606414352
gp 802.0 803.0 4.63217151098
gp 804.0 804.0 4.20471323281
gp 805.0 805.0 3.7944392161
gp 806.0 807.0 3.40206922088
gp 808.0 808.0 3.02829159744
gp 809.0 809.0 2.67376207875
gp 810.0 811.0 2.33910263006
gp 812.0 812.0 2.02490035775
gp 813.0 813.0 1.73170647939
gp 814.0 814.0 1.46003535665
gp 815.0 816.0 1.210363593
gp 817.0 817.0 0.983129197564
gp 818.0 818.0 0.778730816675
gp 819.0 819.0 0.597527034551
gp 820.0 820.0 0.439835744199
gp 821.0 821.0 0.305933589727
gp 822.0 822.0 0.196055481013
gp 823.0 823.0 0.110394181597
gp 824.0 824.0 0.0490999705069
gp 825.0 826.0 0.012280378616

### AE report ########################################

 AE:Orbital    Filling       Eigenvalues[Ry]          Norm
    ----------------------------------------------------------
	100	 2.000	    -643.4737435136
	200	 2.000	     -78.1851020625
	210	 6.000	     -68.8636865888
	300	 2.000	     -10.0000846240
	310	 6.000	      -7.0963872109
	400	 0.000	      -1.6273158004	  0.7149530877
	410	 0.000	      -1.1222328535	  0.8338171183
	320	 9.000	      -2.2188671322	  0.0518088370

      E_tot =    -3273.3320555271 Ry

### PS report ########################################

    ====================Optimized pseudopotential method====================

                       Pseudopotential convergence error                      
    Orbital      [mRy/e]       [meV/e]         [mRy]        [meV]        Ghost
    --------------------------------------------------------------------------
	400       0.072192      0.982222      0.000000      0.000000	    no
	410       0.067772      0.922082      0.000000      0.000000	   yes
	320       0.070736      0.962415      0.636625      8.661735	   yes

                  Tot. error =               0.636625      8.661735

	410  SHOULD NOT be used as the local potential 
	320  SHOULD NOT be used as the local potential 

### NL/SL report #####################################


 NL:Orbital    Filling       Eigenvalues[Ry]          Norm       Ghost
    ------------------------------------------------------------------
	100 	 0.000	      -1.6273158004	  0.7149530890	    no
	210 	 0.000	      -1.1222328535	  0.8338171422	    no
	320 	 9.000	      -2.2188671322	  0.0518088354	    no

	 ========== No ghosts in potential!!========== 

      E_tot =      -84.2389315690 Ry

### KE report ########################################


### TC report ########################################

 AE:Orbital    Filling       Eigenvalues[Ry]          Norm
    ----------------------------------------------------------
	100	 2.000	    -643.3895784163
	200	 2.000	     -78.1035712449
	210	 6.000	     -68.7819193355
	300	 2.000	      -9.9168192796
	310	 6.000	      -7.0130986085
	400	 0.100	      -1.5655371512	  0.7213962063
	410	 0.000	      -1.0694927311	  0.8406399409
	320	 9.000	      -2.1368340232	  0.0527826074

      E_tot =    -3273.4917111628 Ry

 NL:Orbital    Filling       Eigenvalues[Ry]          Norm       Ghost
    ------------------------------------------------------------------
	100 	 0.100	      -1.5659141521	  0.7214815260	    no
	210 	 0.000	      -1.0697909850	  0.8409472586	    no
	320 	 9.000	      -2.1362041836	  0.0528256962	    no

      E_tot =      -84.3986036179 Ry

 AE-NL:Orbital Filling       Eigenvalues[mRy]         Norm[1e-3] 
 AE-NL- --------------------------------------------------------------
 AE-NL- 100 	 0.100	       0.3770008657	 -0.0853197038	
 AE-NL- 210 	 0.000	       0.2982538750	 -0.3073177230	
 AE-NL- 320 	 9.000	      -0.6298395637	 -0.0430888029	
 AE-NL-  total error =	       1.3050943044	  0.4357262297

 =====================================================================
 AE:Orbital    Filling       Eigenvalues[Ry]          Norm
    ----------------------------------------------------------
	100	 2.000	    -642.8030145700
	200	 2.000	     -77.4996687203
	210	 6.000	     -68.1799964054
	300	 2.000	      -9.3383907920
	310	 6.000	      -6.4398285494
	400	 0.000	      -1.2315824496	  0.7567742984
	410	 0.000	      -0.7823549381	  0.8746513519
	320	 9.500	      -1.5938654814	  0.0675470655

      E_tot =    -3274.2825923403 Ry

 NL:Orbital    Filling       Eigenvalues[Ry]          Norm       Ghost
    ------------------------------------------------------------------
	100 	 0.000	      -1.2290942964	  0.7584848006	    no
	210 	 0.000	      -0.7818518736	  0.8772280286	    no
	320 	 9.500	      -1.5862335724	  0.0664809327	    no

      E_tot =      -85.1877861003 Ry

 AE-NL:Orbital Filling       Eigenvalues[mRy]         Norm[1e-3] 
 AE-NL- --------------------------------------------------------------
 AE-NL- 100 	 0.000	      -2.4881531505	 -1.7105022095	
 AE-NL- 210 	 0.000	      -0.5030645239	 -2.5766767174	
 AE-NL- 320 	 9.500	      -7.6319089866	  1.0661327912	
 AE-NL-  total error =	      10.6231266609	  5.3533117182

 =====================================================================
 AE:Orbital    Filling       Eigenvalues[Ry]          Norm
    ----------------------------------------------------------
	100	 2.000	    -642.4281474257
	200	 2.000	     -77.1360830245
	210	 6.000	     -67.8153869329
	300	 2.000	      -8.9652420944
	310	 6.000	      -6.0661628438
	400	 0.500	      -0.9377739971	  0.7844268867
	410	 0.000	      -0.5324920134	  0.9027464770
	320	 9.500	      -1.2243078114	  0.0730900593

      E_tot =    -3274.8248890397 Ry

 NL:Orbital    Filling       Eigenvalues[Ry]          Norm       Ghost
    ------------------------------------------------------------------
	100 	 0.500	      -0.9374172641	  0.7860794991	    no
	210 	 0.000	      -0.5335730702	  0.9051937223	    no
	320 	 9.500	      -1.2154358868	  0.0722908028	    no

      E_tot =      -85.7294256041 Ry

 AE-NL:Orbital Filling       Eigenvalues[mRy]         Norm[1e-3] 
 AE-NL- --------------------------------------------------------------
 AE-NL- 100 	 0.500	      -0.3567330418	 -1.6526123364	
 AE-NL- 210 	 0.000	       1.0810567688	 -2.4472453138	
 AE-NL- 320 	 9.500	      -8.8719246525	  0.7992565803	
 AE-NL-  total error =	      10.3097144630	  4.8991142305

 =====================================================================
 AE:Orbital    Filling       Eigenvalues[Ry]          Norm
    ----------------------------------------------------------
	100	 2.000	    -642.0795345255
	200	 2.000	     -76.7964125542
	210	 6.000	     -67.4749014264
	300	 2.000	      -8.6175248219
	310	 6.000	      -5.7179277092
	400	 1.000	      -0.6532313202	  0.8089615828
	410	 0.000	      -0.2920785042	  0.9283259160
	320	 9.500	      -0.8788269856	  0.0779766250

      E_tot =    -3275.2220086690 Ry

 NL:Orbital    Filling       Eigenvalues[Ry]          Norm       Ghost
    ------------------------------------------------------------------
	100 	 1.000	      -0.6540250721	  0.8103812648	    no
	210 	 0.000	      -0.2936674460	  0.9302393750	    no
	320 	 9.500	      -0.8691754759	  0.0774306983	    no

      E_tot =      -86.1266824418 Ry

 AE-NL:Orbital Filling       Eigenvalues[mRy]         Norm[1e-3] 
 AE-NL- --------------------------------------------------------------
 AE-NL- 100 	 1.000	       0.7937518186	 -1.4196820020	
 AE-NL- 210 	 0.000	       1.5889418004	 -1.9134590152	
 AE-NL- 320 	 9.500	      -9.6515097249	  0.5459266387	
 AE-NL-  total error =	      12.0342033439	  3.8790676559

 =====================================================================
 AE:Orbital    Filling       Eigenvalues[Ry]          Norm
    ----------------------------------------------------------
	100	 2.000	    -642.2116645781
	200	 2.000	     -76.8977081730
	210	 6.000	     -67.5794262456
	300	 2.000	      -8.7475989839
	310	 6.000	      -5.8528500789
	400	 0.000	      -0.8700997488	  0.7973284339
	410	 0.000	      -0.4810316412	  0.9124654917
	320	10.000	      -1.0362847356	  0.0874585564

      E_tot =    -3274.9371415019 Ry

 NL:Orbital    Filling       Eigenvalues[Ry]          Norm       Ghost
    ------------------------------------------------------------------
	100 	 0.000	      -0.8673631871	  0.8002057065	    no
	210 	 0.000	      -0.4816879034	  0.9156485928	    no
	320 	10.000	      -1.0193318478	  0.0858155879	    no

      E_tot =      -85.8360967777 Ry

 AE-NL:Orbital Filling       Eigenvalues[mRy]         Norm[1e-3] 
 AE-NL- --------------------------------------------------------------
 AE-NL- 100 	 0.000	      -2.7365617541	 -2.8772726057	
 AE-NL- 210 	 0.000	       0.6562622219	 -3.1831011182	
 AE-NL- 320 	10.000	     -16.9528878492	  1.6429685649	
 AE-NL-  total error =	      20.3457118253	  7.7033422888

 =====================================================================
 AE:Orbital    Filling       Eigenvalues[Ry]          Norm
    ----------------------------------------------------------
	100	 2.000	    -641.8797469984
	200	 2.000	     -76.5762690478
	210	 6.000	     -67.2570154391
	300	 2.000	      -8.4157416973
	310	 6.000	      -5.5201078133
	400	 0.500	      -0.5992500036	  0.8237427275
	410	 0.000	      -0.2588472832	  0.9386763318
	320	10.000	      -0.7055371722	  0.0941120032

      E_tot =    -3275.3040701720 Ry

 NL:Orbital    Filling       Eigenvalues[Ry]          Norm       Ghost
    ------------------------------------------------------------------
	100 	 0.500	      -0.5989536863	  0.8261024645	    no
	210 	 0.000	      -0.2607176079	  0.9408205925	    no
	320 	10.000	      -0.6897455027	  0.0928550150	    no

      E_tot =      -86.2023453825 Ry

 AE-NL:Orbital Filling       Eigenvalues[mRy]         Norm[1e-3] 
 AE-NL- --------------------------------------------------------------
 AE-NL- 100 	 0.500	      -0.2963172579	 -2.3597370330	
 AE-NL- 210 	 0.000	       1.8703246697	 -2.1442606125	
 AE-NL- 320 	10.000	     -15.7916694745	  1.2569882289	
 AE-NL-  total error =	      17.9583114021	  5.7609858744

 =====================================================================
 AE:Orbital    Filling       Eigenvalues[Ry]          Norm
    ----------------------------------------------------------
	100	 2.000	    -641.5791364930
	200	 2.000	     -76.2836698445
	210	 6.000	     -66.9636645204
	300	 2.000	      -8.1147048284
	310	 6.000	      -5.2182614297
	400	 1.000	      -0.3446811947	  0.8477588673
	410	 0.000	      -0.0584228876	  0.9643419397
	320	10.000	      -0.4043637111	  0.0999005842

      E_tot =    -3275.5391438145 Ry

 NL:Orbital    Filling       Eigenvalues[Ry]          Norm       Ghost
    ------------------------------------------------------------------
	100 	 1.000	      -0.3457345324	  0.8495164754	    no
	210 	 0.000	      -0.0602214541	  0.9652688547	    no
	320 	10.000	      -0.3897937341	  0.0990111137	    no

      E_tot =      -86.4376321359 Ry

 AE-NL:Orbital Filling       Eigenvalues[mRy]         Norm[1e-3] 
 AE-NL- --------------------------------------------------------------
 AE-NL- 100 	 1.000	       1.0533377048	 -1.7576081181	
 AE-NL- 210 	 0.000	       1.7985664409	 -0.9269149580	
 AE-NL- 320 	10.000	     -14.5699769767	  0.8894704914	
 AE-NL-  total error =	      17.4218811225	  3.5739935675

 =====================================================================

  Comparison of total energy differences.           
   DD_ij = (E_i - E_j)_AE - (E_i-E_j)_NL     

 AE-NL-   i   j         DD[mRy]        DD[meV] 
 AE-NL- ------------------------------------------
 AE-NL-   0   1        -0.016413      -0.223314
 AE-NL-   0   2         1.682282      22.888622
 AE-NL-   0   3         2.339477      31.830228
 AE-NL-   0   4         2.202269      29.963412
 AE-NL-   0   5         7.920766     107.767568
 AE-NL-   0   6         8.600831     117.020331
 AE-NL-   0   7         8.387720     114.120808
 AE-NL-   1   2         1.698695      23.111936
 AE-NL-   1   3         2.355891      32.053543
 AE-NL-   1   4         2.218682      30.186727
 AE-NL-   1   5         7.937179     107.990882
 AE-NL-   1   6         8.617245     117.243646
 AE-NL-   1   7         8.404134     114.344122
 AE-NL-   2   3         0.657196       8.941607
 AE-NL-   2   4         0.519987       7.074791
 AE-NL-   2   5         6.238484      84.878946
 AE-NL-   2   6         6.918550      94.131710
 AE-NL-   2   7         6.705439      91.232186
 AE-NL-   3   4        -0.137208      -1.866816
 AE-NL-   3   5         5.581289      75.937340
 AE-NL-   3   6         6.261354      85.190103
 AE-NL-   3   7         6.048243      82.290580
 AE-NL-   4   5         5.718497      77.804155
 AE-NL-   4   6         6.398562      87.056919
 AE-NL-   4   7         6.185451      84.157396
 AE-NL-   5   6         0.680065       9.252764
 AE-NL-   5   7         0.466954       6.353240
 AE-NL-   6   7        -0.213111      -2.899523
#kb_find read-receipt