##########################################################
#    Opium Report File                                   #
##########################################################
     Opium version:        3.8

### copy of the parameter file #######################

[Atom]
Mo         
10         
100 2.00  -
200 2.00  - 
210 6.00  - 
300 2.00  - 
310 6.00  -
320 10.00 - 
400 2.00  - 
410 6.00  - 
420 0.00  - 
500 0.00  - 

[Pseudo]
4  1.57 1.71 1.79 1.75
opt

[Optinfo]
7.07  10
7.07  10
7.07  10
7.07  10

[XC]
lda

[Relativity]
srl

[Configs]
10                 # number of valence configurations
# 0
400 2.00   -   # reference configuration
410 6.00   -   # reference configuration
420 4.00   -   # reference configuration
500 2.00   -   # reference configuration
# +1
400 2.00   -   # reference configuration
410 6.00   -   # reference configuration
420 3.00   -   # reference configuration
500 2.00   -   # reference configuration
# +2
400 2.00   -   # reference configuration
410 6.00   -   # reference configuration
420 2.00   -   # reference configuration
500 2.00   -   # reference configuration
# +2
400 2.00   -   # reference configuration
410 6.00   -   # reference configuration
420 3.00   -   # reference configuration
500 1.00   -   # reference configuration
# +3
400 2.00   -   # reference configuration
410 6.00   -   # reference configuration
420 2.00   -   # reference configuration
500 1.00   -   # reference configuration
# +4
400 2.00   -   # reference configuration
410 6.00   -   # reference configuration
420 2.00   -   # reference configuration
500 0.10   -   # reference configuration
# +4
400 2.00  -
410 6.00  -
420 1.00  -
500 1.00  -
# +5
400 2.00  -
410 6.00  -
420 0.00  -
500 1.00  -
# +5
400 2.00  -
410 6.00  -
420 1.00  -
500 0.00  -
# +6
400 2.00   -   # reference configuration
410 6.00   -   # reference configuration
420 0.10   -   # reference configuration
500 0.10   -   # reference configuration

[KBdesign] 
s
74
gp 451.0 504.0 27.9877196214
gp 505.0 557.0 27.9509000295
gp 558.0 588.0 27.8896058184
gp 589.0 611.0 27.803944519
gp 612.0 628.0 27.6940664103
gp 629.0 642.0 27.5601642558
gp 643.0 654.0 27.4024729654
gp 655.0 664.0 27.2212691833
gp 665.0 673.0 27.0168708024
gp 674.0 681.0 26.789636407
gp 682.0 688.0 26.5399646434
gp 689.0 695.0 26.2682935206
gp 696.0 701.0 25.9750996422
gp 702.0 707.0 25.6608973699
gp 708.0 712.0 25.3262379212
gp 713.0 717.0 24.9717084026
gp 718.0 722.0 24.5979307791
gp 723.0 726.0 24.2055607839
gp 727.0 730.0 23.7952867672
gp 731.0 734.0 23.367828489
gp 735.0 738.0 22.9239358565
gp 739.0 742.0 22.4643876081
gp 743.0 745.0 21.9899899476
gp 746.0 748.0 21.5015751297
gp 749.0 752.0 21.0
gp 753.0 755.0 20.4861444917
gp 756.0 757.0 19.9609100819
gp 758.0 760.0 19.4252182103
gp 761.0 763.0 18.8800086625
gp 764.0 766.0 18.3262379212
gp 767.0 768.0 17.7648774886
gp 769.0 771.0 17.1969121815
gp 772.0 773.0 16.6233384042
gp 774.0 775.0 16.0451623999
gp 776.0 777.0 15.4633984857
gp 778.0 780.0 14.8790672734
gp 781.0 782.0 14.2931938784
gp 783.0 784.0 13.7068061216
gp 785.0 786.0 13.1209327266
gp 787.0 788.0 12.5366015143
gp 789.0 790.0 11.9548376001
gp 791.0 791.0 11.3766615958
gp 792.0 793.0 10.8030878185
gp 794.0 795.0 10.2351225114
gp 796.0 797.0 9.67376207875
gp 798.0 798.0 9.11999133749
gp 799.0 800.0 8.57478178967
gp 801.0 802.0 8.03908991809
gp 803.0 803.0 7.51385550832
gp 804.0 805.0 7.0
gp 806.0 806.0 6.49842487029
gp 807.0 808.0 6.01001005242
gp 809.0 809.0 5.53561239193
gp 810.0 811.0 5.07606414352
gp 812.0 812.0 4.63217151098
gp 813.0 814.0 4.20471323281
gp 815.0 815.0 3.7944392161
gp 816.0 816.0 3.40206922088
gp 817.0 818.0 3.02829159744
gp 819.0 819.0 2.67376207875
gp 820.0 820.0 2.33910263006
gp 821.0 821.0 2.02490035775
gp 822.0 823.0 1.73170647939
gp 824.0 824.0 1.46003535665
gp 825.0 825.0 1.210363593
gp 826.0 826.0 0.983129197564
gp 827.0 827.0 0.778730816675
gp 828.0 828.0 0.597527034551
gp 829.0 830.0 0.439835744199
gp 831.0 831.0 0.305933589727
gp 832.0 832.0 0.196055481013
gp 833.0 833.0 0.110394181597
gp 834.0 834.0 0.0490999705069
gp 835.0 835.0 0.012280378616

### AE report ########################################

 AE:Orbital    Filling       Eigenvalues[Ry]          Norm
    ----------------------------------------------------------
	400	 2.000	     -10.6192300476	  0.0878063605
	410	 6.000	      -8.6166099374	  0.0947898788
	420	 0.000	      -5.6205442122	  0.1980823107
	500	 0.000	      -4.2939261578	  0.8041736218

      E_tot =    -8064.8776917944 Ry

### PS report ########################################

    ====================Optimized pseudopotential method====================

                       Pseudopotential convergence error                      
    Orbital      [mRy/e]       [meV/e]         [mRy]        [meV]        Ghost
    --------------------------------------------------------------------------
	400       0.039584      0.538567      0.079168      1.077133	    no
	410       0.019395      0.263882      0.116370      1.583290	    no
	420       0.023671      0.322063      0.000000      0.000000	    no

                  Tot. error =               0.195537      2.660423


### NL/SL report #####################################


 NL:Orbital    Filling       Eigenvalues[Ry]          Norm       Ghost
    ------------------------------------------------------------------
	100 	 2.000	     -10.6192300466	  0.0878063623	    no
	210 	 6.000	      -8.6166099365	  0.0947899135	    no
	320 	 0.000	      -5.6205442115	  0.1980823127	    no
	200 	 0.000	      -4.2836155668	  0.8096969503	    no

	 ========== No ghosts in potential!!========== 

      E_tot =     -120.8456968587 Ry

### KE report ########################################


### TC report ########################################

 AE:Orbital    Filling       Eigenvalues[Ry]          Norm
    ----------------------------------------------------------
	400	 2.000	      -4.9176844590	  0.1148863619
	410	 6.000	      -3.0230059192	  0.1440804576
	420	 4.000	      -0.4278606247	  0.4511538849
	500	 2.000	      -0.3725526161	  0.9451081469

      E_tot =    -8080.4381196996 Ry

 NL:Orbital    Filling       Eigenvalues[Ry]          Norm       Ghost
    ------------------------------------------------------------------
	100 	 2.000	      -4.9226519887	  0.1141975671	    no
	210 	 6.000	      -3.0253627164	  0.1432649847	    no
	320 	 4.000	      -0.4318554527	  0.4462192840	    no
	200 	 2.000	      -0.3711148313	  0.9461181500	    no

      E_tot =     -136.4278067478 Ry

 AE-NL:Orbital Filling       Eigenvalues[mRy]         Norm[1e-3] 
 AE-NL- --------------------------------------------------------------
 AE-NL- 100 	 2.000	       4.9675297410	  0.6887948253	
 AE-NL- 210 	 6.000	       2.3567971949	  0.8154729344	
 AE-NL- 320 	 4.000	       3.9948279829	  4.9346008699	
 AE-NL- 200 	 2.000	      -1.4377847953	 -1.0100030298	
 AE-NL-  total error =	      12.7569397141	  7.4488716595

 =====================================================================
 AE:Orbital    Filling       Eigenvalues[Ry]          Norm
    ----------------------------------------------------------
	400	 2.000	      -5.7192009967	  0.1113475409
	410	 6.000	      -3.8109104591	  0.1367307551
	420	 3.000	      -1.1446659553	  0.3888167478
	500	 2.000	      -0.9124678562	  0.9238724281

      E_tot =    -8079.6642853132 Ry

 NL:Orbital    Filling       Eigenvalues[Ry]          Norm       Ghost
    ------------------------------------------------------------------
	100 	 2.000	      -5.7266090512	  0.1107292931	    no
	210 	 6.000	      -3.8161362616	  0.1359673662	    no
	320 	 3.000	      -1.1519023247	  0.3842231236	    no
	200 	 2.000	      -0.9111356521	  0.9252049776	    no

      E_tot =     -135.6483687613 Ry

 AE-NL:Orbital Filling       Eigenvalues[mRy]         Norm[1e-3] 
 AE-NL- --------------------------------------------------------------
 AE-NL- 100 	 2.000	       7.4080544648	  0.6182478470	
 AE-NL- 210 	 6.000	       5.2258024803	  0.7633889398	
 AE-NL- 320 	 3.000	       7.2363694191	  4.5936241916	
 AE-NL- 200 	 2.000	      -1.3322040959	 -1.3325495506	
 AE-NL-  total error =	      21.2024304600	  7.3078105290

 =====================================================================
 AE:Orbital    Filling       Eigenvalues[Ry]          Norm
    ----------------------------------------------------------
	400	 2.000	      -6.6653309037	  0.1063236804
	410	 6.000	      -4.7374756423	  0.1270829200
	420	 2.000	      -1.9902052463	  0.3324317327
	500	 2.000	      -1.5418018054	  0.9005713119

      E_tot =    -8078.1061860728 Ry

 NL:Orbital    Filling       Eigenvalues[Ry]          Norm       Ghost
    ------------------------------------------------------------------
	100 	 2.000	      -6.6744502225	  0.1058309020	    no
	210 	 6.000	      -4.7450424823	  0.1264500740	    no
	320 	 2.000	      -2.0001517395	  0.3286697039	    no
	200 	 2.000	      -1.5404532993	  0.9024134552	    no

      E_tot =     -134.0815779466 Ry

 AE-NL:Orbital Filling       Eigenvalues[mRy]         Norm[1e-3] 
 AE-NL- --------------------------------------------------------------
 AE-NL- 100 	 2.000	       9.1193188669	  0.4927783710	
 AE-NL- 210 	 6.000	       7.5668399846	  0.6328459333	
 AE-NL- 320 	 2.000	       9.9464932257	  3.7620288217	
 AE-NL- 200 	 2.000	      -1.3485060476	 -1.8421433902	
 AE-NL-  total error =	      27.9811581247	  6.7297965162

 =====================================================================
 AE:Orbital    Filling       Eigenvalues[Ry]          Norm
    ----------------------------------------------------------
	400	 2.000	      -6.3622318730	  0.1107560914
	410	 6.000	      -4.4516400892	  0.1349678329
	420	 3.000	      -1.7637395615	  0.3668152118
	500	 1.000	      -1.4355045468	  0.9097099841

      E_tot =    -8078.4931915384 Ry

 NL:Orbital    Filling       Eigenvalues[Ry]          Norm       Ghost
    ------------------------------------------------------------------
	100 	 2.000	      -6.3700611103	  0.1101035329	    no
	210 	 6.000	      -4.4570185098	  0.1341810850	    no
	320 	 3.000	      -1.7710640880	  0.3625391683	    no
	200 	 1.000	      -1.4335701916	  0.9113128340	    no

      E_tot =     -134.4788878669 Ry

 AE-NL:Orbital Filling       Eigenvalues[mRy]         Norm[1e-3] 
 AE-NL- --------------------------------------------------------------
 AE-NL- 100 	 2.000	       7.8292372495	  0.6525585302	
 AE-NL- 210 	 6.000	       5.3784205963	  0.7867479297	
 AE-NL- 320 	 3.000	       7.3245265367	  4.2760434789	
 AE-NL- 200 	 1.000	      -1.9343552189	 -1.6028499100	
 AE-NL-  total error =	      22.4665396014	  7.3181998488

 =====================================================================
 AE:Orbital    Filling       Eigenvalues[Ry]          Norm
    ----------------------------------------------------------
	400	 2.000	      -7.3897016395	  0.1050443049
	410	 6.000	      -5.4569235436	  0.1241540259
	420	 2.000	      -2.6825701331	  0.3114235638
	500	 1.000	      -2.1180096934	  0.8851947944

      E_tot =    -8076.2782441605 Ry

 NL:Orbital    Filling       Eigenvalues[Ry]          Norm       Ghost
    ------------------------------------------------------------------
	100 	 2.000	      -7.3988380713	  0.1045334535	    no
	210 	 6.000	      -5.4642392751	  0.1235263582	    no
	320 	 2.000	      -2.6920975972	  0.3080865519	    no
	200 	 1.000	      -2.1158215322	  0.8874226611	    no

      E_tot =     -132.2553706630 Ry

 AE-NL:Orbital Filling       Eigenvalues[mRy]         Norm[1e-3] 
 AE-NL- --------------------------------------------------------------
 AE-NL- 100 	 2.000	       9.1364318329	  0.5108514506	
 AE-NL- 210 	 6.000	       7.3157314868	  0.6276676679	
 AE-NL- 320 	 2.000	       9.5274640418	  3.3370118736	
 AE-NL- 200 	 1.000	      -2.1881612356	 -2.2278666625	
 AE-NL-  total error =	      28.1677885971	  6.7033976546

 =====================================================================
 AE:Orbital    Filling       Eigenvalues[Ry]          Norm
    ----------------------------------------------------------
	400	 2.000	      -8.0872429160	  0.1034340399
	410	 6.000	      -6.1483216890	  0.1205490079
	420	 2.000	      -3.3427598808	  0.2891058190
	500	 0.100	      -2.6420947800	  0.8679748284

      E_tot =    -8074.1348021133 Ry

 NL:Orbital    Filling       Eigenvalues[Ry]          Norm       Ghost
    ------------------------------------------------------------------
	100 	 2.000	      -8.0960896149	  0.1029111368	    no
	210 	 6.000	      -6.1550710010	  0.1199371017	    no
	320 	 2.000	      -3.3515061030	  0.2861860517	    no
	200 	 0.100	      -2.6384607463	  0.8706513425	    no

      E_tot =     -130.1144544219 Ry

 AE-NL:Orbital Filling       Eigenvalues[mRy]         Norm[1e-3] 
 AE-NL- --------------------------------------------------------------
 AE-NL- 100 	 2.000	       8.8466989163	  0.5229031145	
 AE-NL- 210 	 6.000	       6.7493119950	  0.6119061961	
 AE-NL- 320 	 2.000	       8.7462222028	  2.9197673469	
 AE-NL- 200 	 0.100	      -3.6340336683	 -2.6765140908	
 AE-NL-  total error =	      27.9762667825	  6.7310907483

 =====================================================================
 AE:Orbital    Filling       Eigenvalues[Ry]          Norm
    ----------------------------------------------------------
	400	 2.000	      -8.5149606117	  0.0982750416
	410	 6.000	      -6.5552295054	  0.1123495785
	420	 1.000	      -3.6916928318	  0.2627816336
	500	 1.000	      -2.8642102529	  0.8586732270

      E_tot =    -8073.0980668161 Ry

 NL:Orbital    Filling       Eigenvalues[Ry]          Norm       Ghost
    ------------------------------------------------------------------
	100 	 2.000	      -8.5230617848	  0.0979789676	    no
	210 	 6.000	      -6.5623926204	  0.1119803039	    no
	320 	 1.000	      -3.7008938445	  0.2607831278	    no
	200 	 1.000	      -2.8608281821	  0.8618265139	    no

      E_tot =     -129.0655430786 Ry

 AE-NL:Orbital Filling       Eigenvalues[mRy]         Norm[1e-3] 
 AE-NL- --------------------------------------------------------------
 AE-NL- 100 	 2.000	       8.1011730549	  0.2960739626	
 AE-NL- 210 	 6.000	       7.1631149910	  0.3692745940	
 AE-NL- 320 	 1.000	       9.2010126893	  1.9985058246	
 AE-NL- 200 	 1.000	      -3.3820707215	 -3.1532869533	
 AE-NL-  total error =	      27.8473714567	  5.8171413345

 =====================================================================
 AE:Orbital    Filling       Eigenvalues[Ry]          Norm
    ----------------------------------------------------------
	400	 2.000	      -9.7223551718	  0.0908348760
	410	 6.000	      -7.7319069563	  0.1003048906
	420	 0.000	      -4.7787315381	  0.2204538082
	500	 1.000	      -3.6667050329	  0.8301473937

      E_tot =    -8068.8689684155 Ry

 NL:Orbital    Filling       Eigenvalues[Ry]          Norm       Ghost
    ------------------------------------------------------------------
	100 	 2.000	      -9.7257637489	  0.0908293769	    no
	210 	 6.000	      -7.7355338974	  0.1002888452	    no
	320 	 0.000	      -4.7833752451	  0.2200694174	    no
	200 	 1.000	      -3.6605080697	  0.8346201597	    no

      E_tot =     -124.8290887460 Ry

 AE-NL:Orbital Filling       Eigenvalues[mRy]         Norm[1e-3] 
 AE-NL- --------------------------------------------------------------
 AE-NL- 100 	 2.000	       3.4085770816	  0.0054991138	
 AE-NL- 210 	 6.000	       3.6269411841	  0.0160454583	
 AE-NL- 320 	 0.000	       4.6437069230	  0.3843908131	
 AE-NL- 200 	 1.000	      -6.1969631613	 -4.4727659803	
 AE-NL-  total error =	      17.8761883500	  4.8787013656

 =====================================================================
 AE:Orbital    Filling       Eigenvalues[Ry]          Norm
    ----------------------------------------------------------
	400	 2.000	      -9.3553630744	  0.0957835644
	410	 6.000	      -7.3859953019	  0.1073914856
	420	 1.000	      -4.4831118903	  0.2389484331
	500	 0.000	      -3.4723783683	  0.8361268991

      E_tot =    -8069.9238413509 Ry

 NL:Orbital    Filling       Eigenvalues[Ry]          Norm       Ghost
    ------------------------------------------------------------------
	100 	 2.000	      -9.3619034180	  0.0955026626	    no
	210 	 6.000	      -7.3913273744	  0.1070780947	    no
	320 	 1.000	      -4.4899561874	  0.2374906324	    no
	200 	 0.000	      -3.4663468681	  0.8400204038	    no

      E_tot =     -125.8957917728 Ry

 AE-NL:Orbital Filling       Eigenvalues[mRy]         Norm[1e-3] 
 AE-NL- --------------------------------------------------------------
 AE-NL- 100 	 2.000	       6.5403435777	  0.2809017622	
 AE-NL- 210 	 6.000	       5.3320724927	  0.3133909486	
 AE-NL- 320 	 1.000	       6.8442971269	  1.4578007256	
 AE-NL- 200 	 0.000	      -6.0315001174	 -3.8935046798	
 AE-NL-  total error =	      24.7482133148	  5.9455981161

 =====================================================================
 AE:Orbital    Filling       Eigenvalues[Ry]          Norm
    ----------------------------------------------------------
	400	 2.000	     -10.3987330998	  0.0889426553
	410	 6.000	      -8.4009872628	  0.0966546222
	420	 0.100	      -5.4195977929	  0.2047509365
	500	 0.100	      -4.1582098207	  0.8120141288

      E_tot =    -8065.8524232650 Ry

 NL:Orbital    Filling       Eigenvalues[Ry]          Norm       Ghost
    ------------------------------------------------------------------
	100 	 2.000	     -10.4000167826	  0.0889420231	    no
	210 	 6.000	      -8.4021577931	  0.0966762860	    no
	320 	 0.100	      -5.4210902905	  0.2047035273	    no
	200 	 0.100	      -4.1491970910	  0.8172237416	    no

      E_tot =     -121.8195467744 Ry

 AE-NL:Orbital Filling       Eigenvalues[mRy]         Norm[1e-3] 
 AE-NL- --------------------------------------------------------------
 AE-NL- 100 	 2.000	       1.2836827801	  0.0006322139	
 AE-NL- 210 	 6.000	       1.1705303313	 -0.0216638259	
 AE-NL- 320 	 0.100	       1.4924975462	  0.0474092679	
 AE-NL- 200 	 0.100	      -9.0127296690	 -5.2096127123	
 AE-NL-  total error =	      12.9594403265	  5.2793180200

 =====================================================================

  Comparison of total energy differences.           
   DD_ij = (E_i - E_j)_AE - (E_i-E_j)_NL     

 AE-NL-   i   j         DD[mRy]        DD[meV] 
 AE-NL- ------------------------------------------
 AE-NL-   0   1       -21.681984    -294.998569
 AE-NL-   0   2       -16.078384    -218.757667
 AE-NL-   0   3        -7.386810    -100.502715
 AE-NL-   0   4       -17.691264    -240.702034
 AE-NL-   0   5        -9.121438    -124.103552
 AE-NL-   0   6       -11.647244    -158.468912
 AE-NL-   0   7         0.528802       7.194718
 AE-NL-   0   8         7.884734     107.277323
 AE-NL-   0   9        -3.945358     -53.679352
 AE-NL-   0  10         0.881555      11.994171
 AE-NL-   1   2         5.603600      76.240902
 AE-NL-   1   3        14.295174     194.495854
 AE-NL-   1   4         3.990720      54.296535
 AE-NL-   1   5        12.560546     170.895017
 AE-NL-   1   6        10.034740     136.529657
 AE-NL-   1   7        22.210786     302.193286
 AE-NL-   1   8        29.566718     402.275892
 AE-NL-   1   9        17.736626     241.319217
 AE-NL-   1  10        22.563539     306.992740
 AE-NL-   2   3         8.691574     118.254952
 AE-NL-   2   4        -1.612880     -21.944367
 AE-NL-   2   5         6.956946      94.654115
 AE-NL-   2   6         4.431140      60.288755
 AE-NL-   2   7        16.607186     225.952384
 AE-NL-   2   8        23.963118     326.034990
 AE-NL-   2   9        12.133026     165.078315
 AE-NL-   2  10        16.959939     230.751838
 AE-NL-   3   4       -10.304455    -140.199319
 AE-NL-   3   5        -1.734629     -23.600837
 AE-NL-   3   6        -4.260435     -57.966197
 AE-NL-   3   7         7.915611     107.697433
 AE-NL-   3   8        15.271543     207.780038
 AE-NL-   3   9         3.441452      46.823363
 AE-NL-   3  10         8.268364     112.496886
 AE-NL-   4   5         8.569826     116.598482
 AE-NL-   4   6         6.044020      82.233122
 AE-NL-   4   7        18.220066     247.896752
 AE-NL-   4   8        25.575998     347.979357
 AE-NL-   4   9        13.745907     187.022682
 AE-NL-   4  10        18.572819     252.696205
 AE-NL-   5   6        -2.525806     -34.365360
 AE-NL-   5   7         9.650240     131.298270
 AE-NL-   5   8        17.006172     231.380875
 AE-NL-   5   9         5.176081      70.424200
 AE-NL-   5  10        10.002993     136.097723
 AE-NL-   6   7        12.176046     165.663629
 AE-NL-   6   8        19.531978     265.746235
 AE-NL-   6   9         7.701887     104.789560
 AE-NL-   6  10        12.528799     170.463083
 AE-NL-   7   8         7.355932     100.082605
 AE-NL-   7   9        -4.474159     -60.874070
 AE-NL-   7  10         0.352753       4.799453
 AE-NL-   8   9       -11.830091    -160.956675
 AE-NL-   8  10        -7.003179     -95.283152
 AE-NL-   9  10         4.826912      65.673523
#kb_find read-receipt