##########################################################
#    Opium Report File                                   #
##########################################################
     Opium version:        3.8

### copy of the parameter file #######################

[Atom]
V
8
100 2.00  -
200 2.00  -
210 6.00  -
300 2.00  -
310 6.00  -
320 3.00  -
400 0.00  -
410 0.00  -

[Pseudo]
5 1.58 1.95 1.77 1.58 1.95
opt

[XC]
lda

[Optinfo]
7.07 10
7.07 10
7.54 10
7.07 10
7.07 10

[KBdesign] 
s
74
gp 436.0 488.0 27.9877196214
gp 489.0 542.0 27.9509000295
gp 543.0 573.0 27.8896058184
gp 574.0 595.0 27.803944519
gp 596.0 612.0 27.6940664103
gp 613.0 626.0 27.5601642558
gp 627.0 638.0 27.4024729654
gp 639.0 648.0 27.2212691833
gp 649.0 657.0 27.0168708024
gp 658.0 666.0 26.789636407
gp 667.0 673.0 26.5399646434
gp 674.0 680.0 26.2682935206
gp 681.0 686.0 25.9750996422
gp 687.0 691.0 25.6608973699
gp 692.0 697.0 25.3262379212
gp 698.0 702.0 24.9717084026
gp 703.0 706.0 24.5979307791
gp 707.0 711.0 24.2055607839
gp 712.0 715.0 23.7952867672
gp 716.0 719.0 23.367828489
gp 720.0 723.0 22.9239358565
gp 724.0 726.0 22.4643876081
gp 727.0 730.0 21.9899899476
gp 731.0 733.0 21.5015751297
gp 734.0 736.0 21.0
gp 737.0 739.0 20.4861444917
gp 740.0 742.0 19.9609100819
gp 743.0 745.0 19.4252182103
gp 746.0 748.0 18.8800086625
gp 749.0 750.0 18.3262379212
gp 751.0 753.0 17.7648774886
gp 754.0 755.0 17.1969121815
gp 756.0 757.0 16.6233384042
gp 758.0 760.0 16.0451623999
gp 761.0 762.0 15.4633984857
gp 763.0 764.0 14.8790672734
gp 765.0 766.0 14.2931938784
gp 767.0 768.0 13.7068061216
gp 769.0 770.0 13.1209327266
gp 771.0 772.0 12.5366015143
gp 773.0 774.0 11.9548376001
gp 775.0 776.0 11.3766615958
gp 777.0 778.0 10.8030878185
gp 779.0 780.0 10.2351225114
gp 781.0 781.0 9.67376207875
gp 782.0 783.0 9.11999133749
gp 784.0 785.0 8.57478178967
gp 786.0 786.0 8.03908991809
gp 787.0 788.0 7.51385550832
gp 789.0 789.0 7.0
gp 790.0 791.0 6.49842487029
gp 792.0 792.0 6.01001005242
gp 793.0 794.0 5.53561239193
gp 795.0 795.0 5.07606414352
gp 796.0 797.0 4.63217151098
gp 798.0 798.0 4.20471323281
gp 799.0 799.0 3.7944392161
gp 800.0 801.0 3.40206922088
gp 802.0 802.0 3.02829159744
gp 803.0 803.0 2.67376207875
gp 804.0 805.0 2.33910263006
gp 806.0 806.0 2.02490035775
gp 807.0 807.0 1.73170647939
gp 808.0 808.0 1.46003535665
gp 809.0 810.0 1.210363593
gp 811.0 811.0 0.983129197564
gp 812.0 812.0 0.778730816675
gp 813.0 813.0 0.597527034551
gp 814.0 814.0 0.439835744199
gp 815.0 815.0 0.305933589727
gp 816.0 816.0 0.196055481013
gp 817.0 817.0 0.110394181597
gp 818.0 819.0 0.0490999705069
gp 820.0 820.0 0.012280378616

[Configs]
5

300 2.00 -
310 6.00 -
320 3.00 -
400 2.00 -
410 0.00 -

300 2.00 -
310 6.00 -
320 3.00 -
400 1.00 -
410 0.00 -

#300 2.00 -
#310 6.00 -
#320 3.00 -
#400 0.00 -
#410 0.00 -

300 2.00 -
310 6.00 -
320 2.50 -
400 1.50 -
410 0.00 -

300 2.00 -
310 6.00 -
320 1.00 -
400 0.00 -
410 0.00 -

300 2.00 -
310 6.00 -
320 0.00 -
400 0.00 -
410 0.00 -

### AE report ########################################

 AE:Orbital    Filling       Eigenvalues[Ry]          Norm
    ----------------------------------------------------------
	100	 2.000	    -391.6868825563
	200	 2.000	     -44.8396493224
	210	 6.000	     -38.0820483331
	300	 2.000	      -6.2704417558	  0.0593848435
	310	 6.000	      -4.4371111390	  0.0309781259
	320	 3.000	      -1.5962439235	  0.2191963580
	400	 0.000	      -1.3028532067	  0.9256439195
	410	 0.000	      -0.9476798393	  0.9063433636

      E_tot =    -1881.6971493512 Ry

### PS report ########################################

    ====================Optimized pseudopotential method====================

                       Pseudopotential convergence error                      
    Orbital      [mRy/e]       [meV/e]         [mRy]        [meV]        Ghost
    --------------------------------------------------------------------------
	300       0.020827      0.283366      0.041654      0.566732	    no
	310       0.008991      0.122325      0.053944      0.733949	    no
	320       0.161796      2.201354      0.485389      6.604061	    no

                  Tot. error =               0.580987      7.904741


### NL/SL report #####################################


 NL:Orbital    Filling       Eigenvalues[Ry]          Norm       Ghost
    ------------------------------------------------------------------
	100 	 2.000	      -6.2704417570	  0.0593848440	    no
	210 	 6.000	      -4.4371111399	  0.0309781268	    no
	320 	 3.000	      -1.5962439240	  0.2191963813	    no
	200 	 0.000	      -1.2864607914	  0.9337798210	    no
	310 	 0.000	      -0.9303043203	  0.9203118279	    no

	 ========== No ghosts in potential!!========== 

      E_tot =     -138.6943207811 Ry

### KE report ########################################


### TC report ########################################

 AE:Orbital    Filling       Eigenvalues[Ry]          Norm
    ----------------------------------------------------------
	100	 2.000	    -390.4500108939
	200	 2.000	     -43.6313987803
	210	 6.000	     -36.8712205305
	300	 2.000	      -5.0531388962	  0.0596431917
	310	 6.000	      -3.2203944904	  0.0322577566
	320	 3.000	      -0.4089254919	  0.2689253891
	400	 2.000	      -0.3525167698	  0.9549251082
	410	 0.000	      -0.1137152418	  0.9652751067

      E_tot =    -1883.3346520171 Ry

 NL:Orbital    Filling       Eigenvalues[Ry]          Norm       Ghost
    ------------------------------------------------------------------
	100 	 2.000	      -5.0615583989	  0.0597939056	    no
	210 	 6.000	      -3.2297666518	  0.0323128302	    no
	320 	 3.000	      -0.4172792290	  0.2682923889	    no
	200 	 2.000	      -0.3489465709	  0.9597165946	    no
	310 	 0.000	      -0.1119826628	  0.9702537534	    no

      E_tot =     -140.3139598692 Ry

 AE-NL:Orbital Filling       Eigenvalues[mRy]         Norm[1e-3] 
 AE-NL- --------------------------------------------------------------
 AE-NL- 100 	 2.000	       8.4195027094	 -0.1507139280	
 AE-NL- 210 	 6.000	       9.3721614576	 -0.0550735562	
 AE-NL- 320 	 3.000	       8.3537371429	  0.6330002389	
 AE-NL- 200 	 2.000	      -3.5701989245	 -4.7914864741	
 AE-NL- 310 	 0.000	      -1.7325789921	 -4.9786466548	
 AE-NL-  total error =	      31.4481792267	 10.6089208519

 =====================================================================
 AE:Orbital    Filling       Eigenvalues[Ry]          Norm
    ----------------------------------------------------------
	100	 2.000	    -391.0187415873
	200	 2.000	     -44.1887177140
	210	 6.000	     -37.4295730014
	300	 2.000	      -5.6156260840	  0.0596759733
	310	 6.000	      -3.7830672642	  0.0319349113
	320	 3.000	      -0.9610538201	  0.2472384583
	400	 1.000	      -0.8131616803	  0.9422703213
	410	 0.000	      -0.5154992627	  0.9383036134

      E_tot =    -1882.7567552991 Ry

 NL:Orbital    Filling       Eigenvalues[Ry]          Norm       Ghost
    ------------------------------------------------------------------
	100 	 2.000	      -5.6204186987	  0.0597594937	    no
	210 	 6.000	      -3.7884939987	  0.0319589772	    no
	320 	 3.000	      -0.9659470862	  0.2469404921	    no
	200 	 1.000	      -0.8046543926	  0.9484905701	    no
	310 	 0.000	      -0.5080054952	  0.9472712965	    no

      E_tot =     -139.7419634126 Ry

 AE-NL:Orbital Filling       Eigenvalues[mRy]         Norm[1e-3] 
 AE-NL- --------------------------------------------------------------
 AE-NL- 100 	 2.000	       4.7926147304	 -0.0835203240	
 AE-NL- 210 	 6.000	       5.4267344597	 -0.0240659108	
 AE-NL- 320 	 3.000	       4.8932660953	  0.2979661534	
 AE-NL- 200 	 1.000	      -8.5072876555	 -6.2202487672	
 AE-NL- 310 	 0.000	      -7.4937675110	 -8.9676830490	
 AE-NL-  total error =	      31.1136704518	 15.5934842043

 =====================================================================
 AE:Orbital    Filling       Eigenvalues[Ry]          Norm
    ----------------------------------------------------------
	100	 2.000	    -391.2339759927
	200	 2.000	     -44.4359371345
	210	 6.000	     -37.6737196380
	300	 2.000	      -5.8226419409	  0.0573659598
	310	 6.000	      -3.9825287934	  0.0295579343
	320	 2.500	      -1.1302780728	  0.2149694189
	400	 1.500	      -0.8699257482	  0.9370954321
	410	 0.000	      -0.5562251123	  0.9295965105

      E_tot =    -1882.6554829146 Ry

 NL:Orbital    Filling       Eigenvalues[Ry]          Norm       Ghost
    ------------------------------------------------------------------
	100 	 2.000	      -5.8318620788	  0.0575717032	    no
	210 	 6.000	      -3.9911049037	  0.0296837170	    no
	320 	 2.500	      -1.1346664615	  0.2170818255	    no
	200 	 1.500	      -0.8620287395	  0.9439380827	    no
	310 	 0.000	      -0.5480981743	  0.9400706617	    no

      E_tot =     -139.6341311228 Ry

 AE-NL:Orbital Filling       Eigenvalues[mRy]         Norm[1e-3] 
 AE-NL- --------------------------------------------------------------
 AE-NL- 100 	 2.000	       9.2201379165	 -0.2057433892	
 AE-NL- 210 	 6.000	       8.5761103272	 -0.1257827036	
 AE-NL- 320 	 2.500	       4.3883887342	 -2.1124066707	
 AE-NL- 200 	 1.500	      -7.8970086461	 -6.8426506123	
 AE-NL- 310 	 0.000	      -8.1269379426	-10.4741512019	
 AE-NL-  total error =	      38.2085835667	 19.7607345777

 =====================================================================
 AE:Orbital    Filling       Eigenvalues[Ry]          Norm
    ----------------------------------------------------------
	100	 2.000	    -394.5585675717
	200	 2.000	     -47.8393925395
	210	 6.000	     -41.0708196681
	300	 2.000	      -8.9504140912	  0.0455676065
	310	 6.000	      -7.0725219301	  0.0181636271
	320	 1.000	      -4.0946530805	  0.0986178938
	400	 0.000	      -2.8361849951	  0.8624945103
	410	 0.000	      -2.3375962815	  0.7791859260

      E_tot =    -1876.1336360912 Ry

 NL:Orbital    Filling       Eigenvalues[Ry]          Norm       Ghost
    ------------------------------------------------------------------
	100 	 2.000	      -8.9230257189	  0.0465498635	    no
	210 	 6.000	      -7.0311542963	  0.0189598204	    no
	320 	 1.000	      -4.0189960230	  0.1092161389	    no
	200 	 0.000	      -2.7945461735	  0.8807361666	    no
	310 	 0.000	      -2.2759316874	  0.8189105852	    no

      E_tot =     -133.1801688098 Ry

 AE-NL:Orbital Filling       Eigenvalues[mRy]         Norm[1e-3] 
 AE-NL- --------------------------------------------------------------
 AE-NL- 100 	 2.000	     -27.3883722692	 -0.9822569471	
 AE-NL- 210 	 6.000	     -41.3676338684	 -0.7961933185	
 AE-NL- 320 	 1.000	     -75.6570574603	-10.5982451085	
 AE-NL- 200 	 0.000	     -41.6388215957	-18.2416562706	
 AE-NL- 310 	 0.000	     -61.6645941525	-39.7246592637	
 AE-NL-  total error =	     247.7164793461	 70.3430109084

 =====================================================================
 AE:Orbital    Filling       Eigenvalues[Ry]          Norm
    ----------------------------------------------------------
	100	 2.000	    -396.3350983009
	200	 2.000	     -49.6971093562
	210	 6.000	     -42.9233973803
	300	 2.000	     -10.5214213041	  0.0380844145
	310	 6.000	      -8.6190020347	  0.0130224499
	320	 0.000	      -5.6014116181	  0.0649675171
	400	 0.000	      -3.7392522739	  0.8237269220
	410	 0.000	      -3.1816557133	  0.7011888188

      E_tot =    -1871.2983223706 Ry

 NL:Orbital    Filling       Eigenvalues[Ry]          Norm       Ghost
    ------------------------------------------------------------------
	100 	 2.000	     -10.4347911400	  0.0399348146	    no
	210 	 6.000	      -8.5047866222	  0.0142736226	    no
	320 	 0.000	      -5.4132722059	  0.0790639010	    no
	200 	 0.000	      -3.6661151898	  0.8500581048	    no
	310 	 0.000	      -3.0709787397	  0.7596560944	    no

      E_tot =     -128.4716575653 Ry

 AE-NL:Orbital Filling       Eigenvalues[mRy]         Norm[1e-3] 
 AE-NL- --------------------------------------------------------------
 AE-NL- 100 	 2.000	     -86.6301640880	 -1.8504000832	
 AE-NL- 210 	 6.000	    -114.2154125103	 -1.2511727583	
 AE-NL- 320 	 0.000	    -188.1394122116	-14.0963838831	
 AE-NL- 200 	 0.000	     -73.1370841065	-26.3311827814	
 AE-NL- 310 	 0.000	    -110.6769735277	-58.4672755537	
 AE-NL-  total error =	     572.7990464442	101.9964150597

 =====================================================================

  Comparison of total energy differences.           
   DD_ij = (E_i - E_j)_AE - (E_i-E_j)_NL     

 AE-NL-   i   j         DD[mRy]        DD[meV] 
 AE-NL- ------------------------------------------
 AE-NL-   0   1        17.863578     243.046480
 AE-NL-   0   2        11.963316     162.769293
 AE-NL-   0   3        18.523222     252.021397
 AE-NL-   0   4       -49.361289    -671.594885
 AE-NL-   0   5      -176.163765   -2396.831335
 AE-NL-   1   2        -5.900261     -80.277186
 AE-NL-   1   3         0.659644       8.974918
 AE-NL-   1   4       -67.224866    -914.641365
 AE-NL-   1   5      -194.027343   -2639.877815
 AE-NL-   2   3         6.559905      89.252104
 AE-NL-   2   4       -61.324605    -834.364178
 AE-NL-   2   5      -188.127081   -2559.600628
 AE-NL-   3   4       -67.884510    -923.616282
 AE-NL-   3   5      -194.686986   -2648.852732
 AE-NL-   4   5      -126.802476   -1725.236450
#kb_find read-receipt