
 ++++++++++++++++++++++++++++++++++++++++++++++++++++++++++++++++++++++++
           OPIUM  Version:        3.8                             
           =====================================            
 See http://opium.sourceforge.net for help and information                 
 Copyright 2009 : The OPIUM project                         

 Compile host     : pzt.wm.edu
 Compile OS       : Linux 2.6.9-42.ELsmp x86_64
 Compile date     : Mon Apr 27 12:45:31 EDT 2009

 Execution host   : barbaloot2
 time of execution: Tue Jul 19 10:40:00 2016

 ++++++++++++++++++++++++++++++++++++++++++++++++++++++++++++++++++++++++
 Reading parameter file:  <v.param> ... 
 File prefix             : v 
 Element                 : Vanadium   (V) 
 Z                       : 23 
 
 Number of all-electron orbitals   : 8 
 Number of pseudo       orbitals   : 5 
 
 Pseudopotential is non-relativistic 
 Exchage-correlation functional is : Perdew-Zunger LDA 
 The s potential is used for the KB construction 
 Optimized (RRKJ) pseudopotential method will be used 

 nl    cutoff radii    q-max      # bessel functions
 3s       1.580        7.070              10 
 3p       1.950        7.070              10 
 3d       1.770        7.540              10 
 4s       1.580        7.070              10 
 4p       1.950        7.070              10 

 Reference Configuration: core  <-/-> valence 
 1s2  2s2  2p6  <-/-> 3s2  3p6  3d3  4s0  4p0 

 Grid definitions: 
 a_grid=1.00e-04    b_grid=1.30e-02    # points=1157 
 r(1)=3.52e-05      r(np)=1.18e+02    

 dEmax tolerance:  1.00e-08      dVmax tolerance:  1.00e-06     

 Box 1  0.0101782 --> 0.0200104  height: -12.2372 
 Box 2  0.0202722 --> 0.0403766  height: -12.1988 
 Box 3  0.0409049 --> 0.0604158  height: -12.1349 
 Box 4  0.0612063 --> 0.080419  height: -12.046 
 Box 5  0.0814712 --> 0.100308  height: -11.9324 
 Box 6  0.101621 --> 0.120331  height: -11.7947 
 Box 7  0.121906 --> 0.140647  height: -11.6335 
 Box 8  0.142487 --> 0.160172  height: -11.4497 
 Box 9  0.162268 --> 0.180053  height: -11.2439 
 Box 10  0.182409 --> 0.202401  height: -11.0174 
 Box 11  0.205049 --> 0.221683  height: -10.771 
 Box 12  0.224584 --> 0.242803  height: -10.506 
 Box 13  0.24598 --> 0.2625  height: -10.2236 
 Box 14  0.265935 --> 0.280129  height: -9.92511 
 Box 15  0.283794 --> 0.302854  height: -9.61189 
 Box 16  0.306817 --> 0.323193  height: -9.28537 
 Box 17  0.327422 --> 0.340444  height: -8.94702 
 Box 18  0.344898 --> 0.363308  height: -8.59836 
 Box 19  0.368062 --> 0.3827  height: -8.24094 
 Box 20  0.387707 --> 0.403126  height: -7.8763 
 Box 21  0.408401 --> 0.424644  height: -7.50604 
 Box 22  0.4302 --> 0.441532  height: -7.13171 
 Box 23  0.447309 --> 0.465099  height: -6.75491 
 Box 24  0.471185 --> 0.483596  height: -6.37716 
 Box 25  0.489924 --> 0.502829  height: -6 
 Box 26  0.509408 --> 0.522827  height: -5.62492 
 Box 27  0.529668 --> 0.54362  height: -5.25337 
 Box 28  0.550733 --> 0.56524  height: -4.88675 
 Box 29  0.572636 --> 0.58772  height: -4.52639 
 Box 30  0.59541 --> 0.603201  height: -4.17357 
 Box 31  0.611094 --> 0.62719  height: -3.82948 
 Box 32  0.635397 --> 0.643711  height: -3.49526 
 Box 33  0.652134 --> 0.660667  height: -3.17194 
 Box 34  0.669312 --> 0.686942  height: -2.86045 
 Box 35  0.695931 --> 0.705037  height: -2.56167 
 Box 36  0.714262 --> 0.723608  height: -2.27635 
 Box 37  0.733077 --> 0.742669  height: -2.00514 
 Box 38  0.752387 --> 0.762231  height: -1.74859 
 Box 39  0.772205 --> 0.782309  height: -1.50716 
 Box 40  0.792546 --> 0.802916  height: -1.2812 
 Box 41  0.813422 --> 0.824066  height: -1.07094 
 Box 42  0.834848 --> 0.845772  height: -0.876514 
 Box 43  0.856839 --> 0.868051  height: -0.697963 
 Box 44  0.879409 --> 0.890916  height: -0.535217 
 Box 45  0.902574 --> 0.902574  height: -0.38811 
 Box 46  0.914384 --> 0.926348  height: -0.256382 
 Box 47  0.938469 --> 0.950749  height: -0.139682 
 Box 48  0.963189 --> 0.963189  height: -0.0375759 
 Box 49  0.975793 --> 0.988561  height: 0.0504545 
 Box 50  1.0015 --> 1.0015  height: 0.125 
 Box 51  1.0146 --> 1.02788  height: 0.18672 
 Box 52  1.04133 --> 1.04133  height: 0.236336 
 Box 53  1.05495 --> 1.06876  height: 0.274624 
 Box 54  1.08274 --> 1.08274  height: 0.302407 
 Box 55  1.09691 --> 1.11126  height: 0.320548 
 Box 56  1.1258 --> 1.1258  height: 0.329941 
 Box 57  1.14053 --> 1.14053  height: 0.331503 
 Box 58  1.15546 --> 1.17057  height: 0.326168 
 Box 59  1.18589 --> 1.18589  height: 0.314877 
 Box 60  1.20141 --> 1.20141  height: 0.298568 
 Box 61  1.21713 --> 1.23306  height: 0.278172 
 Box 62  1.24919 --> 1.24919  height: 0.254602 
 Box 63  1.26553 --> 1.26553  height: 0.228746 
 Box 64  1.28209 --> 1.28209  height: 0.201461 
 Box 65  1.29887 --> 1.31587  height: 0.173563 
 Box 66  1.33308 --> 1.33308  height: 0.145823 
 Box 67  1.35053 --> 1.35053  height: 0.118957 
 Box 68  1.3682 --> 1.3682  height: 0.0936243 
 Box 69  1.3861 --> 1.3861  height: 0.0704202 
 Box 70  1.40424 --> 1.40424  height: 0.04987 
 Box 71  1.42261 --> 1.42261  height: 0.0324259 
 Box 72  1.44123 --> 1.44123  height: 0.0184633 
 Box 73  1.46009 --> 1.47919  height: 0.00827718 
 Box 74  1.49855 --> 1.49855  height: 0.00208001 
 Starting calculation...

 ======================================================================== 
 Begin AE calculation
 ======================================================================== 
 Performing non-relativistic AE calculation...  
 ---------Eigenvalue guesses---------
 1s          -529.00000000
 2s           -33.06250000
 2p           -33.06250000
 3s            -6.53086420
 3p            -6.53086420
 3d            -6.53086420
 4s            -2.06640625
 4p            -2.06640625
 
 iter       Etot             Ebs             Ehxc       de_max   dv_max
   1    -2113.7773197   -1293.1868938    -820.5904259 0.61E+00 0.36E+01
   2    -1940.8814096   -1187.9198463    -752.9615633 0.47E+00 0.10E+01
   3    -1882.2240295   -1149.2038451    -733.0201844 0.18E+00 0.29E+00
   4    -1881.1639401   -1146.8893419    -734.2745982 0.23E-01 0.93E-01
   5    -1883.1177552   -1147.1011727    -736.0165825 0.18E-01 0.53E-01
   6    -1883.1144641   -1146.3971930    -736.7172711 0.10E-01 0.50E-01
   7    -1882.1749452   -1145.4692338    -736.7057115 0.17E-01 0.29E-01
   8    -1881.2527061   -1145.0213925    -736.2313136 0.11E-01 0.13E-01
   9    -1881.2625617   -1145.1990051    -736.0635566 0.20E-02 0.12E-01
  10    -1881.7748613   -1145.5899328    -736.1849285 0.57E-02 0.34E-02
  11    -1881.7641508   -1145.5447258    -736.2194250 0.64E-03 0.17E-02
  12    -1881.6870825   -1145.4846906    -736.2023920 0.84E-03 0.51E-03
  13    -1881.6876695   -1145.4905255    -736.1971440 0.98E-04 0.28E-03
  14    -1881.6971658   -1145.4980083    -736.1991576 0.14E-03 0.63E-04
  15    -1881.6977522   -1145.4979599    -736.1997923 0.86E-05 0.29E-04
  16    -1881.6974961   -1145.4976899    -736.1998063 0.64E-05 0.17E-04
  17    -1881.6971685   -1145.4975200    -736.1996485 0.30E-05 0.12E-04
  18    -1881.6970334   -1145.4975050    -736.1995284 0.17E-05 0.84E-05
  19    -1881.6970425   -1145.4975584    -736.1994841 0.14E-05 0.52E-05
  20    -1881.6970967   -1145.4976110    -736.1994857 0.11E-05 0.29E-05
  21    -1881.6971379   -1145.4976375    -736.1995003 0.68E-06 0.14E-05
  22    -1881.6971552   -1145.4976439    -736.1995114 0.27E-06 0.66E-06
  23    -1881.6971573   -1145.4976412    -736.1995161 0.10E-06 0.31E-06
  24    -1881.6971539   -1145.4976378    -736.1995161 0.34E-07 0.16E-06
  25    -1881.6971508   -1145.4976359    -736.1995149 0.17E-07 0.92E-07
  26    -1881.6971495   -1145.4976355    -736.1995139 0.22E-07 0.55E-07
  27    -1881.6971494   -1145.4976359    -736.1995135 0.85E-08 0.31E-07
 
   27 iterations: (units are Ry and bohr)
 Energy:   -1881.69714935  Ebs:   -1145.49763587  Ehxc:    -736.19951348
 Eh    :     763.69703078  Exc:     -85.00271626
 
   Orbital    Filling       Eigenvalues    Norm(rc->oo)      Peak
    |100>      2.000        -391.686883
    |200>      2.000         -44.839649
    |210>      6.000         -38.082048
    |300>      2.000          -6.270442      0.059385      0.824066
    |310>      6.000          -4.437111      0.030978      0.845772
    |320>      3.000          -1.596244      0.219196      0.879409
    |400>      0.000          -1.302853      0.925644      2.455904
    |410>      0.000          -0.947680      0.906343      2.870525

 ======================================================================== 
 End AE calculation
 ======================================================================== 

 ======================================================================== 
 Begin PS construction
 ======================================================================== 
 Optimized Pseudopotential Generation ...
 
 ==================
 zeff=   13.0000000000000     
 Pseudizing state : |300>
 eigenvalue       : -6.270442
 qc               :  7.070000
 # bessel fxns    : 10
 point nearest rc :  825
 rc               :  1.580000
 actual rc        :  1.578531
 
 Psi(rc)          :     0.2988123755
 Slope at rc      :    -0.7090079818
 Curvature at rc  :     1.5791997712
 Del^2 Psi at rc  :     0.6808863081
 Log Deriv at rc  :    -2.3727530719
 
 Starting KE minimization...
  step #    theta       slope       curv       KEresid    coeffsum
     1    0.013446   -2.494833   92.773839    0.007473    1.480768
     2   -0.003181    1.190990  187.206340    0.005579    1.447827
     3   -0.004719    0.634249   67.204687    0.004083    1.444230
     4   -0.006147    0.520529   42.341280    0.002483    1.501038
    11   -0.000119    0.036771  154.817779    0.000289    1.572398
    21   -0.000105    0.052563  250.534206    0.000215    1.618722
    31   -0.000101    0.047711  235.863612    0.000137    1.680110
    41   -0.000024    0.011564  236.839981    0.000127    1.686792
    51   -0.000042    0.018267  219.482378    0.000118    1.700760
    61   -0.000036    0.013099  182.395513    0.000109    1.704062
    71   -0.000044    0.020201  230.784303    0.000097    1.722634
    81   -0.000024    0.009698  203.631448    0.000091    1.724231
    91   -0.000055    0.026134  238.383359    0.000078    1.745515
   101   -0.000017    0.007401  220.832423    0.000072    1.747245
   111   -0.000046    0.016946  185.989837    0.000065    1.762620
   121   -0.000021    0.010974  258.069839    0.000060    1.765118
   131   -0.000021    0.010178  245.293876    0.000057    1.773147
   141   -0.000019    0.008239  219.790293    0.000054    1.775212
   151   -0.000023    0.008753  188.650706    0.000051    1.782325
   161   -0.000032    0.010144  156.097229    0.000045    1.789889
   171   -0.000046    0.018477  200.706764    0.000028    1.844014
   181   -0.000008    0.002261  145.321073    0.000025    1.842339
   191   -0.000031    0.010624  172.324137    0.000021    1.865474
   201   -0.000003    0.001090  185.242646    0.000021    1.865040
 
 # steps:   202
 Final KE error:    0.0000208270
 Sum of coeffs :    1.8650970855
 ---------------------------------------------------------------
 Coeff:      1.504696  0.540354 -0.172975 -0.005238 -0.004643  0.003559 -0.002696  0.002228 -0.001900  0.001712
 ---------------------------------------------------------------
 Resid KE (Ry)     :        0.0000208270
 Norm error        :     0.111E-15
 Continuity error  :     0.555E-16
 Curvature error   :     0.251E-13
 ---------------------------------------------------------------
 Bessel wavevectors and final coefficients
   1        1.5326075439        1.5046961526
   2        3.2931240962        0.5403539179
   3        5.1806873168       -0.1729750613
   4        7.1175270341       -0.0052380783
   5        9.0758455844       -0.0046432364
   6       11.0450426928        0.0035590999
   7       13.0204224231       -0.0026955722
   8       14.9996276319        0.0022281587
   9       16.9813561019       -0.0019002460
  10       18.9648332015        0.0017119505
 
 Total KE           (Ry) :     2.2486877327
 0  -> qc contribution   :     2.2486669057
 qc -> oo contribution   :     0.0000208270   (=Convergence term)
 Occupancy of this state :     2.0000000000
 Convergence term (Ry/e) :     0.0000208270
 Convergence error (mRy) :     0.0416539874
 Convergence error (meV) :     0.5667358216
 
 
 ==================
 zeff=   13.0000000000000     
 Pseudizing state : |310>
 eigenvalue       : -4.437111
 qc               :  7.070000
 # bessel fxns    : 10
 point nearest rc :  841
 rc               :  1.950000
 actual rc        :  1.943509
 
 Psi(rc)          :     0.1636767408
 Slope at rc      :    -0.3386031235
 Curvature at rc  :     0.6847981026
 Del^2 Psi at rc  :     0.2496878391
 Log Deriv at rc  :    -2.0687308524
 
 Starting KE minimization...
  step #    theta       slope       curv       KEresid    coeffsum
     1    0.031841   -5.642771   88.608004    0.027477    4.311970
     2   -0.007404    2.486553  167.912060    0.018272    4.497685
     3   -0.009991    1.269131   63.511536    0.011929    4.492919
     4   -0.007956    0.972873   61.143916    0.008058    4.348052
    11   -0.000591    0.228427  193.106768    0.000589    4.236899
    21   -0.000092    0.024463  132.364944    0.000390    4.208270
    31   -0.000071    0.026589  186.524632    0.000355    4.164346
    41   -0.000030    0.012510  210.704826    0.000332    4.165333
    51   -0.000048    0.015614  161.834322    0.000319    4.146105
    61   -0.000072    0.017013  118.098729    0.000296    4.138740
    71   -0.000081    0.026752  164.578651    0.000267    4.103757
    81   -0.000034    0.010617  156.871029    0.000253    4.102772
    91   -0.000047    0.015496  164.590874    0.000241    4.082534
   101   -0.000037    0.011699  158.364028    0.000229    4.081072
   111   -0.000041    0.012716  154.688013    0.000219    4.065547
   121   -0.000044    0.012941  148.570035    0.000208    4.061722
   131   -0.000043    0.012456  144.660749    0.000199    4.046689
   141   -0.000055    0.010058   90.779936    0.000186    4.040344
   151   -0.000112    0.037086  165.932581    0.000011    3.727784
 
 # steps:   152
 Final KE error:    0.0000089907
 Sum of coeffs :    3.7277492651
 ---------------------------------------------------------------
 Coeff:      1.547525  1.586439  0.546306  0.050873 -0.003039  0.000906 -0.000733  0.000681 -0.001147 -0.000062
 ---------------------------------------------------------------
 Resid KE (Ry)     :        0.0000089907
 Norm error        :     0.444E-15
 Continuity error  :     0.000E+00
 Curvature error   :    -0.208E-14
 ---------------------------------------------------------------
 Bessel wavevectors and final coefficients
   1        1.8492849653        1.5475246771
   2        3.3799587940        1.5864393498
   3        4.9535993990        0.5463055152
   4        6.5458786733        0.0508729619
   5        8.1470622078       -0.0030387306
   6        9.7530642576        0.0009061729
   7       11.3619380151       -0.0007329382
   8       12.9726520954        0.0006806078
   9       14.5846129921       -0.0011467646
  10       16.1974563038       -0.0000615862
 
 Total KE           (Ry) :     5.2869121494
 0  -> qc contribution   :     5.2869031587
 qc -> oo contribution   :     0.0000089907   (=Convergence term)
 Occupancy of this state :     6.0000000000
 Convergence term (Ry/e) :     0.0000089907
 Convergence error (mRy) :     0.0539442037
 Convergence error (meV) :     0.7339540470
 
 
 ==================
 zeff=   13.0000000000000     
 Pseudizing state : |320>
 eigenvalue       : -1.596244
 qc               :  7.540000
 # bessel fxns    : 10
 point nearest rc :  834
 rc               :  1.770000
 actual rc        :  1.774458
 
 Psi(rc)          :     0.3212390676
 Slope at rc      :    -0.3935852663
 Curvature at rc  :     0.4988083565
 Del^2 Psi at rc  :    -0.5569400165
 Log Deriv at rc  :    -1.2252098390
 
 Starting KE minimization...
  step #    theta       slope       curv       KEresid    coeffsum
     1    0.092862  -15.868468   85.441402    0.248605    5.459310
     2   -0.022368    7.258178  162.242732    0.167510    6.081804
     3   -0.034544    3.824263   55.354135    0.101610    6.139581
     4   -0.035245    3.151837   44.713429    0.046193    5.584946
    11   -0.000779    0.262699  168.546850    0.012590    5.444647
    21   -0.001363    0.460577  168.972388    0.000684    4.717483
    31   -0.000156    0.027682   88.853138    0.000295    4.687085
    41   -0.000021    0.007936  190.783445    0.000162    4.586635
    51   -0.000004    0.001253  163.108974    0.000162    4.586620
 
 # steps:    52
 Final KE error:    0.0001617964
 Sum of coeffs :    4.5866126408
 ---------------------------------------------------------------
 Coeff:      2.117248  1.896108  0.570762  0.001131  0.006055 -0.004688  0.004111 -0.003969  0.003954 -0.004100
 ---------------------------------------------------------------
 Resid KE (Ry)     :        0.0001617964
 Norm error        :    -0.222E-15
 Continuity error  :    -0.278E-15
 Curvature error   :    -0.178E-14
 ---------------------------------------------------------------
 Bessel wavevectors and final coefficients
   1        2.4144476345        2.1172481065
   2        4.2909122408        1.8961082739
   3        6.1015252293        0.5707620051
   4        7.8935646411        0.0011310733
   5        9.6775626941        0.0060551786
   6       11.4573242845       -0.0046878131
   7       13.2345738940        0.0041109561
   8       15.0102097249       -0.0039690834
   9       16.7847465627        0.0039541728
  10       18.5585009483       -0.0041002289
 
 Total KE           (Ry) :     7.1134203125
 0  -> qc contribution   :     7.1132585161
 qc -> oo contribution   :     0.0001617964   (=Convergence term)
 Occupancy of this state :     3.0000000000
 Convergence term (Ry/e) :     0.0001617964
 Convergence error (mRy) :     0.4853892496
 Convergence error (meV) :     6.6041090521
 
 ------------------------------
 Descreening potential
 valence charge          :  11.000000
 core    charge          :   0.000000
 
 ----Solving the Schrodinger equation for all states----
 State: 3s  AE eigenvalue =  -6.270442  PS eigenvalue =  -6.270442
 State: 3p  AE eigenvalue =  -4.437111  PS eigenvalue =  -4.437111
 State: 3d  AE eigenvalue =  -1.596244  PS eigenvalue =  -1.596244
 
 ---Semilocal ghost testing---
 Local state: 3s
 
 Test  state: 3p
 KB energy :  -4.792462  KB strength:   2.788467  KB cosine:  -0.581844
 el0       :  -3.326624  el1        :  -0.800632  eig      :  -4.437111
 No ghosts!  Ekb<0  and eig < el0
 
 Test  state: 3d
 KB energy :  -8.419498  KB strength:   4.199244  KB cosine:  -0.498752
 el0       :  -0.907708  el1        :  -0.375733  eig      :  -1.596244
 No ghosts!  Ekb<0  and eig < el0
 
 No ghosts for local potential: 3s
 ------------------------------
 
 Local state: 3p
 
 Test  state: 3s
 KB energy :   5.405132  KB strength:   3.558662  KB cosine:   0.658386
 el0       :  -9.482194  el1        :  -1.895370  eig      :  -6.270442
 No ghosts!  Ekb>0  and el0 < eig < el1
 
 Test  state: 3d
 KB energy :  -4.424306  KB strength:   2.466401  KB cosine:  -0.557466
 el0       :  -0.912353  el1        :  -0.383076  eig      :  -1.596244
 No ghosts!  Ekb<0  and eig < el0
 
 No ghosts for local potential: 3p
 ------------------------------
 
 Local state: 3d
 
 Test  state: 3s
 KB energy :   9.621421  KB strength:   7.121758  KB cosine:   0.740198
 el0       : -13.885044  el1        :  -2.441258  eig      :  -6.270442
 No ghosts!  Ekb>0  and el0 < eig < el1
 
 Test  state: 3p
 KB energy :   4.483723  KB strength:   3.277722  KB cosine:   0.731027
 el0       :  -7.403971  el1        :  -1.050985  eig      :  -4.437111
 No ghosts!  Ekb>0  and el0 < eig < el1
 
 No ghosts for local potential: 3d
 ------------------------------
 

 ======================================================================== 
 End PS construction
 ======================================================================== 

 ======================================================================== 
 Begin NL calculation
 ======================================================================== 
 ---------Eigenvalue guesses---------
 1s            -6.27044176
 2p            -4.43711114
 3d            -1.59624392
 2s            -1.30285321
 3p            -0.94767984
 Performing non-local pseudopotential calculation
 Using the s potential as the local potential
 
 --Augmentation operator info--
 Number of functions:  74
 # 1 range(a.u.):   0.010047 ----->  0.019752   size(Ry):-12.237175
 # 2 range(a.u.):   0.020010 ----->  0.039855   size(Ry):-12.198760
 # 3 range(a.u.):   0.040377 ----->  0.059635   size(Ry):-12.134942
 # 4 range(a.u.):   0.060416 ----->  0.079380   size(Ry):-12.046026
 # 5 range(a.u.):   0.080419 ----->  0.099013   size(Ry):-11.932438
 # 6 range(a.u.):   0.100308 ----->  0.118777   size(Ry):-11.794724
 # 7 range(a.u.):   0.120331 ----->  0.138830   size(Ry):-11.633540
 # 8 range(a.u.):   0.140647 ----->  0.158104   size(Ry):-11.449654
 # 9 range(a.u.):   0.160172 ----->  0.177727   size(Ry):-11.243939
 #10 range(a.u.):   0.180053 ----->  0.199787   size(Ry):-11.017368
 #11 range(a.u.):   0.202401 ----->  0.218820   size(Ry):-10.771008
 #12 range(a.u.):   0.221683 ----->  0.239667   size(Ry):-10.506010
 #13 range(a.u.):   0.242803 ----->  0.259109   size(Ry):-10.223610
 #14 range(a.u.):   0.262500 ----->  0.276511   size(Ry): -9.925113
 #15 range(a.u.):   0.280129 ----->  0.298942   size(Ry): -9.611890
 #16 range(a.u.):   0.302854 ----->  0.319019   size(Ry): -9.285368
 #17 range(a.u.):   0.323193 ----->  0.336047   size(Ry): -8.947021
 #18 range(a.u.):   0.340444 ----->  0.358615   size(Ry): -8.598363
 #19 range(a.u.):   0.363308 ----->  0.377757   size(Ry): -8.240935
 #20 range(a.u.):   0.382700 ----->  0.397920   size(Ry): -7.876302
 #21 range(a.u.):   0.403126 ----->  0.419159   size(Ry): -7.506037
 #22 range(a.u.):   0.424644 ----->  0.435829   size(Ry): -7.131715
 #23 range(a.u.):   0.441532 ----->  0.459092   size(Ry): -6.754905
 #24 range(a.u.):   0.465099 ----->  0.477350   size(Ry): -6.377158
 #25 range(a.u.):   0.483596 ----->  0.496335   size(Ry): -6.000000
 #26 range(a.u.):   0.502829 ----->  0.516074   size(Ry): -5.624922
 #27 range(a.u.):   0.522827 ----->  0.536599   size(Ry): -5.253372
 #28 range(a.u.):   0.543620 ----->  0.557939   size(Ry): -4.886748
 #29 range(a.u.):   0.565240 ----->  0.580129   size(Ry): -4.526389
 #30 range(a.u.):   0.587720 ----->  0.595410   size(Ry): -4.173568
 #31 range(a.u.):   0.603201 ----->  0.619090   size(Ry): -3.829485
 #32 range(a.u.):   0.627190 ----->  0.635397   size(Ry): -3.495262
 #33 range(a.u.):   0.643711 ----->  0.652134   size(Ry): -3.171936
 #34 range(a.u.):   0.660667 ----->  0.678070   size(Ry): -2.860455
 #35 range(a.u.):   0.686942 ----->  0.695931   size(Ry): -2.561673
 #36 range(a.u.):   0.705037 ----->  0.714262   size(Ry): -2.276348
 #37 range(a.u.):   0.723608 ----->  0.733077   size(Ry): -2.005136
 #38 range(a.u.):   0.742669 ----->  0.752387   size(Ry): -1.748592
 #39 range(a.u.):   0.762231 ----->  0.772205   size(Ry): -1.507164
 #40 range(a.u.):   0.782309 ----->  0.792546   size(Ry): -1.281200
 #41 range(a.u.):   0.802916 ----->  0.813422   size(Ry): -1.070938
 #42 range(a.u.):   0.824066 ----->  0.834848   size(Ry): -0.876514
 #43 range(a.u.):   0.845772 ----->  0.856839   size(Ry): -0.697963
 #44 range(a.u.):   0.868051 ----->  0.879409   size(Ry): -0.535217
 #45 range(a.u.):   0.890916 ----->  0.890916   size(Ry): -0.388110
 #46 range(a.u.):   0.902574 ----->  0.914384   size(Ry): -0.256382
 #47 range(a.u.):   0.926348 ----->  0.938469   size(Ry): -0.139682
 #48 range(a.u.):   0.950749 ----->  0.950749   size(Ry): -0.037576
 #49 range(a.u.):   0.963189 ----->  0.975793   size(Ry):  0.050455
 #50 range(a.u.):   0.988561 ----->  0.988561   size(Ry):  0.125000
 #51 range(a.u.):   1.001496 ----->  1.014600   size(Ry):  0.186720
 #52 range(a.u.):   1.027876 ----->  1.027876   size(Ry):  0.236336
 #53 range(a.u.):   1.041326 ----->  1.054952   size(Ry):  0.274624
 #54 range(a.u.):   1.068756 ----->  1.068756   size(Ry):  0.302407
 #55 range(a.u.):   1.082740 ----->  1.096908   size(Ry):  0.320548
 #56 range(a.u.):   1.111260 ----->  1.111260   size(Ry):  0.329941
 #57 range(a.u.):   1.125801 ----->  1.125801   size(Ry):  0.331503
 #58 range(a.u.):   1.140532 ----->  1.155456   size(Ry):  0.326168
 #59 range(a.u.):   1.170575 ----->  1.170575   size(Ry):  0.314877
 #60 range(a.u.):   1.185892 ----->  1.185892   size(Ry):  0.298568
 #61 range(a.u.):   1.201409 ----->  1.217129   size(Ry):  0.278172
 #62 range(a.u.):   1.233055 ----->  1.233055   size(Ry):  0.254602
 #63 range(a.u.):   1.249189 ----->  1.249189   size(Ry):  0.228746
 #64 range(a.u.):   1.265535 ----->  1.265535   size(Ry):  0.201461
 #65 range(a.u.):   1.282094 ----->  1.298870   size(Ry):  0.173563
 #66 range(a.u.):   1.315866 ----->  1.315866   size(Ry):  0.145823
 #67 range(a.u.):   1.333084 ----->  1.333084   size(Ry):  0.118957
 #68 range(a.u.):   1.350527 ----->  1.350527   size(Ry):  0.093624
 #69 range(a.u.):   1.368198 ----->  1.368198   size(Ry):  0.070420
 #70 range(a.u.):   1.386101 ----->  1.386101   size(Ry):  0.049870
 #71 range(a.u.):   1.404238 ----->  1.404238   size(Ry):  0.032426
 #72 range(a.u.):   1.422612 ----->  1.422612   size(Ry):  0.018463
 #73 range(a.u.):   1.441227 ----->  1.460085   size(Ry):  0.008277
 #74 range(a.u.):   1.479190 ----->  1.479190   size(Ry):  0.002080
 ------------------------------
 
 iter       Etot             Ebs             Ehxc       de_max   dv_max
   1     -138.6943208     -43.9522821     -94.7420386 0.85E-01 0.25E-08
   2     -138.6943208     -43.9522821     -94.7420387 0.36E-09 0.10E-08
 
    2 iterations: (units are Ry and bohr)
 Energy:    -138.69432078  Ebs:     -43.95228213  Ehxc:     -94.74203866
 Eh    :      99.51580658  Exc:     -15.24017004
 
   Orbital    Filling       Eigenvalues    Norm(rc->oo)      Peak
    |100>      2.000          -6.270442      0.059385      0.834848
    |210>      6.000          -4.437111      0.030978      0.890916
    |320>      3.000          -1.596244      0.219196      1.001496
    |200>      0.000          -1.413989      0.866718      2.301348
    |310>      0.000          -0.963957      0.894176      2.833450
 
 ---Non-local ghost testing---
 Local state: 1s
 
 Test  state: 1s
 KB energy :   6.300450  KB strength:   3.465769  KB cosine:   0.550083
 el0       :  -9.169925  el1        :  -2.096333  eig      :  -6.270442
 No ghosts!  Ekb>0  and el0 < eig < el1
 
 Test  state: 2p
 KB energy :  -1.882480  KB strength:   0.959176  KB cosine:  -0.509528
 el0       :  -4.000081  el1        :  -0.895498  eig      :  -4.437111
 No ghosts!  Ekb<0  and eig < el0
 
 Test  state: 3d
 KB energy :  -6.112185  KB strength:   3.195268  KB cosine:  -0.522770
 el0       :  -0.932119  el1        :  -0.381923  eig      :  -1.596244
 No ghosts!  Ekb<0  and eig < el0
 
 Test  state: 2s
 KB energy :   6.300450  KB strength:   3.465769  KB cosine:   0.550083
 el0       :  -2.096333  el1        :  -0.698749  eig      :  -1.413989
 No ghosts!  Ekb>0  and el0 < eig < el1
 
 Test  state: 3p
 KB energy :  -1.882480  KB strength:   0.959176  KB cosine:  -0.509528
 el0       :  -0.895498  el1        :  -0.385825  eig      :  -0.963957
 No ghosts!  Ekb<0  and eig < el0
 ------------------------------
 
 No ghosts present for designed local pot
 

 ======================================================================== 
 End NL calculation
 ======================================================================== 
<<<do_tc>>>


 ===============Configuration 1 AE Calc=============== 
 ---------Eigenvalue guesses---------
 1s          -529.00000000
 2s           -33.06250000
 2p           -33.06250000
 3s            -6.53086420
 3p            -6.53086420
 3d            -6.53086420
 4s            -2.06640625
 4p            -2.06640625
 
 iter       Etot             Ebs             Ehxc       de_max   dv_max
   1    -1816.2371695   -1138.8868374    -677.3503321 0.98E+00 0.47E+01
   2    -1965.2841874   -1170.9040457    -794.3801416 0.12E+02 0.26E+01
   3    -1904.8396852   -1135.6299917    -769.2096934 0.50E+00 0.90E+00
   4    -1887.3996685   -1121.7894171    -765.6102513 0.61E+00 0.11E+00
   5    -1881.4552222   -1118.6153290    -762.8398932 0.25E+00 0.78E-01
   6    -1881.3907519   -1119.3463685    -762.0443834 0.58E-01 0.72E-01
   7    -1883.8273607   -1121.0951954    -762.7321654 0.14E+00 0.24E-01
   8    -1883.6381491   -1120.8259982    -762.8121510 0.16E-01 0.11E-01
   9    -1883.3728517   -1120.6759659    -762.6968858 0.98E-02 0.28E-02
  10    -1883.2312446   -1120.6457763    -762.5854682 0.24E-02 0.36E-02
  11    -1883.2395359   -1120.6909193    -762.5486166 0.35E-02 0.27E-02
  12    -1883.3337939   -1120.7639322    -762.5698618 0.42E-02 0.74E-03
  13    -1883.3500870   -1120.7650332    -762.5850537 0.33E-03 0.64E-03
  14    -1883.3469323   -1120.7573531    -762.5895792 0.66E-03 0.44E-03
  15    -1883.3366957   -1120.7504886    -762.5862071 0.47E-03 0.12E-03
  16    -1883.3330346   -1120.7492277    -762.5838069 0.85E-05 0.13E-03
  17    -1883.3331846   -1120.7498944    -762.5832902 0.89E-04 0.76E-04
  18    -1883.3342401   -1120.7505959    -762.5836442 0.61E-04 0.22E-04
  19    -1883.3348360   -1120.7508154    -762.5840206 0.17E-04 0.16E-04
  20    -1883.3349020   -1120.7507417    -762.5841603 0.11E-04 0.11E-04
  21    -1883.3347623   -1120.7506233    -762.5841390 0.10E-04 0.58E-05
  22    -1883.3346519   -1120.7505709    -762.5840810 0.58E-05 0.28E-05
  23    -1883.3346157   -1120.7505677    -762.5840480 0.23E-05 0.12E-05
  24    -1883.3346275   -1120.7505852    -762.5840424 0.52E-06 0.71E-06
  25    -1883.3346455   -1120.7505972    -762.5840483 0.50E-06 0.25E-06
  26    -1883.3346545   -1120.7506004    -762.5840541 0.16E-06 0.13E-06
  27    -1883.3346554   -1120.7505992    -762.5840562 0.63E-07 0.11E-06
  28    -1883.3346534   -1120.7505975    -762.5840559 0.90E-07 0.43E-07
  29    -1883.3346519   -1120.7505968    -762.5840551 0.28E-07 0.26E-07
  30    -1883.3346515   -1120.7505968    -762.5840546 0.22E-07 0.20E-07
  31    -1883.3346517   -1120.7505971    -762.5840546 0.20E-07 0.12E-07
  32    -1883.3346519   -1120.7505972    -762.5840547 0.11E-07 0.46E-08
  33    -1883.3346520   -1120.7505973    -762.5840547 0.30E-08 0.35E-08
 
   33 iterations: (units are Ry and bohr)
 Energy:   -1883.33465202  Ebs:   -1120.75059728  Ehxc:    -762.58405474
 Eh    :     790.29686280  Exc:     -85.71889508
 
   Orbital    Filling       Eigenvalues    Norm(rc->oo)      Peak
    |100>      2.000        -390.450011
    |200>      2.000         -43.631399
    |210>      6.000         -36.871221
    |300>      2.000          -5.053139      0.059643      0.824066
    |310>      6.000          -3.220394      0.032258      0.845772
    |320>      3.000          -0.408925      0.268925      0.879409
    |400>      2.000          -0.352517      0.954925      2.760729
    |410>      0.000          -0.113715      0.965275      3.627323


 ===============Configuration 1 NL: Calc ===============
 ---------Eigenvalue guesses---------
 1s            -6.27044176
 2p            -4.43711114
 3d            -1.59624392
 2s            -1.30285321
 3p            -0.94767984
 Performing non-local pseudopotential calculation
 Using the s potential as the local potential
 
 --Augmentation operator info--
 Number of functions:  74
 # 1 range(a.u.):   0.010047 ----->  0.019752   size(Ry):-12.237175
 # 2 range(a.u.):   0.020010 ----->  0.039855   size(Ry):-12.198760
 # 3 range(a.u.):   0.040377 ----->  0.059635   size(Ry):-12.134942
 # 4 range(a.u.):   0.060416 ----->  0.079380   size(Ry):-12.046026
 # 5 range(a.u.):   0.080419 ----->  0.099013   size(Ry):-11.932438
 # 6 range(a.u.):   0.100308 ----->  0.118777   size(Ry):-11.794724
 # 7 range(a.u.):   0.120331 ----->  0.138830   size(Ry):-11.633540
 # 8 range(a.u.):   0.140647 ----->  0.158104   size(Ry):-11.449654
 # 9 range(a.u.):   0.160172 ----->  0.177727   size(Ry):-11.243939
 #10 range(a.u.):   0.180053 ----->  0.199787   size(Ry):-11.017368
 #11 range(a.u.):   0.202401 ----->  0.218820   size(Ry):-10.771008
 #12 range(a.u.):   0.221683 ----->  0.239667   size(Ry):-10.506010
 #13 range(a.u.):   0.242803 ----->  0.259109   size(Ry):-10.223610
 #14 range(a.u.):   0.262500 ----->  0.276511   size(Ry): -9.925113
 #15 range(a.u.):   0.280129 ----->  0.298942   size(Ry): -9.611890
 #16 range(a.u.):   0.302854 ----->  0.319019   size(Ry): -9.285368
 #17 range(a.u.):   0.323193 ----->  0.336047   size(Ry): -8.947021
 #18 range(a.u.):   0.340444 ----->  0.358615   size(Ry): -8.598363
 #19 range(a.u.):   0.363308 ----->  0.377757   size(Ry): -8.240935
 #20 range(a.u.):   0.382700 ----->  0.397920   size(Ry): -7.876302
 #21 range(a.u.):   0.403126 ----->  0.419159   size(Ry): -7.506037
 #22 range(a.u.):   0.424644 ----->  0.435829   size(Ry): -7.131715
 #23 range(a.u.):   0.441532 ----->  0.459092   size(Ry): -6.754905
 #24 range(a.u.):   0.465099 ----->  0.477350   size(Ry): -6.377158
 #25 range(a.u.):   0.483596 ----->  0.496335   size(Ry): -6.000000
 #26 range(a.u.):   0.502829 ----->  0.516074   size(Ry): -5.624922
 #27 range(a.u.):   0.522827 ----->  0.536599   size(Ry): -5.253372
 #28 range(a.u.):   0.543620 ----->  0.557939   size(Ry): -4.886748
 #29 range(a.u.):   0.565240 ----->  0.580129   size(Ry): -4.526389
 #30 range(a.u.):   0.587720 ----->  0.595410   size(Ry): -4.173568
 #31 range(a.u.):   0.603201 ----->  0.619090   size(Ry): -3.829485
 #32 range(a.u.):   0.627190 ----->  0.635397   size(Ry): -3.495262
 #33 range(a.u.):   0.643711 ----->  0.652134   size(Ry): -3.171936
 #34 range(a.u.):   0.660667 ----->  0.678070   size(Ry): -2.860455
 #35 range(a.u.):   0.686942 ----->  0.695931   size(Ry): -2.561673
 #36 range(a.u.):   0.705037 ----->  0.714262   size(Ry): -2.276348
 #37 range(a.u.):   0.723608 ----->  0.733077   size(Ry): -2.005136
 #38 range(a.u.):   0.742669 ----->  0.752387   size(Ry): -1.748592
 #39 range(a.u.):   0.762231 ----->  0.772205   size(Ry): -1.507164
 #40 range(a.u.):   0.782309 ----->  0.792546   size(Ry): -1.281200
 #41 range(a.u.):   0.802916 ----->  0.813422   size(Ry): -1.070938
 #42 range(a.u.):   0.824066 ----->  0.834848   size(Ry): -0.876514
 #43 range(a.u.):   0.845772 ----->  0.856839   size(Ry): -0.697963
 #44 range(a.u.):   0.868051 ----->  0.879409   size(Ry): -0.535217
 #45 range(a.u.):   0.890916 ----->  0.890916   size(Ry): -0.388110
 #46 range(a.u.):   0.902574 ----->  0.914384   size(Ry): -0.256382
 #47 range(a.u.):   0.926348 ----->  0.938469   size(Ry): -0.139682
 #48 range(a.u.):   0.950749 ----->  0.950749   size(Ry): -0.037576
 #49 range(a.u.):   0.963189 ----->  0.975793   size(Ry):  0.050455
 #50 range(a.u.):   0.988561 ----->  0.988561   size(Ry):  0.125000
 #51 range(a.u.):   1.001496 ----->  1.014600   size(Ry):  0.186720
 #52 range(a.u.):   1.027876 ----->  1.027876   size(Ry):  0.236336
 #53 range(a.u.):   1.041326 ----->  1.054952   size(Ry):  0.274624
 #54 range(a.u.):   1.068756 ----->  1.068756   size(Ry):  0.302407
 #55 range(a.u.):   1.082740 ----->  1.096908   size(Ry):  0.320548
 #56 range(a.u.):   1.111260 ----->  1.111260   size(Ry):  0.329941
 #57 range(a.u.):   1.125801 ----->  1.125801   size(Ry):  0.331503
 #58 range(a.u.):   1.140532 ----->  1.155456   size(Ry):  0.326168
 #59 range(a.u.):   1.170575 ----->  1.170575   size(Ry):  0.314877
 #60 range(a.u.):   1.185892 ----->  1.185892   size(Ry):  0.298568
 #61 range(a.u.):   1.201409 ----->  1.217129   size(Ry):  0.278172
 #62 range(a.u.):   1.233055 ----->  1.233055   size(Ry):  0.254602
 #63 range(a.u.):   1.249189 ----->  1.249189   size(Ry):  0.228746
 #64 range(a.u.):   1.265535 ----->  1.265535   size(Ry):  0.201461
 #65 range(a.u.):   1.282094 ----->  1.298870   size(Ry):  0.173563
 #66 range(a.u.):   1.315866 ----->  1.315866   size(Ry):  0.145823
 #67 range(a.u.):   1.333084 ----->  1.333084   size(Ry):  0.118957
 #68 range(a.u.):   1.350527 ----->  1.350527   size(Ry):  0.093624
 #69 range(a.u.):   1.368198 ----->  1.368198   size(Ry):  0.070420
 #70 range(a.u.):   1.386101 ----->  1.386101   size(Ry):  0.049870
 #71 range(a.u.):   1.404238 ----->  1.404238   size(Ry):  0.032426
 #72 range(a.u.):   1.422612 ----->  1.422612   size(Ry):  0.018463
 #73 range(a.u.):   1.441227 ----->  1.460085   size(Ry):  0.008277
 #74 range(a.u.):   1.479190 ----->  1.479190   size(Ry):  0.002080
 ------------------------------
 
 iter       Etot             Ebs             Ehxc       de_max   dv_max
   1     -162.6322048     -46.7802596    -115.8519452 0.85E-01 0.40E+01
   2     -147.8711144     -36.7755866    -111.0955278 0.49E+00 0.20E+01
   3     -142.5310075     -31.6386683    -110.8923391 0.72E+00 0.20E+02
   4     -139.7287082     -29.8246133    -109.9040949 0.35E+00 0.20E+02
   5     -139.8373065     -30.1400479    -109.6972585 0.68E-01 0.10E+02
   6     -140.6931324     -30.6973527    -109.9957797 0.12E+00 0.28E-01
   7     -140.6270704     -30.5752823    -110.0517880 0.23E-01 0.15E-01
   8     -140.3771572     -30.4213696    -109.9557876 0.29E-01 0.88E-02
   9     -140.3764890     -30.4491552    -109.9273338 0.58E-02 0.70E-02
  10     -140.4864529     -30.5207301    -109.9657228 0.15E-01 0.35E-02
  11     -140.4779438     -30.5048855    -109.9730583 0.32E-02 0.19E-02
  12     -140.4469532     -30.4851455    -109.9618077 0.39E-02 0.10E-02
  13     -140.4492355     -30.4896709    -109.9595646 0.91E-03 0.58E-03
  14     -140.4587144     -30.4957644    -109.9629500 0.12E-02 0.31E-03
  15     -140.4580189     -30.4943972    -109.9636217 0.27E-03 0.17E-03
  16     -140.4566515     -30.4934248    -109.9632267 0.19E-03 0.50E-04
  17     -140.4557245     -30.4930110    -109.9627136 0.84E-04 0.33E-04
  18     -140.4556556     -30.4931186    -109.9625370 0.22E-04 0.33E-04
  19     -140.4558550     -30.4932833    -109.9625716 0.33E-04 0.13E-04
  20     -140.4560081     -30.4933612    -109.9626469 0.16E-04 0.14E-05
  21     -140.4560535     -30.4933658    -109.9626877 0.10E-05 0.40E-05
  22     -140.4560396     -30.4933463    -109.9626933 0.39E-05 0.26E-05
  23     -140.4560170     -30.4933319    -109.9626851 0.29E-05 0.53E-06
  24     -140.4560057     -30.4933279    -109.9626778 0.79E-06 0.40E-06
  25     -140.4560047     -30.4933295    -109.9626753 0.32E-06 0.43E-06
  26     -140.4560074     -30.4933318    -109.9626755 0.46E-06 0.19E-06
  27     -140.4560096     -30.4933329    -109.9626767 0.24E-06 0.56E-07
  28     -140.4560103     -30.4933329    -109.9626774 0.46E-07 0.76E-07
  29     -140.4560101     -30.4933325    -109.9626776 0.76E-07 0.55E-07
  30     -140.4560097     -30.4933323    -109.9626774 0.53E-07 0.12E-07
  31     -140.4560094     -30.4933322    -109.9626772 0.83E-08 0.16E-07
 
   31 iterations: (units are Ry and bohr)
 Energy:    -140.45600940  Ebs:     -30.49333220  Ehxc:    -109.96267720
 Eh    :     114.96395189  Exc:     -15.99776295
 
   Orbital    Filling       Eigenvalues    Norm(rc->oo)      Peak
    |100>      2.000          -4.959494      0.060754      0.834848
    |210>      6.000          -3.133707      0.033217      0.890916
    |320>      3.000          -0.337376      0.286200      1.014600
    |200>      2.000          -0.379988      0.919252      2.586990
    |310>      0.000          -0.096354      0.964247      3.674786
 
 ---Non-local ghost testing---
 Local state: 1s
 
 Test  state: 1s
 KB energy :   6.300450  KB strength:   3.465769  KB cosine:   0.550083
 el0       :  -7.844798  el1        :  -0.898758  eig      :  -4.959494
 No ghosts!  Ekb>0  and el0 < eig < el1
 
 Test  state: 2p
 KB energy :  -1.882480  KB strength:   0.959176  KB cosine:  -0.509528
 el0       :  -2.700795  el1        :  -0.073378  eig      :  -3.133707
 No ghosts!  Ekb<0  and eig < el0
 
 Test  state: 3d
 !WARNING! : schsl found a positive eigenvalue. n,l=:   3   2
 !WARNING! No solution for ground state of local potential.  Setting e=0.0
 !WARNING! : schsl found too few nodes   n,l=   4   2  e= -.7517E-08
 !WARNING! No solution for 1st excited state of local potential.  Setting e=0.0
 KB energy :  -6.112185  KB strength:   3.195268  KB cosine:  -0.522770
 el0       :   0.000000  el1        :   0.000000  eig      :  -0.337376
 No ghosts!  Ekb<0  and eig < el0
 
 Test  state: 2s
 KB energy :   6.300450  KB strength:   3.465769  KB cosine:   0.550083
 el0       :  -0.898758  el1        :  -0.043500  eig      :  -0.379988
 No ghosts!  Ekb>0  and el0 < eig < el1
 
 Test  state: 3p
 !WARNING! : schsl found a positive eigenvalue. n,l=:   4   1
 !WARNING! No solution for 1st excited state of local potential.  Setting e=0.0
 KB energy :  -1.882480  KB strength:   0.959176  KB cosine:  -0.509528
 el0       :  -0.073378  el1        :   0.000000  eig      :  -0.096354
 No ghosts!  Ekb<0  and eig < el0
 ------------------------------
 
 No ghosts present for designed local pot
 


 ===============Configuration 2 AE Calc=============== 
 ---------Eigenvalue guesses---------
 1s          -529.00000000
 2s           -33.06250000
 2p           -33.06250000
 3s            -6.53086420
 3p            -6.53086420
 3d            -6.53086420
 4s            -2.06640625
 4p            -2.06640625
 
 iter       Etot             Ebs             Ehxc       de_max   dv_max
   1    -2008.1811214   -1215.3756665    -792.8054550 0.76E+00 0.20E+01
   2    -1913.0374260   -1158.6590616    -754.3783644 0.36E+00 0.10E+01
   3    -1886.4318765   -1137.5548197    -748.8770568 0.12E+00 0.15E+00
   4    -1885.3077937   -1134.6079626    -750.6998311 0.52E-01 0.76E-01
   5    -1883.7642135   -1132.8330493    -750.9311642 0.26E-01 0.53E-01
   6    -1882.1731658   -1131.9308983    -750.2422674 0.38E-01 0.16E-01
   7    -1882.2574423   -1132.2128540    -750.0445883 0.52E-02 0.90E-02
   8    -1882.7967217   -1132.6565271    -750.1401946 0.71E-02 0.31E-02
   9    -1882.8380729   -1132.6607294    -750.1773435 0.31E-03 0.27E-02
  10    -1882.7407464   -1132.5974687    -750.1432777 0.18E-02 0.11E-02
  11    -1882.7395510   -1132.6059596    -750.1335914 0.37E-03 0.64E-03
  12    -1882.7588246   -1132.6201416    -750.1386830 0.52E-03 0.18E-03
  13    -1882.7586880   -1132.6190010    -750.1396870 0.41E-04 0.82E-04
  14    -1882.7573357   -1132.6180790    -750.1392567 0.31E-04 0.32E-04
  15    -1882.7564468   -1132.6177800    -750.1386668 0.12E-04 0.14E-04
  16    -1882.7562601   -1132.6179039    -750.1383562 0.22E-05 0.15E-04
  17    -1882.7564345   -1132.6181357    -750.1382989 0.46E-05 0.87E-05
  18    -1882.7566390   -1132.6182918    -750.1383471 0.35E-05 0.32E-05
  19    -1882.7567509   -1132.6183514    -750.1383995 0.14E-05 0.12E-05
  20    -1882.7567795   -1132.6183550    -750.1384245 0.10E-06 0.97E-06
  21    -1882.7567718   -1132.6183435    -750.1384282 0.29E-06 0.67E-06
  22    -1882.7567593   -1132.6183353    -750.1384240 0.20E-06 0.42E-06
  23    -1882.7567532   -1132.6183332    -750.1384200 0.70E-07 0.25E-06
  24    -1882.7567526   -1132.6183339    -750.1384187 0.27E-07 0.16E-06
  25    -1882.7567539   -1132.6183350    -750.1384189 0.29E-07 0.99E-07
  26    -1882.7567550   -1132.6183355    -750.1384194 0.11E-07 0.63E-07
  27    -1882.7567553   -1132.6183355    -750.1384198 0.53E-08 0.40E-07
 
   27 iterations: (units are Ry and bohr)
 Energy:   -1882.75675530  Ebs:   -1132.61833550  Ehxc:    -750.13841979
 Eh    :     777.74556546  Exc:     -85.36709780
 
   Orbital    Filling       Eigenvalues    Norm(rc->oo)      Peak
    |100>      2.000        -391.018742
    |200>      2.000         -44.188718
    |210>      6.000         -37.429573
    |300>      2.000          -5.615626      0.059676      0.824066
    |310>      6.000          -3.783067      0.031935      0.845772
    |320>      3.000          -0.961054      0.247238      0.879409
    |400>      1.000          -0.813162      0.942270      2.620840
    |410>      0.000          -0.515499      0.938304      3.185136


 ===============Configuration 2 NL: Calc ===============
 ---------Eigenvalue guesses---------
 1s            -6.27044176
 2p            -4.43711114
 3d            -1.59624392
 2s            -1.30285321
 3p            -0.94767984
 Performing non-local pseudopotential calculation
 Using the s potential as the local potential
 
 --Augmentation operator info--
 Number of functions:  74
 # 1 range(a.u.):   0.010047 ----->  0.019752   size(Ry):-12.237175
 # 2 range(a.u.):   0.020010 ----->  0.039855   size(Ry):-12.198760
 # 3 range(a.u.):   0.040377 ----->  0.059635   size(Ry):-12.134942
 # 4 range(a.u.):   0.060416 ----->  0.079380   size(Ry):-12.046026
 # 5 range(a.u.):   0.080419 ----->  0.099013   size(Ry):-11.932438
 # 6 range(a.u.):   0.100308 ----->  0.118777   size(Ry):-11.794724
 # 7 range(a.u.):   0.120331 ----->  0.138830   size(Ry):-11.633540
 # 8 range(a.u.):   0.140647 ----->  0.158104   size(Ry):-11.449654
 # 9 range(a.u.):   0.160172 ----->  0.177727   size(Ry):-11.243939
 #10 range(a.u.):   0.180053 ----->  0.199787   size(Ry):-11.017368
 #11 range(a.u.):   0.202401 ----->  0.218820   size(Ry):-10.771008
 #12 range(a.u.):   0.221683 ----->  0.239667   size(Ry):-10.506010
 #13 range(a.u.):   0.242803 ----->  0.259109   size(Ry):-10.223610
 #14 range(a.u.):   0.262500 ----->  0.276511   size(Ry): -9.925113
 #15 range(a.u.):   0.280129 ----->  0.298942   size(Ry): -9.611890
 #16 range(a.u.):   0.302854 ----->  0.319019   size(Ry): -9.285368
 #17 range(a.u.):   0.323193 ----->  0.336047   size(Ry): -8.947021
 #18 range(a.u.):   0.340444 ----->  0.358615   size(Ry): -8.598363
 #19 range(a.u.):   0.363308 ----->  0.377757   size(Ry): -8.240935
 #20 range(a.u.):   0.382700 ----->  0.397920   size(Ry): -7.876302
 #21 range(a.u.):   0.403126 ----->  0.419159   size(Ry): -7.506037
 #22 range(a.u.):   0.424644 ----->  0.435829   size(Ry): -7.131715
 #23 range(a.u.):   0.441532 ----->  0.459092   size(Ry): -6.754905
 #24 range(a.u.):   0.465099 ----->  0.477350   size(Ry): -6.377158
 #25 range(a.u.):   0.483596 ----->  0.496335   size(Ry): -6.000000
 #26 range(a.u.):   0.502829 ----->  0.516074   size(Ry): -5.624922
 #27 range(a.u.):   0.522827 ----->  0.536599   size(Ry): -5.253372
 #28 range(a.u.):   0.543620 ----->  0.557939   size(Ry): -4.886748
 #29 range(a.u.):   0.565240 ----->  0.580129   size(Ry): -4.526389
 #30 range(a.u.):   0.587720 ----->  0.595410   size(Ry): -4.173568
 #31 range(a.u.):   0.603201 ----->  0.619090   size(Ry): -3.829485
 #32 range(a.u.):   0.627190 ----->  0.635397   size(Ry): -3.495262
 #33 range(a.u.):   0.643711 ----->  0.652134   size(Ry): -3.171936
 #34 range(a.u.):   0.660667 ----->  0.678070   size(Ry): -2.860455
 #35 range(a.u.):   0.686942 ----->  0.695931   size(Ry): -2.561673
 #36 range(a.u.):   0.705037 ----->  0.714262   size(Ry): -2.276348
 #37 range(a.u.):   0.723608 ----->  0.733077   size(Ry): -2.005136
 #38 range(a.u.):   0.742669 ----->  0.752387   size(Ry): -1.748592
 #39 range(a.u.):   0.762231 ----->  0.772205   size(Ry): -1.507164
 #40 range(a.u.):   0.782309 ----->  0.792546   size(Ry): -1.281200
 #41 range(a.u.):   0.802916 ----->  0.813422   size(Ry): -1.070938
 #42 range(a.u.):   0.824066 ----->  0.834848   size(Ry): -0.876514
 #43 range(a.u.):   0.845772 ----->  0.856839   size(Ry): -0.697963
 #44 range(a.u.):   0.868051 ----->  0.879409   size(Ry): -0.535217
 #45 range(a.u.):   0.890916 ----->  0.890916   size(Ry): -0.388110
 #46 range(a.u.):   0.902574 ----->  0.914384   size(Ry): -0.256382
 #47 range(a.u.):   0.926348 ----->  0.938469   size(Ry): -0.139682
 #48 range(a.u.):   0.950749 ----->  0.950749   size(Ry): -0.037576
 #49 range(a.u.):   0.963189 ----->  0.975793   size(Ry):  0.050455
 #50 range(a.u.):   0.988561 ----->  0.988561   size(Ry):  0.125000
 #51 range(a.u.):   1.001496 ----->  1.014600   size(Ry):  0.186720
 #52 range(a.u.):   1.027876 ----->  1.027876   size(Ry):  0.236336
 #53 range(a.u.):   1.041326 ----->  1.054952   size(Ry):  0.274624
 #54 range(a.u.):   1.068756 ----->  1.068756   size(Ry):  0.302407
 #55 range(a.u.):   1.082740 ----->  1.096908   size(Ry):  0.320548
 #56 range(a.u.):   1.111260 ----->  1.111260   size(Ry):  0.329941
 #57 range(a.u.):   1.125801 ----->  1.125801   size(Ry):  0.331503
 #58 range(a.u.):   1.140532 ----->  1.155456   size(Ry):  0.326168
 #59 range(a.u.):   1.170575 ----->  1.170575   size(Ry):  0.314877
 #60 range(a.u.):   1.185892 ----->  1.185892   size(Ry):  0.298568
 #61 range(a.u.):   1.201409 ----->  1.217129   size(Ry):  0.278172
 #62 range(a.u.):   1.233055 ----->  1.233055   size(Ry):  0.254602
 #63 range(a.u.):   1.249189 ----->  1.249189   size(Ry):  0.228746
 #64 range(a.u.):   1.265535 ----->  1.265535   size(Ry):  0.201461
 #65 range(a.u.):   1.282094 ----->  1.298870   size(Ry):  0.173563
 #66 range(a.u.):   1.315866 ----->  1.315866   size(Ry):  0.145823
 #67 range(a.u.):   1.333084 ----->  1.333084   size(Ry):  0.118957
 #68 range(a.u.):   1.350527 ----->  1.350527   size(Ry):  0.093624
 #69 range(a.u.):   1.368198 ----->  1.368198   size(Ry):  0.070420
 #70 range(a.u.):   1.386101 ----->  1.386101   size(Ry):  0.049870
 #71 range(a.u.):   1.404238 ----->  1.404238   size(Ry):  0.032426
 #72 range(a.u.):   1.422612 ----->  1.422612   size(Ry):  0.018463
 #73 range(a.u.):   1.441227 ----->  1.460085   size(Ry):  0.008277
 #74 range(a.u.):   1.479190 ----->  1.479190   size(Ry):  0.002080
 ------------------------------
 
 iter       Etot             Ebs             Ehxc       de_max   dv_max
   1     -150.3154320     -45.3662708    -104.9491612 0.85E-01 0.20E+01
   2     -143.8414180     -40.6452863    -103.1961317 0.24E+00 0.10E+01
   3     -140.8504657     -37.7707635    -103.0797022 0.27E+00 0.65E-01
   4     -139.6411065     -36.8798570    -102.7612494 0.70E-01 0.28E-01
   5     -139.6402951     -36.9698377    -102.6704574 0.61E-02 0.17E-01
   6     -139.8681885     -37.1458759    -102.7223126 0.13E-01 0.51E-02
   7     -139.8628327     -37.1270905    -102.7357422 0.13E-02 0.25E-02
   8     -139.8292057     -37.1028228    -102.7263829 0.17E-02 0.87E-03
   9     -139.8268323     -37.1046096    -102.7222227 0.16E-03 0.82E-03
  10     -139.8309592     -37.1087685    -102.7221907 0.32E-03 0.42E-03
  11     -139.8374468     -37.1131520    -102.7242948 0.34E-03 0.20E-03
  12     -139.8372068     -37.1123399    -102.7248669 0.61E-04 0.12E-03
  13     -139.8364608     -37.1116989    -102.7247620 0.47E-04 0.52E-04
  14     -139.8359237     -37.1114021    -102.7245217 0.21E-04 0.15E-04
  15     -139.8357320     -37.1113642    -102.7243678 0.24E-05 0.13E-04
  16     -139.8357441     -37.1114255    -102.7243186 0.48E-05 0.11E-04
  17     -139.8358109     -37.1114864    -102.7243245 0.47E-05 0.49E-05
  18     -139.8358601     -37.1115171    -102.7243429 0.24E-05 0.21E-05
  19     -139.8358794     -37.1115243    -102.7243551 0.56E-06 0.87E-06
  20     -139.8358806     -37.1115216    -102.7243591 0.19E-06 0.78E-06
  21     -139.8358765     -37.1115176    -102.7243589 0.29E-06 0.37E-06
  22     -139.8358729     -37.1115158    -102.7243571 0.13E-06 0.19E-06
  23     -139.8358714     -37.1115157    -102.7243557 0.21E-07 0.13E-06
  24     -139.8358716     -37.1115164    -102.7243552 0.49E-07 0.11E-06
  25     -139.8358722     -37.1115170    -102.7243552 0.44E-07 0.52E-07
  26     -139.8358728     -37.1115172    -102.7243555 0.20E-07 0.16E-07
  27     -139.8358730     -37.1115172    -102.7243557 0.61E-09 0.19E-07
 
   27 iterations: (units are Ry and bohr)
 Energy:    -139.83587297  Ebs:     -37.11151725  Ehxc:    -102.72435572
 Eh    :     107.61701125  Exc:     -15.63546288
 
   Orbital    Filling       Eigenvalues    Norm(rc->oo)      Peak
    |100>      2.000          -5.557093      0.060444      0.834848
    |210>      6.000          -3.729226      0.032587      0.890916
    |320>      3.000          -0.916599      0.255433      1.014600
    |200>      1.000          -0.872177      0.896773      2.424184
    |310>      0.000          -0.506925      0.931856      3.143997
 
 ---Non-local ghost testing---
 Local state: 1s
 
 Test  state: 1s
 KB energy :   6.300450  KB strength:   3.465769  KB cosine:   0.550083
 el0       : -10.431045  el1        :  -1.459624  eig      :  -5.557093
 No ghosts!  Ekb>0  and el0 < eig < el1
 
 Test  state: 2p
 KB energy :  -1.882480  KB strength:   0.959176  KB cosine:  -0.509528
 el0       :  -3.295464  el1        :  -0.462099  eig      :  -3.729226
 No ghosts!  Ekb<0  and eig < el0
 
 Test  state: 3d
 KB energy :  -6.112185  KB strength:   3.195268  KB cosine:  -0.522770
 el0       :  -0.378416  el1        :  -0.116686  eig      :  -0.916599
 No ghosts!  Ekb<0  and eig < el0
 
 Test  state: 2s
 KB energy :   6.300450  KB strength:   3.465769  KB cosine:   0.550083
 el0       :  -1.459624  el1        :  -0.349454  eig      :  -0.872177
 No ghosts!  Ekb>0  and el0 < eig < el1
 
 Test  state: 3p
 KB energy :  -1.882480  KB strength:   0.959176  KB cosine:  -0.509528
 el0       :  -0.462099  el1        :  -0.142194  eig      :  -0.506925
 No ghosts!  Ekb<0  and eig < el0
 ------------------------------
 
 No ghosts present for designed local pot
 


 ===============Configuration 3 AE Calc=============== 
 ---------Eigenvalue guesses---------
 1s          -529.00000000
 2s           -33.06250000
 2p           -33.06250000
 3s            -6.53086420
 3p            -6.53086420
 3d            -6.53086420
 4s            -2.06640625
 4p            -2.06640625
 
 iter       Etot             Ebs             Ehxc       de_max   dv_max
   1    -1996.9256508   -1215.1652721    -781.7603787 0.76E+00 0.20E+01
   2    -1914.8684798   -1163.4497757    -751.4187041 0.27E+00 0.10E+01
   3    -1885.0939916   -1140.8286704    -744.2653213 0.11E+00 0.16E+00
   4    -1884.4535232   -1138.6596533    -745.7938698 0.52E-01 0.64E-01
   5    -1883.5497494   -1137.4231366    -746.1266128 0.17E-01 0.47E-01
   6    -1882.4180747   -1136.6631608    -745.7549140 0.27E-01 0.64E-02
   7    -1882.3691072   -1136.7717742    -745.5973330 0.88E-03 0.52E-02
   8    -1882.6232020   -1137.0234337    -745.5997682 0.27E-02 0.68E-03
   9    -1882.6578655   -1137.0505450    -745.6073205 0.30E-03 0.52E-03
  10    -1882.6590452   -1137.0510322    -745.6080130 0.92E-04 0.32E-03
  11    -1882.6523133   -1137.0484707    -745.6038426 0.85E-04 0.22E-03
  12    -1882.6519816   -1137.0499237    -745.6020579 0.54E-04 0.15E-03
  13    -1882.6532698   -1137.0515673    -745.6017025 0.45E-04 0.87E-04
  14    -1882.6545494   -1137.0526498    -745.6018996 0.28E-04 0.40E-04
  15    -1882.6552706   -1137.0531247    -745.6021459 0.12E-04 0.14E-04
  16    -1882.6555268   -1137.0532450    -745.6022818 0.34E-05 0.57E-05
  17    -1882.6555492   -1137.0532288    -745.6023204 0.60E-06 0.49E-05
  18    -1882.6555117   -1137.0531967    -745.6023150 0.72E-06 0.36E-05
  19    -1882.6554843   -1137.0531823    -745.6023020 0.43E-06 0.25E-05
  20    -1882.6554763   -1137.0531815    -745.6022948 0.23E-06 0.16E-05
  21    -1882.6554784   -1137.0531847    -745.6022937 0.15E-06 0.99E-06
  22    -1882.6554824   -1137.0531870    -745.6022954 0.12E-06 0.62E-06
  23    -1882.6554845   -1137.0531872    -745.6022973 0.72E-07 0.37E-06
  24    -1882.6554848   -1137.0531864    -745.6022983 0.50E-07 0.22E-06
  25    -1882.6554841   -1137.0531855    -745.6022986 0.32E-07 0.13E-06
  26    -1882.6554835   -1137.0531849    -745.6022986 0.19E-07 0.72E-07
  27    -1882.6554831   -1137.0531846    -745.6022985 0.20E-07 0.40E-07
  28    -1882.6554829   -1137.0531845    -745.6022984 0.48E-08 0.22E-07
 
   28 iterations: (units are Ry and bohr)
 Energy:   -1882.65548291  Ebs:   -1137.05318453  Ehxc:    -745.60229839
 Eh    :     773.13069182  Exc:     -85.11878103
 
   Orbital    Filling       Eigenvalues    Norm(rc->oo)      Peak
    |100>      2.000        -391.233976
    |200>      2.000         -44.435937
    |210>      6.000         -37.673720
    |300>      2.000          -5.822642      0.057366      0.824066
    |310>      6.000          -3.982529      0.029558      0.845772
    |320>      2.500          -1.130278      0.214969      0.868051
    |400>      1.500          -0.869926      0.937095      2.553576
    |410>      0.000          -0.556225      0.929597      3.063307


 ===============Configuration 3 NL: Calc ===============
 ---------Eigenvalue guesses---------
 1s            -6.27044176
 2p            -4.43711114
 3d            -1.59624392
 2s            -1.30285321
 3p            -0.94767984
 Performing non-local pseudopotential calculation
 Using the s potential as the local potential
 
 --Augmentation operator info--
 Number of functions:  74
 # 1 range(a.u.):   0.010047 ----->  0.019752   size(Ry):-12.237175
 # 2 range(a.u.):   0.020010 ----->  0.039855   size(Ry):-12.198760
 # 3 range(a.u.):   0.040377 ----->  0.059635   size(Ry):-12.134942
 # 4 range(a.u.):   0.060416 ----->  0.079380   size(Ry):-12.046026
 # 5 range(a.u.):   0.080419 ----->  0.099013   size(Ry):-11.932438
 # 6 range(a.u.):   0.100308 ----->  0.118777   size(Ry):-11.794724
 # 7 range(a.u.):   0.120331 ----->  0.138830   size(Ry):-11.633540
 # 8 range(a.u.):   0.140647 ----->  0.158104   size(Ry):-11.449654
 # 9 range(a.u.):   0.160172 ----->  0.177727   size(Ry):-11.243939
 #10 range(a.u.):   0.180053 ----->  0.199787   size(Ry):-11.017368
 #11 range(a.u.):   0.202401 ----->  0.218820   size(Ry):-10.771008
 #12 range(a.u.):   0.221683 ----->  0.239667   size(Ry):-10.506010
 #13 range(a.u.):   0.242803 ----->  0.259109   size(Ry):-10.223610
 #14 range(a.u.):   0.262500 ----->  0.276511   size(Ry): -9.925113
 #15 range(a.u.):   0.280129 ----->  0.298942   size(Ry): -9.611890
 #16 range(a.u.):   0.302854 ----->  0.319019   size(Ry): -9.285368
 #17 range(a.u.):   0.323193 ----->  0.336047   size(Ry): -8.947021
 #18 range(a.u.):   0.340444 ----->  0.358615   size(Ry): -8.598363
 #19 range(a.u.):   0.363308 ----->  0.377757   size(Ry): -8.240935
 #20 range(a.u.):   0.382700 ----->  0.397920   size(Ry): -7.876302
 #21 range(a.u.):   0.403126 ----->  0.419159   size(Ry): -7.506037
 #22 range(a.u.):   0.424644 ----->  0.435829   size(Ry): -7.131715
 #23 range(a.u.):   0.441532 ----->  0.459092   size(Ry): -6.754905
 #24 range(a.u.):   0.465099 ----->  0.477350   size(Ry): -6.377158
 #25 range(a.u.):   0.483596 ----->  0.496335   size(Ry): -6.000000
 #26 range(a.u.):   0.502829 ----->  0.516074   size(Ry): -5.624922
 #27 range(a.u.):   0.522827 ----->  0.536599   size(Ry): -5.253372
 #28 range(a.u.):   0.543620 ----->  0.557939   size(Ry): -4.886748
 #29 range(a.u.):   0.565240 ----->  0.580129   size(Ry): -4.526389
 #30 range(a.u.):   0.587720 ----->  0.595410   size(Ry): -4.173568
 #31 range(a.u.):   0.603201 ----->  0.619090   size(Ry): -3.829485
 #32 range(a.u.):   0.627190 ----->  0.635397   size(Ry): -3.495262
 #33 range(a.u.):   0.643711 ----->  0.652134   size(Ry): -3.171936
 #34 range(a.u.):   0.660667 ----->  0.678070   size(Ry): -2.860455
 #35 range(a.u.):   0.686942 ----->  0.695931   size(Ry): -2.561673
 #36 range(a.u.):   0.705037 ----->  0.714262   size(Ry): -2.276348
 #37 range(a.u.):   0.723608 ----->  0.733077   size(Ry): -2.005136
 #38 range(a.u.):   0.742669 ----->  0.752387   size(Ry): -1.748592
 #39 range(a.u.):   0.762231 ----->  0.772205   size(Ry): -1.507164
 #40 range(a.u.):   0.782309 ----->  0.792546   size(Ry): -1.281200
 #41 range(a.u.):   0.802916 ----->  0.813422   size(Ry): -1.070938
 #42 range(a.u.):   0.824066 ----->  0.834848   size(Ry): -0.876514
 #43 range(a.u.):   0.845772 ----->  0.856839   size(Ry): -0.697963
 #44 range(a.u.):   0.868051 ----->  0.879409   size(Ry): -0.535217
 #45 range(a.u.):   0.890916 ----->  0.890916   size(Ry): -0.388110
 #46 range(a.u.):   0.902574 ----->  0.914384   size(Ry): -0.256382
 #47 range(a.u.):   0.926348 ----->  0.938469   size(Ry): -0.139682
 #48 range(a.u.):   0.950749 ----->  0.950749   size(Ry): -0.037576
 #49 range(a.u.):   0.963189 ----->  0.975793   size(Ry):  0.050455
 #50 range(a.u.):   0.988561 ----->  0.988561   size(Ry):  0.125000
 #51 range(a.u.):   1.001496 ----->  1.014600   size(Ry):  0.186720
 #52 range(a.u.):   1.027876 ----->  1.027876   size(Ry):  0.236336
 #53 range(a.u.):   1.041326 ----->  1.054952   size(Ry):  0.274624
 #54 range(a.u.):   1.068756 ----->  1.068756   size(Ry):  0.302407
 #55 range(a.u.):   1.082740 ----->  1.096908   size(Ry):  0.320548
 #56 range(a.u.):   1.111260 ----->  1.111260   size(Ry):  0.329941
 #57 range(a.u.):   1.125801 ----->  1.125801   size(Ry):  0.331503
 #58 range(a.u.):   1.140532 ----->  1.155456   size(Ry):  0.326168
 #59 range(a.u.):   1.170575 ----->  1.170575   size(Ry):  0.314877
 #60 range(a.u.):   1.185892 ----->  1.185892   size(Ry):  0.298568
 #61 range(a.u.):   1.201409 ----->  1.217129   size(Ry):  0.278172
 #62 range(a.u.):   1.233055 ----->  1.233055   size(Ry):  0.254602
 #63 range(a.u.):   1.249189 ----->  1.249189   size(Ry):  0.228746
 #64 range(a.u.):   1.265535 ----->  1.265535   size(Ry):  0.201461
 #65 range(a.u.):   1.282094 ----->  1.298870   size(Ry):  0.173563
 #66 range(a.u.):   1.315866 ----->  1.315866   size(Ry):  0.145823
 #67 range(a.u.):   1.333084 ----->  1.333084   size(Ry):  0.118957
 #68 range(a.u.):   1.350527 ----->  1.350527   size(Ry):  0.093624
 #69 range(a.u.):   1.368198 ----->  1.368198   size(Ry):  0.070420
 #70 range(a.u.):   1.386101 ----->  1.386101   size(Ry):  0.049870
 #71 range(a.u.):   1.404238 ----->  1.404238   size(Ry):  0.032426
 #72 range(a.u.):   1.422612 ----->  1.422612   size(Ry):  0.018463
 #73 range(a.u.):   1.441227 ----->  1.460085   size(Ry):  0.008277
 #74 range(a.u.):   1.479190 ----->  1.479190   size(Ry):  0.002080
 ------------------------------
 
 iter       Etot             Ebs             Ehxc       de_max   dv_max
   1     -147.2696701     -45.2751432    -101.9945268 0.85E-01 0.20E+01
   2     -143.2259243     -41.9080924    -101.3178319 0.22E+00 0.10E+01
   3     -140.4233139     -39.2251267    -101.1981871 0.26E+00 0.32E-01
   4     -139.7079046     -38.6691467    -101.0387579 0.40E-01 0.14E-01
   5     -139.6910065     -38.7026621    -100.9883444 0.18E-02 0.92E-02
   6     -139.8020898     -38.7958358    -101.0062541 0.65E-02 0.18E-02
   7     -139.8033497     -38.7915750    -101.0117747 0.25E-03 0.89E-03
   8     -139.7932109     -38.7836314    -101.0095794 0.50E-03 0.37E-03
   9     -139.7921708     -38.7838281    -101.0083428 0.52E-04 0.30E-03
  10     -139.7930101     -38.7849000    -101.0081101 0.77E-04 0.20E-03
  11     -139.7938940     -38.7856381    -101.0082558 0.53E-04 0.12E-03
  12     -139.7943841     -38.7859616    -101.0084225 0.24E-04 0.66E-04
  13     -139.7945496     -38.7860438    -101.0085057 0.11E-04 0.36E-04
  14     -139.7945609     -38.7860395    -101.0085213 0.50E-05 0.20E-04
  15     -139.7945348     -38.7860257    -101.0085091 0.26E-05 0.12E-04
  16     -139.7945176     -38.7860233    -101.0084943 0.16E-05 0.71E-05
  17     -139.7945150     -38.7860291    -101.0084859 0.11E-05 0.41E-05
  18     -139.7945198     -38.7860367    -101.0084830 0.69E-06 0.23E-05
  19     -139.7945255     -38.7860420    -101.0084835 0.41E-06 0.13E-05
  20     -139.7945294     -38.7860444    -101.0084850 0.21E-06 0.69E-06
  21     -139.7945308     -38.7860452    -101.0084855 0.98E-07 0.37E-06
  22     -139.7945309     -38.7860452    -101.0084857 0.38E-07 0.21E-06
  23     -139.7945308     -38.7860451    -101.0084857 0.19E-07 0.12E-06
  24     -139.7945306     -38.7860450    -101.0084856 0.11E-07 0.70E-07
  25     -139.7945306     -38.7860450    -101.0084855 0.80E-08 0.42E-07
 
   25 iterations: (units are Ry and bohr)
 Energy:    -139.79453056  Ebs:     -38.78604505  Ehxc:    -101.00848551
 Eh    :     105.82554989  Exc:     -15.39824635
 
   Orbital    Filling       Eigenvalues    Norm(rc->oo)      Peak
    |100>      2.000          -5.721124      0.058752      0.834848
    |210>      6.000          -3.888344      0.030723      0.890916
    |320>      2.500          -1.049315      0.229095      1.001496
    |200>      1.500          -0.926965      0.887729      2.392873
    |310>      0.000          -0.540271      0.923644      3.063307
 
 ---Non-local ghost testing---
 Local state: 1s
 
 Test  state: 1s
 KB energy :   6.300450  KB strength:   3.465769  KB cosine:   0.550083
 el0       :  -8.680233  el1        :  -1.548444  eig      :  -5.721124
 No ghosts!  Ekb>0  and el0 < eig < el1
 
 Test  state: 2p
 KB energy :  -1.882480  KB strength:   0.959176  KB cosine:  -0.509528
 el0       :  -3.448272  el1        :  -0.491020  eig      :  -3.888344
 No ghosts!  Ekb<0  and eig < el0
 
 Test  state: 3d
 KB energy :  -6.112185  KB strength:   3.195268  KB cosine:  -0.522770
 el0       :  -0.437557  el1        :  -0.123544  eig      :  -1.049315
 No ghosts!  Ekb<0  and eig < el0
 
 Test  state: 2s
 KB energy :   6.300450  KB strength:   3.465769  KB cosine:   0.550083
 el0       :  -1.548444  el1        :  -0.129029  eig      :  -0.926965
 No ghosts!  Ekb>0  and el0 < eig < el1
 
 Test  state: 3p
 KB energy :  -1.882480  KB strength:   0.959176  KB cosine:  -0.509528
 el0       :  -0.491020  el1        :  -0.146278  eig      :  -0.540271
 No ghosts!  Ekb<0  and eig < el0
 ------------------------------
 
 No ghosts present for designed local pot
 


 ===============Configuration 4 AE Calc=============== 
 ---------Eigenvalue guesses---------
 1s          -529.00000000
 2s           -33.06250000
 2p           -33.06250000
 3s            -6.53086420
 3p            -6.53086420
 3d            -6.53086420
 4s            -2.06640625
 4p            -2.06640625
 
 iter       Etot             Ebs             Ehxc       de_max   dv_max
   1    -2215.4324565   -1437.3530524    -778.0794041 0.11E+01 0.55E+01
   2    -1998.1701845   -1282.2458558    -715.9243287 0.37E+00 0.17E+01
   3    -1876.8480935   -1197.2947418    -679.5533517 0.24E+00 0.26E+00
   4    -1873.2713229   -1193.9939182    -679.2774047 0.92E-02 0.11E+00
   5    -1876.6829138   -1196.5530288    -680.1298850 0.18E-01 0.26E-01
   6    -1876.6906637   -1196.2214735    -680.4691901 0.23E-02 0.18E-01
   7    -1876.2219311   -1195.7201744    -680.5017567 0.42E-02 0.23E-02
   8    -1876.1322648   -1195.6399618    -680.4923030 0.86E-03 0.34E-03
   9    -1876.1220156   -1195.6365731    -680.4854426 0.12E-03 0.28E-03
  10    -1876.1241669   -1195.6416366    -680.4825303 0.31E-04 0.20E-03
  11    -1876.1277778   -1195.6461187    -680.4816591 0.15E-04 0.12E-03
  12    -1876.1306286   -1195.6489811    -680.4816475 0.67E-05 0.60E-04
  13    -1876.1323335   -1195.6504813    -680.4818523 0.33E-05 0.29E-04
  14    -1876.1331766   -1195.6511461    -680.4820304 0.17E-05 0.19E-04
  15    -1876.1335229   -1195.6513899    -680.4821330 0.11E-05 0.12E-04
  16    -1876.1336340   -1195.6514567    -680.4821773 0.74E-06 0.78E-05
  17    -1876.1336481   -1195.6514576    -680.4821905 0.50E-06 0.48E-05
  18    -1876.1336425   -1195.6514514    -680.4821910 0.33E-06 0.29E-05
  19    -1876.1336366   -1195.6514482    -680.4821883 0.22E-06 0.17E-05
  20    -1876.1336341   -1195.6514480    -680.4821861 0.13E-06 0.97E-06
  21    -1876.1336340   -1195.6514490    -680.4821851 0.90E-07 0.54E-06
  22    -1876.1336348   -1195.6514500    -680.4821848 0.42E-07 0.29E-06
  23    -1876.1336355   -1195.6514507    -680.4821848 0.33E-07 0.15E-06
  24    -1876.1336359   -1195.6514510    -680.4821849 0.11E-07 0.76E-07
  25    -1876.1336361   -1195.6514511    -680.4821850 0.56E-08 0.39E-07
 
   25 iterations: (units are Ry and bohr)
 Energy:   -1876.13363609  Ebs:   -1195.65145107  Ehxc:    -680.48218502
 Eh    :     707.23542751  Exc:     -82.61870861
 
   Orbital    Filling       Eigenvalues    Norm(rc->oo)      Peak
    |100>      2.000        -394.558568
    |200>      2.000         -47.839393
    |210>      6.000         -41.070820
    |300>      2.000          -8.950414      0.045568      0.813422
    |310>      6.000          -7.072522      0.018164      0.834848
    |320>      1.000          -4.094653      0.098618      0.813422
    |400>      0.000          -2.836185      0.862495      2.128665
    |410>      0.000          -2.337596      0.779186      2.331460


 ===============Configuration 4 NL: Calc ===============
 ---------Eigenvalue guesses---------
 1s            -6.27044176
 2p            -4.43711114
 3d            -1.59624392
 2s            -1.30285321
 3p            -0.94767984
 Performing non-local pseudopotential calculation
 Using the s potential as the local potential
 
 --Augmentation operator info--
 Number of functions:  74
 # 1 range(a.u.):   0.010047 ----->  0.019752   size(Ry):-12.237175
 # 2 range(a.u.):   0.020010 ----->  0.039855   size(Ry):-12.198760
 # 3 range(a.u.):   0.040377 ----->  0.059635   size(Ry):-12.134942
 # 4 range(a.u.):   0.060416 ----->  0.079380   size(Ry):-12.046026
 # 5 range(a.u.):   0.080419 ----->  0.099013   size(Ry):-11.932438
 # 6 range(a.u.):   0.100308 ----->  0.118777   size(Ry):-11.794724
 # 7 range(a.u.):   0.120331 ----->  0.138830   size(Ry):-11.633540
 # 8 range(a.u.):   0.140647 ----->  0.158104   size(Ry):-11.449654
 # 9 range(a.u.):   0.160172 ----->  0.177727   size(Ry):-11.243939
 #10 range(a.u.):   0.180053 ----->  0.199787   size(Ry):-11.017368
 #11 range(a.u.):   0.202401 ----->  0.218820   size(Ry):-10.771008
 #12 range(a.u.):   0.221683 ----->  0.239667   size(Ry):-10.506010
 #13 range(a.u.):   0.242803 ----->  0.259109   size(Ry):-10.223610
 #14 range(a.u.):   0.262500 ----->  0.276511   size(Ry): -9.925113
 #15 range(a.u.):   0.280129 ----->  0.298942   size(Ry): -9.611890
 #16 range(a.u.):   0.302854 ----->  0.319019   size(Ry): -9.285368
 #17 range(a.u.):   0.323193 ----->  0.336047   size(Ry): -8.947021
 #18 range(a.u.):   0.340444 ----->  0.358615   size(Ry): -8.598363
 #19 range(a.u.):   0.363308 ----->  0.377757   size(Ry): -8.240935
 #20 range(a.u.):   0.382700 ----->  0.397920   size(Ry): -7.876302
 #21 range(a.u.):   0.403126 ----->  0.419159   size(Ry): -7.506037
 #22 range(a.u.):   0.424644 ----->  0.435829   size(Ry): -7.131715
 #23 range(a.u.):   0.441532 ----->  0.459092   size(Ry): -6.754905
 #24 range(a.u.):   0.465099 ----->  0.477350   size(Ry): -6.377158
 #25 range(a.u.):   0.483596 ----->  0.496335   size(Ry): -6.000000
 #26 range(a.u.):   0.502829 ----->  0.516074   size(Ry): -5.624922
 #27 range(a.u.):   0.522827 ----->  0.536599   size(Ry): -5.253372
 #28 range(a.u.):   0.543620 ----->  0.557939   size(Ry): -4.886748
 #29 range(a.u.):   0.565240 ----->  0.580129   size(Ry): -4.526389
 #30 range(a.u.):   0.587720 ----->  0.595410   size(Ry): -4.173568
 #31 range(a.u.):   0.603201 ----->  0.619090   size(Ry): -3.829485
 #32 range(a.u.):   0.627190 ----->  0.635397   size(Ry): -3.495262
 #33 range(a.u.):   0.643711 ----->  0.652134   size(Ry): -3.171936
 #34 range(a.u.):   0.660667 ----->  0.678070   size(Ry): -2.860455
 #35 range(a.u.):   0.686942 ----->  0.695931   size(Ry): -2.561673
 #36 range(a.u.):   0.705037 ----->  0.714262   size(Ry): -2.276348
 #37 range(a.u.):   0.723608 ----->  0.733077   size(Ry): -2.005136
 #38 range(a.u.):   0.742669 ----->  0.752387   size(Ry): -1.748592
 #39 range(a.u.):   0.762231 ----->  0.772205   size(Ry): -1.507164
 #40 range(a.u.):   0.782309 ----->  0.792546   size(Ry): -1.281200
 #41 range(a.u.):   0.802916 ----->  0.813422   size(Ry): -1.070938
 #42 range(a.u.):   0.824066 ----->  0.834848   size(Ry): -0.876514
 #43 range(a.u.):   0.845772 ----->  0.856839   size(Ry): -0.697963
 #44 range(a.u.):   0.868051 ----->  0.879409   size(Ry): -0.535217
 #45 range(a.u.):   0.890916 ----->  0.890916   size(Ry): -0.388110
 #46 range(a.u.):   0.902574 ----->  0.914384   size(Ry): -0.256382
 #47 range(a.u.):   0.926348 ----->  0.938469   size(Ry): -0.139682
 #48 range(a.u.):   0.950749 ----->  0.950749   size(Ry): -0.037576
 #49 range(a.u.):   0.963189 ----->  0.975793   size(Ry):  0.050455
 #50 range(a.u.):   0.988561 ----->  0.988561   size(Ry):  0.125000
 #51 range(a.u.):   1.001496 ----->  1.014600   size(Ry):  0.186720
 #52 range(a.u.):   1.027876 ----->  1.027876   size(Ry):  0.236336
 #53 range(a.u.):   1.041326 ----->  1.054952   size(Ry):  0.274624
 #54 range(a.u.):   1.068756 ----->  1.068756   size(Ry):  0.302407
 #55 range(a.u.):   1.082740 ----->  1.096908   size(Ry):  0.320548
 #56 range(a.u.):   1.111260 ----->  1.111260   size(Ry):  0.329941
 #57 range(a.u.):   1.125801 ----->  1.125801   size(Ry):  0.331503
 #58 range(a.u.):   1.140532 ----->  1.155456   size(Ry):  0.326168
 #59 range(a.u.):   1.170575 ----->  1.170575   size(Ry):  0.314877
 #60 range(a.u.):   1.185892 ----->  1.185892   size(Ry):  0.298568
 #61 range(a.u.):   1.201409 ----->  1.217129   size(Ry):  0.278172
 #62 range(a.u.):   1.233055 ----->  1.233055   size(Ry):  0.254602
 #63 range(a.u.):   1.249189 ----->  1.249189   size(Ry):  0.228746
 #64 range(a.u.):   1.265535 ----->  1.265535   size(Ry):  0.201461
 #65 range(a.u.):   1.282094 ----->  1.298870   size(Ry):  0.173563
 #66 range(a.u.):   1.315866 ----->  1.315866   size(Ry):  0.145823
 #67 range(a.u.):   1.333084 ----->  1.333084   size(Ry):  0.118957
 #68 range(a.u.):   1.350527 ----->  1.350527   size(Ry):  0.093624
 #69 range(a.u.):   1.368198 ----->  1.368198   size(Ry):  0.070420
 #70 range(a.u.):   1.386101 ----->  1.386101   size(Ry):  0.049870
 #71 range(a.u.):   1.404238 ----->  1.404238   size(Ry):  0.032426
 #72 range(a.u.):   1.422612 ----->  1.422612   size(Ry):  0.018463
 #73 range(a.u.):   1.441227 ----->  1.460085   size(Ry):  0.008277
 #74 range(a.u.):   1.479190 ----->  1.479190   size(Ry):  0.002080
 ------------------------------
 
 iter       Etot             Ebs             Ehxc       de_max   dv_max
   1     -106.8107860     -40.7597943     -66.0509917 0.85E-01 0.40E+01
   2     -121.0279858     -52.5955812     -68.4324046 0.75E+00 0.20E+01
   3     -131.1590169     -62.0825109     -69.0765060 0.41E+00 0.11E+00
   4     -133.0780058     -63.8497788     -69.2282269 0.48E-01 0.87E-02
   5     -133.2730045     -63.9643313     -69.3086733 0.32E-02 0.10E-01
   6     -133.2716369     -63.9288039     -69.3428329 0.81E-03 0.90E-02
   7     -133.1994158     -63.8583483     -69.3410675 0.15E-02 0.14E-02
   8     -133.1919444     -63.8528345     -69.3391099 0.13E-03 0.31E-03
   9     -133.1915540     -63.8531931     -69.3383609 0.13E-04 0.27E-03
  10     -133.1923340     -63.8540214     -69.3383126 0.14E-04 0.18E-03
  11     -133.1933745     -63.8547623     -69.3386121 0.12E-04 0.18E-03
  12     -133.1935575     -63.8547606     -69.3387969 0.69E-05 0.92E-04
  13     -133.1935620     -63.8546692     -69.3388928 0.54E-05 0.54E-04
  14     -133.1935049     -63.8545709     -69.3389340 0.38E-05 0.32E-04
  15     -133.1934450     -63.8544985     -69.3389465 0.24E-05 0.19E-04
  16     -133.1934019     -63.8544542     -69.3389477 0.14E-05 0.10E-04
  17     -133.1933766     -63.8544307     -69.3389460 0.78E-06 0.57E-05
  18     -133.1933638     -63.8544195     -69.3389442 0.41E-06 0.31E-05
  19     -133.1933580     -63.8544150     -69.3389430 0.21E-06 0.16E-05
  20     -133.1933557     -63.8544134     -69.3389423 0.10E-06 0.88E-06
  21     -133.1933550     -63.8544130     -69.3389420 0.45E-07 0.47E-06
  22     -133.1933549     -63.8544129     -69.3389419 0.23E-07 0.26E-06
  23     -133.1933549     -63.8544130     -69.3389420 0.22E-07 0.14E-06
  24     -133.1933550     -63.8544130     -69.3389420 0.62E-08 0.77E-07
 
   24 iterations: (units are Ry and bohr)
 Energy:    -133.19335498  Ebs:     -63.85441297  Ehxc:     -69.33894201
 Eh    :      73.36572164  Exc:     -12.84858278
 
   Orbital    Filling       Eigenvalues    Norm(rc->oo)      Peak
    |100>      2.000          -8.896043      0.046369      0.813422
    |210>      6.000          -7.009459      0.018934      0.879409
    |320>      1.000          -4.005571      0.107878      0.975793
    |200>      0.000          -3.107537      0.746507      1.943509
    |310>      0.000          -2.384266      0.753995      2.301348
 
 ---Non-local ghost testing---
 Local state: 1s
 
 Test  state: 1s
 KB energy :   6.300450  KB strength:   3.465769  KB cosine:   0.550083
 el0       : -11.900072  el1        :  -4.119677  eig      :  -8.896043
 No ghosts!  Ekb>0  and el0 < eig < el1
 
 Test  state: 2p
 KB energy :  -1.882480  KB strength:   0.959176  KB cosine:  -0.509528
 el0       :  -6.523470  el1        :  -2.246425  eig      :  -7.009459
 No ghosts!  Ekb<0  and eig < el0
 
 Test  state: 3d
 KB energy :  -6.112185  KB strength:   3.195268  KB cosine:  -0.522770
 el0       :  -2.851148  el1        :  -1.286330  eig      :  -4.005571
 No ghosts!  Ekb<0  and eig < el0
 
 Test  state: 2s
 KB energy :   6.300450  KB strength:   3.465769  KB cosine:   0.550083
 el0       :  -4.119677  el1        :  -1.773377  eig      :  -3.107537
 No ghosts!  Ekb>0  and el0 < eig < el1
 
 Test  state: 3p
 KB energy :  -1.882480  KB strength:   0.959176  KB cosine:  -0.509528
 el0       :  -2.246425  el1        :  -1.152102  eig      :  -2.384266
 No ghosts!  Ekb<0  and eig < el0
 ------------------------------
 
 No ghosts present for designed local pot
 


 ===============Configuration 5 AE Calc=============== 
 ---------Eigenvalue guesses---------
 1s          -529.00000000
 2s           -33.06250000
 2p           -33.06250000
 3s            -6.53086420
 3p            -6.53086420
 3d            -6.53086420
 4s            -2.06640625
 4p            -2.06640625
 
 iter       Etot             Ebs             Ehxc       de_max   dv_max
   1    -2246.9850433   -1502.3991562    -744.5858871 0.17E+01 0.62E+01
   2    -2017.8302029   -1330.2796847    -687.5505182 0.33E+00 0.21E+01
   3    -1873.8407481   -1224.7614541    -649.0792940 0.25E+00 0.23E+00
   4    -1868.5498719   -1220.1398611    -648.4100108 0.99E-02 0.83E-01
   5    -1871.3345373   -1222.6135907    -648.7209466 0.11E-01 0.12E-01
   6    -1871.4921882   -1222.6099950    -648.8821932 0.48E-03 0.72E-02
   7    -1871.3630193   -1222.4364295    -648.9265898 0.12E-02 0.19E-02
   8    -1871.3144557   -1222.3785688    -648.9358869 0.42E-03 0.58E-03
   9    -1871.3065994   -1222.3684178    -648.9381816 0.88E-04 0.51E-03
  10    -1871.3024545   -1222.3641873    -648.9382671 0.48E-04 0.33E-03
  11    -1871.2974254   -1222.3602665    -648.9371589 0.53E-04 0.81E-04
  12    -1871.2972033   -1222.3605407    -648.9366625 0.47E-05 0.37E-04
  13    -1871.2975950   -1222.3610599    -648.9365351 0.50E-06 0.18E-04
  14    -1871.2979639   -1222.3614132    -648.9365507 0.33E-06 0.90E-05
  15    -1871.2981910   -1222.3615940    -648.9365971 0.17E-06 0.49E-05
  16    -1871.2982916   -1222.3616572    -648.9366344 0.62E-07 0.27E-05
  17    -1871.2983345   -1222.3616779    -648.9366566 0.93E-07 0.17E-05
  18    -1871.2983383   -1222.3616718    -648.9366666 0.78E-07 0.10E-05
  19    -1871.2983333   -1222.3616637    -648.9366696 0.50E-07 0.54E-06
  20    -1871.2983277   -1222.3616581    -648.9366696 0.26E-07 0.25E-06
  21    -1871.2983241   -1222.3616554    -648.9366687 0.10E-07 0.13E-06
  22    -1871.2983224   -1222.3616544    -648.9366680 0.37E-08 0.79E-07
 
   22 iterations: (units are Ry and bohr)
 Energy:   -1871.29832237  Ebs:   -1222.36165441  Ehxc:    -648.93666796
 Eh    :     675.22469746  Exc:     -81.13720182
 
   Orbital    Filling       Eigenvalues    Norm(rc->oo)      Peak
    |100>      2.000        -396.335098
    |200>      2.000         -49.697109
    |210>      6.000         -42.923397
    |300>      2.000         -10.521421      0.038084      0.813422
    |310>      6.000          -8.619002      0.013022      0.824066
    |320>      0.000          -5.601412      0.064968      0.782309
    |400>      0.000          -3.739252      0.823727      1.994702
    |410>      0.000          -3.181656      0.701189      2.156518


 ===============Configuration 5 NL: Calc ===============
 ---------Eigenvalue guesses---------
 1s            -6.27044176
 2p            -4.43711114
 3d            -1.59624392
 2s            -1.30285321
 3p            -0.94767984
 Performing non-local pseudopotential calculation
 Using the s potential as the local potential
 
 --Augmentation operator info--
 Number of functions:  74
 # 1 range(a.u.):   0.010047 ----->  0.019752   size(Ry):-12.237175
 # 2 range(a.u.):   0.020010 ----->  0.039855   size(Ry):-12.198760
 # 3 range(a.u.):   0.040377 ----->  0.059635   size(Ry):-12.134942
 # 4 range(a.u.):   0.060416 ----->  0.079380   size(Ry):-12.046026
 # 5 range(a.u.):   0.080419 ----->  0.099013   size(Ry):-11.932438
 # 6 range(a.u.):   0.100308 ----->  0.118777   size(Ry):-11.794724
 # 7 range(a.u.):   0.120331 ----->  0.138830   size(Ry):-11.633540
 # 8 range(a.u.):   0.140647 ----->  0.158104   size(Ry):-11.449654
 # 9 range(a.u.):   0.160172 ----->  0.177727   size(Ry):-11.243939
 #10 range(a.u.):   0.180053 ----->  0.199787   size(Ry):-11.017368
 #11 range(a.u.):   0.202401 ----->  0.218820   size(Ry):-10.771008
 #12 range(a.u.):   0.221683 ----->  0.239667   size(Ry):-10.506010
 #13 range(a.u.):   0.242803 ----->  0.259109   size(Ry):-10.223610
 #14 range(a.u.):   0.262500 ----->  0.276511   size(Ry): -9.925113
 #15 range(a.u.):   0.280129 ----->  0.298942   size(Ry): -9.611890
 #16 range(a.u.):   0.302854 ----->  0.319019   size(Ry): -9.285368
 #17 range(a.u.):   0.323193 ----->  0.336047   size(Ry): -8.947021
 #18 range(a.u.):   0.340444 ----->  0.358615   size(Ry): -8.598363
 #19 range(a.u.):   0.363308 ----->  0.377757   size(Ry): -8.240935
 #20 range(a.u.):   0.382700 ----->  0.397920   size(Ry): -7.876302
 #21 range(a.u.):   0.403126 ----->  0.419159   size(Ry): -7.506037
 #22 range(a.u.):   0.424644 ----->  0.435829   size(Ry): -7.131715
 #23 range(a.u.):   0.441532 ----->  0.459092   size(Ry): -6.754905
 #24 range(a.u.):   0.465099 ----->  0.477350   size(Ry): -6.377158
 #25 range(a.u.):   0.483596 ----->  0.496335   size(Ry): -6.000000
 #26 range(a.u.):   0.502829 ----->  0.516074   size(Ry): -5.624922
 #27 range(a.u.):   0.522827 ----->  0.536599   size(Ry): -5.253372
 #28 range(a.u.):   0.543620 ----->  0.557939   size(Ry): -4.886748
 #29 range(a.u.):   0.565240 ----->  0.580129   size(Ry): -4.526389
 #30 range(a.u.):   0.587720 ----->  0.595410   size(Ry): -4.173568
 #31 range(a.u.):   0.603201 ----->  0.619090   size(Ry): -3.829485
 #32 range(a.u.):   0.627190 ----->  0.635397   size(Ry): -3.495262
 #33 range(a.u.):   0.643711 ----->  0.652134   size(Ry): -3.171936
 #34 range(a.u.):   0.660667 ----->  0.678070   size(Ry): -2.860455
 #35 range(a.u.):   0.686942 ----->  0.695931   size(Ry): -2.561673
 #36 range(a.u.):   0.705037 ----->  0.714262   size(Ry): -2.276348
 #37 range(a.u.):   0.723608 ----->  0.733077   size(Ry): -2.005136
 #38 range(a.u.):   0.742669 ----->  0.752387   size(Ry): -1.748592
 #39 range(a.u.):   0.762231 ----->  0.772205   size(Ry): -1.507164
 #40 range(a.u.):   0.782309 ----->  0.792546   size(Ry): -1.281200
 #41 range(a.u.):   0.802916 ----->  0.813422   size(Ry): -1.070938
 #42 range(a.u.):   0.824066 ----->  0.834848   size(Ry): -0.876514
 #43 range(a.u.):   0.845772 ----->  0.856839   size(Ry): -0.697963
 #44 range(a.u.):   0.868051 ----->  0.879409   size(Ry): -0.535217
 #45 range(a.u.):   0.890916 ----->  0.890916   size(Ry): -0.388110
 #46 range(a.u.):   0.902574 ----->  0.914384   size(Ry): -0.256382
 #47 range(a.u.):   0.926348 ----->  0.938469   size(Ry): -0.139682
 #48 range(a.u.):   0.950749 ----->  0.950749   size(Ry): -0.037576
 #49 range(a.u.):   0.963189 ----->  0.975793   size(Ry):  0.050455
 #50 range(a.u.):   0.988561 ----->  0.988561   size(Ry):  0.125000
 #51 range(a.u.):   1.001496 ----->  1.014600   size(Ry):  0.186720
 #52 range(a.u.):   1.027876 ----->  1.027876   size(Ry):  0.236336
 #53 range(a.u.):   1.041326 ----->  1.054952   size(Ry):  0.274624
 #54 range(a.u.):   1.068756 ----->  1.068756   size(Ry):  0.302407
 #55 range(a.u.):   1.082740 ----->  1.096908   size(Ry):  0.320548
 #56 range(a.u.):   1.111260 ----->  1.111260   size(Ry):  0.329941
 #57 range(a.u.):   1.125801 ----->  1.125801   size(Ry):  0.331503
 #58 range(a.u.):   1.140532 ----->  1.155456   size(Ry):  0.326168
 #59 range(a.u.):   1.170575 ----->  1.170575   size(Ry):  0.314877
 #60 range(a.u.):   1.185892 ----->  1.185892   size(Ry):  0.298568
 #61 range(a.u.):   1.201409 ----->  1.217129   size(Ry):  0.278172
 #62 range(a.u.):   1.233055 ----->  1.233055   size(Ry):  0.254602
 #63 range(a.u.):   1.249189 ----->  1.249189   size(Ry):  0.228746
 #64 range(a.u.):   1.265535 ----->  1.265535   size(Ry):  0.201461
 #65 range(a.u.):   1.282094 ----->  1.298870   size(Ry):  0.173563
 #66 range(a.u.):   1.315866 ----->  1.315866   size(Ry):  0.145823
 #67 range(a.u.):   1.333084 ----->  1.333084   size(Ry):  0.118957
 #68 range(a.u.):   1.350527 ----->  1.350527   size(Ry):  0.093624
 #69 range(a.u.):   1.368198 ----->  1.368198   size(Ry):  0.070420
 #70 range(a.u.):   1.386101 ----->  1.386101   size(Ry):  0.049870
 #71 range(a.u.):   1.404238 ----->  1.404238   size(Ry):  0.032426
 #72 range(a.u.):   1.422612 ----->  1.422612   size(Ry):  0.018463
 #73 range(a.u.):   1.441227 ----->  1.460085   size(Ry):  0.008277
 #74 range(a.u.):   1.479190 ----->  1.479190   size(Ry):  0.002080
 ------------------------------
 
 iter       Etot             Ebs             Ehxc       de_max   dv_max
   1      -92.8560315     -39.1635503     -53.6924812 0.85E-01 0.60E+01
   2     -110.9844579     -55.1418223     -55.8426355 0.11E+01 0.30E+01
   3     -126.0265118     -69.3927157     -56.6337961 0.57E+00 0.11E+00
   4     -128.3404220     -71.5715073     -56.7689147 0.49E-01 0.95E-02
   5     -128.5677471     -71.7264872     -56.8412599 0.38E-02 0.10E-01
   6     -128.5650617     -71.6922782     -56.8727835 0.67E-03 0.90E-02
   7     -128.5091829     -71.6346037     -56.8745792 0.93E-03 0.46E-03
   8     -128.5012996     -71.6272221     -56.8740774 0.13E-03 0.19E-03
   9     -128.5005210     -71.6267093     -56.8738117 0.17E-04 0.19E-03
  10     -128.5006930     -71.6268910     -56.8738021 0.72E-05 0.15E-03
  11     -128.5009223     -71.6270297     -56.8738926 0.54E-05 0.10E-03
  12     -128.5010534     -71.6270631     -56.8739904 0.43E-05 0.66E-04
  13     -128.5010939     -71.6270322     -56.8740617 0.33E-05 0.41E-04
  14     -128.5010840     -71.6269799     -56.8741041 0.23E-05 0.25E-04
  15     -128.5010563     -71.6269313     -56.8741250 0.15E-05 0.15E-04
  16     -128.5010290     -71.6268948     -56.8741342 0.97E-06 0.83E-05
  17     -128.5010087     -71.6268715     -56.8741372 0.57E-06 0.46E-05
  18     -128.5009955     -71.6268579     -56.8741377 0.32E-06 0.25E-05
  19     -128.5009880     -71.6268509     -56.8741371 0.17E-06 0.13E-05
  20     -128.5009841     -71.6268476     -56.8741364 0.79E-07 0.66E-06
  21     -128.5009822     -71.6268465     -56.8741357 0.51E-07 0.31E-06
  22     -128.5009818     -71.6268457     -56.8741360 0.15E-07 0.19E-06
  23     -128.5009816     -71.6268454     -56.8741362 0.10E-07 0.11E-06
  24     -128.5009815     -71.6268452     -56.8741363 0.65E-08 0.66E-07
 
   24 iterations: (units are Ry and bohr)
 Energy:    -128.50098149  Ebs:     -71.62684523  Ehxc:     -56.87413626
 Eh    :      60.46409666  Exc:     -11.45494152
 
   Orbital    Filling       Eigenvalues    Norm(rc->oo)      Peak
    |100>      2.000         -10.394601      0.039513      0.802916
    |210>      6.000          -8.472940      0.014174      0.868051
    |320>      0.000          -5.394840      0.077128      0.963189
    |200>      0.000          -4.118850      0.676307      1.821199
    |310>      0.000          -3.238884      0.673027      2.128665
 
 ---Non-local ghost testing---
 Local state: 1s
 
 Test  state: 1s
 KB energy :   6.300450  KB strength:   3.465769  KB cosine:   0.550083
 el0       : -13.475090  el1        :  -5.279602  eig      : -10.394601
 No ghosts!  Ekb>0  and el0 < eig < el1
 
 Test  state: 2p
 KB energy :  -1.882480  KB strength:   0.959176  KB cosine:  -0.509528
 el0       :  -7.957618  el1        :  -3.069112  eig      :  -8.472940
 No ghosts!  Ekb<0  and eig < el0
 
 Test  state: 3d
 KB energy :  -6.112185  KB strength:   3.195268  KB cosine:  -0.522770
 el0       :  -4.003274  el1        :  -1.869568  eig      :  -5.394840
 No ghosts!  Ekb<0  and eig < el0
 
 Test  state: 2s
 KB energy :   6.300450  KB strength:   3.465769  KB cosine:   0.550083
 el0       :  -5.279602  el1        :  -2.426757  eig      :  -4.118850
 No ghosts!  Ekb>0  and el0 < eig < el1
 
 Test  state: 3p
 KB energy :  -1.882480  KB strength:   0.959176  KB cosine:  -0.509528
 el0       :  -3.069112  el1        :  -1.644140  eig      :  -3.238884
 No ghosts!  Ekb<0  and eig < el0
 ------------------------------
 
 No ghosts present for designed local pot
 
   ------------------------------------------------
   ================================================
<<<do_rpt>>>
------------- closing opium session ------------
