##########################################################
#    Opium Report File                                   #
##########################################################
     Opium version:        3.8

### copy of the parameter file #######################

[Atom]
V
8
100 2.00  -
200 2.00  -
210 6.00  -
300 2.00  -
310 6.00  -
320 3.00  -
400 0.00  -
410 0.00  -

[Pseudo]
5 1.58 1.95 1.77 1.58 1.95
opt

[XC]
lda

[Optinfo]
7.07 10
7.07 10
7.54 10
7.07 10
7.07 10

[KBdesign] 
s
74
gp 436.0 488.0 -12.2371746603
gp 489.0 542.0 -12.1987603417
gp 543.0 573.0 -12.1349417629
gp 574.0 595.0 -12.0460255138
gp 596.0 612.0 -11.932438152
gp 613.0 626.0 -11.794723557
gp 627.0 638.0 -11.6335395589
gp 639.0 648.0 -11.4496538645
gp 649.0 657.0 -11.2439393093
gp 658.0 666.0 -11.0173684666
gp 667.0 673.0 -10.7710076505
gp 674.0 680.0 -10.5060103546
gp 681.0 686.0 -10.2236101681
gp 687.0 691.0 -9.92511322056
gp 692.0 697.0 -9.61189020359
gp 698.0 702.0 -9.28536802511
gp 703.0 706.0 -8.94702115156
gp 707.0 711.0 -8.59836269696
gp 712.0 715.0 -8.24093531839
gp 716.0 719.0 -7.8763019795
gp 720.0 723.0 -7.50603664372
gp 724.0 726.0 -7.13171495972
gp 727.0 730.0 -6.75490500151
gp 731.0 733.0 -6.37715812467
gp 734.0 736.0 -6.0
gp 737.0 739.0 -5.62492188378
gp 740.0 742.0 -5.25337218262
gp 743.0 745.0 -4.88674836843
gp 746.0 748.0 -4.52638929659
gp 749.0 750.0 -4.1735679775
gp 751.0 753.0 -3.82948484843
gp 754.0 755.0 -3.49526158892
gp 756.0 757.0 -3.17193551933
gp 758.0 760.0 -2.86045461769
gp 761.0 762.0 -2.56167318596
gp 763.0 764.0 -2.27634819182
gp 765.0 766.0 -2.00513630783
gp 767.0 768.0 -1.74859166425
gp 769.0 770.0 -1.50716432759
gp 771.0 772.0 -1.28119951093
gp 773.0 774.0 -1.0709375178
gp 775.0 776.0 -0.87651441565
gp 777.0 778.0 -0.697963430063
gp 779.0 780.0 -0.53521704589
gp 781.0 781.0 -0.388109796407
gp 782.0 783.0 -0.256381716894
gp 784.0 785.0 -0.13968243439
gp 786.0 786.0 -0.037575860948
gp 787.0 788.0 0.0504545464386
gp 789.0 789.0 0.125
gp 790.0 791.0 0.186720113822
gp 792.0 792.0 0.236336202626
gp 793.0 794.0 0.274624197339
gp 795.0 795.0 0.302407230705
gp 796.0 797.0 0.320547948392
gp 798.0 798.0 0.329940602896
gp 799.0 799.0 0.331502988956
gp 800.0 801.0 0.326168280172
gp 802.0 802.0 0.314876827136
gp 803.0 803.0 0.2985679775
gp 804.0 805.0 0.278171978139
gp 806.0 806.0 0.254602018853
gp 807.0 807.0 0.228746475938
gp 808.0 808.0 0.201461412384
gp 809.0 810.0 0.173563389548
gp 811.0 811.0 0.145822642795
gp 812.0 812.0 0.118956670887
gp 813.0 813.0 0.093624285875
gp 814.0 814.0 0.0704201668197
gp 815.0 815.0 0.049869957004
gp 816.0 816.0 0.0324259403022
gp 817.0 817.0 0.0184633281528
gp 818.0 819.0 0.00827718412839
gp 820.0 820.0 0.00208000845031

[Configs]
5

300 2.00 -
310 6.00 -
320 3.00 -
400 2.00 -
410 0.00 -

300 2.00 -
310 6.00 -
320 3.00 -
400 1.00 -
410 0.00 -

#300 2.00 -
#310 6.00 -
#320 3.00 -
#400 0.00 -
#410 0.00 -

300 2.00 -
310 6.00 -
320 2.50 -
400 1.50 -
410 0.00 -

300 2.00 -
310 6.00 -
320 1.00 -
400 0.00 -
410 0.00 -

300 2.00 -
310 6.00 -
320 0.00 -
400 0.00 -
410 0.00 -

### AE report ########################################

 AE:Orbital    Filling       Eigenvalues[Ry]          Norm
    ----------------------------------------------------------
	100	 2.000	    -391.6868825563
	200	 2.000	     -44.8396493224
	210	 6.000	     -38.0820483331
	300	 2.000	      -6.2704417558	  0.0593848435
	310	 6.000	      -4.4371111390	  0.0309781259
	320	 3.000	      -1.5962439235	  0.2191963580
	400	 0.000	      -1.3028532067	  0.9256439195
	410	 0.000	      -0.9476798393	  0.9063433636

      E_tot =    -1881.6971493512 Ry

### PS report ########################################

    ====================Optimized pseudopotential method====================

                       Pseudopotential convergence error                      
    Orbital      [mRy/e]       [meV/e]         [mRy]        [meV]        Ghost
    --------------------------------------------------------------------------
	300       0.020827      0.283366      0.041654      0.566732	    no
	310       0.008991      0.122325      0.053944      0.733949	    no
	320       0.161796      2.201354      0.485389      6.604061	    no

                  Tot. error =               0.580987      7.904741


### NL/SL report #####################################


 NL:Orbital    Filling       Eigenvalues[Ry]          Norm       Ghost
    ------------------------------------------------------------------
	100 	 2.000	      -6.2704417570	  0.0593848440	    no
	210 	 6.000	      -4.4371111399	  0.0309781268	    no
	320 	 3.000	      -1.5962439240	  0.2191963811	    no
	200 	 0.000	      -1.4139887277	  0.8667182159	    no
	310 	 0.000	      -0.9639574387	  0.8941760379	    no

	 ========== No ghosts in potential!!========== 

      E_tot =     -138.6943207826 Ry

### KE report ########################################


### TC report ########################################

 AE:Orbital    Filling       Eigenvalues[Ry]          Norm
    ----------------------------------------------------------
	100	 2.000	    -390.4500108939
	200	 2.000	     -43.6313987803
	210	 6.000	     -36.8712205305
	300	 2.000	      -5.0531388962	  0.0596431917
	310	 6.000	      -3.2203944904	  0.0322577566
	320	 3.000	      -0.4089254919	  0.2689253891
	400	 2.000	      -0.3525167698	  0.9549251082
	410	 0.000	      -0.1137152418	  0.9652751067

      E_tot =    -1883.3346520171 Ry

 NL:Orbital    Filling       Eigenvalues[Ry]          Norm       Ghost
    ------------------------------------------------------------------
	100 	 2.000	      -4.9594944480	  0.0607540848	    no
	210 	 6.000	      -3.1337065565	  0.0332172535	    no
	320 	 3.000	      -0.3373760882	  0.2862001431	    no
	200 	 2.000	      -0.3799878509	  0.9192519343	    no
	310 	 0.000	      -0.0963543198	  0.9642470181	    no

      E_tot =     -140.4560094023 Ry

 AE-NL:Orbital Filling       Eigenvalues[mRy]         Norm[1e-3] 
 AE-NL- --------------------------------------------------------------
 AE-NL- 100 	 2.000	     -93.6444482077	 -1.1108931220	
 AE-NL- 210 	 6.000	     -86.6879339207	 -0.9594969048	
 AE-NL- 320 	 3.000	     -71.5494036896	-17.2747539289	
 AE-NL- 200 	 2.000	      27.4710810601	 35.6731739108	
 AE-NL- 310 	 0.000	     -17.3609220151	  1.0280885769	
 AE-NL-  total error =	     296.7137888932	 56.0464064433

 =====================================================================
 AE:Orbital    Filling       Eigenvalues[Ry]          Norm
    ----------------------------------------------------------
	100	 2.000	    -391.0187415873
	200	 2.000	     -44.1887177140
	210	 6.000	     -37.4295730014
	300	 2.000	      -5.6156260840	  0.0596759733
	310	 6.000	      -3.7830672642	  0.0319349113
	320	 3.000	      -0.9610538201	  0.2472384583
	400	 1.000	      -0.8131616803	  0.9422703213
	410	 0.000	      -0.5154992627	  0.9383036134

      E_tot =    -1882.7567552991 Ry

 NL:Orbital    Filling       Eigenvalues[Ry]          Norm       Ghost
    ------------------------------------------------------------------
	100 	 2.000	      -5.5570927472	  0.0604444011	    no
	210 	 6.000	      -3.7292264075	  0.0325869663	    no
	320 	 3.000	      -0.9165986252	  0.2554332581	    no
	200 	 1.000	      -0.8721774344	  0.8967734107	    no
	310 	 0.000	      -0.5069250896	  0.9318557585	    no

      E_tot =     -139.8358729665 Ry

 AE-NL:Orbital Filling       Eigenvalues[mRy]         Norm[1e-3] 
 AE-NL- --------------------------------------------------------------
 AE-NL- 100 	 2.000	     -58.5333367605	 -0.7684277436	
 AE-NL- 210 	 6.000	     -53.8408566960	 -0.6520550237	
 AE-NL- 320 	 3.000	     -44.4551948971	 -8.1947998158	
 AE-NL- 200 	 1.000	      59.0157540796	 45.4969106177	
 AE-NL- 310 	 0.000	      -8.5741730239	  6.4478549627	
 AE-NL-  total error =	     224.4193154571	 61.5600481634

 =====================================================================
 AE:Orbital    Filling       Eigenvalues[Ry]          Norm
    ----------------------------------------------------------
	100	 2.000	    -391.2339759927
	200	 2.000	     -44.4359371345
	210	 6.000	     -37.6737196380
	300	 2.000	      -5.8226419409	  0.0573659598
	310	 6.000	      -3.9825287934	  0.0295579343
	320	 2.500	      -1.1302780728	  0.2149694189
	400	 1.500	      -0.8699257482	  0.9370954321
	410	 0.000	      -0.5562251123	  0.9295965105

      E_tot =    -1882.6554829146 Ry

 NL:Orbital    Filling       Eigenvalues[Ry]          Norm       Ghost
    ------------------------------------------------------------------
	100 	 2.000	      -5.7211241698	  0.0587521373	    no
	210 	 6.000	      -3.8883436616	  0.0307232136	    no
	320 	 2.500	      -1.0493149223	  0.2290952281	    no
	200 	 1.500	      -0.9269649534	  0.8877294734	    no
	310 	 0.000	      -0.5402705287	  0.9236435022	    no

      E_tot =     -139.7945305592 Ry

 AE-NL:Orbital Filling       Eigenvalues[mRy]         Norm[1e-3] 
 AE-NL- --------------------------------------------------------------
 AE-NL- 100 	 2.000	    -101.5177710830	 -1.3861775163	
 AE-NL- 210 	 6.000	     -94.1851317264	 -1.1652793380	
 AE-NL- 320 	 2.500	     -80.9631505133	-14.1258092853	
 AE-NL- 200 	 1.500	      57.0392052380	 49.3659586951	
 AE-NL- 310 	 0.000	     -15.9545836108	  5.9530083038	
 AE-NL-  total error =	     349.6598421714	 71.9962331385

 =====================================================================
 AE:Orbital    Filling       Eigenvalues[Ry]          Norm
    ----------------------------------------------------------
	100	 2.000	    -394.5585675717
	200	 2.000	     -47.8393925395
	210	 6.000	     -41.0708196681
	300	 2.000	      -8.9504140912	  0.0455676065
	310	 6.000	      -7.0725219301	  0.0181636271
	320	 1.000	      -4.0946530805	  0.0986178938
	400	 0.000	      -2.8361849951	  0.8624945103
	410	 0.000	      -2.3375962815	  0.7791859260

      E_tot =    -1876.1336360912 Ry

 NL:Orbital    Filling       Eigenvalues[Ry]          Norm       Ghost
    ------------------------------------------------------------------
	100 	 2.000	      -8.8960433758	  0.0463686678	    no
	210 	 6.000	      -7.0094592303	  0.0189344060	    no
	320 	 1.000	      -4.0055708352	  0.1078780886	    no
	200 	 0.000	      -3.1075365782	  0.7465066337	    no
	310 	 0.000	      -2.3842663048	  0.7539953330	    no

      E_tot =     -133.1933549763 Ry

 AE-NL:Orbital Filling       Eigenvalues[mRy]         Norm[1e-3] 
 AE-NL- --------------------------------------------------------------
 AE-NL- 100 	 2.000	     -54.3707153177	 -0.8010612594	
 AE-NL- 210 	 6.000	     -63.0626997854	 -0.7707789315	
 AE-NL- 320 	 1.000	     -89.0822453274	 -9.2601947790	
 AE-NL- 200 	 0.000	     271.3515830787	115.9878766205	
 AE-NL- 310 	 0.000	      46.6700232834	 25.1905929907	
 AE-NL-  total error =	     524.5372667927	152.0105045812

 =====================================================================
 AE:Orbital    Filling       Eigenvalues[Ry]          Norm
    ----------------------------------------------------------
	100	 2.000	    -396.3350983009
	200	 2.000	     -49.6971093562
	210	 6.000	     -42.9233973803
	300	 2.000	     -10.5214213041	  0.0380844145
	310	 6.000	      -8.6190020347	  0.0130224499
	320	 0.000	      -5.6014116181	  0.0649675171
	400	 0.000	      -3.7392522739	  0.8237269220
	410	 0.000	      -3.1816557133	  0.7011888188

      E_tot =    -1871.2983223706 Ry

 NL:Orbital    Filling       Eigenvalues[Ry]          Norm       Ghost
    ------------------------------------------------------------------
	100 	 2.000	     -10.3946012008	  0.0395125176	    no
	210 	 6.000	      -8.4729404717	  0.0141741380	    no
	320 	 0.000	      -5.3948404358	  0.0771277704	    no
	200 	 0.000	      -4.1188498643	  0.6763074192	    no
	310 	 0.000	      -3.2388835553	  0.6730267043	    no

      E_tot =     -128.5009814903 Ry

 AE-NL:Orbital Filling       Eigenvalues[mRy]         Norm[1e-3] 
 AE-NL- --------------------------------------------------------------
 AE-NL- 100 	 2.000	    -126.8201032846	 -1.4281031115	
 AE-NL- 210 	 6.000	    -146.0615629646	 -1.1516881591	
 AE-NL- 320 	 0.000	    -206.5711822604	-12.1602532635	
 AE-NL- 200 	 0.000	     379.5975903754	147.4195027943	
 AE-NL- 310 	 0.000	      57.2278420032	 28.1621144794	
 AE-NL-  total error =	     916.2782808881	190.3216618079

 =====================================================================

  Comparison of total energy differences.           
   DD_ij = (E_i - E_j)_AE - (E_i-E_j)_NL     

 AE-NL-   i   j         DD[mRy]        DD[meV] 
 AE-NL- ------------------------------------------
 AE-NL-   0   1      -124.185954   -1689.636833
 AE-NL-   0   2       -81.946236   -1114.935905
 AE-NL-   0   3      -141.876213   -1930.325195
 AE-NL-   0   4       -62.547454    -851.001891
 AE-NL-   0   5      -205.487688   -2795.803841
 AE-NL-   1   2        42.239718     574.700929
 AE-NL-   1   3       -17.690259    -240.688362
 AE-NL-   1   4        61.638500     838.634942
 AE-NL-   1   5       -81.301734   -1106.167008
 AE-NL-   2   3       -59.929977    -815.389290
 AE-NL-   2   4        19.398782     263.934014
 AE-NL-   2   5      -123.541452   -1680.867936
 AE-NL-   3   4        79.328760    1079.323304
 AE-NL-   3   5       -63.611475    -865.478646
 AE-NL-   4   5      -142.940235   -1944.801950
#kb_find read-receipt