##########################################################
#    Opium Report File                                   #
##########################################################
     Opium version:        3.8

### copy of the parameter file #######################

[Atom]
V
8
100 2.00  -
200 2.00  -
210 6.00  -
300 2.00  -
310 6.00  -
320 3.00  -
400 0.00  -
410 0.00  -

[Pseudo]
5 1.58 1.95 1.77 1.58 1.95
opt

[XC]
lda

[Optinfo]
7.07 10
7.07 10
7.54 10
7.07 10
7.07 10

[KBdesign] 
s
74
gp 436.0 488.0 41.9386196509
gp 489.0 542.0 41.7548445485
gp 543.0 573.0 41.4497700742
gp 574.0 595.0 41.0252137023
gp 596.0 612.0 40.4837028173
gp 613.0 626.0 39.8284577764
gp 627.0 638.0 39.0633703354
gp 639.0 648.0 38.1929775859
gp 649.0 657.0 37.2224315863
gp 658.0 666.0 36.157464896
gp 667.0 673.0 35.0043522514
gp 674.0 680.0 33.7698686503
gp 681.0 686.0 32.4612441339
gp 687.0 691.0 31.0861155803
gp 692.0 697.0 29.6524758425
gp 698.0 702.0 28.1686205841
gp 703.0 706.0 26.643093179
gp 707.0 711.0 25.0846280573
gp 712.0 715.0 23.5020928888
gp 716.0 719.0 21.9044300033
gp 720.0 723.0 20.3005974523
gp 724.0 726.0 18.6995101195
gp 727.0 730.0 17.1099812851
gp 731.0 733.0 15.5406650478
gp 734.0 736.0 14.0
gp 737.0 739.0 12.4961545441
gp 740.0 742.0 11.0369742254
gp 743.0 745.0 9.62993144314
gp 746.0 748.0 8.28207788338
gp 749.0 750.0 7.0
gp 751.0 753.0 5.78977784637
gp 754.0 755.0 4.6569475382
gp 756.0 757.0 3.60646760176
gp 758.0 760.0 2.64268943442
gp 761.0 762.0 1.76933207547
gp 763.0 764.0 0.989461455008
gp 765.0 766.0 0.305474256983
gp 767.0 768.0 -0.280913499751
gp 769.0 770.0 -0.768673091813
gp 771.0 772.0 -1.15746489602
gp 773.0 774.0 -1.44763536532
gp 775.0 776.0 -1.64020920664
gp 777.0 778.0 -1.7368768249
gp 779.0 780.0 -1.73997713086
gp 781.0 781.0 -1.6524758425
gp 782.0 783.0 -1.47793944163
gp 784.0 785.0 -1.22050497752
gp 786.0 786.0 -0.884845938393
gp 787.0 788.0 -0.47613443926
gp 789.0 789.0 -2.6645352591e-15
gp 790.0 791.0 0.537514788383
gp 792.0 792.0 1.13000138991
gp 793.0 794.0 1.77073490331
gp 795.0 795.0 2.45272573932
gp 796.0 797.0 3.16877302523
gp 798.0 798.0 3.91151935445
gp 799.0 799.0 4.67350648951
gp 800.0 801.0 5.44723162075
gp 802.0 802.0 6.22520377899
gp 803.0 803.0 7.0
gp 804.0 805.0 7.76432084039
gp 806.0 806.0 8.51104484943
gp 807.0 807.0 9.23328160909
gp 808.0 808.0 9.92442296472
gp 809.0 810.0 10.578192082
gp 811.0 811.0 11.1886899815
gp 812.0 812.0 11.7504392192
gp 813.0 813.0 12.2584244045
gp 814.0 814.0 12.7081292648
gp 815.0 815.0 13.0955699967
gp 816.0 816.0 13.4173246643
gp 817.0 817.0 13.6705584374
gp 818.0 819.0 13.8530444895
gp 820.0 820.0 13.9631804081

[Configs]
5

300 2.00 -
310 6.00 -
320 3.00 -
400 2.00 -
410 0.00 -

300 2.00 -
310 6.00 -
320 3.00 -
400 1.00 -
410 0.00 -

#300 2.00 -
#310 6.00 -
#320 3.00 -
#400 0.00 -
#410 0.00 -

300 2.00 -
310 6.00 -
320 2.50 -
400 1.50 -
410 0.00 -

300 2.00 -
310 6.00 -
320 1.00 -
400 0.00 -
410 0.00 -

300 2.00 -
310 6.00 -
320 0.00 -
400 0.00 -
410 0.00 -

### AE report ########################################

 AE:Orbital    Filling       Eigenvalues[Ry]          Norm
    ----------------------------------------------------------
	100	 2.000	    -391.6868825563
	200	 2.000	     -44.8396493224
	210	 6.000	     -38.0820483331
	300	 2.000	      -6.2704417558	  0.0593848435
	310	 6.000	      -4.4371111390	  0.0309781259
	320	 3.000	      -1.5962439235	  0.2191963580
	400	 0.000	      -1.3028532067	  0.9256439195
	410	 0.000	      -0.9476798393	  0.9063433636

      E_tot =    -1881.6971493512 Ry

### PS report ########################################

    ====================Optimized pseudopotential method====================

                       Pseudopotential convergence error                      
    Orbital      [mRy/e]       [meV/e]         [mRy]        [meV]        Ghost
    --------------------------------------------------------------------------
	300       0.020827      0.283366      0.041654      0.566732	    no
	310       0.008991      0.122325      0.053944      0.733949	    no
	320       0.161796      2.201354      0.485389      6.604061	    no

                  Tot. error =               0.580987      7.904741


### NL/SL report #####################################


 NL:Orbital    Filling       Eigenvalues[Ry]          Norm       Ghost
    ------------------------------------------------------------------
	100 	 2.000	      -6.2704417569	  0.0593848440	    no
	210 	 6.000	      -4.4371111398	  0.0309781267	    no
	320 	 3.000	      -1.5962439240	  0.2191963815	    no
	200 	 0.000	      -1.1438741034	  0.9749127183	    no
	310 	 0.000	      -0.8687293700	  0.9568600155	    no

	 ========== No ghosts in potential!!========== 

      E_tot =     -138.6943207796 Ry

### KE report ########################################


### TC report ########################################

 AE:Orbital    Filling       Eigenvalues[Ry]          Norm
    ----------------------------------------------------------
	100	 2.000	    -390.4500108939
	200	 2.000	     -43.6313987803
	210	 6.000	     -36.8712205305
	300	 2.000	      -5.0531388962	  0.0596431917
	310	 6.000	      -3.2203944904	  0.0322577566
	320	 3.000	      -0.4089254919	  0.2689253891
	400	 2.000	      -0.3525167698	  0.9549251082
	410	 0.000	      -0.1137152418	  0.9652751067

      E_tot =    -1883.3346520171 Ry

 NL:Orbital    Filling       Eigenvalues[Ry]          Norm       Ghost
    ------------------------------------------------------------------
	100 	 2.000	      -5.1711923037	  0.0593761762	    no
	210 	 6.000	      -3.3366744612	  0.0317015036	    no
	320 	 3.000	      -0.5127186605	  0.2531005655	    no
	200 	 2.000	      -0.3144130479	  0.9849109170	    no
	310 	 0.000	      -0.1248420166	  0.9825064605	    no

      E_tot =     -140.1528229385 Ry

 AE-NL:Orbital Filling       Eigenvalues[mRy]         Norm[1e-3] 
 AE-NL- --------------------------------------------------------------
 AE-NL- 100 	 2.000	     118.0534075537	  0.2670155276	
 AE-NL- 210 	 6.000	     116.2799708436	  0.5562529666	
 AE-NL- 320 	 3.000	     103.7931685924	 15.8248235795	
 AE-NL- 200 	 2.000	     -38.1037219797	-29.9858088266	
 AE-NL- 310 	 0.000	      11.1267748051	-17.2313538226	
 AE-NL-  total error =	     387.3570437746	 63.8652547228

 =====================================================================
 AE:Orbital    Filling       Eigenvalues[Ry]          Norm
    ----------------------------------------------------------
	100	 2.000	    -391.0187415873
	200	 2.000	     -44.1887177140
	210	 6.000	     -37.4295730014
	300	 2.000	      -5.6156260840	  0.0596759733
	310	 6.000	      -3.7830672642	  0.0319349113
	320	 3.000	      -0.9610538201	  0.2472384583
	400	 1.000	      -0.8131616803	  0.9422703213
	410	 0.000	      -0.5154992627	  0.9383036134

      E_tot =    -1882.7567552991 Ry

 NL:Orbital    Filling       Eigenvalues[Ry]          Norm       Ghost
    ------------------------------------------------------------------
	100 	 2.000	      -5.6842151609	  0.0594330170	    no
	210 	 6.000	      -3.8503480034	  0.0315225135	    no
	320 	 3.000	      -1.0207535451	  0.2394525647	    no
	200 	 1.000	      -0.7270517457	  0.9806307338	    no
	310 	 0.000	      -0.4948464512	  0.9708998009	    no

      E_tot =     -139.6359563422 Ry

 AE-NL:Orbital Filling       Eigenvalues[mRy]         Norm[1e-3] 
 AE-NL- --------------------------------------------------------------
 AE-NL- 100 	 2.000	      68.5890768935	  0.2429563132	
 AE-NL- 210 	 6.000	      67.2807391998	  0.4123977510	
 AE-NL- 320 	 3.000	      59.6997250607	  7.7858935740	
 AE-NL- 200 	 1.000	     -86.1099345637	-38.3604124676	
 AE-NL- 310 	 0.000	     -20.6528114778	-32.5961874277	
 AE-NL-  total error =	     302.3322871956	 79.3978475335

 =====================================================================
 AE:Orbital    Filling       Eigenvalues[Ry]          Norm
    ----------------------------------------------------------
	100	 2.000	    -391.2339759927
	200	 2.000	     -44.4359371345
	210	 6.000	     -37.6737196380
	300	 2.000	      -5.8226419409	  0.0573659598
	310	 6.000	      -3.9825287934	  0.0295579343
	320	 2.500	      -1.1302780728	  0.2149694189
	400	 1.500	      -0.8699257482	  0.9370954321
	410	 0.000	      -0.5562251123	  0.9295965105

      E_tot =    -1882.6554829146 Ry

 NL:Orbital    Filling       Eigenvalues[Ry]          Norm       Ghost
    ------------------------------------------------------------------
	100 	 2.000	      -5.9499544943	  0.0570899895	    no
	210 	 6.000	      -4.1038166136	  0.0289917026	    no
	320 	 2.500	      -1.2328447561	  0.2077848222	    no
	200 	 1.500	      -0.7849417989	  0.9791402503	    no
	310 	 0.000	      -0.5390241634	  0.9668655415	    no

      E_tot =     -139.4515506299 Ry

 AE-NL:Orbital Filling       Eigenvalues[mRy]         Norm[1e-3] 
 AE-NL- --------------------------------------------------------------
 AE-NL- 100 	 2.000	     127.3125533966	  0.2759702623	
 AE-NL- 210 	 6.000	     121.2878202754	  0.5662316887	
 AE-NL- 320 	 2.500	     102.5666832979	  7.1845966782	
 AE-NL- 200 	 1.500	     -84.9839492798	-42.0448181971	
 AE-NL- 310 	 0.000	     -17.2009489132	-37.2690309642	
 AE-NL-  total error =	     453.3519551629	 87.3406477905

 =====================================================================
 AE:Orbital    Filling       Eigenvalues[Ry]          Norm
    ----------------------------------------------------------
	100	 2.000	    -394.5585675717
	200	 2.000	     -47.8393925395
	210	 6.000	     -41.0708196681
	300	 2.000	      -8.9504140912	  0.0455676065
	310	 6.000	      -7.0725219301	  0.0181636271
	320	 1.000	      -4.0946530805	  0.0986178938
	400	 0.000	      -2.8361849951	  0.8624945103
	410	 0.000	      -2.3375962815	  0.7791859260

      E_tot =    -1876.1336360912 Ry

 NL:Orbital    Filling       Eigenvalues[Ry]          Norm       Ghost
    ------------------------------------------------------------------
	100 	 2.000	      -8.9757910833	  0.0475809371	    no
	210 	 6.000	      -7.0753646986	  0.0193336070	    no
	320 	 1.000	      -4.0466947845	  0.1144039253	    no
	200 	 0.000	      -2.4786846658	  0.9586856841	    no
	310 	 0.000	      -2.0961380341	  0.9067161426	    no

      E_tot =     -133.1492428903 Ry

 AE-NL:Orbital Filling       Eigenvalues[mRy]         Norm[1e-3] 
 AE-NL- --------------------------------------------------------------
 AE-NL- 100 	 2.000	      25.3769921135	 -2.0133305353	
 AE-NL- 210 	 6.000	       2.8427684366	 -1.1699799532	
 AE-NL- 320 	 1.000	     -47.9582959853	-15.7860315032	
 AE-NL- 200 	 0.000	    -357.5003292683	-96.1911738012	
 AE-NL- 310 	 0.000	    -241.4582474508	-127.5302166055	
 AE-NL-  total error =	     675.1366332545	242.6907323984

 =====================================================================
 AE:Orbital    Filling       Eigenvalues[Ry]          Norm
    ----------------------------------------------------------
	100	 2.000	    -396.3350983009
	200	 2.000	     -49.6971093562
	210	 6.000	     -42.9233973803
	300	 2.000	     -10.5214213041	  0.0380844145
	310	 6.000	      -8.6190020347	  0.0130224499
	320	 0.000	      -5.6014116181	  0.0649675171
	400	 0.000	      -3.7392522739	  0.8237269220
	410	 0.000	      -3.1816557133	  0.7011888188

      E_tot =    -1871.2983223706 Ry

 NL:Orbital    Filling       Eigenvalues[Ry]          Norm       Ghost
    ------------------------------------------------------------------
	100 	 2.000	     -10.5011240026	  0.0417451586	    no
	210 	 6.000	      -8.5586182134	  0.0149166893	    no
	320 	 0.000	      -5.4412334747	  0.0862357094	    no
	200 	 0.000	      -3.2335624864	  0.9497497715	    no
	310 	 0.000	      -2.8045408265	  0.8769945662	    no

      E_tot =     -128.4118572148 Ry

 AE-NL:Orbital Filling       Eigenvalues[mRy]         Norm[1e-3] 
 AE-NL- --------------------------------------------------------------
 AE-NL- 100 	 2.000	     -20.2973015037	 -3.6607441354	
 AE-NL- 210 	 6.000	     -60.3838212455	 -1.8942393806	
 AE-NL- 320 	 0.000	    -160.1781434102	-21.2681922394	
 AE-NL- 200 	 0.000	    -505.6897874854	-126.0228494909	
 AE-NL- 310 	 0.000	    -377.1148867144	-175.8057473497	
 AE-NL-  total error =	    1123.6639403593	328.6517725961

 =====================================================================

  Comparison of total energy differences.           
   DD_ij = (E_i - E_j)_AE - (E_i-E_j)_NL     

 AE-NL-   i   j         DD[mRy]        DD[meV] 
 AE-NL- ------------------------------------------
 AE-NL-   0   1       179.000507    2435.427197
 AE-NL-   0   2       117.970385    1605.069670
 AE-NL-   0   3       201.103713    2736.156787
 AE-NL-   0   4       -18.435371    -250.826123
 AE-NL-   0   5      -116.363416   -1583.205727
 AE-NL-   1   2       -61.030122    -830.357527
 AE-NL-   1   3        22.103206     300.729590
 AE-NL-   1   4      -197.435878   -2686.253320
 AE-NL-   1   5      -295.363923   -4018.632924
 AE-NL-   2   3        83.133328    1131.087118
 AE-NL-   2   4      -136.405756   -1855.895793
 AE-NL-   2   5      -234.333801   -3188.275396
 AE-NL-   3   4      -219.539084   -2986.982911
 AE-NL-   3   5      -317.467129   -4319.362514
 AE-NL-   4   5       -97.928045   -1332.379603
#kb_find read-receipt