##########################################################
#    Opium Report File                                   #
##########################################################
     Opium version:        3.8

### copy of the parameter file #######################

[Atom]
V
8
100 2.00  -
200 2.00  -
210 6.00  -
300 2.00  -
310 6.00  -
320 3.00  -
400 0.00  -
410 0.00  -

[Pseudo]
5 1.58 1.95 1.77 1.58 1.95
opt

[XC]
lda

[Optinfo]
7.07 10
7.07 10
7.54 10
7.07 10
7.07 10

[KBdesign] 
s
74
gp 436.0 488.0 -16.7692135594
gp 489.0 542.0 -16.6804022452
gp 543.0 573.0 -16.5331682707
gp 574.0 595.0 -16.3286799104
gp 596.0 612.0 -16.0685547719
gp 613.0 626.0 -15.7548421001
gp 627.0 638.0 -15.3900004238
gp 639.0 648.0 -14.976870835
gp 649.0 657.0 -14.5186462455
gp 658.0 666.0 -14.0188370213
gp 667.0 673.0 -13.4812334342
gp 674.0 680.0 -12.9098654148
gp 681.0 686.0 -12.308960119
gp 687.0 691.0 -11.6828978479
gp 692.0 697.0 -11.0361668769
gp 698.0 702.0 -10.3733177584
gp 703.0 706.0 -9.6989176666
gp 707.0 711.0 -9.01750534396
gp 712.0 715.0 -8.33354719617
gp 716.0 719.0 -7.65139506013
gp 720.0 723.0 -6.97524614119
gp 724.0 726.0 -6.30910557996
gp 727.0 730.0 -5.65675206769
gp 731.0 733.0 -5.02170688196
gp 734.0 736.0 -4.40720666286
gp 737.0 739.0 -3.81618019396
gp 740.0 742.0 -3.25122939376
gp 743.0 745.0 -2.71461466213
gp 746.0 748.0 -2.20824466437
gp 749.0 750.0 -1.73367057266
gp 751.0 753.0 -1.29208472309
gp 754.0 755.0 -0.884323585686
gp 756.0 757.0 -0.510874887324
gp 758.0 760.0 -0.171888672278
gp 761.0 762.0 0.132807965213
gp 763.0 764.0 0.40369278806
gp 765.0 766.0 0.641527315264
gp 767.0 768.0 0.847333099412
gp 769.0 770.0 1.02236579761
gp 771.0 772.0 1.16808747217
gp 773.0 774.0 1.28613757162
gp 775.0 776.0 1.37830305025
gp 777.0 778.0 1.44648808395
gp 779.0 780.0 1.49268383371
gp 781.0 781.0 1.51893869407
gp 782.0 783.0 1.52732944347
gp 784.0 785.0 1.51993368702
gp 786.0 786.0 1.49880395017
gp 787.0 788.0 1.46594374432
gp 789.0 789.0 1.42328588429
gp 790.0 791.0 1.37267329184
gp 792.0 792.0 1.31584247189
gp 793.0 794.0 1.25440979741
gp 795.0 795.0 1.18986068807
gp 796.0 797.0 1.12354171568
gp 798.0 798.0 1.0566556184
gp 799.0 799.0 0.990259155909
gp 800.0 801.0 0.925263689771
gp 802.0 802.0 0.862438328662
gp 803.0 803.0 0.80241543695
gp 804.0 805.0 0.745698268195
gp 806.0 806.0 0.692670453226
gp 807.0 807.0 0.643607045835
gp 808.0 808.0 0.598686808264
gp 809.0 810.0 0.558005403881
gp 811.0 811.0 0.521589155904
gp 812.0 812.0 0.489409028862
gp 813.0 813.0 0.46139449363
gp 814.0 814.0 0.437446947228
gp 815.0 815.0 0.417452374959
gp 816.0 816.0 0.401292964436
gp 817.0 817.0 0.38885740832
gp 818.0 819.0 0.380049664574
gp 820.0 820.0 0.37479597916

[Configs]
5

300 2.00 -
310 6.00 -
320 3.00 -
400 2.00 -
410 0.00 -

300 2.00 -
310 6.00 -
320 3.00 -
400 1.00 -
410 0.00 -

#300 2.00 -
#310 6.00 -
#320 3.00 -
#400 0.00 -
#410 0.00 -

300 2.00 -
310 6.00 -
320 2.50 -
400 1.50 -
410 0.00 -

300 2.00 -
310 6.00 -
320 1.00 -
400 0.00 -
410 0.00 -

300 2.00 -
310 6.00 -
320 0.00 -
400 0.00 -
410 0.00 -

### AE report ########################################

 AE:Orbital    Filling       Eigenvalues[Ry]          Norm
    ----------------------------------------------------------
	100	 2.000	    -391.6868825563
	200	 2.000	     -44.8396493224
	210	 6.000	     -38.0820483331
	300	 2.000	      -6.2704417558	  0.0593848435
	310	 6.000	      -4.4371111390	  0.0309781259
	320	 3.000	      -1.5962439235	  0.2191963580
	400	 0.000	      -1.3028532067	  0.9256439195
	410	 0.000	      -0.9476798393	  0.9063433636

      E_tot =    -1881.6971493512 Ry

### PS report ########################################

    ====================Optimized pseudopotential method====================

                       Pseudopotential convergence error                      
    Orbital      [mRy/e]       [meV/e]         [mRy]        [meV]        Ghost
    --------------------------------------------------------------------------
	300       0.020827      0.283366      0.041654      0.566732	    no
	310       0.008991      0.122325      0.053944      0.733949	    no
	320       0.161796      2.201354      0.485389      6.604061	    no

                  Tot. error =               0.580987      7.904741


### NL/SL report #####################################


 NL:Orbital    Filling       Eigenvalues[Ry]          Norm       Ghost
    ------------------------------------------------------------------
	100 	 2.000	      -6.2704417571	  0.0593848440	    no
	210 	 6.000	      -4.4371111400	  0.0309781268	    no
	320 	 3.000	      -1.5962439241	  0.2191963812	    no
	200 	 0.000	      -1.2988727430	  0.9279742395	    no
	310 	 0.000	      -0.9471776540	  0.9068635169	    no

	 ========== No ghosts in potential!!========== 

      E_tot =     -138.6943207816 Ry

### KE report ########################################


### TC report ########################################

 AE:Orbital    Filling       Eigenvalues[Ry]          Norm
    ----------------------------------------------------------
	100	 2.000	    -390.4500108939
	200	 2.000	     -43.6313987803
	210	 6.000	     -36.8712205305
	300	 2.000	      -5.0531388962	  0.0596431917
	310	 6.000	      -3.2203944904	  0.0322577566
	320	 3.000	      -0.4089254919	  0.2689253891
	400	 2.000	      -0.3525167698	  0.9549251082
	410	 0.000	      -0.1137152418	  0.9652751067

      E_tot =    -1883.3346520171 Ry

 NL:Orbital    Filling       Eigenvalues[Ry]          Norm       Ghost
    ------------------------------------------------------------------
	100 	 2.000	      -5.0518438517	  0.0598508271	    no
	210 	 6.000	      -3.2203939608	  0.0323822393	    no
	320 	 3.000	      -0.4091472478	  0.2699765749	    no
	200 	 2.000	      -0.3519092114	  0.9562280418	    no
	310 	 0.000	      -0.1145807802	  0.9652751040	    no

      E_tot =     -140.3278038346 Ry

 AE-NL:Orbital Filling       Eigenvalues[mRy]         Norm[1e-3] 
 AE-NL- --------------------------------------------------------------
 AE-NL- 100 	 2.000	      -1.2950444722	 -0.2076354060	
 AE-NL- 210 	 6.000	      -0.0005295889	 -0.1244827097	
 AE-NL- 320 	 3.000	       0.2217559095	 -1.0511857845	
 AE-NL- 200 	 2.000	      -0.6075584504	 -1.3029336823	
 AE-NL- 310 	 0.000	       0.8655383407	  0.0000027492	
 AE-NL-  total error =	       2.9904267618	  2.6862403317

 =====================================================================
 AE:Orbital    Filling       Eigenvalues[Ry]          Norm
    ----------------------------------------------------------
	100	 2.000	    -391.0187415873
	200	 2.000	     -44.1887177140
	210	 6.000	     -37.4295730014
	300	 2.000	      -5.6156260840	  0.0596759733
	310	 6.000	      -3.7830672642	  0.0319349113
	320	 3.000	      -0.9610538201	  0.2472384583
	400	 1.000	      -0.8131616803	  0.9422703213
	410	 0.000	      -0.5154992627	  0.9383036134

      E_tot =    -1882.7567552991 Ry

 NL:Orbital    Filling       Eigenvalues[Ry]          Norm       Ghost
    ------------------------------------------------------------------
	100 	 2.000	      -5.6145887134	  0.0598006383	    no
	210 	 6.000	      -3.7828889883	  0.0320080545	    no
	320 	 3.000	      -0.9610809187	  0.2477647375	    no
	200 	 1.000	      -0.8112670204	  0.9440124887	    no
	310 	 0.000	      -0.5160248422	  0.9385610132	    no

      E_tot =     -139.7511186833 Ry

 AE-NL:Orbital Filling       Eigenvalues[mRy]         Norm[1e-3] 
 AE-NL- --------------------------------------------------------------
 AE-NL- 100 	 2.000	      -1.0373705996	 -0.1246649432	
 AE-NL- 210 	 6.000	      -0.1782759421	 -0.0731431719	
 AE-NL- 320 	 3.000	       0.0270986545	 -0.5262791890	
 AE-NL- 200 	 1.000	      -1.8946598854	 -1.7421673724	
 AE-NL- 310 	 0.000	       0.5255794998	 -0.2573998121	
 AE-NL-  total error =	       3.6629845813	  2.7236544885

 =====================================================================
 AE:Orbital    Filling       Eigenvalues[Ry]          Norm
    ----------------------------------------------------------
	100	 2.000	    -391.2339759927
	200	 2.000	     -44.4359371345
	210	 6.000	     -37.6737196380
	300	 2.000	      -5.8226419409	  0.0573659598
	310	 6.000	      -3.9825287934	  0.0295579343
	320	 2.500	      -1.1302780728	  0.2149694189
	400	 1.500	      -0.8699257482	  0.9370954321
	410	 0.000	      -0.5562251123	  0.9295965105

      E_tot =    -1882.6554829146 Ry

 NL:Orbital    Filling       Eigenvalues[Ry]          Norm       Ghost
    ------------------------------------------------------------------
	100 	 2.000	      -5.8195556878	  0.0576901888	    no
	210 	 6.000	      -3.9797238930	  0.0297737254	    no
	320 	 2.500	      -1.1252519313	  0.2182275332	    no
	200 	 1.500	      -0.8684741585	  0.9389908972	    no
	310 	 0.000	      -0.5572490566	  0.9297933804	    no

      E_tot =     -139.6500789388 Ry

 AE-NL:Orbital Filling       Eigenvalues[mRy]         Norm[1e-3] 
 AE-NL- --------------------------------------------------------------
 AE-NL- 100 	 2.000	      -3.0862531198	 -0.3242289926	
 AE-NL- 210 	 6.000	      -2.8049003643	 -0.2157910742	
 AE-NL- 320 	 2.500	      -5.0261414312	 -3.2581143018	
 AE-NL- 200 	 1.500	      -1.4515896492	 -1.8954650250	
 AE-NL- 310 	 0.000	       1.0239443616	 -0.1968698567	
 AE-NL-  total error =	      13.3928289261	  5.8904692503

 =====================================================================
 AE:Orbital    Filling       Eigenvalues[Ry]          Norm
    ----------------------------------------------------------
	100	 2.000	    -394.5585675717
	200	 2.000	     -47.8393925395
	210	 6.000	     -41.0708196681
	300	 2.000	      -8.9504140912	  0.0455676065
	310	 6.000	      -7.0725219301	  0.0181636271
	320	 1.000	      -4.0946530805	  0.0986178938
	400	 0.000	      -2.8361849951	  0.8624945103
	410	 0.000	      -2.3375962815	  0.7791859260

      E_tot =    -1876.1336360912 Ry

 NL:Orbital    Filling       Eigenvalues[Ry]          Norm       Ghost
    ------------------------------------------------------------------
	100 	 2.000	      -8.9081754177	  0.0467178976	    no
	210 	 6.000	      -7.0197505698	  0.0189410522	    no
	320 	 1.000	      -4.0117666350	  0.1087434054	    no
	200 	 0.000	      -2.8239483830	  0.8687648304	    no
	310 	 0.000	      -2.3342894046	  0.7824402168	    no

      E_tot =     -133.1870085576 Ry

 AE-NL:Orbital Filling       Eigenvalues[mRy]         Norm[1e-3] 
 AE-NL- --------------------------------------------------------------
 AE-NL- 100 	 2.000	     -42.2386734079	 -1.1502910517	
 AE-NL- 210 	 6.000	     -52.7713603627	 -0.7774251562	
 AE-NL- 320 	 1.000	     -82.8864454740	-10.1255115744	
 AE-NL- 200 	 0.000	     -12.2366120875	 -6.2703201324	
 AE-NL- 310 	 0.000	      -3.3068768914	 -3.2542908600	
 AE-NL-  total error =	     193.4399682234	 21.5778387747

 =====================================================================
 AE:Orbital    Filling       Eigenvalues[Ry]          Norm
    ----------------------------------------------------------
	100	 2.000	    -396.3350983009
	200	 2.000	     -49.6971093562
	210	 6.000	     -42.9233973803
	300	 2.000	     -10.5214213041	  0.0380844145
	310	 6.000	      -8.6190020347	  0.0130224499
	320	 0.000	      -5.6014116181	  0.0649675171
	400	 0.000	      -3.7392522739	  0.8237269220
	410	 0.000	      -3.1816557133	  0.7011888188

      E_tot =    -1871.2983223706 Ry

 NL:Orbital    Filling       Eigenvalues[Ry]          Norm       Ghost
    ------------------------------------------------------------------
	100 	 2.000	     -10.4115018690	  0.0401289773	    no
	210 	 6.000	      -8.4877635017	  0.0142112780	    no
	320 	 0.000	      -5.4027635016	  0.0783131468	    no
	200 	 0.000	      -3.7081889917	  0.8341976173	    no
	310 	 0.000	      -3.1647780583	  0.7085914929	    no

      E_tot =     -128.4874519071 Ry

 AE-NL:Orbital Filling       Eigenvalues[mRy]         Norm[1e-3] 
 AE-NL- --------------------------------------------------------------
 AE-NL- 100 	 2.000	    -109.9194350772	 -2.0445627792	
 AE-NL- 210 	 6.000	    -131.2385329289	 -1.1888281123	
 AE-NL- 320 	 0.000	    -198.6481164807	-13.3456296659	
 AE-NL- 200 	 0.000	     -31.0632822079	-10.4706953444	
 AE-NL- 310 	 0.000	     -16.8776549799	 -7.4026740403	
 AE-NL-  total error =	     487.7470216746	 34.4523899422

 =====================================================================

  Comparison of total energy differences.           
   DD_ij = (E_i - E_j)_AE - (E_i-E_j)_NL     

 AE-NL-   i   j         DD[mRy]        DD[meV] 
 AE-NL- ------------------------------------------
 AE-NL-   0   1         4.019613      54.689646
 AE-NL-   0   2         2.808046      38.205434
 AE-NL-   0   3         2.575406      35.040203
 AE-NL-   0   4       -56.201036    -764.654436
 AE-NL-   0   5      -191.958106   -2611.724405
 AE-NL-   1   2        -1.211567     -16.484213
 AE-NL-   1   3        -1.444207     -19.649443
 AE-NL-   1   4       -60.220649    -819.344082
 AE-NL-   1   5      -195.977719   -2666.414051
 AE-NL-   2   3        -0.232640      -3.165231
 AE-NL-   2   4       -59.009082    -802.859870
 AE-NL-   2   5      -194.766152   -2649.929838
 AE-NL-   3   4       -58.776442    -799.694639
 AE-NL-   3   5      -194.533512   -2646.764608
 AE-NL-   4   5      -135.757070   -1847.069969
#kb_find read-receipt