##########################################################
#    Opium Report File                                   #
##########################################################
     Opium version:        3.8

### copy of the parameter file #######################

[Atom]
V
8
100 2.00  -
200 2.00  -
210 6.00  -
300 2.00  -
310 6.00  -
320 3.00  -
400 0.00  -
410 0.00  -

[Pseudo]
5 1.58 1.95 1.77 1.58 1.95
opt

[XC]
lda

[Optinfo]
7.07 10
7.07 10
7.54 10
7.07 10
7.07 10

[KBdesign] 
s
74
gp 436.0 488.0 2.44424803026
gp 489.0 542.0 2.44388933032
gp 543.0 573.0 2.44320850566
gp 574.0 595.0 2.44208462009
gp 596.0 612.0 2.44035531046
gp 613.0 626.0 2.43782338091
gp 627.0 638.0 2.43426479454
gp 639.0 648.0 2.42943772767
gp 649.0 657.0 2.42309230991
gp 658.0 666.0 2.41498064765
gp 667.0 673.0 2.40486672122
gp 674.0 680.0 2.39253575687
gp 681.0 686.0 2.37780270358
gp 687.0 691.0 2.36051948937
gp 692.0 697.0 2.3405807914
gp 698.0 702.0 2.31792812462
gp 703.0 706.0 2.29255213295
gp 707.0 711.0 2.26449305001
gp 712.0 715.0 2.23383938074
gp 716.0 719.0 2.2007249356
gp 720.0 723.0 2.16532442304
gp 724.0 726.0 2.12784786827
gp 727.0 730.0 2.08853417649
gp 731.0 733.0 2.04764419177
gp 734.0 736.0 2.00545361916
gp 737.0 739.0 1.96224617535
gp 740.0 742.0 1.91830731257
gp 743.0 745.0 1.87391882287
gp 746.0 748.0 1.82935457643
gp 749.0 750.0 1.78487758118
gp 751.0 753.0 1.74073847448
gp 754.0 755.0 1.69717547489
gp 756.0 757.0 1.65441573695
gp 758.0 760.0 1.61267796849
gp 761.0 762.0 1.57217609234
gp 763.0 764.0 1.53312366667
gp 765.0 766.0 1.49573872364
gp 767.0 768.0 1.46024864747
gp 769.0 770.0 1.42689469333
gp 771.0 772.0 1.395935748
gp 773.0 774.0 1.36765095351
gp 775.0 776.0 1.34234085507
gp 777.0 778.0 1.32032679306
gp 779.0 780.0 1.30194833412
gp 781.0 781.0 1.28755862448
gp 782.0 783.0 1.27751764716
gp 784.0 785.0 1.27218346779
gp 786.0 786.0 1.27190165894
gp 787.0 788.0 1.2769931932
gp 789.0 789.0 1.28774118817
gp 790.0 791.0 1.30437696606
gp 792.0 792.0 1.32706595388
gp 793.0 794.0 1.35589399339
gp 795.0 795.0 1.39085465068
gp 796.0 797.0 1.43183811216
gp 798.0 798.0 1.47862222568
gp 799.0 799.0 1.53086619348
gp 800.0 801.0 1.58810734866
gp 802.0 802.0 1.64976135183
gp 803.0 803.0 1.71512603218
gp 804.0 805.0 1.78338897221
gp 806.0 806.0 1.85363880194
gp 807.0 807.0 1.92488003228
gp 808.0 808.0 1.99605112297
gp 809.0 810.0 2.0660453542
gp 811.0 811.0 2.13373395742
gp 812.0 812.0 2.19799086448
gp 813.0 813.0 2.25771835978
gp 814.0 814.0 2.31187286984
gp 815.0 815.0 2.35949010189
gp 816.0 816.0 2.39970874837
gp 817.0 817.0 2.43179200778
gp 818.0 819.0 2.45514623356
gp 820.0 820.0 2.46933610914

[Configs]
5

300 2.00 -
310 6.00 -
320 3.00 -
400 2.00 -
410 0.00 -

300 2.00 -
310 6.00 -
320 3.00 -
400 1.00 -
410 0.00 -

#300 2.00 -
#310 6.00 -
#320 3.00 -
#400 0.00 -
#410 0.00 -

300 2.00 -
310 6.00 -
320 2.50 -
400 1.50 -
410 0.00 -

300 2.00 -
310 6.00 -
320 1.00 -
400 0.00 -
410 0.00 -

300 2.00 -
310 6.00 -
320 0.00 -
400 0.00 -
410 0.00 -

### AE report ########################################

 AE:Orbital    Filling       Eigenvalues[Ry]          Norm
    ----------------------------------------------------------
	100	 2.000	    -391.6868825563
	200	 2.000	     -44.8396493224
	210	 6.000	     -38.0820483331
	300	 2.000	      -6.2704417558	  0.0593848435
	310	 6.000	      -4.4371111390	  0.0309781259
	320	 3.000	      -1.5962439235	  0.2191963580
	400	 0.000	      -1.3028532067	  0.9256439195
	410	 0.000	      -0.9476798393	  0.9063433636

      E_tot =    -1881.6971493512 Ry

### PS report ########################################

    ====================Optimized pseudopotential method====================

                       Pseudopotential convergence error                      
    Orbital      [mRy/e]       [meV/e]         [mRy]        [meV]        Ghost
    --------------------------------------------------------------------------
	300       0.020827      0.283366      0.041654      0.566732	    no
	310       0.008991      0.122325      0.053944      0.733949	    no
	320       0.161796      2.201354      0.485389      6.604061	    no

                  Tot. error =               0.580987      7.904741


### NL/SL report #####################################


 NL:Orbital    Filling       Eigenvalues[Ry]          Norm       Ghost
    ------------------------------------------------------------------
	100 	 2.000	      -6.2704417570	  0.0593848440	    no
	210 	 6.000	      -4.4371111399	  0.0309781268	    no
	320 	 3.000	      -1.5962439240	  0.2191963813	    no
	200 	 0.000	      -1.2936514788	  0.9245190409	    no
	310 	 0.000	      -0.9165217838	  0.9286599312	    no

	 ========== No ghosts in potential!!========== 

      E_tot =     -138.6943207810 Ry

### KE report ########################################


### TC report ########################################

 AE:Orbital    Filling       Eigenvalues[Ry]          Norm
    ----------------------------------------------------------
	100	 2.000	    -390.4500108939
	200	 2.000	     -43.6313987803
	210	 6.000	     -36.8712205305
	300	 2.000	      -5.0531388962	  0.0596431917
	310	 6.000	      -3.2203944904	  0.0322577566
	320	 3.000	      -0.4089254919	  0.2689253891
	400	 2.000	      -0.3525167698	  0.9549251082
	410	 0.000	      -0.1137152418	  0.9652751067

      E_tot =    -1883.3346520171 Ry

 NL:Orbital    Filling       Eigenvalues[Ry]          Norm       Ghost
    ------------------------------------------------------------------
	100 	 2.000	      -5.0507126302	  0.0599811119	    no
	210 	 6.000	      -3.2203784994	  0.0324530464	    no
	320 	 3.000	      -0.4105338385	  0.2698157400	    no
	200 	 2.000	      -0.3496139617	  0.9549061067	    no
	310 	 0.000	      -0.1059960529	  0.9740925973	    no

      E_tot =     -140.3198377766 Ry

 AE-NL:Orbital Filling       Eigenvalues[mRy]         Norm[1e-3] 
 AE-NL- --------------------------------------------------------------
 AE-NL- 100 	 2.000	      -2.4262660251	 -0.3379201690	
 AE-NL- 210 	 6.000	      -0.0159909627	 -0.1952897392	
 AE-NL- 320 	 3.000	       1.6083465959	 -0.8903508956	
 AE-NL- 200 	 2.000	      -2.9028081846	  0.0190014727	
 AE-NL- 310 	 0.000	      -7.7191889145	 -8.8174905633	
 AE-NL-  total error =	      14.6726006828	 10.2600528397

 =====================================================================
 AE:Orbital    Filling       Eigenvalues[Ry]          Norm
    ----------------------------------------------------------
	100	 2.000	    -391.0187415873
	200	 2.000	     -44.1887177140
	210	 6.000	     -37.4295730014
	300	 2.000	      -5.6156260840	  0.0596759733
	310	 6.000	      -3.7830672642	  0.0319349113
	320	 3.000	      -0.9610538201	  0.2472384583
	400	 1.000	      -0.8131616803	  0.9422703213
	410	 0.000	      -0.5154992627	  0.9383036134

      E_tot =    -1882.7567552991 Ry

 NL:Orbital    Filling       Eigenvalues[Ry]          Norm       Ghost
    ------------------------------------------------------------------
	100 	 2.000	      -5.6127261392	  0.0598893958	    no
	210 	 6.000	      -3.7817838338	  0.0320557236	    no
	320 	 3.000	      -0.9609907689	  0.2477639248	    no
	200 	 1.000	      -0.8071699510	  0.9419478129	    no
	310 	 0.000	      -0.4979367786	  0.9531617648	    no

      E_tot =     -139.7463770348 Ry

 AE-NL:Orbital Filling       Eigenvalues[mRy]         Norm[1e-3] 
 AE-NL- --------------------------------------------------------------
 AE-NL- 100 	 2.000	      -2.8999447679	 -0.2134224256	
 AE-NL- 210 	 6.000	      -1.2834303725	 -0.1208122844	
 AE-NL- 320 	 3.000	      -0.0630511528	 -0.5254665784	
 AE-NL- 200 	 1.000	      -5.9917292841	  0.3225084009	
 AE-NL- 310 	 0.000	     -17.5624840479	-14.8581513385	
 AE-NL-  total error =	      27.8006396252	 16.0403610277

 =====================================================================
 AE:Orbital    Filling       Eigenvalues[Ry]          Norm
    ----------------------------------------------------------
	100	 2.000	    -391.2339759927
	200	 2.000	     -44.4359371345
	210	 6.000	     -37.6737196380
	300	 2.000	      -5.8226419409	  0.0573659598
	310	 6.000	      -3.9825287934	  0.0295579343
	320	 2.500	      -1.1302780728	  0.2149694189
	400	 1.500	      -0.8699257482	  0.9370954321
	410	 0.000	      -0.5562251123	  0.9295965105

      E_tot =    -1882.6554829146 Ry

 NL:Orbital    Filling       Eigenvalues[Ry]          Norm       Ghost
    ------------------------------------------------------------------
	100 	 2.000	      -5.8189692336	  0.0577810505	    no
	210 	 6.000	      -3.9798962131	  0.0298609120	    no
	320 	 2.500	      -1.1261727897	  0.2187616803	    no
	200 	 1.500	      -0.8646725879	  0.9361760162	    no
	310 	 0.000	      -0.5354293835	  0.9469860347	    no

      E_tot =     -139.6431205073 Ry

 AE-NL:Orbital Filling       Eigenvalues[mRy]         Norm[1e-3] 
 AE-NL- --------------------------------------------------------------
 AE-NL- 100 	 2.000	      -3.6727073592	 -0.4150907798	
 AE-NL- 210 	 6.000	      -2.6325802484	 -0.3029777609	
 AE-NL- 320 	 2.500	      -4.1052831174	 -3.7922614274	
 AE-NL- 200 	 1.500	      -5.2531603262	  0.9194159352	
 AE-NL- 310 	 0.000	     -20.7957288229	-17.3895241820	
 AE-NL-  total error =	      36.4594598742	 22.8192700854

 =====================================================================
 AE:Orbital    Filling       Eigenvalues[Ry]          Norm
    ----------------------------------------------------------
	100	 2.000	    -394.5585675717
	200	 2.000	     -47.8393925395
	210	 6.000	     -41.0708196681
	300	 2.000	      -8.9504140912	  0.0455676065
	310	 6.000	      -7.0725219301	  0.0181636271
	320	 1.000	      -4.0946530805	  0.0986178938
	400	 0.000	      -2.8361849951	  0.8624945103
	410	 0.000	      -2.3375962815	  0.7791859260

      E_tot =    -1876.1336360912 Ry

 NL:Orbital    Filling       Eigenvalues[Ry]          Norm       Ghost
    ------------------------------------------------------------------
	100 	 2.000	      -8.9253860876	  0.0465393804	    no
	210 	 6.000	      -7.0335338326	  0.0190834664	    no
	320 	 1.000	      -4.0200567262	  0.1109347980	    no
	200 	 0.000	      -2.8345797620	  0.8523124371	    no
	310 	 0.000	      -2.2396827932	  0.8356516528	    no

      E_tot =     -133.1771010009 Ry

 AE-NL:Orbital Filling       Eigenvalues[mRy]         Norm[1e-3] 
 AE-NL- --------------------------------------------------------------
 AE-NL- 100 	 2.000	     -25.0280035289	 -0.9717739100	
 AE-NL- 210 	 6.000	     -38.9880974849	 -0.9198393263	
 AE-NL- 320 	 1.000	     -74.5963543288	-12.3169041930	
 AE-NL- 200 	 0.000	      -1.6052330809	 10.1820732573	
 AE-NL- 310 	 0.000	     -97.9134883679	-56.4657268110	
 AE-NL-  total error =	     238.1311767914	 80.8563174976

 =====================================================================
 AE:Orbital    Filling       Eigenvalues[Ry]          Norm
    ----------------------------------------------------------
	100	 2.000	    -396.3350983009
	200	 2.000	     -49.6971093562
	210	 6.000	     -42.9233973803
	300	 2.000	     -10.5214213041	  0.0380844145
	310	 6.000	      -8.6190020347	  0.0130224499
	320	 0.000	      -5.6014116181	  0.0649675171
	400	 0.000	      -3.7392522739	  0.8237269220
	410	 0.000	      -3.1816557133	  0.7011888188

      E_tot =    -1871.2983223706 Ry

 NL:Orbital    Filling       Eigenvalues[Ry]          Norm       Ghost
    ------------------------------------------------------------------
	100 	 2.000	     -10.4328471033	  0.0399537665	    no
	210 	 6.000	      -8.5028511742	  0.0144628994	    no
	320 	 0.000	      -5.4091087108	  0.0813033600	    no
	200 	 0.000	      -3.7397532138	  0.8059623770	    no
	310 	 0.000	      -3.0206253730	  0.7792694988	    no

      E_tot =     -128.4697786721 Ry

 AE-NL:Orbital Filling       Eigenvalues[mRy]         Norm[1e-3] 
 AE-NL- --------------------------------------------------------------
 AE-NL- 100 	 2.000	     -88.5742007899	 -1.8693520045	
 AE-NL- 210 	 6.000	    -116.1508604503	 -1.4404495471	
 AE-NL- 320 	 0.000	    -192.3029072313	-16.3358428376	
 AE-NL- 200 	 0.000	       0.5009398656	 17.7645450158	
 AE-NL- 310 	 0.000	    -161.0303403063	-78.0806799451	
 AE-NL-  total error =	     558.5592486435	115.4908693500

 =====================================================================

  Comparison of total energy differences.           
   DD_ij = (E_i - E_j)_AE - (E_i-E_j)_NL     

 AE-NL-   i   j         DD[mRy]        DD[meV] 
 AE-NL- ------------------------------------------
 AE-NL-   0   1        11.985670     163.073434
 AE-NL-   0   2         7.549694     102.718873
 AE-NL-   0   3         9.533837     129.714527
 AE-NL-   0   4       -46.293480    -629.855199
 AE-NL-   0   5      -174.284872   -2371.267678
 AE-NL-   1   2        -4.435976     -60.354561
 AE-NL-   1   3        -2.451833     -33.358907
 AE-NL-   1   4       -58.279150    -792.928633
 AE-NL-   1   5      -186.270542   -2534.341112
 AE-NL-   2   3         1.984143      26.995655
 AE-NL-   2   4       -53.843174    -732.574072
 AE-NL-   2   5      -181.834566   -2473.986551
 AE-NL-   3   4       -55.827317    -759.569726
 AE-NL-   3   5      -183.818709   -2500.982205
 AE-NL-   4   5      -127.991392   -1741.412479
#kb_find read-receipt