
 ++++++++++++++++++++++++++++++++++++++++++++++++++++++++++++++++++++++++
           OPIUM  Version:        3.8                             
           =====================================            
 See http://opium.sourceforge.net for help and information                 
 Copyright 2009 : The OPIUM project                         

 Compile host     : pzt.wm.edu
 Compile OS       : Linux 2.6.9-42.ELsmp x86_64
 Compile date     : Mon Apr 27 12:45:31 EDT 2009

 Execution host   : barbaloot2
 time of execution: Sat Jul  9 11:45:57 2016

 ++++++++++++++++++++++++++++++++++++++++++++++++++++++++++++++++++++++++
 Reading parameter file:  <v.param> ... 
 File prefix             : v 
 Element                 : Vanadium   (V) 
 Z                       : 23 
 
 Number of all-electron orbitals   : 8 
 Number of pseudo       orbitals   : 5 
 
 Pseudopotential is non-relativistic 
 Exchage-correlation functional is : Perdew-Zunger LDA 
 The s potential is used for the KB construction 
 Optimized (RRKJ) pseudopotential method will be used 

 nl    cutoff radii    q-max      # bessel functions
 3s       1.580        7.070              10 
 3p       1.950        7.070              10 
 3d       1.770        7.540              10 
 4s       1.580        7.070              10 
 4p       1.950        7.070              10 

 Reference Configuration: core  <-/-> valence 
 1s2  2s2  2p6  <-/-> 3s2  3p6  3d3  4s0  4p0 

 Grid definitions: 
 a_grid=1.00e-04    b_grid=1.30e-02    # points=1157 
 r(1)=3.52e-05      r(np)=1.18e+02    

 dEmax tolerance:  1.00e-08      dVmax tolerance:  1.00e-06     

 Box 1  0.0101782 --> 0.752387  height: -0.052 
 Box 2  0.762231 --> 1.49855  height: -0.022 
 Starting calculation...

 ======================================================================== 
 Begin AE calculation
 ======================================================================== 
 Performing non-relativistic AE calculation...  
 ---------Eigenvalue guesses---------
 1s          -529.00000000
 2s           -33.06250000
 2p           -33.06250000
 3s            -6.53086420
 3p            -6.53086420
 3d            -6.53086420
 4s            -2.06640625
 4p            -2.06640625
 
 iter       Etot             Ebs             Ehxc       de_max   dv_max
   1    -2113.7773197   -1293.1868938    -820.5904259 0.61E+00 0.36E+01
   2    -1940.8814096   -1187.9198463    -752.9615633 0.47E+00 0.10E+01
   3    -1882.2240295   -1149.2038451    -733.0201844 0.18E+00 0.29E+00
   4    -1881.1639401   -1146.8893419    -734.2745982 0.23E-01 0.93E-01
   5    -1883.1177552   -1147.1011727    -736.0165825 0.18E-01 0.53E-01
   6    -1883.1144641   -1146.3971930    -736.7172711 0.10E-01 0.50E-01
   7    -1882.1749452   -1145.4692338    -736.7057115 0.17E-01 0.29E-01
   8    -1881.2527061   -1145.0213925    -736.2313136 0.11E-01 0.13E-01
   9    -1881.2625617   -1145.1990051    -736.0635566 0.20E-02 0.12E-01
  10    -1881.7748613   -1145.5899328    -736.1849285 0.57E-02 0.34E-02
  11    -1881.7641508   -1145.5447258    -736.2194250 0.64E-03 0.17E-02
  12    -1881.6870825   -1145.4846906    -736.2023920 0.84E-03 0.51E-03
  13    -1881.6876695   -1145.4905255    -736.1971440 0.98E-04 0.28E-03
  14    -1881.6971658   -1145.4980083    -736.1991576 0.14E-03 0.63E-04
  15    -1881.6977522   -1145.4979599    -736.1997923 0.86E-05 0.29E-04
  16    -1881.6974961   -1145.4976899    -736.1998063 0.64E-05 0.17E-04
  17    -1881.6971685   -1145.4975200    -736.1996485 0.30E-05 0.12E-04
  18    -1881.6970334   -1145.4975050    -736.1995284 0.17E-05 0.84E-05
  19    -1881.6970425   -1145.4975584    -736.1994841 0.14E-05 0.52E-05
  20    -1881.6970967   -1145.4976110    -736.1994857 0.11E-05 0.29E-05
  21    -1881.6971379   -1145.4976375    -736.1995003 0.68E-06 0.14E-05
  22    -1881.6971552   -1145.4976439    -736.1995114 0.27E-06 0.66E-06
  23    -1881.6971573   -1145.4976412    -736.1995161 0.10E-06 0.31E-06
  24    -1881.6971539   -1145.4976378    -736.1995161 0.34E-07 0.16E-06
  25    -1881.6971508   -1145.4976359    -736.1995149 0.17E-07 0.92E-07
  26    -1881.6971495   -1145.4976355    -736.1995139 0.22E-07 0.55E-07
  27    -1881.6971494   -1145.4976359    -736.1995135 0.85E-08 0.31E-07
 
   27 iterations: (units are Ry and bohr)
 Energy:   -1881.69714935  Ebs:   -1145.49763587  Ehxc:    -736.19951348
 Eh    :     763.69703078  Exc:     -85.00271626
 
   Orbital    Filling       Eigenvalues    Norm(rc->oo)      Peak
    |100>      2.000        -391.686883
    |200>      2.000         -44.839649
    |210>      6.000         -38.082048
    |300>      2.000          -6.270442      0.059385      0.824066
    |310>      6.000          -4.437111      0.030978      0.845772
    |320>      3.000          -1.596244      0.219196      0.879409
    |400>      0.000          -1.302853      0.925644      2.455904
    |410>      0.000          -0.947680      0.906343      2.870525

 ======================================================================== 
 End AE calculation
 ======================================================================== 

 ======================================================================== 
 Begin PS construction
 ======================================================================== 
 Optimized Pseudopotential Generation ...
 
 ==================
 zeff=   13.0000000000000     
 Pseudizing state : |300>
 eigenvalue       : -6.270442
 qc               :  7.070000
 # bessel fxns    : 10
 point nearest rc :  825
 rc               :  1.580000
 actual rc        :  1.578531
 
 Psi(rc)          :     0.2988123755
 Slope at rc      :    -0.7090079818
 Curvature at rc  :     1.5791997712
 Del^2 Psi at rc  :     0.6808863081
 Log Deriv at rc  :    -2.3727530719
 
 Starting KE minimization...
  step #    theta       slope       curv       KEresid    coeffsum
     1    0.013446   -2.494833   92.773839    0.007473    1.480768
     2   -0.003181    1.190990  187.206340    0.005579    1.447827
     3   -0.004719    0.634249   67.204687    0.004083    1.444230
     4   -0.006147    0.520529   42.341280    0.002483    1.501038
    11   -0.000119    0.036771  154.817779    0.000289    1.572398
    21   -0.000105    0.052563  250.534206    0.000215    1.618722
    31   -0.000101    0.047711  235.863612    0.000137    1.680110
    41   -0.000024    0.011564  236.839981    0.000127    1.686792
    51   -0.000042    0.018267  219.482378    0.000118    1.700760
    61   -0.000036    0.013099  182.395513    0.000109    1.704062
    71   -0.000044    0.020201  230.784303    0.000097    1.722634
    81   -0.000024    0.009698  203.631448    0.000091    1.724231
    91   -0.000055    0.026134  238.383359    0.000078    1.745515
   101   -0.000017    0.007401  220.832423    0.000072    1.747245
   111   -0.000046    0.016946  185.989837    0.000065    1.762620
   121   -0.000021    0.010974  258.069839    0.000060    1.765118
   131   -0.000021    0.010178  245.293876    0.000057    1.773147
   141   -0.000019    0.008239  219.790293    0.000054    1.775212
   151   -0.000023    0.008753  188.650706    0.000051    1.782325
   161   -0.000032    0.010144  156.097229    0.000045    1.789889
   171   -0.000046    0.018477  200.706764    0.000028    1.844014
   181   -0.000008    0.002261  145.321073    0.000025    1.842339
   191   -0.000031    0.010624  172.324137    0.000021    1.865474
   201   -0.000003    0.001090  185.242646    0.000021    1.865040
 
 # steps:   202
 Final KE error:    0.0000208270
 Sum of coeffs :    1.8650970855
 ---------------------------------------------------------------
 Coeff:      1.504696  0.540354 -0.172975 -0.005238 -0.004643  0.003559 -0.002696  0.002228 -0.001900  0.001712
 ---------------------------------------------------------------
 Resid KE (Ry)     :        0.0000208270
 Norm error        :     0.111E-15
 Continuity error  :     0.555E-16
 Curvature error   :     0.251E-13
 ---------------------------------------------------------------
 Bessel wavevectors and final coefficients
   1        1.5326075439        1.5046961526
   2        3.2931240962        0.5403539179
   3        5.1806873168       -0.1729750613
   4        7.1175270341       -0.0052380783
   5        9.0758455844       -0.0046432364
   6       11.0450426928        0.0035590999
   7       13.0204224231       -0.0026955722
   8       14.9996276319        0.0022281587
   9       16.9813561019       -0.0019002460
  10       18.9648332015        0.0017119505
 
 Total KE           (Ry) :     2.2486877327
 0  -> qc contribution   :     2.2486669057
 qc -> oo contribution   :     0.0000208270   (=Convergence term)
 Occupancy of this state :     2.0000000000
 Convergence term (Ry/e) :     0.0000208270
 Convergence error (mRy) :     0.0416539874
 Convergence error (meV) :     0.5667358216
 
 
 ==================
 zeff=   13.0000000000000     
 Pseudizing state : |310>
 eigenvalue       : -4.437111
 qc               :  7.070000
 # bessel fxns    : 10
 point nearest rc :  841
 rc               :  1.950000
 actual rc        :  1.943509
 
 Psi(rc)          :     0.1636767408
 Slope at rc      :    -0.3386031235
 Curvature at rc  :     0.6847981026
 Del^2 Psi at rc  :     0.2496878391
 Log Deriv at rc  :    -2.0687308524
 
 Starting KE minimization...
  step #    theta       slope       curv       KEresid    coeffsum
     1    0.031841   -5.642771   88.608004    0.027477    4.311970
     2   -0.007404    2.486553  167.912060    0.018272    4.497685
     3   -0.009991    1.269131   63.511536    0.011929    4.492919
     4   -0.007956    0.972873   61.143916    0.008058    4.348052
    11   -0.000591    0.228427  193.106768    0.000589    4.236899
    21   -0.000092    0.024463  132.364944    0.000390    4.208270
    31   -0.000071    0.026589  186.524632    0.000355    4.164346
    41   -0.000030    0.012510  210.704826    0.000332    4.165333
    51   -0.000048    0.015614  161.834322    0.000319    4.146105
    61   -0.000072    0.017013  118.098729    0.000296    4.138740
    71   -0.000081    0.026752  164.578651    0.000267    4.103757
    81   -0.000034    0.010617  156.871029    0.000253    4.102772
    91   -0.000047    0.015496  164.590874    0.000241    4.082534
   101   -0.000037    0.011699  158.364028    0.000229    4.081072
   111   -0.000041    0.012716  154.688013    0.000219    4.065547
   121   -0.000044    0.012941  148.570035    0.000208    4.061722
   131   -0.000043    0.012456  144.660749    0.000199    4.046689
   141   -0.000055    0.010058   90.779936    0.000186    4.040344
   151   -0.000112    0.037086  165.932581    0.000011    3.727784
 
 # steps:   152
 Final KE error:    0.0000089907
 Sum of coeffs :    3.7277492651
 ---------------------------------------------------------------
 Coeff:      1.547525  1.586439  0.546306  0.050873 -0.003039  0.000906 -0.000733  0.000681 -0.001147 -0.000062
 ---------------------------------------------------------------
 Resid KE (Ry)     :        0.0000089907
 Norm error        :     0.444E-15
 Continuity error  :     0.000E+00
 Curvature error   :    -0.208E-14
 ---------------------------------------------------------------
 Bessel wavevectors and final coefficients
   1        1.8492849653        1.5475246771
   2        3.3799587940        1.5864393498
   3        4.9535993990        0.5463055152
   4        6.5458786733        0.0508729619
   5        8.1470622078       -0.0030387306
   6        9.7530642576        0.0009061729
   7       11.3619380151       -0.0007329382
   8       12.9726520954        0.0006806078
   9       14.5846129921       -0.0011467646
  10       16.1974563038       -0.0000615862
 
 Total KE           (Ry) :     5.2869121494
 0  -> qc contribution   :     5.2869031587
 qc -> oo contribution   :     0.0000089907   (=Convergence term)
 Occupancy of this state :     6.0000000000
 Convergence term (Ry/e) :     0.0000089907
 Convergence error (mRy) :     0.0539442037
 Convergence error (meV) :     0.7339540470
 
 
 ==================
 zeff=   13.0000000000000     
 Pseudizing state : |320>
 eigenvalue       : -1.596244
 qc               :  7.540000
 # bessel fxns    : 10
 point nearest rc :  834
 rc               :  1.770000
 actual rc        :  1.774458
 
 Psi(rc)          :     0.3212390676
 Slope at rc      :    -0.3935852663
 Curvature at rc  :     0.4988083565
 Del^2 Psi at rc  :    -0.5569400165
 Log Deriv at rc  :    -1.2252098390
 
 Starting KE minimization...
  step #    theta       slope       curv       KEresid    coeffsum
     1    0.092862  -15.868468   85.441402    0.248605    5.459310
     2   -0.022368    7.258178  162.242732    0.167510    6.081804
     3   -0.034544    3.824263   55.354135    0.101610    6.139581
     4   -0.035245    3.151837   44.713429    0.046193    5.584946
    11   -0.000779    0.262699  168.546850    0.012590    5.444647
    21   -0.001363    0.460577  168.972388    0.000684    4.717483
    31   -0.000156    0.027682   88.853138    0.000295    4.687085
    41   -0.000021    0.007936  190.783445    0.000162    4.586635
    51   -0.000004    0.001253  163.108974    0.000162    4.586620
 
 # steps:    52
 Final KE error:    0.0001617964
 Sum of coeffs :    4.5866126408
 ---------------------------------------------------------------
 Coeff:      2.117248  1.896108  0.570762  0.001131  0.006055 -0.004688  0.004111 -0.003969  0.003954 -0.004100
 ---------------------------------------------------------------
 Resid KE (Ry)     :        0.0001617964
 Norm error        :    -0.222E-15
 Continuity error  :    -0.278E-15
 Curvature error   :    -0.178E-14
 ---------------------------------------------------------------
 Bessel wavevectors and final coefficients
   1        2.4144476345        2.1172481065
   2        4.2909122408        1.8961082739
   3        6.1015252293        0.5707620051
   4        7.8935646411        0.0011310733
   5        9.6775626941        0.0060551786
   6       11.4573242845       -0.0046878131
   7       13.2345738940        0.0041109561
   8       15.0102097249       -0.0039690834
   9       16.7847465627        0.0039541728
  10       18.5585009483       -0.0041002289
 
 Total KE           (Ry) :     7.1134203125
 0  -> qc contribution   :     7.1132585161
 qc -> oo contribution   :     0.0001617964   (=Convergence term)
 Occupancy of this state :     3.0000000000
 Convergence term (Ry/e) :     0.0001617964
 Convergence error (mRy) :     0.4853892496
 Convergence error (meV) :     6.6041090521
 
 ------------------------------
 Descreening potential
 valence charge          :  11.000000
 core    charge          :   0.000000
 
 ----Solving the Schrodinger equation for all states----
 State: 3s  AE eigenvalue =  -6.270442  PS eigenvalue =  -6.270442
 State: 3p  AE eigenvalue =  -4.437111  PS eigenvalue =  -4.437111
 State: 3d  AE eigenvalue =  -1.596244  PS eigenvalue =  -1.596244
 
 ---Semilocal ghost testing---
 Local state: 3s
 
 Test  state: 3p
 KB energy :  -4.792462  KB strength:   2.788467  KB cosine:  -0.581844
 el0       :  -3.326624  el1        :  -0.800632  eig      :  -4.437111
 No ghosts!  Ekb<0  and eig < el0
 
 Test  state: 3d
 KB energy :  -8.419498  KB strength:   4.199244  KB cosine:  -0.498752
 el0       :  -0.907708  el1        :  -0.375733  eig      :  -1.596244
 No ghosts!  Ekb<0  and eig < el0
 
 No ghosts for local potential: 3s
 ------------------------------
 
 Local state: 3p
 
 Test  state: 3s
 KB energy :   5.405132  KB strength:   3.558662  KB cosine:   0.658386
 el0       :  -9.482194  el1        :  -1.895370  eig      :  -6.270442
 No ghosts!  Ekb>0  and el0 < eig < el1
 
 Test  state: 3d
 KB energy :  -4.424306  KB strength:   2.466401  KB cosine:  -0.557466
 el0       :  -0.912353  el1        :  -0.383076  eig      :  -1.596244
 No ghosts!  Ekb<0  and eig < el0
 
 No ghosts for local potential: 3p
 ------------------------------
 
 Local state: 3d
 
 Test  state: 3s
 KB energy :   9.621421  KB strength:   7.121758  KB cosine:   0.740198
 el0       : -13.885044  el1        :  -2.441258  eig      :  -6.270442
 No ghosts!  Ekb>0  and el0 < eig < el1
 
 Test  state: 3p
 KB energy :   4.483723  KB strength:   3.277722  KB cosine:   0.731027
 el0       :  -7.403971  el1        :  -1.050985  eig      :  -4.437111
 No ghosts!  Ekb>0  and el0 < eig < el1
 
 No ghosts for local potential: 3d
 ------------------------------
 

 ======================================================================== 
 End PS construction
 ======================================================================== 

 ======================================================================== 
 Begin NL calculation
 ======================================================================== 
 ---------Eigenvalue guesses---------
 1s            -6.27044176
 2p            -4.43711114
 3d            -1.59624392
 2s            -1.30285321
 3p            -0.94767984
 Performing non-local pseudopotential calculation
 Using the s potential as the local potential
 
 --Augmentation operator info--
 Number of functions:   2
 # 1 range(a.u.):   0.010047 ----->  0.742669   size(Ry): -0.052000
 # 2 range(a.u.):   0.752387 ----->  1.479190   size(Ry): -0.022000
 ------------------------------
 
 iter       Etot             Ebs             Ehxc       de_max   dv_max
   1     -138.6943208     -43.9522821     -94.7420386 0.92E-01 0.25E-08
   2     -138.6943208     -43.9522821     -94.7420387 0.37E-09 0.10E-08
 
    2 iterations: (units are Ry and bohr)
 Energy:    -138.69432078  Ebs:     -43.95228213  Ehxc:     -94.74203866
 Eh    :      99.51580658  Exc:     -15.24017004
 
   Orbital    Filling       Eigenvalues    Norm(rc->oo)      Peak
    |100>      2.000          -6.270442      0.059385      0.834848
    |210>      6.000          -4.437111      0.030978      0.890916
    |320>      3.000          -1.596244      0.219196      1.001496
    |200>      0.000          -1.422865      0.864127      2.271624
    |310>      0.000          -0.969756      0.889310      2.796853
 
 ---Non-local ghost testing---
 Local state: 1s
 
 Test  state: 1s
 KB energy :   0.039703  KB strength:   0.034853  KB cosine:   0.877847
 el0       :  -6.301071  el1        :  -1.425227  eig      :  -6.270442
 No ghosts!  Ekb>0  and el0 < eig < el1
 
 Test  state: 2p
 KB energy :  -4.781370  KB strength:   2.762514  KB cosine:  -0.577766
 el0       :  -3.345574  el1        :  -0.219723  eig      :  -4.437111
 No ghosts!  Ekb<0  and eig < el0
 
 Test  state: 3d
 KB energy :  -8.416224  KB strength:   4.180373  KB cosine:  -0.496704
 el0       :  -0.912274  el1        :  -0.376667  eig      :  -1.596244
 No ghosts!  Ekb<0  and eig < el0
 
 Test  state: 2s
 KB energy :   0.039703  KB strength:   0.034853  KB cosine:   0.877847
 el0       :  -1.425227  el1        :  -0.544748  eig      :  -1.422865
 No ghosts!  Ekb>0  and el0 < eig < el1
 
 Test  state: 3p
 KB energy :  -4.781370  KB strength:   2.762514  KB cosine:  -0.577766
 el0       :  -0.802168  el1        :  -0.358643  eig      :  -0.969756
 No ghosts!  Ekb<0  and eig < el0
 ------------------------------
 
 No ghosts present for designed local pot
 

 ======================================================================== 
 End NL calculation
 ======================================================================== 
<<<do_tc>>>


 ===============Configuration 1 AE Calc=============== 
 ---------Eigenvalue guesses---------
 1s          -529.00000000
 2s           -33.06250000
 2p           -33.06250000
 3s            -6.53086420
 3p            -6.53086420
 3d            -6.53086420
 4s            -2.06640625
 4p            -2.06640625
 
 iter       Etot             Ebs             Ehxc       de_max   dv_max
   1    -1816.2371695   -1138.8868374    -677.3503321 0.98E+00 0.47E+01
   2    -1965.2841874   -1170.9040457    -794.3801416 0.12E+02 0.26E+01
   3    -1904.8396852   -1135.6299917    -769.2096934 0.50E+00 0.90E+00
   4    -1887.3996685   -1121.7894171    -765.6102513 0.61E+00 0.11E+00
   5    -1881.4552222   -1118.6153290    -762.8398932 0.25E+00 0.78E-01
   6    -1881.3907519   -1119.3463685    -762.0443834 0.58E-01 0.72E-01
   7    -1883.8273607   -1121.0951954    -762.7321654 0.14E+00 0.24E-01
   8    -1883.6381491   -1120.8259982    -762.8121510 0.16E-01 0.11E-01
   9    -1883.3728517   -1120.6759659    -762.6968858 0.98E-02 0.28E-02
  10    -1883.2312446   -1120.6457763    -762.5854682 0.24E-02 0.36E-02
  11    -1883.2395359   -1120.6909193    -762.5486166 0.35E-02 0.27E-02
  12    -1883.3337939   -1120.7639322    -762.5698618 0.42E-02 0.74E-03
  13    -1883.3500870   -1120.7650332    -762.5850537 0.33E-03 0.64E-03
  14    -1883.3469323   -1120.7573531    -762.5895792 0.66E-03 0.44E-03
  15    -1883.3366957   -1120.7504886    -762.5862071 0.47E-03 0.12E-03
  16    -1883.3330346   -1120.7492277    -762.5838069 0.85E-05 0.13E-03
  17    -1883.3331846   -1120.7498944    -762.5832902 0.89E-04 0.76E-04
  18    -1883.3342401   -1120.7505959    -762.5836442 0.61E-04 0.22E-04
  19    -1883.3348360   -1120.7508154    -762.5840206 0.17E-04 0.16E-04
  20    -1883.3349020   -1120.7507417    -762.5841603 0.11E-04 0.11E-04
  21    -1883.3347623   -1120.7506233    -762.5841390 0.10E-04 0.58E-05
  22    -1883.3346519   -1120.7505709    -762.5840810 0.58E-05 0.28E-05
  23    -1883.3346157   -1120.7505677    -762.5840480 0.23E-05 0.12E-05
  24    -1883.3346275   -1120.7505852    -762.5840424 0.52E-06 0.71E-06
  25    -1883.3346455   -1120.7505972    -762.5840483 0.50E-06 0.25E-06
  26    -1883.3346545   -1120.7506004    -762.5840541 0.16E-06 0.13E-06
  27    -1883.3346554   -1120.7505992    -762.5840562 0.63E-07 0.11E-06
  28    -1883.3346534   -1120.7505975    -762.5840559 0.90E-07 0.43E-07
  29    -1883.3346519   -1120.7505968    -762.5840551 0.28E-07 0.26E-07
  30    -1883.3346515   -1120.7505968    -762.5840546 0.22E-07 0.20E-07
  31    -1883.3346517   -1120.7505971    -762.5840546 0.20E-07 0.12E-07
  32    -1883.3346519   -1120.7505972    -762.5840547 0.11E-07 0.46E-08
  33    -1883.3346520   -1120.7505973    -762.5840547 0.30E-08 0.35E-08
 
   33 iterations: (units are Ry and bohr)
 Energy:   -1883.33465202  Ebs:   -1120.75059728  Ehxc:    -762.58405474
 Eh    :     790.29686280  Exc:     -85.71889508
 
   Orbital    Filling       Eigenvalues    Norm(rc->oo)      Peak
    |100>      2.000        -390.450011
    |200>      2.000         -43.631399
    |210>      6.000         -36.871221
    |300>      2.000          -5.053139      0.059643      0.824066
    |310>      6.000          -3.220394      0.032258      0.845772
    |320>      3.000          -0.408925      0.268925      0.879409
    |400>      2.000          -0.352517      0.954925      2.760729
    |410>      0.000          -0.113715      0.965275      3.627323


 ===============Configuration 1 NL: Calc ===============
 ---------Eigenvalue guesses---------
 1s            -6.27044176
 2p            -4.43711114
 3d            -1.59624392
 2s            -1.30285321
 3p            -0.94767984
 Performing non-local pseudopotential calculation
 Using the s potential as the local potential
 
 --Augmentation operator info--
 Number of functions:   2
 # 1 range(a.u.):   0.010047 ----->  0.742669   size(Ry): -0.052000
 # 2 range(a.u.):   0.752387 ----->  1.479190   size(Ry): -0.022000
 ------------------------------
 
 iter       Etot             Ebs             Ehxc       de_max   dv_max
   1     -162.7390483     -46.7980113    -115.9410370 0.92E-01 0.40E+01
   2     -147.9057676     -36.7501587    -111.1556089 0.49E+00 0.20E+01
   3     -142.5695265     -31.5981988    -110.9713278 0.72E+00 0.20E+02
   4     -139.7133961     -29.7579869    -109.9554092 0.36E+00 0.20E+02
   5     -139.8321032     -30.0846257    -109.7474775 0.72E-01 0.10E+02
   6     -140.7171431     -30.6566467    -110.0604964 0.13E+00 0.29E-01
   7     -140.6475780     -30.5287625    -110.1188154 0.25E-01 0.16E-01
   8     -140.3827041     -30.3663881    -110.0163161 0.32E-01 0.94E-02
   9     -140.3826285     -30.3962484    -109.9863801 0.63E-02 0.75E-02
  10     -140.5001965     -30.4722883    -110.0279083 0.16E-01 0.38E-02
  11     -140.4909073     -30.4551632    -110.0357441 0.34E-02 0.20E-02
  12     -140.4570830     -30.4337454    -110.0233376 0.43E-02 0.11E-02
  13     -140.4596259     -30.4387300    -110.0208959 0.10E-02 0.64E-03
  14     -140.4701678     -30.4454620    -110.0247058 0.14E-02 0.35E-03
  15     -140.4693765     -30.4439244    -110.0254521 0.31E-03 0.19E-03
  16     -140.4678204     -30.4428271    -110.0249932 0.22E-03 0.55E-04
  17     -140.4667648     -30.4423610    -110.0244038 0.95E-04 0.38E-04
  18     -140.4667010     -30.4424925    -110.0242085 0.27E-04 0.37E-04
  19     -140.4669373     -30.4426826    -110.0242547 0.39E-04 0.14E-04
  20     -140.4671126     -30.4427693    -110.0243433 0.18E-04 0.17E-05
  21     -140.4671615     -30.4427719    -110.0243896 0.60E-06 0.49E-05
  22     -140.4671431     -30.4427483    -110.0243948 0.47E-05 0.29E-05
  23     -140.4671165     -30.4427317    -110.0243847 0.34E-05 0.55E-06
  24     -140.4671038     -30.4427274    -110.0243764 0.86E-06 0.49E-06
  25     -140.4671031     -30.4427295    -110.0243736 0.41E-06 0.50E-06
  26     -140.4671063     -30.4427322    -110.0243741 0.54E-06 0.20E-06
  27     -140.4671089     -30.4427334    -110.0243755 0.26E-06 0.41E-07
  28     -140.4671096     -30.4427333    -110.0243763 0.32E-07 0.94E-07
  29     -140.4671093     -30.4427328    -110.0243765 0.96E-07 0.61E-07
  30     -140.4671087     -30.4427325    -110.0243763 0.60E-07 0.13E-07
  31     -140.4671084     -30.4427324    -110.0243760 0.95E-08 0.20E-07
 
   31 iterations: (units are Ry and bohr)
 Energy:    -140.46710844  Ebs:     -30.44273243  Ehxc:    -110.02437601
 Eh    :     115.02742512  Exc:     -16.00350121
 
   Orbital    Filling       Eigenvalues    Norm(rc->oo)      Peak
    |100>      2.000          -4.954344      0.060760      0.834848
    |210>      6.000          -3.128461      0.033247      0.890916
    |320>      3.000          -0.332559      0.287292      1.014600
    |200>      2.000          -0.382799      0.917067      2.553576
    |310>      0.000          -0.096233      0.962719      3.674786
 
 ---Non-local ghost testing---
 Local state: 1s
 
 Test  state: 1s
 KB energy :   0.039703  KB strength:   0.034853  KB cosine:   0.877847
 el0       :  -4.984879  el1        :  -0.384378  eig      :  -4.954344
 No ghosts!  Ekb>0  and el0 < eig < el1
 
 Test  state: 2p
 KB energy :  -4.781370  KB strength:   2.762514  KB cosine:  -0.577766
 el0       :  -2.052820  el1        :  -0.045165  eig      :  -3.128461
 No ghosts!  Ekb<0  and eig < el0
 
 Test  state: 3d
 !WARNING! : schsl found a positive eigenvalue. n,l=:   3   2
 !WARNING! No solution for ground state of local potential.  Setting e=0.0
 !WARNING! : schsl found too few nodes   n,l=   4   2  e= -.7517E-08
 !WARNING! No solution for 1st excited state of local potential.  Setting e=0.0
 KB energy :  -8.416224  KB strength:   4.180373  KB cosine:  -0.496704
 el0       :   0.000000  el1        :   0.000000  eig      :  -0.332559
 No ghosts!  Ekb<0  and eig < el0
 
 Test  state: 2s
 KB energy :   0.039703  KB strength:   0.034853  KB cosine:   0.877847
 el0       :  -0.384378  el1        :  -0.002901  eig      :  -0.382799
 No ghosts!  Ekb>0  and el0 < eig < el1
 
 Test  state: 3p
 !WARNING! : schsl found a positive eigenvalue. n,l=:   4   1
 !WARNING! No solution for 1st excited state of local potential.  Setting e=0.0
 KB energy :  -4.781370  KB strength:   2.762514  KB cosine:  -0.577766
 el0       :  -0.045164  el1        :   0.000000  eig      :  -0.096233
 No ghosts!  Ekb<0  and eig < el0
 ------------------------------
 
 No ghosts present for designed local pot
 


 ===============Configuration 2 AE Calc=============== 
 ---------Eigenvalue guesses---------
 1s          -529.00000000
 2s           -33.06250000
 2p           -33.06250000
 3s            -6.53086420
 3p            -6.53086420
 3d            -6.53086420
 4s            -2.06640625
 4p            -2.06640625
 
 iter       Etot             Ebs             Ehxc       de_max   dv_max
   1    -2008.1811214   -1215.3756665    -792.8054550 0.76E+00 0.20E+01
   2    -1913.0374260   -1158.6590616    -754.3783644 0.36E+00 0.10E+01
   3    -1886.4318765   -1137.5548197    -748.8770568 0.12E+00 0.15E+00
   4    -1885.3077937   -1134.6079626    -750.6998311 0.52E-01 0.76E-01
   5    -1883.7642135   -1132.8330493    -750.9311642 0.26E-01 0.53E-01
   6    -1882.1731658   -1131.9308983    -750.2422674 0.38E-01 0.16E-01
   7    -1882.2574423   -1132.2128540    -750.0445883 0.52E-02 0.90E-02
   8    -1882.7967217   -1132.6565271    -750.1401946 0.71E-02 0.31E-02
   9    -1882.8380729   -1132.6607294    -750.1773435 0.31E-03 0.27E-02
  10    -1882.7407464   -1132.5974687    -750.1432777 0.18E-02 0.11E-02
  11    -1882.7395510   -1132.6059596    -750.1335914 0.37E-03 0.64E-03
  12    -1882.7588246   -1132.6201416    -750.1386830 0.52E-03 0.18E-03
  13    -1882.7586880   -1132.6190010    -750.1396870 0.41E-04 0.82E-04
  14    -1882.7573357   -1132.6180790    -750.1392567 0.31E-04 0.32E-04
  15    -1882.7564468   -1132.6177800    -750.1386668 0.12E-04 0.14E-04
  16    -1882.7562601   -1132.6179039    -750.1383562 0.22E-05 0.15E-04
  17    -1882.7564345   -1132.6181357    -750.1382989 0.46E-05 0.87E-05
  18    -1882.7566390   -1132.6182918    -750.1383471 0.35E-05 0.32E-05
  19    -1882.7567509   -1132.6183514    -750.1383995 0.14E-05 0.12E-05
  20    -1882.7567795   -1132.6183550    -750.1384245 0.10E-06 0.97E-06
  21    -1882.7567718   -1132.6183435    -750.1384282 0.29E-06 0.67E-06
  22    -1882.7567593   -1132.6183353    -750.1384240 0.20E-06 0.42E-06
  23    -1882.7567532   -1132.6183332    -750.1384200 0.70E-07 0.25E-06
  24    -1882.7567526   -1132.6183339    -750.1384187 0.27E-07 0.16E-06
  25    -1882.7567539   -1132.6183350    -750.1384189 0.29E-07 0.99E-07
  26    -1882.7567550   -1132.6183355    -750.1384194 0.11E-07 0.63E-07
  27    -1882.7567553   -1132.6183355    -750.1384198 0.53E-08 0.40E-07
 
   27 iterations: (units are Ry and bohr)
 Energy:   -1882.75675530  Ebs:   -1132.61833550  Ehxc:    -750.13841979
 Eh    :     777.74556546  Exc:     -85.36709780
 
   Orbital    Filling       Eigenvalues    Norm(rc->oo)      Peak
    |100>      2.000        -391.018742
    |200>      2.000         -44.188718
    |210>      6.000         -37.429573
    |300>      2.000          -5.615626      0.059676      0.824066
    |310>      6.000          -3.783067      0.031935      0.845772
    |320>      3.000          -0.961054      0.247238      0.879409
    |400>      1.000          -0.813162      0.942270      2.620840
    |410>      0.000          -0.515499      0.938304      3.185136


 ===============Configuration 2 NL: Calc ===============
 ---------Eigenvalue guesses---------
 1s            -6.27044176
 2p            -4.43711114
 3d            -1.59624392
 2s            -1.30285321
 3p            -0.94767984
 Performing non-local pseudopotential calculation
 Using the s potential as the local potential
 
 --Augmentation operator info--
 Number of functions:   2
 # 1 range(a.u.):   0.010047 ----->  0.742669   size(Ry): -0.052000
 # 2 range(a.u.):   0.752387 ----->  1.479190   size(Ry): -0.022000
 ------------------------------
 
 iter       Etot             Ebs             Ehxc       de_max   dv_max
   1     -150.3671385     -45.3751467    -104.9919918 0.92E-01 0.20E+01
   2     -143.8599654     -40.6340499    -103.2259155 0.24E+00 0.10E+01
   3     -140.8719341     -37.7525757    -103.1193585 0.27E+00 0.67E-01
   4     -139.6387436     -36.8474218    -102.7913218 0.71E-01 0.29E-01
   5     -139.6415528     -36.9422268    -102.6993261 0.64E-02 0.18E-01
   6     -139.8778901     -37.1234652    -102.7544249 0.14E-01 0.54E-02
   7     -139.8717566     -37.1031944    -102.7685622 0.14E-02 0.27E-02
   8     -139.8356309     -37.0772255    -102.7584054 0.18E-02 0.95E-03
   9     -139.8331546     -37.0792009    -102.7539537 0.17E-03 0.89E-03
  10     -139.8376691     -37.0836890    -102.7539801 0.35E-03 0.44E-03
  11     -139.8446024     -37.0883322    -102.7562703 0.36E-03 0.21E-03
  12     -139.8443742     -37.0874661    -102.7569081 0.65E-04 0.13E-03
  13     -139.8435599     -37.0867619    -102.7567979 0.52E-04 0.57E-04
  14     -139.8429672     -37.0864323    -102.7565348 0.24E-04 0.15E-04
  15     -139.8427539     -37.0863881    -102.7563657 0.29E-05 0.14E-04
  16     -139.8427659     -37.0864542    -102.7563117 0.52E-05 0.12E-04
  17     -139.8428388     -37.0865204    -102.7563184 0.51E-05 0.54E-05
  18     -139.8428926     -37.0865537    -102.7563388 0.26E-05 0.21E-05
  19     -139.8429135     -37.0865613    -102.7563522 0.59E-06 0.90E-06
  20     -139.8429146     -37.0865581    -102.7563565 0.22E-06 0.86E-06
  21     -139.8429100     -37.0865538    -102.7563562 0.32E-06 0.40E-06
  22     -139.8429060     -37.0865517    -102.7563542 0.15E-06 0.19E-06
  23     -139.8429044     -37.0865517    -102.7563527 0.22E-07 0.14E-06
  24     -139.8429048     -37.0865522    -102.7563526 0.56E-07 0.81E-07
  25     -139.8429054     -37.0865526    -102.7563528 0.33E-07 0.41E-07
  26     -139.8429058     -37.0865527    -102.7563530 0.85E-08 0.20E-07
 
   26 iterations: (units are Ry and bohr)
 Energy:    -139.84290577  Ebs:     -37.08655273  Ehxc:    -102.75635304
 Eh    :     107.65012539  Exc:     -15.63906041
 
   Orbital    Filling       Eigenvalues    Norm(rc->oo)      Peak
    |100>      2.000          -5.554342      0.060449      0.834848
    |210>      6.000          -3.726403      0.032606      0.890916
    |320>      3.000          -0.913950      0.255869      1.014600
    |200>      1.000          -0.877601      0.894294      2.424184
    |310>      0.000          -0.508983      0.928776      3.103389
 
 ---Non-local ghost testing---
 Local state: 1s
 
 Test  state: 1s
 KB energy :   0.039703  KB strength:   0.034853  KB cosine:   0.877847
 el0       :  -5.584899  el1        :  -0.879546  eig      :  -5.554342
 No ghosts!  Ekb>0  and el0 < eig < el1
 
 Test  state: 2p
 KB energy :  -4.781370  KB strength:   2.762514  KB cosine:  -0.577766
 el0       :  -2.646917  el1        :  -0.401877  eig      :  -3.726403
 No ghosts!  Ekb<0  and eig < el0
 
 Test  state: 3d
 KB energy :  -8.416224  KB strength:   4.180373  KB cosine:  -0.496704
 el0       :  -0.365604  el1        :  -0.114217  eig      :  -0.913950
 No ghosts!  Ekb<0  and eig < el0
 
 Test  state: 2s
 KB energy :   0.039703  KB strength:   0.034853  KB cosine:   0.877847
 el0       :  -0.879546  el1        :  -0.241242  eig      :  -0.877601
 No ghosts!  Ekb>0  and el0 < eig < el1
 
 Test  state: 3p
 KB energy :  -4.781370  KB strength:   2.762514  KB cosine:  -0.577766
 el0       :  -0.401877  el1        :  -0.129985  eig      :  -0.508983
 No ghosts!  Ekb<0  and eig < el0
 ------------------------------
 
 No ghosts present for designed local pot
 


 ===============Configuration 3 AE Calc=============== 
 ---------Eigenvalue guesses---------
 1s          -529.00000000
 2s           -33.06250000
 2p           -33.06250000
 3s            -6.53086420
 3p            -6.53086420
 3d            -6.53086420
 4s            -2.06640625
 4p            -2.06640625
 
 iter       Etot             Ebs             Ehxc       de_max   dv_max
   1    -1996.9256508   -1215.1652721    -781.7603787 0.76E+00 0.20E+01
   2    -1914.8684798   -1163.4497757    -751.4187041 0.27E+00 0.10E+01
   3    -1885.0939916   -1140.8286704    -744.2653213 0.11E+00 0.16E+00
   4    -1884.4535232   -1138.6596533    -745.7938698 0.52E-01 0.64E-01
   5    -1883.5497494   -1137.4231366    -746.1266128 0.17E-01 0.47E-01
   6    -1882.4180747   -1136.6631608    -745.7549140 0.27E-01 0.64E-02
   7    -1882.3691072   -1136.7717742    -745.5973330 0.88E-03 0.52E-02
   8    -1882.6232020   -1137.0234337    -745.5997682 0.27E-02 0.68E-03
   9    -1882.6578655   -1137.0505450    -745.6073205 0.30E-03 0.52E-03
  10    -1882.6590452   -1137.0510322    -745.6080130 0.92E-04 0.32E-03
  11    -1882.6523133   -1137.0484707    -745.6038426 0.85E-04 0.22E-03
  12    -1882.6519816   -1137.0499237    -745.6020579 0.54E-04 0.15E-03
  13    -1882.6532698   -1137.0515673    -745.6017025 0.45E-04 0.87E-04
  14    -1882.6545494   -1137.0526498    -745.6018996 0.28E-04 0.40E-04
  15    -1882.6552706   -1137.0531247    -745.6021459 0.12E-04 0.14E-04
  16    -1882.6555268   -1137.0532450    -745.6022818 0.34E-05 0.57E-05
  17    -1882.6555492   -1137.0532288    -745.6023204 0.60E-06 0.49E-05
  18    -1882.6555117   -1137.0531967    -745.6023150 0.72E-06 0.36E-05
  19    -1882.6554843   -1137.0531823    -745.6023020 0.43E-06 0.25E-05
  20    -1882.6554763   -1137.0531815    -745.6022948 0.23E-06 0.16E-05
  21    -1882.6554784   -1137.0531847    -745.6022937 0.15E-06 0.99E-06
  22    -1882.6554824   -1137.0531870    -745.6022954 0.12E-06 0.62E-06
  23    -1882.6554845   -1137.0531872    -745.6022973 0.72E-07 0.37E-06
  24    -1882.6554848   -1137.0531864    -745.6022983 0.50E-07 0.22E-06
  25    -1882.6554841   -1137.0531855    -745.6022986 0.32E-07 0.13E-06
  26    -1882.6554835   -1137.0531849    -745.6022986 0.19E-07 0.72E-07
  27    -1882.6554831   -1137.0531846    -745.6022985 0.20E-07 0.40E-07
  28    -1882.6554829   -1137.0531845    -745.6022984 0.48E-08 0.22E-07
 
   28 iterations: (units are Ry and bohr)
 Energy:   -1882.65548291  Ebs:   -1137.05318453  Ehxc:    -745.60229839
 Eh    :     773.13069182  Exc:     -85.11878103
 
   Orbital    Filling       Eigenvalues    Norm(rc->oo)      Peak
    |100>      2.000        -391.233976
    |200>      2.000         -44.435937
    |210>      6.000         -37.673720
    |300>      2.000          -5.822642      0.057366      0.824066
    |310>      6.000          -3.982529      0.029558      0.845772
    |320>      2.500          -1.130278      0.214969      0.868051
    |400>      1.500          -0.869926      0.937095      2.553576
    |410>      0.000          -0.556225      0.929597      3.063307


 ===============Configuration 3 NL: Calc ===============
 ---------Eigenvalue guesses---------
 1s            -6.27044176
 2p            -4.43711114
 3d            -1.59624392
 2s            -1.30285321
 3p            -0.94767984
 Performing non-local pseudopotential calculation
 Using the s potential as the local potential
 
 --Augmentation operator info--
 Number of functions:   2
 # 1 range(a.u.):   0.010047 ----->  0.742669   size(Ry): -0.052000
 # 2 range(a.u.):   0.752387 ----->  1.479190   size(Ry): -0.022000
 ------------------------------
 
 iter       Etot             Ebs             Ehxc       de_max   dv_max
   1     -147.3457403     -45.2884571    -102.0572832 0.92E-01 0.20E+01
   2     -143.2656842     -41.8923085    -101.3733757 0.22E+00 0.10E+01
   3     -140.4418544     -39.1879772    -101.2538773 0.26E+00 0.32E-01
   4     -139.7170169     -38.6256654    -101.0913516 0.41E-01 0.14E-01
   5     -139.7004676     -38.6602331    -101.0402345 0.19E-02 0.94E-02
   6     -139.8141261     -38.7552003    -101.0589259 0.66E-02 0.19E-02
   7     -139.8152155     -38.7505751    -101.0646404 0.27E-03 0.92E-03
   8     -139.8045747     -38.7422609    -101.0623138 0.53E-03 0.38E-03
   9     -139.8034999     -38.7424794    -101.0610205 0.53E-04 0.31E-03
  10     -139.8043991     -38.7436085    -101.0607905 0.81E-04 0.21E-03
  11     -139.8053326     -38.7443789    -101.0609537 0.56E-04 0.12E-03
  12     -139.8058451     -38.7447108    -101.0611343 0.25E-04 0.66E-04
  13     -139.8060137     -38.7447901    -101.0612236 0.11E-04 0.36E-04
  14     -139.8060209     -38.7447810    -101.0612399 0.47E-05 0.20E-04
  15     -139.8059906     -38.7447641    -101.0612265 0.24E-05 0.12E-04
  16     -139.8059713     -38.7447606    -101.0612107 0.15E-05 0.70E-05
  17     -139.8059683     -38.7447664    -101.0612019 0.10E-05 0.41E-05
  18     -139.8059732     -38.7447742    -101.0611989 0.68E-06 0.23E-05
  19     -139.8059792     -38.7447797    -101.0611996 0.41E-06 0.13E-05
  20     -139.8059832     -38.7447821    -101.0612011 0.21E-06 0.67E-06
  21     -139.8059846     -38.7447829    -101.0612017 0.94E-07 0.36E-06
  22     -139.8059847     -38.7447828    -101.0612019 0.35E-07 0.20E-06
  23     -139.8059845     -38.7447827    -101.0612019 0.17E-07 0.11E-06
  24     -139.8059844     -38.7447826    -101.0612018 0.11E-07 0.67E-07
  25     -139.8059843     -38.7447826    -101.0612017 0.78E-08 0.40E-07
 
   25 iterations: (units are Ry and bohr)
 Energy:    -139.80598428  Ebs:     -38.74478262  Ehxc:    -101.06120166
 Eh    :     105.88028051  Exc:     -15.40467144
 
   Orbital    Filling       Eigenvalues    Norm(rc->oo)      Peak
    |100>      2.000          -5.716397      0.058762      0.834848
    |210>      6.000          -3.883568      0.030753      0.890916
    |320>      2.500          -1.044916      0.229629      1.001496
    |200>      1.500          -0.932195      0.885301      2.361967
    |310>      0.000          -0.542372      0.920174      3.023741
 
 ---Non-local ghost testing---
 Local state: 1s
 
 Test  state: 1s
 KB energy :   0.039703  KB strength:   0.034853  KB cosine:   0.877847
 el0       :  -5.747057  el1        :  -0.934228  eig      :  -5.716397
 No ghosts!  Ekb>0  and el0 < eig < el1
 
 Test  state: 2p
 KB energy :  -4.781370  KB strength:   2.762514  KB cosine:  -0.577766
 el0       :  -2.785356  el1        :  -0.424468  eig      :  -3.883568
 No ghosts!  Ekb<0  and eig < el0
 
 Test  state: 3d
 KB energy :  -8.416224  KB strength:   4.180373  KB cosine:  -0.496704
 el0       :  -0.420275  el1        :  -0.120532  eig      :  -1.044916
 No ghosts!  Ekb<0  and eig < el0
 
 Test  state: 2s
 KB energy :   0.039703  KB strength:   0.034853  KB cosine:   0.877847
 el0       :  -0.934228  el1        :  -0.251152  eig      :  -0.932195
 No ghosts!  Ekb>0  and el0 < eig < el1
 
 Test  state: 3p
 KB energy :  -4.781370  KB strength:   2.762514  KB cosine:  -0.577766
 el0       :  -0.424468  el1        :  -0.133139  eig      :  -0.542372
 No ghosts!  Ekb<0  and eig < el0
 ------------------------------
 
 No ghosts present for designed local pot
 


 ===============Configuration 4 AE Calc=============== 
 ---------Eigenvalue guesses---------
 1s          -529.00000000
 2s           -33.06250000
 2p           -33.06250000
 3s            -6.53086420
 3p            -6.53086420
 3d            -6.53086420
 4s            -2.06640625
 4p            -2.06640625
 
 iter       Etot             Ebs             Ehxc       de_max   dv_max
   1    -2215.4324565   -1437.3530524    -778.0794041 0.11E+01 0.55E+01
   2    -1998.1701845   -1282.2458558    -715.9243287 0.37E+00 0.17E+01
   3    -1876.8480935   -1197.2947418    -679.5533517 0.24E+00 0.26E+00
   4    -1873.2713229   -1193.9939182    -679.2774047 0.92E-02 0.11E+00
   5    -1876.6829138   -1196.5530288    -680.1298850 0.18E-01 0.26E-01
   6    -1876.6906637   -1196.2214735    -680.4691901 0.23E-02 0.18E-01
   7    -1876.2219311   -1195.7201744    -680.5017567 0.42E-02 0.23E-02
   8    -1876.1322648   -1195.6399618    -680.4923030 0.86E-03 0.34E-03
   9    -1876.1220156   -1195.6365731    -680.4854426 0.12E-03 0.28E-03
  10    -1876.1241669   -1195.6416366    -680.4825303 0.31E-04 0.20E-03
  11    -1876.1277778   -1195.6461187    -680.4816591 0.15E-04 0.12E-03
  12    -1876.1306286   -1195.6489811    -680.4816475 0.67E-05 0.60E-04
  13    -1876.1323335   -1195.6504813    -680.4818523 0.33E-05 0.29E-04
  14    -1876.1331766   -1195.6511461    -680.4820304 0.17E-05 0.19E-04
  15    -1876.1335229   -1195.6513899    -680.4821330 0.11E-05 0.12E-04
  16    -1876.1336340   -1195.6514567    -680.4821773 0.74E-06 0.78E-05
  17    -1876.1336481   -1195.6514576    -680.4821905 0.50E-06 0.48E-05
  18    -1876.1336425   -1195.6514514    -680.4821910 0.33E-06 0.29E-05
  19    -1876.1336366   -1195.6514482    -680.4821883 0.22E-06 0.17E-05
  20    -1876.1336341   -1195.6514480    -680.4821861 0.13E-06 0.97E-06
  21    -1876.1336340   -1195.6514490    -680.4821851 0.90E-07 0.54E-06
  22    -1876.1336348   -1195.6514500    -680.4821848 0.42E-07 0.29E-06
  23    -1876.1336355   -1195.6514507    -680.4821848 0.33E-07 0.15E-06
  24    -1876.1336359   -1195.6514510    -680.4821849 0.11E-07 0.76E-07
  25    -1876.1336361   -1195.6514511    -680.4821850 0.56E-08 0.39E-07
 
   25 iterations: (units are Ry and bohr)
 Energy:   -1876.13363609  Ebs:   -1195.65145107  Ehxc:    -680.48218502
 Eh    :     707.23542751  Exc:     -82.61870861
 
   Orbital    Filling       Eigenvalues    Norm(rc->oo)      Peak
    |100>      2.000        -394.558568
    |200>      2.000         -47.839393
    |210>      6.000         -41.070820
    |300>      2.000          -8.950414      0.045568      0.813422
    |310>      6.000          -7.072522      0.018164      0.834848
    |320>      1.000          -4.094653      0.098618      0.813422
    |400>      0.000          -2.836185      0.862495      2.128665
    |410>      0.000          -2.337596      0.779186      2.331460


 ===============Configuration 4 NL: Calc ===============
 ---------Eigenvalue guesses---------
 1s            -6.27044176
 2p            -4.43711114
 3d            -1.59624392
 2s            -1.30285321
 3p            -0.94767984
 Performing non-local pseudopotential calculation
 Using the s potential as the local potential
 
 --Augmentation operator info--
 Number of functions:   2
 # 1 range(a.u.):   0.010047 ----->  0.742669   size(Ry): -0.052000
 # 2 range(a.u.):   0.752387 ----->  1.479190   size(Ry): -0.022000
 ------------------------------
 
 iter       Etot             Ebs             Ehxc       de_max   dv_max
   1     -106.8107860     -40.7597943     -66.0509917 0.92E-01 0.40E+01
   2     -121.0545358     -52.5964846     -68.4580512 0.75E+00 0.20E+01
   3     -131.1487006     -62.0517035     -69.0969971 0.41E+00 0.11E+00
   4     -133.0806420     -63.8290475     -69.2515946 0.48E-01 0.89E-02
   5     -133.2764765     -63.9430949     -69.3333816 0.32E-02 0.11E-01
   6     -133.2743807     -63.9063200     -69.3680606 0.84E-03 0.91E-02
   7     -133.2009257     -63.8349637     -69.3659620 0.15E-02 0.14E-02
   8     -133.1934890     -63.8296473     -69.3638417 0.12E-03 0.32E-03
   9     -133.1931375     -63.8301051     -69.3630324 0.11E-04 0.29E-03
  10     -133.1939833     -63.8310103     -69.3629730 0.16E-04 0.19E-03
  11     -133.1951712     -63.8318647     -69.3633066 0.14E-04 0.13E-03
  12     -133.1953282     -63.8318333     -69.3634949 0.71E-05 0.88E-04
  13     -133.1953147     -63.8317280     -69.3635867 0.56E-05 0.55E-04
  14     -133.1952480     -63.8316253     -69.3636227 0.39E-05 0.33E-04
  15     -133.1951852     -63.8315524     -69.3636327 0.24E-05 0.18E-03
  16     -133.1951424     -63.8315094     -69.3636329 0.14E-05 0.91E-04
  17     -133.1951180     -63.8314872     -69.3636308 0.77E-06 0.46E-04
  18     -133.1951061     -63.8314769     -69.3636291 0.41E-06 0.23E-04
  19     -133.1951009     -63.8314728     -69.3636280 0.21E-06 0.11E-04
  20     -133.1950989     -63.8314713     -69.3636275 0.10E-06 0.57E-05
  21     -133.1950983     -63.8314709     -69.3636273 0.47E-07 0.29E-05
  22     -133.1950981     -63.8314708     -69.3636273 0.24E-07 0.14E-05
  23     -133.1950981     -63.8314708     -69.3636273 0.23E-07 0.71E-06
  24     -133.1950982     -63.8314708     -69.3636274 0.69E-08 0.36E-06
 
   24 iterations: (units are Ry and bohr)
 Energy:    -133.19509816  Ebs:     -63.83147078  Ehxc:     -69.36362738
 Eh    :      73.39199840  Exc:     -12.85348283
 
   Orbital    Filling       Eigenvalues    Norm(rc->oo)      Peak
    |100>      2.000          -8.892985      0.046360      0.813422
    |210>      6.000          -7.006915      0.018921      0.879409
    |320>      1.000          -4.004009      0.107560      0.975793
    |200>      0.000          -3.119509      0.747013      1.943509
    |310>      0.000          -2.402808      0.742820      2.271624
 
 ---Non-local ghost testing---
 Local state: 1s
 
 Test  state: 1s
 KB energy :   0.039703  KB strength:   0.034853  KB cosine:   0.877847
 el0       :  -8.924562  el1        :  -3.122625  eig      :  -8.892985
 No ghosts!  Ekb>0  and el0 < eig < el1
 
 Test  state: 2p
 KB energy :  -4.781370  KB strength:   2.762514  KB cosine:  -0.577766
 el0       :  -5.761016  el1        :  -2.034171  eig      :  -7.006915
 No ghosts!  Ekb<0  and eig < el0
 
 Test  state: 3d
 KB energy :  -8.416224  KB strength:   4.180373  KB cosine:  -0.496704
 el0       :  -2.790583  el1        :  -1.265221  eig      :  -4.004009
 No ghosts!  Ekb<0  and eig < el0
 
 Test  state: 2s
 KB energy :   0.039703  KB strength:   0.034853  KB cosine:   0.877847
 el0       :  -3.122625  el1        :  -1.489648  eig      :  -3.119509
 No ghosts!  Ekb>0  and el0 < eig < el1
 
 Test  state: 3p
 KB energy :  -4.781370  KB strength:   2.762514  KB cosine:  -0.577766
 el0       :  -2.034171  el1        :  -1.071202  eig      :  -2.402808
 No ghosts!  Ekb<0  and eig < el0
 ------------------------------
 
 No ghosts present for designed local pot
 


 ===============Configuration 5 AE Calc=============== 
 ---------Eigenvalue guesses---------
 1s          -529.00000000
 2s           -33.06250000
 2p           -33.06250000
 3s            -6.53086420
 3p            -6.53086420
 3d            -6.53086420
 4s            -2.06640625
 4p            -2.06640625
 
 iter       Etot             Ebs             Ehxc       de_max   dv_max
   1    -2246.9850433   -1502.3991562    -744.5858871 0.17E+01 0.62E+01
   2    -2017.8302029   -1330.2796847    -687.5505182 0.33E+00 0.21E+01
   3    -1873.8407481   -1224.7614541    -649.0792940 0.25E+00 0.23E+00
   4    -1868.5498719   -1220.1398611    -648.4100108 0.99E-02 0.83E-01
   5    -1871.3345373   -1222.6135907    -648.7209466 0.11E-01 0.12E-01
   6    -1871.4921882   -1222.6099950    -648.8821932 0.48E-03 0.72E-02
   7    -1871.3630193   -1222.4364295    -648.9265898 0.12E-02 0.19E-02
   8    -1871.3144557   -1222.3785688    -648.9358869 0.42E-03 0.58E-03
   9    -1871.3065994   -1222.3684178    -648.9381816 0.88E-04 0.51E-03
  10    -1871.3024545   -1222.3641873    -648.9382671 0.48E-04 0.33E-03
  11    -1871.2974254   -1222.3602665    -648.9371589 0.53E-04 0.81E-04
  12    -1871.2972033   -1222.3605407    -648.9366625 0.47E-05 0.37E-04
  13    -1871.2975950   -1222.3610599    -648.9365351 0.50E-06 0.18E-04
  14    -1871.2979639   -1222.3614132    -648.9365507 0.33E-06 0.90E-05
  15    -1871.2981910   -1222.3615940    -648.9365971 0.17E-06 0.49E-05
  16    -1871.2982916   -1222.3616572    -648.9366344 0.62E-07 0.27E-05
  17    -1871.2983345   -1222.3616779    -648.9366566 0.93E-07 0.17E-05
  18    -1871.2983383   -1222.3616718    -648.9366666 0.78E-07 0.10E-05
  19    -1871.2983333   -1222.3616637    -648.9366696 0.50E-07 0.54E-06
  20    -1871.2983277   -1222.3616581    -648.9366696 0.26E-07 0.25E-06
  21    -1871.2983241   -1222.3616554    -648.9366687 0.10E-07 0.13E-06
  22    -1871.2983224   -1222.3616544    -648.9366680 0.37E-08 0.79E-07
 
   22 iterations: (units are Ry and bohr)
 Energy:   -1871.29832237  Ebs:   -1222.36165441  Ehxc:    -648.93666796
 Eh    :     675.22469746  Exc:     -81.13720182
 
   Orbital    Filling       Eigenvalues    Norm(rc->oo)      Peak
    |100>      2.000        -396.335098
    |200>      2.000         -49.697109
    |210>      6.000         -42.923397
    |300>      2.000         -10.521421      0.038084      0.813422
    |310>      6.000          -8.619002      0.013022      0.824066
    |320>      0.000          -5.601412      0.064968      0.782309
    |400>      0.000          -3.739252      0.823727      1.994702
    |410>      0.000          -3.181656      0.701189      2.156518


 ===============Configuration 5 NL: Calc ===============
 ---------Eigenvalue guesses---------
 1s            -6.27044176
 2p            -4.43711114
 3d            -1.59624392
 2s            -1.30285321
 3p            -0.94767984
 Performing non-local pseudopotential calculation
 Using the s potential as the local potential
 
 --Augmentation operator info--
 Number of functions:   2
 # 1 range(a.u.):   0.010047 ----->  0.742669   size(Ry): -0.052000
 # 2 range(a.u.):   0.752387 ----->  1.479190   size(Ry): -0.022000
 ------------------------------
 
 iter       Etot             Ebs             Ehxc       de_max   dv_max
   1      -92.8560315     -39.1635503     -53.6924812 0.92E-01 0.60E+01
   2     -111.0095130     -55.1431885     -55.8663246 0.11E+01 0.30E+01
   3     -126.0217608     -69.3619688     -56.6597919 0.57E+00 0.11E+00
   4     -128.3435398     -71.5471639     -56.7963760 0.50E-01 0.96E-02
   5     -128.5719094     -71.7023677     -56.8695417 0.38E-02 0.10E-01
   6     -128.5690779     -71.6676506     -56.9014273 0.68E-03 0.91E-02
   7     -128.5125358     -71.6093372     -56.9031986 0.94E-03 0.46E-03
   8     -128.5045655     -71.6019137     -56.9026517 0.13E-03 0.19E-03
   9     -128.5037767     -71.6014169     -56.9023598 0.16E-04 0.19E-03
  10     -128.5039589     -71.6016222     -56.9023367 0.67E-05 0.15E-03
  11     -128.5042011     -71.6017803     -56.9024208 0.50E-05 0.10E-03
  12     -128.5043427     -71.6018270     -56.9025157 0.41E-05 0.66E-04
  13     -128.5043905     -71.6018045     -56.9025860 0.31E-05 0.41E-04
  14     -128.5043851     -71.6017570     -56.9026281 0.23E-05 0.25E-04
  15     -128.5043600     -71.6017108     -56.9026492 0.15E-05 0.15E-04
  16     -128.5043341     -71.6016759     -56.9026582 0.96E-06 0.83E-05
  17     -128.5043144     -71.6016531     -56.9026613 0.57E-06 0.46E-05
  18     -128.5043016     -71.6016398     -56.9026618 0.32E-06 0.25E-05
  19     -128.5042942     -71.6016329     -56.9026613 0.17E-06 0.13E-05
  20     -128.5042904     -71.6016297     -56.9026607 0.79E-07 0.67E-06
  21     -128.5042886     -71.6016286     -56.9026600 0.52E-07 0.32E-06
  22     -128.5042881     -71.6016278     -56.9026603 0.15E-07 0.19E-06
  23     -128.5042880     -71.6016275     -56.9026605 0.10E-07 0.12E-06
  24     -128.5042878     -71.6016273     -56.9026605 0.66E-08 0.67E-07
 
   24 iterations: (units are Ry and bohr)
 Energy:    -128.50428782  Ebs:     -71.60162728  Ehxc:     -56.90266053
 Eh    :      60.49471246  Exc:     -11.46138186
 
   Orbital    Filling       Eigenvalues    Norm(rc->oo)      Peak
    |100>      2.000         -10.390871      0.039475      0.802916
    |210>      6.000          -8.469981      0.014142      0.868051
    |320>      0.000          -5.393439      0.076669      0.963189
    |200>      0.000          -4.128435      0.680616      1.821199
    |310>      0.000          -3.267011      0.659196      2.101171
 
 ---Non-local ghost testing---
 Local state: 1s
 
 Test  state: 1s
 KB energy :   0.039703  KB strength:   0.034853  KB cosine:   0.877847
 el0       : -10.423040  el1        :  -4.131663  eig      : -10.390871
 No ghosts!  Ekb>0  and el0 < eig < el1
 
 Test  state: 2p
 KB energy :  -4.781370  KB strength:   2.762514  KB cosine:  -0.577766
 el0       :  -7.127378  el1        :  -2.783501  eig      :  -8.469981
 No ghosts!  Ekb<0  and eig < el0
 
 Test  state: 3d
 KB energy :  -8.416224  KB strength:   4.180373  KB cosine:  -0.496704
 el0       :  -3.916698  el1        :  -1.835289  eig      :  -5.393439
 No ghosts!  Ekb<0  and eig < el0
 
 Test  state: 2s
 KB energy :   0.039703  KB strength:   0.034853  KB cosine:   0.877847
 el0       :  -4.131663  el1        :  -2.083275  eig      :  -4.128435
 No ghosts!  Ekb>0  and el0 < eig < el1
 
 Test  state: 3p
 KB energy :  -4.781370  KB strength:   2.762514  KB cosine:  -0.577766
 el0       :  -2.783501  el1        :  -1.527924  eig      :  -3.267011
 No ghosts!  Ekb<0  and eig < el0
 ------------------------------
 
 No ghosts present for designed local pot
 
   ------------------------------------------------
   ================================================
<<<do_rpt>>>
------------- closing opium session ------------
