##########################################################
#    Opium Report File                                   #
##########################################################
     Opium version:        3.8

### copy of the parameter file #######################

[Atom]
V
8
100 2.00  -
200 2.00  -
210 6.00  -
300 2.00  -
310 6.00  -
320 3.00  -
400 0.00  -
410 0.00  -

[Pseudo]
5 1.58 1.95 1.77 1.58 1.95
opt

[XC]
lda

[Optinfo]
7.07 10
7.07 10
7.54 10
7.07 10
7.07 10

[KBdesign] 
s
2
gp 436.0 767.0 -0.052
gp 768.0 820.0 -0.022

[Configs]
5

300 2.00 -
310 6.00 -
320 3.00 -
400 2.00 -
410 0.00 -

300 2.00 -
310 6.00 -
320 3.00 -
400 1.00 -
410 0.00 -

#300 2.00 -
#310 6.00 -
#320 3.00 -
#400 0.00 -
#410 0.00 -

300 2.00 -
310 6.00 -
320 2.50 -
400 1.50 -
410 0.00 -

300 2.00 -
310 6.00 -
320 1.00 -
400 0.00 -
410 0.00 -

300 2.00 -
310 6.00 -
320 0.00 -
400 0.00 -
410 0.00 -

### AE report ########################################

 AE:Orbital    Filling       Eigenvalues[Ry]          Norm
    ----------------------------------------------------------
	100	 2.000	    -391.6868825563
	200	 2.000	     -44.8396493224
	210	 6.000	     -38.0820483331
	300	 2.000	      -6.2704417558	  0.0593848435
	310	 6.000	      -4.4371111390	  0.0309781259
	320	 3.000	      -1.5962439235	  0.2191963580
	400	 0.000	      -1.3028532067	  0.9256439195
	410	 0.000	      -0.9476798393	  0.9063433636

      E_tot =    -1881.6971493512 Ry

### PS report ########################################

    ====================Optimized pseudopotential method====================

                       Pseudopotential convergence error                      
    Orbital      [mRy/e]       [meV/e]         [mRy]        [meV]        Ghost
    --------------------------------------------------------------------------
	300       0.020827      0.283366      0.041654      0.566732	    no
	310       0.008991      0.122325      0.053944      0.733949	    no
	320       0.161796      2.201354      0.485389      6.604061	    no

                  Tot. error =               0.580987      7.904741


### NL/SL report #####################################


 NL:Orbital    Filling       Eigenvalues[Ry]          Norm       Ghost
    ------------------------------------------------------------------
	100 	 2.000	      -6.2704417570	  0.0593848440	    no
	210 	 6.000	      -4.4371111399	  0.0309781268	    no
	320 	 3.000	      -1.5962439240	  0.2191963811	    no
	200 	 0.000	      -1.4228646017	  0.8641273238	    no
	310 	 0.000	      -0.9697560675	  0.8893096825	    no

	 ========== No ghosts in potential!!========== 

      E_tot =     -138.6943207827 Ry

### KE report ########################################


### TC report ########################################

 AE:Orbital    Filling       Eigenvalues[Ry]          Norm
    ----------------------------------------------------------
	100	 2.000	    -390.4500108939
	200	 2.000	     -43.6313987803
	210	 6.000	     -36.8712205305
	300	 2.000	      -5.0531388962	  0.0596431917
	310	 6.000	      -3.2203944904	  0.0322577566
	320	 3.000	      -0.4089254919	  0.2689253891
	400	 2.000	      -0.3525167698	  0.9549251082
	410	 0.000	      -0.1137152418	  0.9652751067

      E_tot =    -1883.3346520171 Ry

 NL:Orbital    Filling       Eigenvalues[Ry]          Norm       Ghost
    ------------------------------------------------------------------
	100 	 2.000	      -4.9543443642	  0.0607599125	    no
	210 	 6.000	      -3.1284612815	  0.0332473504	    no
	320 	 3.000	      -0.3325590707	  0.2872920065	    no
	200 	 2.000	      -0.3827994014	  0.9170668024	    no
	310 	 0.000	      -0.0962333266	  0.9627190551	    no

      E_tot =     -140.4671084414 Ry

 AE-NL:Orbital Filling       Eigenvalues[mRy]         Norm[1e-3] 
 AE-NL- --------------------------------------------------------------
 AE-NL- 100 	 2.000	     -98.7945320220	 -1.1167208392	
 AE-NL- 210 	 6.000	     -91.9332088816	 -0.9895938002	
 AE-NL- 320 	 3.000	     -76.3664211369	-18.3666173472	
 AE-NL- 200 	 2.000	      30.2826315753	 37.8583057779	
 AE-NL- 310 	 0.000	     -17.4819151799	  2.5560516542	
 AE-NL-  total error =	     314.8587087957	 60.8872894188

 =====================================================================
 AE:Orbital    Filling       Eigenvalues[Ry]          Norm
    ----------------------------------------------------------
	100	 2.000	    -391.0187415873
	200	 2.000	     -44.1887177140
	210	 6.000	     -37.4295730014
	300	 2.000	      -5.6156260840	  0.0596759733
	310	 6.000	      -3.7830672642	  0.0319349113
	320	 3.000	      -0.9610538201	  0.2472384583
	400	 1.000	      -0.8131616803	  0.9422703213
	410	 0.000	      -0.5154992627	  0.9383036134

      E_tot =    -1882.7567552991 Ry

 NL:Orbital    Filling       Eigenvalues[Ry]          Norm       Ghost
    ------------------------------------------------------------------
	100 	 2.000	      -5.5543420329	  0.0604489350	    no
	210 	 6.000	      -3.7264030401	  0.0326060621	    no
	320 	 3.000	      -0.9139496751	  0.2558686888	    no
	200 	 1.000	      -0.8776014001	  0.8942944964	    no
	310 	 0.000	      -0.5089825156	  0.9287756145	    no

      E_tot =     -139.8429057739 Ry

 AE-NL:Orbital Filling       Eigenvalues[mRy]         Norm[1e-3] 
 AE-NL- --------------------------------------------------------------
 AE-NL- 100 	 2.000	     -61.2840510791	 -0.7729616320	
 AE-NL- 210 	 6.000	     -56.6642241177	 -0.6711508254	
 AE-NL- 320 	 3.000	     -47.1041449638	 -8.6302305465	
 AE-NL- 200 	 1.000	      64.4397197913	 47.9758249263	
 AE-NL- 310 	 0.000	      -6.5167470664	  9.5279989366	
 AE-NL-  total error =	     236.0088870184	 67.5781668668

 =====================================================================
 AE:Orbital    Filling       Eigenvalues[Ry]          Norm
    ----------------------------------------------------------
	100	 2.000	    -391.2339759927
	200	 2.000	     -44.4359371345
	210	 6.000	     -37.6737196380
	300	 2.000	      -5.8226419409	  0.0573659598
	310	 6.000	      -3.9825287934	  0.0295579343
	320	 2.500	      -1.1302780728	  0.2149694189
	400	 1.500	      -0.8699257482	  0.9370954321
	410	 0.000	      -0.5562251123	  0.9295965105

      E_tot =    -1882.6554829146 Ry

 NL:Orbital    Filling       Eigenvalues[Ry]          Norm       Ghost
    ------------------------------------------------------------------
	100 	 2.000	      -5.7163967858	  0.0587621792	    no
	210 	 6.000	      -3.8835678472	  0.0307534616	    no
	320 	 2.500	      -1.0449158500	  0.2296286498	    no
	200 	 1.500	      -0.9321948929	  0.8853009229	    no
	310 	 0.000	      -0.5423719117	  0.9201738454	    no

      E_tot =     -139.8059842822 Ry

 AE-NL:Orbital Filling       Eigenvalues[mRy]         Norm[1e-3] 
 AE-NL- --------------------------------------------------------------
 AE-NL- 100 	 2.000	    -106.2451551155	 -1.3962193891	
 AE-NL- 210 	 6.000	     -98.9609461150	 -1.1955273408	
 AE-NL- 320 	 2.500	     -85.3622227938	-14.6592309355	
 AE-NL- 200 	 1.500	      62.2691446659	 51.7945091821	
 AE-NL- 310 	 0.000	     -13.8532005776	  9.4226651421	
 AE-NL-  total error =	     366.6906692678	 78.4681519897

 =====================================================================
 AE:Orbital    Filling       Eigenvalues[Ry]          Norm
    ----------------------------------------------------------
	100	 2.000	    -394.5585675717
	200	 2.000	     -47.8393925395
	210	 6.000	     -41.0708196681
	300	 2.000	      -8.9504140912	  0.0455676065
	310	 6.000	      -7.0725219301	  0.0181636271
	320	 1.000	      -4.0946530805	  0.0986178938
	400	 0.000	      -2.8361849951	  0.8624945103
	410	 0.000	      -2.3375962815	  0.7791859260

      E_tot =    -1876.1336360912 Ry

 NL:Orbital    Filling       Eigenvalues[Ry]          Norm       Ghost
    ------------------------------------------------------------------
	100 	 2.000	      -8.8929848516	  0.0463597746	    no
	210 	 6.000	      -7.0069152649	  0.0189214393	    no
	320 	 1.000	      -4.0040094870	  0.1075598363	    no
	200 	 0.000	      -3.1195088897	  0.7470125414	    no
	310 	 0.000	      -2.4028081984	  0.7428203448	    no

      E_tot =     -133.1950981578 Ry

 AE-NL:Orbital Filling       Eigenvalues[mRy]         Norm[1e-3] 
 AE-NL- --------------------------------------------------------------
 AE-NL- 100 	 2.000	     -57.4292395800	 -0.7921680827	
 AE-NL- 210 	 6.000	     -65.6066652592	 -0.7578122068	
 AE-NL- 320 	 1.000	     -90.6435935336	 -8.9419424871	
 AE-NL- 200 	 0.000	     283.3238946075	115.4819688679	
 AE-NL- 310 	 0.000	      65.2119168465	 36.3655811479	
 AE-NL-  total error =	     562.2153098269	162.3394727923

 =====================================================================
 AE:Orbital    Filling       Eigenvalues[Ry]          Norm
    ----------------------------------------------------------
	100	 2.000	    -396.3350983009
	200	 2.000	     -49.6971093562
	210	 6.000	     -42.9233973803
	300	 2.000	     -10.5214213041	  0.0380844145
	310	 6.000	      -8.6190020347	  0.0130224499
	320	 0.000	      -5.6014116181	  0.0649675171
	400	 0.000	      -3.7392522739	  0.8237269220
	410	 0.000	      -3.1816557133	  0.7011888188

      E_tot =    -1871.2983223706 Ry

 NL:Orbital    Filling       Eigenvalues[Ry]          Norm       Ghost
    ------------------------------------------------------------------
	100 	 2.000	     -10.3908708438	  0.0394748428	    no
	210 	 6.000	      -8.4699809329	  0.0141424168	    no
	320 	 0.000	      -5.3934394195	  0.0766686336	    no
	200 	 0.000	      -4.1284352405	  0.6806155751	    no
	310 	 0.000	      -3.2670113445	  0.6591958694	    no

      E_tot =     -128.5042878162 Ry

 AE-NL:Orbital Filling       Eigenvalues[mRy]         Norm[1e-3] 
 AE-NL- --------------------------------------------------------------
 AE-NL- 100 	 2.000	    -130.5504603521	 -1.3904283396	
 AE-NL- 210 	 6.000	    -149.0211017720	 -1.1199669116	
 AE-NL- 320 	 0.000	    -207.9721985534	-11.7011164419	
 AE-NL- 200 	 0.000	     389.1829665619	143.1113468939	
 AE-NL- 310 	 0.000	      85.3556312837	 41.9929493757	
 AE-NL-  total error =	     962.0823585231	199.3158079627

 =====================================================================

  Comparison of total energy differences.           
   DD_ij = (E_i - E_j)_AE - (E_i-E_j)_NL     

 AE-NL-   i   j         DD[mRy]        DD[meV] 
 AE-NL- ------------------------------------------
 AE-NL-   0   1      -135.284993   -1840.647028
 AE-NL-   0   2       -88.979043   -1210.622170
 AE-NL-   0   3      -153.329936   -2086.161112
 AE-NL-   0   4       -64.290635    -874.719094
 AE-NL-   0   5      -208.794014   -2840.788717
 AE-NL-   1   2        46.305950     630.024857
 AE-NL-   1   3       -18.044943    -245.514084
 AE-NL-   1   4        70.994358     965.927934
 AE-NL-   1   5       -73.509021   -1000.141690
 AE-NL-   2   3       -64.350893    -875.538941
 AE-NL-   2   4        24.688408     335.903076
 AE-NL-   2   5      -119.814971   -1630.166547
 AE-NL-   3   4        89.039301    1211.442018
 AE-NL-   3   5       -55.464078    -754.627606
 AE-NL-   4   5      -144.503379   -1966.069623
#kb_find read-receipt